<!DOCTYPE html PUBLIC "-//W3C//DTD XHTML 1.1//EN" "http://www.w3.org/TR/xhtml11/DTD/xhtml11.dtd">
<html xmlns="http://www.w3.org/1999/xhtml"><head><title>TestNG Report</title><style type="text/css">table {margin-bottom:10px;border-collapse:collapse;empty-cells:show}th,td {border:1px solid #009;padding:.25em .5em}th {vertical-align:bottom}td {vertical-align:top}table a {font-weight:bold}.stripe td {background-color: #E6EBF9}.num {text-align:right}.passedodd td {background-color: #3F3}.passedeven td {background-color: #0A0}.skippedodd td {background-color: #DDD}.skippedeven td {background-color: #CCC}.failedodd td,.attn {background-color: #F33}.failedeven td,.stripe .attn {background-color: #D00}.stacktrace {white-space:pre;font-family:monospace}.totop {font-size:85%;text-align:center;border-bottom:2px solid #000}</style></head><body><table><tr><th>Test</th><th># Passed</th><th># Skipped</th><th># Failed</th><th>Time (ms)</th><th>Included Groups</th><th>Excluded Groups</th></tr><tr><th colspan="7">RIS Functional suite</th></tr><tr><td><a href="#t0">RIS Application Tests</a></td><td class="num">46</td><td class="num">0</td><td class="num attn">26</td><td class="num">271,919</td><td></td><td></td></tr></table><table><thead><tr><th>Class</th><th>Method</th><th>Start</th><th>Time (ms)</th></tr></thead><tbody><tr><th colspan="4">RIS Functional suite</th></tr></tbody><tbody id="t0"><tr><th colspan="4">RIS Application Tests &#8212; failed</th></tr><tr class="failedeven"><td rowspan="1">risTestScripts.ConfirmationTests</td><td><a href="#m0">searchWithServiceCategoryServiceAndDateTest</a></td><td rowspan="1">1645684101537</td><td rowspan="1">256</td></tr><tr class="failedodd"><td rowspan="4">risTestScripts.ImagingMISTests</td><td><a href="#m1">defaultViewDateSearchTest</a></td><td rowspan="1">1645684250464</td><td rowspan="1">3064</td></tr><tr class="failedodd"><td><a href="#m2">printMISReportButtonTest</a></td><td rowspan="1">1645684268155</td><td rowspan="1">1007</td></tr><tr class="failedodd"><td><a href="#m3">searchOnMISTableTest</a></td><td rowspan="1">1645684261827</td><td rowspan="1">4310</td></tr><tr class="failedodd"><td><a href="#m4">validateMisReportDataTest</a></td><td rowspan="1">1645684266139</td><td rowspan="1">2011</td></tr><tr class="failedeven"><td rowspan="8">risTestScripts.ManageTemplateTests</td><td><a href="#m5">AddReportTemplateButtonTest</a></td><td rowspan="1">1645684289393</td><td rowspan="1">2</td></tr><tr class="failedeven"><td><a href="#m6">AddReportTemplateTest</a></td><td rowspan="1">1645684289400</td><td rowspan="1">2016</td></tr><tr class="failedeven"><td><a href="#m7">defaultViewDataTest</a></td><td rowspan="1">1645684287372</td><td rowspan="1">2012</td></tr><tr class="failedeven"><td><a href="#m8">openManageTemplateTest</a></td><td rowspan="1">1645684287348</td><td rowspan="1">20</td></tr><tr class="failedeven"><td><a href="#m9">searchOnAvailableTemplateTableTest</a></td><td rowspan="1">1645684293442</td><td rowspan="1">2016</td></tr><tr class="failedeven"><td><a href="#m10">searchTemplateTest</a></td><td rowspan="1">1645684291421</td><td rowspan="1">2017</td></tr><tr class="failedeven"><td><a href="#m11">uniqueTemplateNameTest</a></td><td rowspan="1">1645684295461</td><td rowspan="1">1017</td></tr><tr class="failedeven"><td><a href="#m12">updateTemplateTest</a></td><td rowspan="1">1645684296481</td><td rowspan="1">5</td></tr><tr class="failedodd"><td rowspan="3">risTestScripts.ReportUpdateTests</td><td><a href="#m13">searchWithServiceCategoryServiceStudyNumberRegIdDateTest</a></td><td rowspan="1">1645684148240</td><td rowspan="1">11970</td></tr><tr class="failedodd"><td><a href="#m14">updateButtonTest</a></td><td rowspan="1">1645684160214</td><td rowspan="1">2060</td></tr><tr class="failedodd"><td><a href="#m15">updateReportAndUpdatebuttonTest</a></td><td rowspan="1">1645684162279</td><td rowspan="1">3069</td></tr><tr class="failedeven"><td rowspan="10">risTestScripts.ServiceRoomMappingTests</td><td><a href="#m16">addNewRoomButtonTest</a></td><td rowspan="1">1645684274196</td><td rowspan="1">1010</td></tr><tr class="failedeven"><td><a href="#m17">addNewRoomTest</a></td><td rowspan="1">1645684275211</td><td rowspan="1">2007</td></tr><tr class="failedeven"><td><a href="#m18">defaultViewTest</a></td><td rowspan="1">1645684271175</td><td rowspan="1">3016</td></tr><tr class="failedeven"><td><a href="#m19">openServiceRoomMappingTest</a></td><td rowspan="1">1645684269167</td><td rowspan="1">2004</td></tr><tr class="failedeven"><td><a href="#m20">searchOnServiceRoomMappingTableTest</a></td><td rowspan="1">1645684279237</td><td rowspan="1">3</td></tr><tr class="failedeven"><td><a href="#m21">searchRoomMappingTest</a></td><td rowspan="1">1645684277223</td><td rowspan="1">2010</td></tr><tr class="failedeven"><td><a href="#m22">updateButtonTest</a></td><td rowspan="1">1645684281279</td><td rowspan="1">1003</td></tr><tr class="failedeven"><td><a href="#m23">updateMappingTest</a></td><td rowspan="1">1645684282305</td><td rowspan="1">2007</td></tr><tr class="failedeven"><td><a href="#m24">validateMappingTableDataTest</a></td><td rowspan="1">1645684279245</td><td rowspan="1">2030</td></tr><tr class="failedeven"><td><a href="#m25">validateUpdatedMappingTest</a></td><td rowspan="1">1645684284316</td><td rowspan="1">3017</td></tr><tr><th colspan="4">RIS Application Tests &#8212; passed</th></tr><tr class="passedeven"><td rowspan="7">risTestScripts.ConfirmationTests</td><td><a href="#m26">SearchOnTableAndConfirmationTableDataTest</a></td><td rowspan="1">1645684103932</td><td rowspan="1">4607</td></tr><tr class="passedeven"><td><a href="#m27">confirmButtonTest</a></td><td rowspan="1">1645684109810</td><td rowspan="1">1243</td></tr><tr class="passedeven"><td><a href="#m28">inputStudyNumberTest</a></td><td rowspan="1">1645684108542</td><td rowspan="1">1266</td></tr><tr class="passedeven"><td><a href="#m29">itemsPerPageTest</a></td><td rowspan="1">1645684101827</td><td rowspan="1">2103</td></tr><tr class="passedeven"><td><a href="#m30">openImageCaptureAndConfirmationTest</a></td><td rowspan="1">1645684095187</td><td rowspan="1">2233</td></tr><tr class="passedeven"><td><a href="#m31">openMainMenuTest</a></td><td rowspan="1">1645684090986</td><td rowspan="1">4193</td></tr><tr class="passedeven"><td><a href="#m32">searchWithDateTest</a></td><td rowspan="1">1645684097422</td><td rowspan="1">4089</td></tr><tr class="passedodd"><td rowspan="2">risTestScripts.ImagingMISTests</td><td><a href="#m33">openImagingMISTest</a></td><td rowspan="1">1645684248235</td><td rowspan="1">2226</td></tr><tr class="passedodd"><td><a href="#m34">searchWithServiceCategoryServiceServiceStatusRoomDateTest</a></td><td rowspan="1">1645684253532</td><td rowspan="1">8293</td></tr><tr class="passedeven"><td rowspan="10">risTestScripts.ReportCreationTests</td><td><a href="#m35">createButtonTest</a></td><td rowspan="1">1645684128992</td><td rowspan="1">1382</td></tr><tr class="passedeven"><td><a href="#m36">openReportCreationTest</a></td><td rowspan="1">1645684111057</td><td rowspan="1">1210</td></tr><tr class="passedeven"><td><a href="#m37">reportCreationPageCreatedByTest</a></td><td rowspan="1">1645684136132</td><td rowspan="1">1376</td></tr><tr class="passedeven"><td><a href="#m38">reportCreationPageDataTest</a></td><td rowspan="1">1645684130375</td><td rowspan="1">3364</td></tr><tr class="passedeven"><td><a href="#m39">reportCreationPageNegativeTest</a></td><td rowspan="1">1645684133742</td><td rowspan="1">1087</td></tr><tr class="passedeven"><td><a href="#m40">reportCreationPageSaveButtonTest</a></td><td rowspan="1">1645684137512</td><td rowspan="1">2239</td></tr><tr class="passedeven"><td><a href="#m41">reportCreationPageSelectTemplateTest</a></td><td rowspan="1">1645684134832</td><td rowspan="1">1296</td></tr><tr class="passedeven"><td><a href="#m42">searchOnCreateReportTableAndDataTest</a></td><td rowspan="1">1645684122528</td><td rowspan="1">6462</td></tr><tr class="passedeven"><td><a href="#m43">searchWithServiceCategoryServiceStudyNumberRegIdDateTest</a></td><td rowspan="1">1645684116387</td><td rowspan="1">6139</td></tr><tr class="passedeven"><td><a href="#m44">showLastThreeDaysDataDefaultDateSearchTest</a></td><td rowspan="1">1645684112270</td><td rowspan="1">4114</td></tr><tr class="passedodd"><td rowspan="8">risTestScripts.ReportPrintTests</td><td><a href="#m45">defaultViewDateSearchTest</a></td><td rowspan="1">1645684228861</td><td rowspan="1">4100</td></tr><tr class="passedodd"><td><a href="#m46">openReportPrintTest</a></td><td rowspan="1">1645684222607</td><td rowspan="1">6252</td></tr><tr class="passedodd"><td><a href="#m47">openRis</a></td><td rowspan="1">1645684191432</td><td rowspan="1">31173</td></tr><tr class="passedodd"><td><a href="#m48">printButtonTest</a></td><td rowspan="1">1645684245989</td><td rowspan="1">2242</td></tr><tr class="passedodd"><td><a href="#m49">printReportPageDataValidationTest</a></td><td rowspan="1">1645684242615</td><td rowspan="1">3373</td></tr><tr class="passedodd"><td><a href="#m50">searchOnPrintReportTableTest</a></td><td rowspan="1">1645684235945</td><td rowspan="1">5456</td></tr><tr class="passedodd"><td><a href="#m51">searchWithServiceCategoryServiceStudyNumberRegIdTest</a></td><td rowspan="1">1645684232962</td><td rowspan="1">2982</td></tr><tr class="passedodd"><td><a href="#m52">viewReportButtonTest</a></td><td rowspan="1">1645684241419</td><td rowspan="1">1195</td></tr><tr class="passedeven"><td rowspan="3">risTestScripts.ReportUpdateTests</td><td><a href="#m53">clickUpdateReportButtonTest</a></td><td rowspan="1">1645684139753</td><td rowspan="1">3265</td></tr><tr class="passedeven"><td><a href="#m54">defaultViewTableDataTest</a></td><td rowspan="1">1645684143020</td><td rowspan="1">3101</td></tr><tr class="passedeven"><td><a href="#m55">itemsPerPageTest</a></td><td rowspan="1">1645684146123</td><td rowspan="1">2116</td></tr><tr class="passedodd"><td rowspan="8">risTestScripts.ReportVerifyTests</td><td><a href="#m56">defaultviewDateSearchTest</a></td><td rowspan="1">1645684169542</td><td rowspan="1">3106</td></tr><tr class="passedodd"><td><a href="#m57">openReportVerificationFromMenuTest</a></td><td rowspan="1">1645684165352</td><td rowspan="1">4188</td></tr><tr class="passedodd"><td><a href="#m58">reportVerificationPageDataTest</a></td><td rowspan="1">1645684184519</td><td rowspan="1">3374</td></tr><tr class="passedodd"><td><a href="#m59">searchOnVerifyReportTableTest</a></td><td rowspan="1">1645684172650</td><td rowspan="1">4359</td></tr><tr class="passedodd"><td><a href="#m60">searchWithServiceCategoryServiceStudyNumberRegIdTest</a></td><td rowspan="1">1645684177010</td><td rowspan="1">5078</td></tr><tr class="passedodd"><td><a href="#m61">verifiedByTest</a></td><td rowspan="1">1645684187895</td><td rowspan="1">1302</td></tr><tr class="passedodd"><td><a href="#m62">verifyButtonTest</a></td><td rowspan="1">1645684182090</td><td rowspan="1">2427</td></tr><tr class="passedodd"><td><a href="#m63">verifyReportButtonTest</a></td><td rowspan="1">1645684189199</td><td rowspan="1">2231</td></tr><tr class="passedeven"><td rowspan="8">risTestScripts.ScheduleTests</td><td><a href="#m64">inputRoomScheduledateTime</a></td><td rowspan="1">1645684082035</td><td rowspan="1">6634</td></tr><tr class="passedeven"><td><a href="#m65">itemsPerPageTest</a></td><td rowspan="1">1645684076390</td><td rowspan="1">1109</td></tr><tr class="passedeven"><td><a href="#m66">openRis</a></td><td rowspan="1">1645684024602</td><td rowspan="1">37708</td></tr><tr class="passedeven"><td><a href="#m67">scheduleButtonTest</a></td><td rowspan="1">1645684088671</td><td rowspan="1">2310</td></tr><tr class="passedeven"><td><a href="#m68">searchOnTableTest</a></td><td rowspan="1">1645684077502</td><td rowspan="1">4526</td></tr><tr class="passedeven"><td><a href="#m69">searchResultsTest</a></td><td rowspan="1">1645684073281</td><td rowspan="1">3104</td></tr><tr class="passedeven"><td><a href="#m70">searchWithDateNegativeTest</a></td><td rowspan="1">1645684062319</td><td rowspan="1">5243</td></tr><tr class="passedeven"><td><a href="#m71">searchWithServiceCategoryServiceDateTest</a></td><td rowspan="1">1645684067567</td><td rowspan="1">5710</td></tr></tbody></table><h2>RIS Application Tests</h2><h3 id="m0">risTestScripts.ConfirmationTests#searchWithServiceCategoryServiceAndDateTest</h3><table class="result"><tr><th>Messages</th></tr><tr><td><div class="messages">Failed: searchWithServiceCategoryServiceAndDateTest</div></td></tr><tr><th>Exception</th></tr><tr><td><div class="stacktrace">org.openqa.selenium.NoSuchElementException: Cannot locate option with value: 8
For documentation on this error, please visit: https://www.seleniumhq.org/exceptions/no_such_element.html
Build info: version: &apos;3.141.59&apos;, revision: &apos;e82be7d358&apos;, time: &apos;2018-11-14T08:17:03&apos;
System info: host: &apos;DESKTOP-MM5QJ97&apos;, ip: &apos;10.23.252.35&apos;, os.name: &apos;Windows 10&apos;, os.arch: &apos;amd64&apos;, os.version: &apos;10.0&apos;, java.version: &apos;1.8.0_311&apos;
Driver info: driver.version: unknown
	at org.openqa.selenium.support.ui.Select.findOptionsByValue(Select.java:283)
	at org.openqa.selenium.support.ui.Select.selectByValue(Select.java:186)
	at risTestScripts.ConfirmationTests.searchWithServiceCategoryServiceAndDateTest(ConfirmationTests.java:77)
... Removed 25 stack frames</div></td></tr></table><p class="totop"><a href="#summary">back to summary</a></p><h3 id="m1">risTestScripts.ImagingMISTests#defaultViewDateSearchTest</h3><table class="result"><tr><th>Messages</th></tr><tr><td><div class="messages">Failed: defaultViewDateSearchTest</div></td></tr><tr><th>Exception</th></tr><tr><td><div class="stacktrace">org.openqa.selenium.NoSuchElementException: no such element: Unable to locate element: {&quot;method&quot;:&quot;css selector&quot;,&quot;selector&quot;:&quot;.mat\-paginator\-range\-label&quot;}
  (Session info: chrome=98.0.4758.102)
For documentation on this error, please visit: https://www.seleniumhq.org/exceptions/no_such_element.html
Build info: version: &apos;3.141.59&apos;, revision: &apos;e82be7d358&apos;, time: &apos;2018-11-14T08:17:03&apos;
System info: host: &apos;DESKTOP-MM5QJ97&apos;, ip: &apos;10.23.252.35&apos;, os.name: &apos;Windows 10&apos;, os.arch: &apos;amd64&apos;, os.version: &apos;10.0&apos;, java.version: &apos;1.8.0_311&apos;
Driver info: org.openqa.selenium.chrome.ChromeDriver
Capabilities {acceptInsecureCerts: false, browserName: chrome, browserVersion: 98.0.4758.102, chrome: {chromedriverVersion: 98.0.4758.102 (273bf7ac8c90..., userDataDir: C:\Users\ravik\AppData\Loca...}, goog:chromeOptions: {debuggerAddress: localhost:62482}, javascriptEnabled: true, networkConnectionEnabled: false, pageLoadStrategy: normal, platform: WINDOWS, platformName: WINDOWS, proxy: Proxy(), setWindowRect: true, strictFileInteractability: false, timeouts: {implicit: 0, pageLoad: 300000, script: 30000}, unhandledPromptBehavior: dismiss and notify, webauthn:extension:credBlob: true, webauthn:extension:largeBlob: true, webauthn:virtualAuthenticators: true}
Session ID: ad363a441ced543bf671c3dc04bc99d3
*** Element info: {Using=class name, value=mat-paginator-range-label}
	at org.openqa.selenium.remote.http.W3CHttpResponseCodec.createException(W3CHttpResponseCodec.java:187)
	at org.openqa.selenium.remote.http.W3CHttpResponseCodec.decode(W3CHttpResponseCodec.java:122)
	at org.openqa.selenium.remote.http.W3CHttpResponseCodec.decode(W3CHttpResponseCodec.java:49)
	at org.openqa.selenium.remote.HttpCommandExecutor.execute(HttpCommandExecutor.java:158)
	at org.openqa.selenium.remote.service.DriverCommandExecutor.execute(DriverCommandExecutor.java:83)
	at org.openqa.selenium.remote.RemoteWebDriver.execute(RemoteWebDriver.java:552)
	at org.openqa.selenium.remote.RemoteWebDriver.findElement(RemoteWebDriver.java:323)
	at org.openqa.selenium.remote.RemoteWebDriver.findElementByClassName(RemoteWebDriver.java:412)
	at org.openqa.selenium.By$ByClassName.findElement(By.java:389)
	at org.openqa.selenium.remote.RemoteWebDriver.findElement(RemoteWebDriver.java:315)
	at risTestScripts.ImagingMISTests.defaultViewDateSearchTest(ImagingMISTests.java:34)
... Removed 29 stack frames</div></td></tr></table><p class="totop"><a href="#summary">back to summary</a></p><h3 id="m2">risTestScripts.ImagingMISTests#printMISReportButtonTest</h3><table class="result"><tr><th>Messages</th></tr><tr><td><div class="messages">Failed: printMISReportButtonTest</div></td></tr><tr><th>Exception</th></tr><tr><td><div class="stacktrace">org.openqa.selenium.NoSuchSessionException: Session ID is null. Using WebDriver after calling quit()?
Build info: version: &apos;3.141.59&apos;, revision: &apos;e82be7d358&apos;, time: &apos;2018-11-14T08:17:03&apos;
System info: host: &apos;DESKTOP-MM5QJ97&apos;, ip: &apos;10.23.252.35&apos;, os.name: &apos;Windows 10&apos;, os.arch: &apos;amd64&apos;, os.version: &apos;10.0&apos;, java.version: &apos;1.8.0_311&apos;
Driver info: driver.version: RemoteWebDriver
	at org.openqa.selenium.remote.HttpCommandExecutor.execute(HttpCommandExecutor.java:125)
	at org.openqa.selenium.remote.service.DriverCommandExecutor.execute(DriverCommandExecutor.java:83)
	at org.openqa.selenium.remote.RemoteWebDriver.execute(RemoteWebDriver.java:552)
	at org.openqa.selenium.remote.RemoteWebDriver.findElement(RemoteWebDriver.java:323)
	at org.openqa.selenium.remote.RemoteWebDriver.findElementByXPath(RemoteWebDriver.java:428)
	at org.openqa.selenium.By$ByXPath.findElement(By.java:353)
	at org.openqa.selenium.remote.RemoteWebDriver.findElement(RemoteWebDriver.java:315)
	at risTestScripts.ImagingMISTests.printMISReportButtonTest(ImagingMISTests.java:201)
... Removed 25 stack frames</div></td></tr></table><p class="totop"><a href="#summary">back to summary</a></p><h3 id="m3">risTestScripts.ImagingMISTests#searchOnMISTableTest</h3><table class="result"><tr><th>Messages</th></tr><tr><td><div class="messages">Failed: searchOnMISTableTest</div></td></tr><tr><th>Exception</th></tr><tr><td><div class="stacktrace">java.lang.AssertionError: Failed: searchOnMISTableTest, Item count: 0 of 0 expected [true] but found [false]
	at risTestScripts.ImagingMISTests.searchOnMISTableTest(ImagingMISTests.java:98)
... Removed 28 stack frames</div></td></tr></table><p class="totop"><a href="#summary">back to summary</a></p><h3 id="m4">risTestScripts.ImagingMISTests#validateMisReportDataTest</h3><table class="result"><tr><th>Messages</th></tr><tr><td><div class="messages">Failed: validateMisReportDataTest</div></td></tr><tr><th>Exception</th></tr><tr><td><div class="stacktrace">org.openqa.selenium.NoSuchSessionException: Session ID is null. Using WebDriver after calling quit()?
Build info: version: &apos;3.141.59&apos;, revision: &apos;e82be7d358&apos;, time: &apos;2018-11-14T08:17:03&apos;
System info: host: &apos;DESKTOP-MM5QJ97&apos;, ip: &apos;10.23.252.35&apos;, os.name: &apos;Windows 10&apos;, os.arch: &apos;amd64&apos;, os.version: &apos;10.0&apos;, java.version: &apos;1.8.0_311&apos;
Driver info: driver.version: RemoteWebDriver
	at org.openqa.selenium.remote.HttpCommandExecutor.execute(HttpCommandExecutor.java:125)
	at org.openqa.selenium.remote.service.DriverCommandExecutor.execute(DriverCommandExecutor.java:83)
	at org.openqa.selenium.remote.RemoteWebDriver.execute(RemoteWebDriver.java:552)
	at org.openqa.selenium.remote.RemoteWebDriver.findElement(RemoteWebDriver.java:323)
	at org.openqa.selenium.remote.RemoteWebDriver.findElementByXPath(RemoteWebDriver.java:428)
	at org.openqa.selenium.By$ByXPath.findElement(By.java:353)
	at org.openqa.selenium.remote.RemoteWebDriver.findElement(RemoteWebDriver.java:315)
	at risTestScripts.ImagingMISTests.validateMisReportDataTest(ImagingMISTests.java:126)
... Removed 25 stack frames</div></td></tr></table><p class="totop"><a href="#summary">back to summary</a></p><h3 id="m5">risTestScripts.ManageTemplateTests#AddReportTemplateButtonTest</h3><table class="result"><tr><th>Messages</th></tr><tr><td><div class="messages">Failed: AddReportTemplateButtonTest</div></td></tr><tr><th>Exception</th></tr><tr><td><div class="stacktrace">org.openqa.selenium.NoSuchSessionException: Session ID is null. Using WebDriver after calling quit()?
Build info: version: &apos;3.141.59&apos;, revision: &apos;e82be7d358&apos;, time: &apos;2018-11-14T08:17:03&apos;
System info: host: &apos;DESKTOP-MM5QJ97&apos;, ip: &apos;10.23.252.35&apos;, os.name: &apos;Windows 10&apos;, os.arch: &apos;amd64&apos;, os.version: &apos;10.0&apos;, java.version: &apos;1.8.0_311&apos;
Driver info: driver.version: RemoteWebDriver
	at org.openqa.selenium.remote.HttpCommandExecutor.execute(HttpCommandExecutor.java:125)
	at org.openqa.selenium.remote.service.DriverCommandExecutor.execute(DriverCommandExecutor.java:83)
	at org.openqa.selenium.remote.RemoteWebDriver.execute(RemoteWebDriver.java:552)
	at org.openqa.selenium.remote.RemoteWebDriver.findElement(RemoteWebDriver.java:323)
	at org.openqa.selenium.remote.RemoteWebDriver.findElementByXPath(RemoteWebDriver.java:428)
	at org.openqa.selenium.By$ByXPath.findElement(By.java:353)
	at org.openqa.selenium.remote.RemoteWebDriver.findElement(RemoteWebDriver.java:315)
	at risTestScripts.ManageTemplateTests.AddReportTemplateButtonTest(ManageTemplateTests.java:47)
... Removed 25 stack frames</div></td></tr></table><p class="totop"><a href="#summary">back to summary</a></p><h3 id="m6">risTestScripts.ManageTemplateTests#AddReportTemplateTest</h3><table class="result"><tr><th>Messages</th></tr><tr><td><div class="messages">Failed: AddReportTemplateTest</div></td></tr><tr><th>Exception</th></tr><tr><td><div class="stacktrace">org.openqa.selenium.NoSuchSessionException: Session ID is null. Using WebDriver after calling quit()?
Build info: version: &apos;3.141.59&apos;, revision: &apos;e82be7d358&apos;, time: &apos;2018-11-14T08:17:03&apos;
System info: host: &apos;DESKTOP-MM5QJ97&apos;, ip: &apos;10.23.252.35&apos;, os.name: &apos;Windows 10&apos;, os.arch: &apos;amd64&apos;, os.version: &apos;10.0&apos;, java.version: &apos;1.8.0_311&apos;
Driver info: driver.version: RemoteWebDriver
	at org.openqa.selenium.remote.HttpCommandExecutor.execute(HttpCommandExecutor.java:125)
	at org.openqa.selenium.remote.service.DriverCommandExecutor.execute(DriverCommandExecutor.java:83)
	at org.openqa.selenium.remote.RemoteWebDriver.execute(RemoteWebDriver.java:552)
	at org.openqa.selenium.remote.RemoteWebDriver.findElement(RemoteWebDriver.java:323)
	at org.openqa.selenium.remote.RemoteWebDriver.findElementByName(RemoteWebDriver.java:404)
	at org.openqa.selenium.By$ByName.findElement(By.java:284)
	at org.openqa.selenium.remote.RemoteWebDriver.findElement(RemoteWebDriver.java:315)
	at risTestScripts.ManageTemplateTests.AddReportTemplateTest(ManageTemplateTests.java:66)
... Removed 25 stack frames</div></td></tr></table><p class="totop"><a href="#summary">back to summary</a></p><h3 id="m7">risTestScripts.ManageTemplateTests#defaultViewDataTest</h3><table class="result"><tr><th>Messages</th></tr><tr><td><div class="messages">Failed: defaultViewDataTest</div></td></tr><tr><th>Exception</th></tr><tr><td><div class="stacktrace">org.openqa.selenium.NoSuchSessionException: Session ID is null. Using WebDriver after calling quit()?
Build info: version: &apos;3.141.59&apos;, revision: &apos;e82be7d358&apos;, time: &apos;2018-11-14T08:17:03&apos;
System info: host: &apos;DESKTOP-MM5QJ97&apos;, ip: &apos;10.23.252.35&apos;, os.name: &apos;Windows 10&apos;, os.arch: &apos;amd64&apos;, os.version: &apos;10.0&apos;, java.version: &apos;1.8.0_311&apos;
Driver info: driver.version: RemoteWebDriver
	at org.openqa.selenium.remote.HttpCommandExecutor.execute(HttpCommandExecutor.java:125)
	at org.openqa.selenium.remote.service.DriverCommandExecutor.execute(DriverCommandExecutor.java:83)
	at org.openqa.selenium.remote.RemoteWebDriver.execute(RemoteWebDriver.java:552)
	at org.openqa.selenium.remote.RemoteWebDriver.findElement(RemoteWebDriver.java:323)
	at org.openqa.selenium.remote.RemoteWebDriver.findElementByClassName(RemoteWebDriver.java:412)
	at org.openqa.selenium.By$ByClassName.findElement(By.java:389)
	at org.openqa.selenium.remote.RemoteWebDriver.findElement(RemoteWebDriver.java:315)
	at risTestScripts.ManageTemplateTests.defaultViewDataTest(ManageTemplateTests.java:34)
... Removed 25 stack frames</div></td></tr></table><p class="totop"><a href="#summary">back to summary</a></p><h3 id="m8">risTestScripts.ManageTemplateTests#openManageTemplateTest</h3><table class="result"><tr><th>Messages</th></tr><tr><td><div class="messages">Failed: openManageTemplateTest</div></td></tr><tr><th>Exception</th></tr><tr><td><div class="stacktrace">org.openqa.selenium.NoSuchSessionException: Session ID is null. Using WebDriver after calling quit()?
Build info: version: &apos;3.141.59&apos;, revision: &apos;e82be7d358&apos;, time: &apos;2018-11-14T08:17:03&apos;
System info: host: &apos;DESKTOP-MM5QJ97&apos;, ip: &apos;10.23.252.35&apos;, os.name: &apos;Windows 10&apos;, os.arch: &apos;amd64&apos;, os.version: &apos;10.0&apos;, java.version: &apos;1.8.0_311&apos;
Driver info: driver.version: RemoteWebDriver
	at org.openqa.selenium.remote.HttpCommandExecutor.execute(HttpCommandExecutor.java:125)
	at org.openqa.selenium.remote.service.DriverCommandExecutor.execute(DriverCommandExecutor.java:83)
	at org.openqa.selenium.remote.RemoteWebDriver.execute(RemoteWebDriver.java:552)
	at org.openqa.selenium.remote.RemoteWebDriver.findElement(RemoteWebDriver.java:323)
	at org.openqa.selenium.remote.RemoteWebDriver.findElementByLinkText(RemoteWebDriver.java:380)
	at org.openqa.selenium.By$ByLinkText.findElement(By.java:220)
	at org.openqa.selenium.remote.RemoteWebDriver.findElement(RemoteWebDriver.java:315)
	at risTestScripts.ManageTemplateTests.openManageTemplateTest(ManageTemplateTests.java:22)
... Removed 25 stack frames</div></td></tr></table><p class="totop"><a href="#summary">back to summary</a></p><h3 id="m9">risTestScripts.ManageTemplateTests#searchOnAvailableTemplateTableTest</h3><table class="result"><tr><th>Messages</th></tr><tr><td><div class="messages">Failed: searchOnAvailableTemplateTableTest</div></td></tr><tr><th>Exception</th></tr><tr><td><div class="stacktrace">org.openqa.selenium.NoSuchSessionException: Session ID is null. Using WebDriver after calling quit()?
Build info: version: &apos;3.141.59&apos;, revision: &apos;e82be7d358&apos;, time: &apos;2018-11-14T08:17:03&apos;
System info: host: &apos;DESKTOP-MM5QJ97&apos;, ip: &apos;10.23.252.35&apos;, os.name: &apos;Windows 10&apos;, os.arch: &apos;amd64&apos;, os.version: &apos;10.0&apos;, java.version: &apos;1.8.0_311&apos;
Driver info: driver.version: RemoteWebDriver
	at org.openqa.selenium.remote.HttpCommandExecutor.execute(HttpCommandExecutor.java:125)
	at org.openqa.selenium.remote.service.DriverCommandExecutor.execute(DriverCommandExecutor.java:83)
	at org.openqa.selenium.remote.RemoteWebDriver.execute(RemoteWebDriver.java:552)
	at org.openqa.selenium.remote.RemoteWebDriver.findElement(RemoteWebDriver.java:323)
	at org.openqa.selenium.remote.RemoteWebDriver.findElementByClassName(RemoteWebDriver.java:412)
	at org.openqa.selenium.By$ByClassName.findElement(By.java:389)
	at org.openqa.selenium.remote.RemoteWebDriver.findElement(RemoteWebDriver.java:315)
	at risTestScripts.ManageTemplateTests.searchOnAvailableTemplateTableTest(ManageTemplateTests.java:119)
... Removed 25 stack frames</div></td></tr></table><p class="totop"><a href="#summary">back to summary</a></p><h3 id="m10">risTestScripts.ManageTemplateTests#searchTemplateTest</h3><table class="result"><tr><th>Messages</th></tr><tr><td><div class="messages">Failed: searchTemplateTest</div></td></tr><tr><th>Exception</th></tr><tr><td><div class="stacktrace">org.openqa.selenium.NoSuchSessionException: Session ID is null. Using WebDriver after calling quit()?
Build info: version: &apos;3.141.59&apos;, revision: &apos;e82be7d358&apos;, time: &apos;2018-11-14T08:17:03&apos;
System info: host: &apos;DESKTOP-MM5QJ97&apos;, ip: &apos;10.23.252.35&apos;, os.name: &apos;Windows 10&apos;, os.arch: &apos;amd64&apos;, os.version: &apos;10.0&apos;, java.version: &apos;1.8.0_311&apos;
Driver info: driver.version: RemoteWebDriver
	at org.openqa.selenium.remote.HttpCommandExecutor.execute(HttpCommandExecutor.java:125)
	at org.openqa.selenium.remote.service.DriverCommandExecutor.execute(DriverCommandExecutor.java:83)
	at org.openqa.selenium.remote.RemoteWebDriver.execute(RemoteWebDriver.java:552)
	at org.openqa.selenium.remote.RemoteWebDriver.findElement(RemoteWebDriver.java:323)
	at org.openqa.selenium.remote.RemoteWebDriver.findElementByName(RemoteWebDriver.java:404)
	at org.openqa.selenium.By$ByName.findElement(By.java:284)
	at org.openqa.selenium.remote.RemoteWebDriver.findElement(RemoteWebDriver.java:315)
	at risTestScripts.ManageTemplateTests.searchTemplateTest(ManageTemplateTests.java:94)
... Removed 25 stack frames</div></td></tr></table><p class="totop"><a href="#summary">back to summary</a></p><h3 id="m11">risTestScripts.ManageTemplateTests#uniqueTemplateNameTest</h3><table class="result"><tr><th>Messages</th></tr><tr><td><div class="messages">Failed: uniqueTemplateNameTest</div></td></tr><tr><th>Exception</th></tr><tr><td><div class="stacktrace">org.openqa.selenium.NoSuchSessionException: Session ID is null. Using WebDriver after calling quit()?
Build info: version: &apos;3.141.59&apos;, revision: &apos;e82be7d358&apos;, time: &apos;2018-11-14T08:17:03&apos;
System info: host: &apos;DESKTOP-MM5QJ97&apos;, ip: &apos;10.23.252.35&apos;, os.name: &apos;Windows 10&apos;, os.arch: &apos;amd64&apos;, os.version: &apos;10.0&apos;, java.version: &apos;1.8.0_311&apos;
Driver info: driver.version: RemoteWebDriver
	at org.openqa.selenium.remote.HttpCommandExecutor.execute(HttpCommandExecutor.java:125)
	at org.openqa.selenium.remote.service.DriverCommandExecutor.execute(DriverCommandExecutor.java:83)
	at org.openqa.selenium.remote.RemoteWebDriver.execute(RemoteWebDriver.java:552)
	at org.openqa.selenium.remote.RemoteWebDriver.findElement(RemoteWebDriver.java:323)
	at org.openqa.selenium.remote.RemoteWebDriver.findElementByClassName(RemoteWebDriver.java:412)
	at org.openqa.selenium.By$ByClassName.findElement(By.java:389)
	at org.openqa.selenium.remote.RemoteWebDriver.findElement(RemoteWebDriver.java:315)
	at risTestScripts.ManageTemplateTests.uniqueTemplateNameTest(ManageTemplateTests.java:137)
... Removed 25 stack frames</div></td></tr></table><p class="totop"><a href="#summary">back to summary</a></p><h3 id="m12">risTestScripts.ManageTemplateTests#updateTemplateTest</h3><table class="result"><tr><th>Messages</th></tr><tr><td><div class="messages">Failed: updateTemplateTest</div></td></tr><tr><th>Exception</th></tr><tr><td><div class="stacktrace">org.openqa.selenium.NoSuchSessionException: Session ID is null. Using WebDriver after calling quit()?
Build info: version: &apos;3.141.59&apos;, revision: &apos;e82be7d358&apos;, time: &apos;2018-11-14T08:17:03&apos;
System info: host: &apos;DESKTOP-MM5QJ97&apos;, ip: &apos;10.23.252.35&apos;, os.name: &apos;Windows 10&apos;, os.arch: &apos;amd64&apos;, os.version: &apos;10.0&apos;, java.version: &apos;1.8.0_311&apos;
Driver info: driver.version: RemoteWebDriver
	at org.openqa.selenium.remote.HttpCommandExecutor.execute(HttpCommandExecutor.java:125)
	at org.openqa.selenium.remote.service.DriverCommandExecutor.execute(DriverCommandExecutor.java:83)
	at org.openqa.selenium.remote.RemoteWebDriver.execute(RemoteWebDriver.java:552)
	at org.openqa.selenium.remote.RemoteWebDriver.findElement(RemoteWebDriver.java:323)
	at org.openqa.selenium.remote.RemoteWebDriver.findElementByXPath(RemoteWebDriver.java:428)
	at org.openqa.selenium.By$ByXPath.findElement(By.java:353)
	at org.openqa.selenium.remote.RemoteWebDriver.findElement(RemoteWebDriver.java:315)
	at risTestScripts.ManageTemplateTests.updateTemplateTest(ManageTemplateTests.java:160)
... Removed 25 stack frames</div></td></tr></table><p class="totop"><a href="#summary">back to summary</a></p><h3 id="m13">risTestScripts.ReportUpdateTests#searchWithServiceCategoryServiceStudyNumberRegIdDateTest</h3><table class="result"><tr><th>Messages</th></tr><tr><td><div class="messages">Failed: searchWithServiceCategoryServiceStudyNumberRegIdDateTest</div></td></tr><tr><th>Exception</th></tr><tr><td><div class="stacktrace">org.openqa.selenium.NoSuchElementException: no such element: Unable to locate element: {&quot;method&quot;:&quot;css selector&quot;,&quot;selector&quot;:&quot;.mat\-input\-element&quot;}
  (Session info: chrome=98.0.4758.102)
For documentation on this error, please visit: https://www.seleniumhq.org/exceptions/no_such_element.html
Build info: version: &apos;3.141.59&apos;, revision: &apos;e82be7d358&apos;, time: &apos;2018-11-14T08:17:03&apos;
System info: host: &apos;DESKTOP-MM5QJ97&apos;, ip: &apos;10.23.252.35&apos;, os.name: &apos;Windows 10&apos;, os.arch: &apos;amd64&apos;, os.version: &apos;10.0&apos;, java.version: &apos;1.8.0_311&apos;
Driver info: org.openqa.selenium.chrome.ChromeDriver
Capabilities {acceptInsecureCerts: false, browserName: chrome, browserVersion: 98.0.4758.102, chrome: {chromedriverVersion: 98.0.4758.102 (273bf7ac8c90..., userDataDir: C:\Users\ravik\AppData\Loca...}, goog:chromeOptions: {debuggerAddress: localhost:62356}, javascriptEnabled: true, networkConnectionEnabled: false, pageLoadStrategy: normal, platform: WINDOWS, platformName: WINDOWS, proxy: Proxy(), setWindowRect: true, strictFileInteractability: false, timeouts: {implicit: 0, pageLoad: 300000, script: 30000}, unhandledPromptBehavior: dismiss and notify, webauthn:extension:credBlob: true, webauthn:extension:largeBlob: true, webauthn:virtualAuthenticators: true}
Session ID: 47abf5425cb37a5cce2b14ce5fe1c161
*** Element info: {Using=class name, value=mat-input-element}
	at org.openqa.selenium.remote.http.W3CHttpResponseCodec.createException(W3CHttpResponseCodec.java:187)
	at org.openqa.selenium.remote.http.W3CHttpResponseCodec.decode(W3CHttpResponseCodec.java:122)
	at org.openqa.selenium.remote.http.W3CHttpResponseCodec.decode(W3CHttpResponseCodec.java:49)
	at org.openqa.selenium.remote.HttpCommandExecutor.execute(HttpCommandExecutor.java:158)
	at org.openqa.selenium.remote.service.DriverCommandExecutor.execute(DriverCommandExecutor.java:83)
	at org.openqa.selenium.remote.RemoteWebDriver.execute(RemoteWebDriver.java:552)
	at org.openqa.selenium.remote.RemoteWebDriver.findElement(RemoteWebDriver.java:323)
	at org.openqa.selenium.remote.RemoteWebDriver.findElementByClassName(RemoteWebDriver.java:412)
	at org.openqa.selenium.By$ByClassName.findElement(By.java:389)
	at org.openqa.selenium.remote.RemoteWebDriver.findElement(RemoteWebDriver.java:315)
	at risTestScripts.ReportUpdateTests.searchWithServiceCategoryServiceStudyNumberRegIdDateTest(ReportUpdateTests.java:89)
... Removed 29 stack frames</div></td></tr></table><p class="totop"><a href="#summary">back to summary</a></p><h3 id="m14">risTestScripts.ReportUpdateTests#updateButtonTest</h3><table class="result"><tr><th>Messages</th></tr><tr><td><div class="messages">Failed: updateButtonTest</div></td></tr><tr><th>Exception</th></tr><tr><td><div class="stacktrace">org.openqa.selenium.NoSuchElementException: no such element: Unable to locate element: {&quot;method&quot;:&quot;xpath&quot;,&quot;selector&quot;:&quot;//*[@id=&apos;pay_advance&apos;]&quot;}
  (Session info: chrome=98.0.4758.102)
For documentation on this error, please visit: https://www.seleniumhq.org/exceptions/no_such_element.html
Build info: version: &apos;3.141.59&apos;, revision: &apos;e82be7d358&apos;, time: &apos;2018-11-14T08:17:03&apos;
System info: host: &apos;DESKTOP-MM5QJ97&apos;, ip: &apos;10.23.252.35&apos;, os.name: &apos;Windows 10&apos;, os.arch: &apos;amd64&apos;, os.version: &apos;10.0&apos;, java.version: &apos;1.8.0_311&apos;
Driver info: org.openqa.selenium.chrome.ChromeDriver
Capabilities {acceptInsecureCerts: false, browserName: chrome, browserVersion: 98.0.4758.102, chrome: {chromedriverVersion: 98.0.4758.102 (273bf7ac8c90..., userDataDir: C:\Users\ravik\AppData\Loca...}, goog:chromeOptions: {debuggerAddress: localhost:62356}, javascriptEnabled: true, networkConnectionEnabled: false, pageLoadStrategy: normal, platform: WINDOWS, platformName: WINDOWS, proxy: Proxy(), setWindowRect: true, strictFileInteractability: false, timeouts: {implicit: 0, pageLoad: 300000, script: 30000}, unhandledPromptBehavior: dismiss and notify, webauthn:extension:credBlob: true, webauthn:extension:largeBlob: true, webauthn:virtualAuthenticators: true}
Session ID: 47abf5425cb37a5cce2b14ce5fe1c161
*** Element info: {Using=xpath, value=//*[@id=&apos;pay_advance&apos;]}
	at org.openqa.selenium.remote.http.W3CHttpResponseCodec.createException(W3CHttpResponseCodec.java:187)
	at org.openqa.selenium.remote.http.W3CHttpResponseCodec.decode(W3CHttpResponseCodec.java:122)
	at org.openqa.selenium.remote.http.W3CHttpResponseCodec.decode(W3CHttpResponseCodec.java:49)
	at org.openqa.selenium.remote.HttpCommandExecutor.execute(HttpCommandExecutor.java:158)
	at org.openqa.selenium.remote.service.DriverCommandExecutor.execute(DriverCommandExecutor.java:83)
	at org.openqa.selenium.remote.RemoteWebDriver.execute(RemoteWebDriver.java:552)
	at org.openqa.selenium.remote.RemoteWebDriver.findElement(RemoteWebDriver.java:323)
	at org.openqa.selenium.remote.RemoteWebDriver.findElementByXPath(RemoteWebDriver.java:428)
	at org.openqa.selenium.By$ByXPath.findElement(By.java:353)
	at org.openqa.selenium.remote.RemoteWebDriver.findElement(RemoteWebDriver.java:315)
	at risTestScripts.ReportUpdateTests.updateButtonTest(ReportUpdateTests.java:99)
... Removed 29 stack frames</div></td></tr></table><p class="totop"><a href="#summary">back to summary</a></p><h3 id="m15">risTestScripts.ReportUpdateTests#updateReportAndUpdatebuttonTest</h3><table class="result"><tr><th>Messages</th></tr><tr><td><div class="messages">Failed: updateReportAndUpdatebuttonTest</div></td></tr><tr><th>Exception</th></tr><tr><td><div class="stacktrace">org.openqa.selenium.NoSuchElementException: no such element: Unable to locate element: {&quot;method&quot;:&quot;css selector&quot;,&quot;selector&quot;:&quot;.angular\-editor\-textarea&quot;}
  (Session info: chrome=98.0.4758.102)
For documentation on this error, please visit: https://www.seleniumhq.org/exceptions/no_such_element.html
Build info: version: &apos;3.141.59&apos;, revision: &apos;e82be7d358&apos;, time: &apos;2018-11-14T08:17:03&apos;
System info: host: &apos;DESKTOP-MM5QJ97&apos;, ip: &apos;10.23.252.35&apos;, os.name: &apos;Windows 10&apos;, os.arch: &apos;amd64&apos;, os.version: &apos;10.0&apos;, java.version: &apos;1.8.0_311&apos;
Driver info: org.openqa.selenium.chrome.ChromeDriver
Capabilities {acceptInsecureCerts: false, browserName: chrome, browserVersion: 98.0.4758.102, chrome: {chromedriverVersion: 98.0.4758.102 (273bf7ac8c90..., userDataDir: C:\Users\ravik\AppData\Loca...}, goog:chromeOptions: {debuggerAddress: localhost:62356}, javascriptEnabled: true, networkConnectionEnabled: false, pageLoadStrategy: normal, platform: WINDOWS, platformName: WINDOWS, proxy: Proxy(), setWindowRect: true, strictFileInteractability: false, timeouts: {implicit: 0, pageLoad: 300000, script: 30000}, unhandledPromptBehavior: dismiss and notify, webauthn:extension:credBlob: true, webauthn:extension:largeBlob: true, webauthn:virtualAuthenticators: true}
Session ID: 47abf5425cb37a5cce2b14ce5fe1c161
*** Element info: {Using=class name, value=angular-editor-textarea}
	at org.openqa.selenium.remote.http.W3CHttpResponseCodec.createException(W3CHttpResponseCodec.java:187)
	at org.openqa.selenium.remote.http.W3CHttpResponseCodec.decode(W3CHttpResponseCodec.java:122)
	at org.openqa.selenium.remote.http.W3CHttpResponseCodec.decode(W3CHttpResponseCodec.java:49)
	at org.openqa.selenium.remote.HttpCommandExecutor.execute(HttpCommandExecutor.java:158)
	at org.openqa.selenium.remote.service.DriverCommandExecutor.execute(DriverCommandExecutor.java:83)
	at org.openqa.selenium.remote.RemoteWebDriver.execute(RemoteWebDriver.java:552)
	at org.openqa.selenium.remote.RemoteWebDriver.findElement(RemoteWebDriver.java:323)
	at org.openqa.selenium.remote.RemoteWebDriver.findElementByClassName(RemoteWebDriver.java:412)
	at org.openqa.selenium.By$ByClassName.findElement(By.java:389)
	at org.openqa.selenium.remote.RemoteWebDriver.findElement(RemoteWebDriver.java:315)
	at risTestScripts.ReportUpdateTests.updateReportAndUpdatebuttonTest(ReportUpdateTests.java:118)
... Removed 29 stack frames</div></td></tr></table><p class="totop"><a href="#summary">back to summary</a></p><h3 id="m16">risTestScripts.ServiceRoomMappingTests#addNewRoomButtonTest</h3><table class="result"><tr><th>Messages</th></tr><tr><td><div class="messages">Failed: addNewRoomButtonTest</div></td></tr><tr><th>Exception</th></tr><tr><td><div class="stacktrace">org.openqa.selenium.NoSuchSessionException: Session ID is null. Using WebDriver after calling quit()?
Build info: version: &apos;3.141.59&apos;, revision: &apos;e82be7d358&apos;, time: &apos;2018-11-14T08:17:03&apos;
System info: host: &apos;DESKTOP-MM5QJ97&apos;, ip: &apos;10.23.252.35&apos;, os.name: &apos;Windows 10&apos;, os.arch: &apos;amd64&apos;, os.version: &apos;10.0&apos;, java.version: &apos;1.8.0_311&apos;
Driver info: driver.version: RemoteWebDriver
	at org.openqa.selenium.remote.HttpCommandExecutor.execute(HttpCommandExecutor.java:125)
	at org.openqa.selenium.remote.service.DriverCommandExecutor.execute(DriverCommandExecutor.java:83)
	at org.openqa.selenium.remote.RemoteWebDriver.execute(RemoteWebDriver.java:552)
	at org.openqa.selenium.remote.RemoteWebDriver.findElement(RemoteWebDriver.java:323)
	at org.openqa.selenium.remote.RemoteWebDriver.findElementByXPath(RemoteWebDriver.java:428)
	at org.openqa.selenium.By$ByXPath.findElement(By.java:353)
	at org.openqa.selenium.remote.RemoteWebDriver.findElement(RemoteWebDriver.java:315)
	at risTestScripts.ServiceRoomMappingTests.addNewRoomButtonTest(ServiceRoomMappingTests.java:62)
... Removed 25 stack frames</div></td></tr></table><p class="totop"><a href="#summary">back to summary</a></p><h3 id="m17">risTestScripts.ServiceRoomMappingTests#addNewRoomTest</h3><table class="result"><tr><th>Messages</th></tr><tr><td><div class="messages">Failed: addNewRoomTest</div></td></tr><tr><th>Exception</th></tr><tr><td><div class="stacktrace">org.openqa.selenium.NoSuchSessionException: Session ID is null. Using WebDriver after calling quit()?
Build info: version: &apos;3.141.59&apos;, revision: &apos;e82be7d358&apos;, time: &apos;2018-11-14T08:17:03&apos;
System info: host: &apos;DESKTOP-MM5QJ97&apos;, ip: &apos;10.23.252.35&apos;, os.name: &apos;Windows 10&apos;, os.arch: &apos;amd64&apos;, os.version: &apos;10.0&apos;, java.version: &apos;1.8.0_311&apos;
Driver info: driver.version: RemoteWebDriver
	at org.openqa.selenium.remote.HttpCommandExecutor.execute(HttpCommandExecutor.java:125)
	at org.openqa.selenium.remote.service.DriverCommandExecutor.execute(DriverCommandExecutor.java:83)
	at org.openqa.selenium.remote.RemoteWebDriver.execute(RemoteWebDriver.java:552)
	at org.openqa.selenium.remote.RemoteWebDriver.findElement(RemoteWebDriver.java:323)
	at org.openqa.selenium.remote.RemoteWebDriver.findElementByName(RemoteWebDriver.java:404)
	at org.openqa.selenium.By$ByName.findElement(By.java:284)
	at org.openqa.selenium.remote.RemoteWebDriver.findElement(RemoteWebDriver.java:315)
	at risTestScripts.ServiceRoomMappingTests.addNewRoomTest(ServiceRoomMappingTests.java:80)
... Removed 25 stack frames</div></td></tr></table><p class="totop"><a href="#summary">back to summary</a></p><h3 id="m18">risTestScripts.ServiceRoomMappingTests#defaultViewTest</h3><table class="result"><tr><th>Messages</th></tr><tr><td><div class="messages">Failed: defaultViewTest</div></td></tr><tr><th>Exception</th></tr><tr><td><div class="stacktrace">org.openqa.selenium.NoSuchSessionException: Session ID is null. Using WebDriver after calling quit()?
Build info: version: &apos;3.141.59&apos;, revision: &apos;e82be7d358&apos;, time: &apos;2018-11-14T08:17:03&apos;
System info: host: &apos;DESKTOP-MM5QJ97&apos;, ip: &apos;10.23.252.35&apos;, os.name: &apos;Windows 10&apos;, os.arch: &apos;amd64&apos;, os.version: &apos;10.0&apos;, java.version: &apos;1.8.0_311&apos;
Driver info: driver.version: RemoteWebDriver
	at org.openqa.selenium.remote.HttpCommandExecutor.execute(HttpCommandExecutor.java:125)
	at org.openqa.selenium.remote.service.DriverCommandExecutor.execute(DriverCommandExecutor.java:83)
	at org.openqa.selenium.remote.RemoteWebDriver.execute(RemoteWebDriver.java:552)
	at org.openqa.selenium.remote.RemoteWebDriver.findElement(RemoteWebDriver.java:323)
	at org.openqa.selenium.remote.RemoteWebDriver.findElementByClassName(RemoteWebDriver.java:412)
	at org.openqa.selenium.By$ByClassName.findElement(By.java:389)
	at org.openqa.selenium.remote.RemoteWebDriver.findElement(RemoteWebDriver.java:315)
	at risTestScripts.ServiceRoomMappingTests.defaultViewTest(ServiceRoomMappingTests.java:48)
... Removed 25 stack frames</div></td></tr></table><p class="totop"><a href="#summary">back to summary</a></p><h3 id="m19">risTestScripts.ServiceRoomMappingTests#openServiceRoomMappingTest</h3><table class="result"><tr><th>Messages</th></tr><tr><td><div class="messages">Failed: openServiceRoomMappingTest</div></td></tr><tr><th>Exception</th></tr><tr><td><div class="stacktrace">org.openqa.selenium.NoSuchSessionException: Session ID is null. Using WebDriver after calling quit()?
Build info: version: &apos;3.141.59&apos;, revision: &apos;e82be7d358&apos;, time: &apos;2018-11-14T08:17:03&apos;
System info: host: &apos;DESKTOP-MM5QJ97&apos;, ip: &apos;10.23.252.35&apos;, os.name: &apos;Windows 10&apos;, os.arch: &apos;amd64&apos;, os.version: &apos;10.0&apos;, java.version: &apos;1.8.0_311&apos;
Driver info: driver.version: RemoteWebDriver
	at org.openqa.selenium.remote.HttpCommandExecutor.execute(HttpCommandExecutor.java:125)
	at org.openqa.selenium.remote.service.DriverCommandExecutor.execute(DriverCommandExecutor.java:83)
	at org.openqa.selenium.remote.RemoteWebDriver.execute(RemoteWebDriver.java:552)
	at org.openqa.selenium.remote.RemoteWebDriver.findElement(RemoteWebDriver.java:323)
	at org.openqa.selenium.remote.RemoteWebDriver.findElementByLinkText(RemoteWebDriver.java:380)
	at org.openqa.selenium.By$ByLinkText.findElement(By.java:220)
	at org.openqa.selenium.remote.RemoteWebDriver.findElement(RemoteWebDriver.java:315)
	at risTestScripts.ServiceRoomMappingTests.openServiceRoomMappingTest(ServiceRoomMappingTests.java:37)
... Removed 25 stack frames</div></td></tr></table><p class="totop"><a href="#summary">back to summary</a></p><h3 id="m20">risTestScripts.ServiceRoomMappingTests#searchOnServiceRoomMappingTableTest</h3><table class="result"><tr><th>Messages</th></tr><tr><td><div class="messages">Failed: searchOnServiceRoomMappingTableTest</div></td></tr><tr><th>Exception</th></tr><tr><td><div class="stacktrace">org.openqa.selenium.NoSuchSessionException: Session ID is null. Using WebDriver after calling quit()?
Build info: version: &apos;3.141.59&apos;, revision: &apos;e82be7d358&apos;, time: &apos;2018-11-14T08:17:03&apos;
System info: host: &apos;DESKTOP-MM5QJ97&apos;, ip: &apos;10.23.252.35&apos;, os.name: &apos;Windows 10&apos;, os.arch: &apos;amd64&apos;, os.version: &apos;10.0&apos;, java.version: &apos;1.8.0_311&apos;
Driver info: driver.version: RemoteWebDriver
	at org.openqa.selenium.remote.HttpCommandExecutor.execute(HttpCommandExecutor.java:125)
	at org.openqa.selenium.remote.service.DriverCommandExecutor.execute(DriverCommandExecutor.java:83)
	at org.openqa.selenium.remote.RemoteWebDriver.execute(RemoteWebDriver.java:552)
	at org.openqa.selenium.remote.RemoteWebDriver.findElement(RemoteWebDriver.java:323)
	at org.openqa.selenium.remote.RemoteWebDriver.findElementByClassName(RemoteWebDriver.java:412)
	at org.openqa.selenium.By$ByClassName.findElement(By.java:389)
	at org.openqa.selenium.remote.RemoteWebDriver.findElement(RemoteWebDriver.java:315)
	at risTestScripts.ServiceRoomMappingTests.searchOnServiceRoomMappingTableTest(ServiceRoomMappingTests.java:126)
... Removed 25 stack frames</div></td></tr></table><p class="totop"><a href="#summary">back to summary</a></p><h3 id="m21">risTestScripts.ServiceRoomMappingTests#searchRoomMappingTest</h3><table class="result"><tr><th>Messages</th></tr><tr><td><div class="messages">Failed: searchRoomMappingTest</div></td></tr><tr><th>Exception</th></tr><tr><td><div class="stacktrace">org.openqa.selenium.NoSuchSessionException: Session ID is null. Using WebDriver after calling quit()?
Build info: version: &apos;3.141.59&apos;, revision: &apos;e82be7d358&apos;, time: &apos;2018-11-14T08:17:03&apos;
System info: host: &apos;DESKTOP-MM5QJ97&apos;, ip: &apos;10.23.252.35&apos;, os.name: &apos;Windows 10&apos;, os.arch: &apos;amd64&apos;, os.version: &apos;10.0&apos;, java.version: &apos;1.8.0_311&apos;
Driver info: driver.version: RemoteWebDriver
	at org.openqa.selenium.remote.HttpCommandExecutor.execute(HttpCommandExecutor.java:125)
	at org.openqa.selenium.remote.service.DriverCommandExecutor.execute(DriverCommandExecutor.java:83)
	at org.openqa.selenium.remote.RemoteWebDriver.execute(RemoteWebDriver.java:552)
	at org.openqa.selenium.remote.RemoteWebDriver.findElement(RemoteWebDriver.java:323)
	at org.openqa.selenium.remote.RemoteWebDriver.findElementByName(RemoteWebDriver.java:404)
	at org.openqa.selenium.By$ByName.findElement(By.java:284)
	at org.openqa.selenium.remote.RemoteWebDriver.findElement(RemoteWebDriver.java:315)
	at risTestScripts.ServiceRoomMappingTests.searchRoomMappingTest(ServiceRoomMappingTests.java:101)
... Removed 25 stack frames</div></td></tr></table><p class="totop"><a href="#summary">back to summary</a></p><h3 id="m22">risTestScripts.ServiceRoomMappingTests#updateButtonTest</h3><table class="result"><tr><th>Messages</th></tr><tr><td><div class="messages">Failed: updateButtonTest</div></td></tr><tr><th>Exception</th></tr><tr><td><div class="stacktrace">org.openqa.selenium.NoSuchSessionException: Session ID is null. Using WebDriver after calling quit()?
Build info: version: &apos;3.141.59&apos;, revision: &apos;e82be7d358&apos;, time: &apos;2018-11-14T08:17:03&apos;
System info: host: &apos;DESKTOP-MM5QJ97&apos;, ip: &apos;10.23.252.35&apos;, os.name: &apos;Windows 10&apos;, os.arch: &apos;amd64&apos;, os.version: &apos;10.0&apos;, java.version: &apos;1.8.0_311&apos;
Driver info: driver.version: RemoteWebDriver
	at org.openqa.selenium.remote.HttpCommandExecutor.execute(HttpCommandExecutor.java:125)
	at org.openqa.selenium.remote.service.DriverCommandExecutor.execute(DriverCommandExecutor.java:83)
	at org.openqa.selenium.remote.RemoteWebDriver.execute(RemoteWebDriver.java:552)
	at org.openqa.selenium.remote.RemoteWebDriver.findElement(RemoteWebDriver.java:323)
	at org.openqa.selenium.remote.RemoteWebDriver.findElementByXPath(RemoteWebDriver.java:428)
	at org.openqa.selenium.By$ByXPath.findElement(By.java:353)
	at org.openqa.selenium.remote.RemoteWebDriver.findElement(RemoteWebDriver.java:315)
	at risTestScripts.ServiceRoomMappingTests.updateButtonTest(ServiceRoomMappingTests.java:186)
... Removed 25 stack frames</div></td></tr></table><p class="totop"><a href="#summary">back to summary</a></p><h3 id="m23">risTestScripts.ServiceRoomMappingTests#updateMappingTest</h3><table class="result"><tr><th>Messages</th></tr><tr><td><div class="messages">Failed: updateMappingTest</div></td></tr><tr><th>Exception</th></tr><tr><td><div class="stacktrace">org.openqa.selenium.NoSuchSessionException: Session ID is null. Using WebDriver after calling quit()?
Build info: version: &apos;3.141.59&apos;, revision: &apos;e82be7d358&apos;, time: &apos;2018-11-14T08:17:03&apos;
System info: host: &apos;DESKTOP-MM5QJ97&apos;, ip: &apos;10.23.252.35&apos;, os.name: &apos;Windows 10&apos;, os.arch: &apos;amd64&apos;, os.version: &apos;10.0&apos;, java.version: &apos;1.8.0_311&apos;
Driver info: driver.version: RemoteWebDriver
	at org.openqa.selenium.remote.HttpCommandExecutor.execute(HttpCommandExecutor.java:125)
	at org.openqa.selenium.remote.service.DriverCommandExecutor.execute(DriverCommandExecutor.java:83)
	at org.openqa.selenium.remote.RemoteWebDriver.execute(RemoteWebDriver.java:552)
	at org.openqa.selenium.remote.RemoteWebDriver.findElement(RemoteWebDriver.java:323)
	at org.openqa.selenium.remote.RemoteWebDriver.findElementByXPath(RemoteWebDriver.java:428)
	at org.openqa.selenium.By$ByXPath.findElement(By.java:353)
	at org.openqa.selenium.remote.RemoteWebDriver.findElement(RemoteWebDriver.java:315)
	at risTestScripts.ServiceRoomMappingTests.updateMappingTest(ServiceRoomMappingTests.java:204)
... Removed 25 stack frames</div></td></tr></table><p class="totop"><a href="#summary">back to summary</a></p><h3 id="m24">risTestScripts.ServiceRoomMappingTests#validateMappingTableDataTest</h3><table class="result"><tr><th>Messages</th></tr><tr><td><div class="messages">Failed: validateMappingTableDataTest</div></td></tr><tr><th>Exception</th></tr><tr><td><div class="stacktrace">org.openqa.selenium.NoSuchSessionException: Session ID is null. Using WebDriver after calling quit()?
Build info: version: &apos;3.141.59&apos;, revision: &apos;e82be7d358&apos;, time: &apos;2018-11-14T08:17:03&apos;
System info: host: &apos;DESKTOP-MM5QJ97&apos;, ip: &apos;10.23.252.35&apos;, os.name: &apos;Windows 10&apos;, os.arch: &apos;amd64&apos;, os.version: &apos;10.0&apos;, java.version: &apos;1.8.0_311&apos;
Driver info: driver.version: RemoteWebDriver
	at org.openqa.selenium.remote.HttpCommandExecutor.execute(HttpCommandExecutor.java:125)
	at org.openqa.selenium.remote.service.DriverCommandExecutor.execute(DriverCommandExecutor.java:83)
	at org.openqa.selenium.remote.RemoteWebDriver.execute(RemoteWebDriver.java:552)
	at org.openqa.selenium.remote.RemoteWebDriver.findElement(RemoteWebDriver.java:323)
	at org.openqa.selenium.remote.RemoteWebDriver.findElementByXPath(RemoteWebDriver.java:428)
	at org.openqa.selenium.By$ByXPath.findElement(By.java:353)
	at org.openqa.selenium.remote.RemoteWebDriver.findElement(RemoteWebDriver.java:315)
	at risTestScripts.ServiceRoomMappingTests.validateMappingTableDataTest(ServiceRoomMappingTests.java:146)
... Removed 25 stack frames</div></td></tr></table><p class="totop"><a href="#summary">back to summary</a></p><h3 id="m25">risTestScripts.ServiceRoomMappingTests#validateUpdatedMappingTest</h3><table class="result"><tr><th>Messages</th></tr><tr><td><div class="messages">Failed: validateUpdatedMappingTest</div></td></tr><tr><th>Exception</th></tr><tr><td><div class="stacktrace">org.openqa.selenium.NoSuchSessionException: Session ID is null. Using WebDriver after calling quit()?
Build info: version: &apos;3.141.59&apos;, revision: &apos;e82be7d358&apos;, time: &apos;2018-11-14T08:17:03&apos;
System info: host: &apos;DESKTOP-MM5QJ97&apos;, ip: &apos;10.23.252.35&apos;, os.name: &apos;Windows 10&apos;, os.arch: &apos;amd64&apos;, os.version: &apos;10.0&apos;, java.version: &apos;1.8.0_311&apos;
Driver info: driver.version: RemoteWebDriver
	at org.openqa.selenium.remote.HttpCommandExecutor.execute(HttpCommandExecutor.java:125)
	at org.openqa.selenium.remote.service.DriverCommandExecutor.execute(DriverCommandExecutor.java:83)
	at org.openqa.selenium.remote.RemoteWebDriver.execute(RemoteWebDriver.java:552)
	at org.openqa.selenium.remote.RemoteWebDriver.findElement(RemoteWebDriver.java:323)
	at org.openqa.selenium.remote.RemoteWebDriver.findElementByXPath(RemoteWebDriver.java:428)
	at org.openqa.selenium.By$ByXPath.findElement(By.java:353)
	at org.openqa.selenium.remote.RemoteWebDriver.findElement(RemoteWebDriver.java:315)
	at risTestScripts.ServiceRoomMappingTests.validateUpdatedMappingTest(ServiceRoomMappingTests.java:221)
... Removed 25 stack frames</div></td></tr></table><p class="totop"><a href="#summary">back to summary</a></p><h3 id="m26">risTestScripts.ConfirmationTests#SearchOnTableAndConfirmationTableDataTest</h3><table class="result"><tr><th>Messages</th></tr><tr><td><div class="messages">Passed: SearchOnTableAndConfirmationTableDataTest</div></td></tr></table><p class="totop"><a href="#summary">back to summary</a></p><h3 id="m27">risTestScripts.ConfirmationTests#confirmButtonTest</h3><table class="result"><tr><th>Messages</th></tr><tr><td><div class="messages">Passed: confirmButtonTest</div></td></tr></table><p class="totop"><a href="#summary">back to summary</a></p><h3 id="m28">risTestScripts.ConfirmationTests#inputStudyNumberTest</h3><table class="result"><tr><th>Messages</th></tr><tr><td><div class="messages">Passed: inputStudyNumberTest</div></td></tr></table><p class="totop"><a href="#summary">back to summary</a></p><h3 id="m29">risTestScripts.ConfirmationTests#itemsPerPageTest</h3><table class="result"><tr><th>Messages</th></tr><tr><td><div class="messages">Passed: itemsPerPageTest</div></td></tr></table><p class="totop"><a href="#summary">back to summary</a></p><h3 id="m30">risTestScripts.ConfirmationTests#openImageCaptureAndConfirmationTest</h3><table class="result"><tr><th>Messages</th></tr><tr><td><div class="messages">Passed: openImageCaptureAndConfirmationTest</div></td></tr></table><p class="totop"><a href="#summary">back to summary</a></p><h3 id="m31">risTestScripts.ConfirmationTests#openMainMenuTest</h3><table class="result"><tr><th>Messages</th></tr><tr><td><div class="messages">Passed: openMainMenuTest</div></td></tr></table><p class="totop"><a href="#summary">back to summary</a></p><h3 id="m32">risTestScripts.ConfirmationTests#searchWithDateTest</h3><table class="result"><tr><th>Messages</th></tr><tr><td><div class="messages">Passed: searchWithDateTest</div></td></tr></table><p class="totop"><a href="#summary">back to summary</a></p><h3 id="m33">risTestScripts.ImagingMISTests#openImagingMISTest</h3><table class="result"><tr><th>Messages</th></tr><tr><td><div class="messages">Passed: openImagingMISTest</div></td></tr></table><p class="totop"><a href="#summary">back to summary</a></p><h3 id="m34">risTestScripts.ImagingMISTests#searchWithServiceCategoryServiceServiceStatusRoomDateTest</h3><table class="result"><tr><th>Messages</th></tr><tr><td><div class="messages">Passed: searchWithServiceCategoryServiceServiceStatusRoomDateTest</div></td></tr></table><p class="totop"><a href="#summary">back to summary</a></p><h3 id="m35">risTestScripts.ReportCreationTests#createButtonTest</h3><table class="result"><tr><th>Messages</th></tr><tr><td><div class="messages">Passed: createButtonTest</div></td></tr></table><p class="totop"><a href="#summary">back to summary</a></p><h3 id="m36">risTestScripts.ReportCreationTests#openReportCreationTest</h3><table class="result"><tr><th>Messages</th></tr><tr><td><div class="messages">Passed: openReportCreationTest</div></td></tr></table><p class="totop"><a href="#summary">back to summary</a></p><h3 id="m37">risTestScripts.ReportCreationTests#reportCreationPageCreatedByTest</h3><table class="result"><tr><th>Messages</th></tr><tr><td><div class="messages">Passed: reportCreationPageCreatedByTest</div></td></tr></table><p class="totop"><a href="#summary">back to summary</a></p><h3 id="m38">risTestScripts.ReportCreationTests#reportCreationPageDataTest</h3><table class="result"><tr><th>Messages</th></tr><tr><td><div class="messages">Passed: reportCreationPageDataTest</div></td></tr></table><p class="totop"><a href="#summary">back to summary</a></p><h3 id="m39">risTestScripts.ReportCreationTests#reportCreationPageNegativeTest</h3><table class="result"><tr><th>Messages</th></tr><tr><td><div class="messages">Passed: reportCreationPageNegativeTest</div></td></tr></table><p class="totop"><a href="#summary">back to summary</a></p><h3 id="m40">risTestScripts.ReportCreationTests#reportCreationPageSaveButtonTest</h3><table class="result"><tr><th>Messages</th></tr><tr><td><div class="messages">Passed: reportCreationPageSaveButtonTest</div></td></tr></table><p class="totop"><a href="#summary">back to summary</a></p><h3 id="m41">risTestScripts.ReportCreationTests#reportCreationPageSelectTemplateTest</h3><table class="result"><tr><th>Messages</th></tr><tr><td><div class="messages">Passed: reportCreationPageSelectTemplateTest</div></td></tr></table><p class="totop"><a href="#summary">back to summary</a></p><h3 id="m42">risTestScripts.ReportCreationTests#searchOnCreateReportTableAndDataTest</h3><table class="result"><tr><th>Messages</th></tr><tr><td><div class="messages">Passed: searchOnCreateReportTableAndDataTest</div></td></tr></table><p class="totop"><a href="#summary">back to summary</a></p><h3 id="m43">risTestScripts.ReportCreationTests#searchWithServiceCategoryServiceStudyNumberRegIdDateTest</h3><table class="result"><tr><th>Messages</th></tr><tr><td><div class="messages">Passed: searchWithServiceCategoryServiceStudyNumberRegIdDateTest</div></td></tr></table><p class="totop"><a href="#summary">back to summary</a></p><h3 id="m44">risTestScripts.ReportCreationTests#showLastThreeDaysDataDefaultDateSearchTest</h3><table class="result"><tr><th>Messages</th></tr><tr><td><div class="messages">Passed: showLastThreeDaysDataDefaultDateSearchTest</div></td></tr></table><p class="totop"><a href="#summary">back to summary</a></p><h3 id="m45">risTestScripts.ReportPrintTests#defaultViewDateSearchTest</h3><table class="result"><tr><th>Messages</th></tr><tr><td><div class="messages">Passed: defaultViewDateSearchTest</div></td></tr></table><p class="totop"><a href="#summary">back to summary</a></p><h3 id="m46">risTestScripts.ReportPrintTests#openReportPrintTest</h3><table class="result"><tr><th>Messages</th></tr><tr><td><div class="messages">Passed: openReportPrintTest</div></td></tr></table><p class="totop"><a href="#summary">back to summary</a></p><h3 id="m47">risTestScripts.ReportPrintTests#openRis</h3><table class="result"><tr><th>Messages</th></tr><tr><td><div class="messages">Passed: openRis</div></td></tr></table><p class="totop"><a href="#summary">back to summary</a></p><h3 id="m48">risTestScripts.ReportPrintTests#printButtonTest</h3><table class="result"><tr><th>Messages</th></tr><tr><td><div class="messages">Passed: printButtonTest</div></td></tr></table><p class="totop"><a href="#summary">back to summary</a></p><h3 id="m49">risTestScripts.ReportPrintTests#printReportPageDataValidationTest</h3><table class="result"><tr><th>Messages</th></tr><tr><td><div class="messages">Passed: printReportPageDataValidationTest</div></td></tr></table><p class="totop"><a href="#summary">back to summary</a></p><h3 id="m50">risTestScripts.ReportPrintTests#searchOnPrintReportTableTest</h3><table class="result"><tr><th>Messages</th></tr><tr><td><div class="messages">Passed: searchOnPrintReportTableTest</div></td></tr></table><p class="totop"><a href="#summary">back to summary</a></p><h3 id="m51">risTestScripts.ReportPrintTests#searchWithServiceCategoryServiceStudyNumberRegIdTest</h3><table class="result"><tr><th>Messages</th></tr><tr><td><div class="messages">Passed: searchWithServiceCategoryServiceStudyNumberRegIdTest</div></td></tr></table><p class="totop"><a href="#summary">back to summary</a></p><h3 id="m52">risTestScripts.ReportPrintTests#viewReportButtonTest</h3><table class="result"><tr><th>Messages</th></tr><tr><td><div class="messages">Passed: viewReportButtonTest</div></td></tr></table><p class="totop"><a href="#summary">back to summary</a></p><h3 id="m53">risTestScripts.ReportUpdateTests#clickUpdateReportButtonTest</h3><table class="result"><tr><th>Messages</th></tr><tr><td><div class="messages">Passed: clickUpdateReportButtonTest</div></td></tr></table><p class="totop"><a href="#summary">back to summary</a></p><h3 id="m54">risTestScripts.ReportUpdateTests#defaultViewTableDataTest</h3><table class="result"><tr><th>Messages</th></tr><tr><td><div class="messages">Passed: defaultViewTableDataTest</div></td></tr></table><p class="totop"><a href="#summary">back to summary</a></p><h3 id="m55">risTestScripts.ReportUpdateTests#itemsPerPageTest</h3><table class="result"><tr><th>Messages</th></tr><tr><td><div class="messages">Passed: itemsPerPageTest</div></td></tr></table><p class="totop"><a href="#summary">back to summary</a></p><h3 id="m56">risTestScripts.ReportVerifyTests#defaultviewDateSearchTest</h3><table class="result"><tr><th>Messages</th></tr><tr><td><div class="messages">Passed: defaultviewDateSearchTest</div></td></tr></table><p class="totop"><a href="#summary">back to summary</a></p><h3 id="m57">risTestScripts.ReportVerifyTests#openReportVerificationFromMenuTest</h3><table class="result"><tr><th>Messages</th></tr><tr><td><div class="messages">Passed: openReportVerificationFromMenuTest</div></td></tr></table><p class="totop"><a href="#summary">back to summary</a></p><h3 id="m58">risTestScripts.ReportVerifyTests#reportVerificationPageDataTest</h3><table class="result"><tr><th>Messages</th></tr><tr><td><div class="messages">Passed: reportVerificationPageDataTest</div></td></tr></table><p class="totop"><a href="#summary">back to summary</a></p><h3 id="m59">risTestScripts.ReportVerifyTests#searchOnVerifyReportTableTest</h3><table class="result"><tr><th>Messages</th></tr><tr><td><div class="messages">Passed: searchOnVerifyReportTableTest</div></td></tr></table><p class="totop"><a href="#summary">back to summary</a></p><h3 id="m60">risTestScripts.ReportVerifyTests#searchWithServiceCategoryServiceStudyNumberRegIdTest</h3><table class="result"><tr><th>Messages</th></tr><tr><td><div class="messages">Passed: searchWithServiceCategoryServiceStudyNumberRegIdTest</div></td></tr></table><p class="totop"><a href="#summary">back to summary</a></p><h3 id="m61">risTestScripts.ReportVerifyTests#verifiedByTest</h3><table class="result"><tr><th>Messages</th></tr><tr><td><div class="messages">Passed: verifiedByTest</div></td></tr></table><p class="totop"><a href="#summary">back to summary</a></p><h3 id="m62">risTestScripts.ReportVerifyTests#verifyButtonTest</h3><table class="result"><tr><th>Messages</th></tr><tr><td><div class="messages">Passed: verifyButtonTest</div></td></tr></table><p class="totop"><a href="#summary">back to summary</a></p><h3 id="m63">risTestScripts.ReportVerifyTests#verifyReportButtonTest</h3><table class="result"><tr><th>Messages</th></tr><tr><td><div class="messages">Passed: verifyReportButtonTest</div></td></tr></table><p class="totop"><a href="#summary">back to summary</a></p><h3 id="m64">risTestScripts.ScheduleTests#inputRoomScheduledateTime</h3><table class="result"><tr><th>Messages</th></tr><tr><td><div class="messages">Passed: inputRoomScheduledateTime</div></td></tr></table><p class="totop"><a href="#summary">back to summary</a></p><h3 id="m65">risTestScripts.ScheduleTests#itemsPerPageTest</h3><table class="result"><tr><th>Messages</th></tr><tr><td><div class="messages">Passed: itemsPerPageTest</div></td></tr></table><p class="totop"><a href="#summary">back to summary</a></p><h3 id="m66">risTestScripts.ScheduleTests#openRis</h3><table class="result"><tr><th>Messages</th></tr><tr><td><div class="messages">Passed: openRis</div></td></tr></table><p class="totop"><a href="#summary">back to summary</a></p><h3 id="m67">risTestScripts.ScheduleTests#scheduleButtonTest</h3><table class="result"><tr><th>Messages</th></tr><tr><td><div class="messages">Passed: scheduleButtonTest</div></td></tr></table><p class="totop"><a href="#summary">back to summary</a></p><h3 id="m68">risTestScripts.ScheduleTests#searchOnTableTest</h3><table class="result"><tr><th>Messages</th></tr><tr><td><div class="messages">Passed: searchOnTableTest</div></td></tr></table><p class="totop"><a href="#summary">back to summary</a></p><h3 id="m69">risTestScripts.ScheduleTests#searchResultsTest</h3><table class="result"><tr><th>Messages</th></tr><tr><td><div class="messages">Passed: searchResultsTest</div></td></tr></table><p class="totop"><a href="#summary">back to summary</a></p><h3 id="m70">risTestScripts.ScheduleTests#searchWithDateNegativeTest</h3><table class="result"><tr><th>Messages</th></tr><tr><td><div class="messages">Passed: searchWithDateNegativeTest</div></td></tr></table><p class="totop"><a href="#summary">back to summary</a></p><h3 id="m71">risTestScripts.ScheduleTests#searchWithServiceCategoryServiceDateTest</h3><table class="result"><tr><th>Messages</th></tr><tr><td><div class="messages">Passed: searchWithServiceCategoryServiceDateTest</div></td></tr></table><p class="totop"><a href="#summary">back to summary</a></p></body></html>