<!DOCTYPE html>

<html>
  <head>
  <meta charset='utf-8'>
  <title>TestNG reports</title>

    <link type="text/css" href="testng-reports.css" rel="stylesheet" />  
    <script type="text/javascript" src="jquery-1.7.1.min.js"></script>
    <script type="text/javascript" src="testng-reports.js"></script>
    <script type="text/javascript" src="https://www.google.com/jsapi"></script>
    <script type='text/javascript'>
      google.load('visualization', '1', {packages:['table']});
      google.setOnLoadCallback(drawTable);
      var suiteTableInitFunctions = new Array();
      var suiteTableData = new Array();
    </script>
    <!--
      <script type="text/javascript" src="jquery-ui/js/jquery-ui-1.8.16.custom.min.js"></script>
     -->
  </head>

  <body>
    <div class="top-banner-root">
      <span class="top-banner-title-font">Test results</span>
      <br/>
      <span class="top-banner-font-1">1 suite, 26 failed tests</span>
    </div> <!-- top-banner-root -->
    <div class="navigator-root">
      <div class="navigator-suite-header">
        <span>All suites</span>
        <a href="#" class="collapse-all-link" title="Collapse/expand all the suites">
          <img class="collapse-all-icon" src="collapseall.gif">
          </img> <!-- collapse-all-icon -->
        </a> <!-- collapse-all-link -->
      </div> <!-- navigator-suite-header -->
      <div class="suite">
        <div class="rounded-window">
          <div class="suite-header light-rounded-window-top">
            <a href="#" class="navigator-link" panel-name="suite-RIS_Functional_suite">
              <span class="suite-name border-failed">RIS Functional suite</span>
            </a> <!-- navigator-link -->
          </div> <!-- suite-header light-rounded-window-top -->
          <div class="navigator-suite-content">
            <div class="suite-section-title">
              <span>Info</span>
            </div> <!-- suite-section-title -->
            <div class="suite-section-content">
              <ul>
                <li>
                  <a href="#" class="navigator-link " panel-name="test-xml-RIS_Functional_suite">
                    <span>C:\Users\ravik\OneDrive\Desktop\eclipse data\RaviQA\workspace\ris\testng.xml</span>
                  </a> <!-- navigator-link  -->
                </li>
                <li>
                  <a href="#" class="navigator-link " panel-name="testlist-RIS_Functional_suite">
                    <span class="test-stats">1 test</span>
                  </a> <!-- navigator-link  -->
                </li>
                <li>
                  <a href="#" class="navigator-link " panel-name="group-RIS_Functional_suite">
                    <span>0 groups</span>
                  </a> <!-- navigator-link  -->
                </li>
                <li>
                  <a href="#" class="navigator-link " panel-name="times-RIS_Functional_suite">
                    <span>Times</span>
                  </a> <!-- navigator-link  -->
                </li>
                <li>
                  <a href="#" class="navigator-link " panel-name="reporter-RIS_Functional_suite">
                    <span>Reporter output</span>
                  </a> <!-- navigator-link  -->
                </li>
                <li>
                  <a href="#" class="navigator-link " panel-name="ignored-methods-RIS_Functional_suite">
                    <span>Ignored methods</span>
                  </a> <!-- navigator-link  -->
                </li>
                <li>
                  <a href="#" class="navigator-link " panel-name="chronological-RIS_Functional_suite">
                    <span>Chronological view</span>
                  </a> <!-- navigator-link  -->
                </li>
              </ul>
            </div> <!-- suite-section-content -->
            <div class="result-section">
              <div class="suite-section-title">
                <span>Results</span>
              </div> <!-- suite-section-title -->
              <div class="suite-section-content">
                <ul>
                  <li>
                    <span class="method-stats">72 methods, 26 failed,   46 passed</span>
                  </li>
                  <li>
                    <span class="method-list-title failed">Failed methods</span>
                    <span class="show-or-hide-methods failed">
                      <a href="#" panel-name="suite-RIS_Functional_suite" class="hide-methods failed suite-RIS_Functional_suite"> (hide)</a> <!-- hide-methods failed suite-RIS_Functional_suite -->
                      <a href="#" panel-name="suite-RIS_Functional_suite" class="show-methods failed suite-RIS_Functional_suite"> (show)</a> <!-- show-methods failed suite-RIS_Functional_suite -->
                    </span>
                    <div class="method-list-content failed suite-RIS_Functional_suite">
                      <span>
                        <img width="3%" src="failed.png"/>
                        <a href="#" class="method navigator-link" panel-name="suite-RIS_Functional_suite" title="risTestScripts.ManageTemplateTests" hash-for-method="AddReportTemplateButtonTest">AddReportTemplateButtonTest</a> <!-- method navigator-link -->
                      </span>
                      <br/>
                      <span>
                        <img width="3%" src="failed.png"/>
                        <a href="#" class="method navigator-link" panel-name="suite-RIS_Functional_suite" title="risTestScripts.ManageTemplateTests" hash-for-method="AddReportTemplateTest">AddReportTemplateTest</a> <!-- method navigator-link -->
                      </span>
                      <br/>
                      <span>
                        <img width="3%" src="failed.png"/>
                        <a href="#" class="method navigator-link" panel-name="suite-RIS_Functional_suite" title="risTestScripts.ServiceRoomMappingTests" hash-for-method="addNewRoomButtonTest">addNewRoomButtonTest</a> <!-- method navigator-link -->
                      </span>
                      <br/>
                      <span>
                        <img width="3%" src="failed.png"/>
                        <a href="#" class="method navigator-link" panel-name="suite-RIS_Functional_suite" title="risTestScripts.ServiceRoomMappingTests" hash-for-method="addNewRoomTest">addNewRoomTest</a> <!-- method navigator-link -->
                      </span>
                      <br/>
                      <span>
                        <img width="3%" src="failed.png"/>
                        <a href="#" class="method navigator-link" panel-name="suite-RIS_Functional_suite" title="risTestScripts.ManageTemplateTests" hash-for-method="defaultViewDataTest">defaultViewDataTest</a> <!-- method navigator-link -->
                      </span>
                      <br/>
                      <span>
                        <img width="3%" src="failed.png"/>
                        <a href="#" class="method navigator-link" panel-name="suite-RIS_Functional_suite" title="risTestScripts.ImagingMISTests" hash-for-method="defaultViewDateSearchTest">defaultViewDateSearchTest</a> <!-- method navigator-link -->
                      </span>
                      <br/>
                      <span>
                        <img width="3%" src="failed.png"/>
                        <a href="#" class="method navigator-link" panel-name="suite-RIS_Functional_suite" title="risTestScripts.ServiceRoomMappingTests" hash-for-method="defaultViewTest">defaultViewTest</a> <!-- method navigator-link -->
                      </span>
                      <br/>
                      <span>
                        <img width="3%" src="failed.png"/>
                        <a href="#" class="method navigator-link" panel-name="suite-RIS_Functional_suite" title="risTestScripts.ManageTemplateTests" hash-for-method="openManageTemplateTest">openManageTemplateTest</a> <!-- method navigator-link -->
                      </span>
                      <br/>
                      <span>
                        <img width="3%" src="failed.png"/>
                        <a href="#" class="method navigator-link" panel-name="suite-RIS_Functional_suite" title="risTestScripts.ServiceRoomMappingTests" hash-for-method="openServiceRoomMappingTest">openServiceRoomMappingTest</a> <!-- method navigator-link -->
                      </span>
                      <br/>
                      <span>
                        <img width="3%" src="failed.png"/>
                        <a href="#" class="method navigator-link" panel-name="suite-RIS_Functional_suite" title="risTestScripts.ImagingMISTests" hash-for-method="printMISReportButtonTest">printMISReportButtonTest</a> <!-- method navigator-link -->
                      </span>
                      <br/>
                      <span>
                        <img width="3%" src="failed.png"/>
                        <a href="#" class="method navigator-link" panel-name="suite-RIS_Functional_suite" title="risTestScripts.ManageTemplateTests" hash-for-method="searchOnAvailableTemplateTableTest">searchOnAvailableTemplateTableTest</a> <!-- method navigator-link -->
                      </span>
                      <br/>
                      <span>
                        <img width="3%" src="failed.png"/>
                        <a href="#" class="method navigator-link" panel-name="suite-RIS_Functional_suite" title="risTestScripts.ImagingMISTests" hash-for-method="searchOnMISTableTest">searchOnMISTableTest</a> <!-- method navigator-link -->
                      </span>
                      <br/>
                      <span>
                        <img width="3%" src="failed.png"/>
                        <a href="#" class="method navigator-link" panel-name="suite-RIS_Functional_suite" title="risTestScripts.ServiceRoomMappingTests" hash-for-method="searchOnServiceRoomMappingTableTest">searchOnServiceRoomMappingTableTest</a> <!-- method navigator-link -->
                      </span>
                      <br/>
                      <span>
                        <img width="3%" src="failed.png"/>
                        <a href="#" class="method navigator-link" panel-name="suite-RIS_Functional_suite" title="risTestScripts.ServiceRoomMappingTests" hash-for-method="searchRoomMappingTest">searchRoomMappingTest</a> <!-- method navigator-link -->
                      </span>
                      <br/>
                      <span>
                        <img width="3%" src="failed.png"/>
                        <a href="#" class="method navigator-link" panel-name="suite-RIS_Functional_suite" title="risTestScripts.ManageTemplateTests" hash-for-method="searchTemplateTest">searchTemplateTest</a> <!-- method navigator-link -->
                      </span>
                      <br/>
                      <span>
                        <img width="3%" src="failed.png"/>
                        <a href="#" class="method navigator-link" panel-name="suite-RIS_Functional_suite" title="risTestScripts.ConfirmationTests" hash-for-method="searchWithServiceCategoryServiceAndDateTest">searchWithServiceCategoryServiceAndDateTest</a> <!-- method navigator-link -->
                      </span>
                      <br/>
                      <span>
                        <img width="3%" src="failed.png"/>
                        <a href="#" class="method navigator-link" panel-name="suite-RIS_Functional_suite" title="risTestScripts.ReportUpdateTests" hash-for-method="searchWithServiceCategoryServiceStudyNumberRegIdDateTest">searchWithServiceCategoryServiceStudyNumberRegIdDateTest</a> <!-- method navigator-link -->
                      </span>
                      <br/>
                      <span>
                        <img width="3%" src="failed.png"/>
                        <a href="#" class="method navigator-link" panel-name="suite-RIS_Functional_suite" title="risTestScripts.ManageTemplateTests" hash-for-method="uniqueTemplateNameTest">uniqueTemplateNameTest</a> <!-- method navigator-link -->
                      </span>
                      <br/>
                      <span>
                        <img width="3%" src="failed.png"/>
                        <a href="#" class="method navigator-link" panel-name="suite-RIS_Functional_suite" title="risTestScripts.ServiceRoomMappingTests" hash-for-method="updateButtonTest">updateButtonTest</a> <!-- method navigator-link -->
                      </span>
                      <br/>
                      <span>
                        <img width="3%" src="failed.png"/>
                        <a href="#" class="method navigator-link" panel-name="suite-RIS_Functional_suite" title="risTestScripts.ReportUpdateTests" hash-for-method="updateButtonTest">updateButtonTest</a> <!-- method navigator-link -->
                      </span>
                      <br/>
                      <span>
                        <img width="3%" src="failed.png"/>
                        <a href="#" class="method navigator-link" panel-name="suite-RIS_Functional_suite" title="risTestScripts.ServiceRoomMappingTests" hash-for-method="updateMappingTest">updateMappingTest</a> <!-- method navigator-link -->
                      </span>
                      <br/>
                      <span>
                        <img width="3%" src="failed.png"/>
                        <a href="#" class="method navigator-link" panel-name="suite-RIS_Functional_suite" title="risTestScripts.ReportUpdateTests" hash-for-method="updateReportAndUpdatebuttonTest">updateReportAndUpdatebuttonTest</a> <!-- method navigator-link -->
                      </span>
                      <br/>
                      <span>
                        <img width="3%" src="failed.png"/>
                        <a href="#" class="method navigator-link" panel-name="suite-RIS_Functional_suite" title="risTestScripts.ManageTemplateTests" hash-for-method="updateTemplateTest">updateTemplateTest</a> <!-- method navigator-link -->
                      </span>
                      <br/>
                      <span>
                        <img width="3%" src="failed.png"/>
                        <a href="#" class="method navigator-link" panel-name="suite-RIS_Functional_suite" title="risTestScripts.ServiceRoomMappingTests" hash-for-method="validateMappingTableDataTest">validateMappingTableDataTest</a> <!-- method navigator-link -->
                      </span>
                      <br/>
                      <span>
                        <img width="3%" src="failed.png"/>
                        <a href="#" class="method navigator-link" panel-name="suite-RIS_Functional_suite" title="risTestScripts.ImagingMISTests" hash-for-method="validateMisReportDataTest">validateMisReportDataTest</a> <!-- method navigator-link -->
                      </span>
                      <br/>
                      <span>
                        <img width="3%" src="failed.png"/>
                        <a href="#" class="method navigator-link" panel-name="suite-RIS_Functional_suite" title="risTestScripts.ServiceRoomMappingTests" hash-for-method="validateUpdatedMappingTest">validateUpdatedMappingTest</a> <!-- method navigator-link -->
                      </span>
                      <br/>
                    </div> <!-- method-list-content failed suite-RIS_Functional_suite -->
                  </li>
                  <li>
                    <span class="method-list-title passed">Passed methods</span>
                    <span class="show-or-hide-methods passed">
                      <a href="#" panel-name="suite-RIS_Functional_suite" class="hide-methods passed suite-RIS_Functional_suite"> (hide)</a> <!-- hide-methods passed suite-RIS_Functional_suite -->
                      <a href="#" panel-name="suite-RIS_Functional_suite" class="show-methods passed suite-RIS_Functional_suite"> (show)</a> <!-- show-methods passed suite-RIS_Functional_suite -->
                    </span>
                    <div class="method-list-content passed suite-RIS_Functional_suite">
                      <span>
                        <img width="3%" src="passed.png"/>
                        <a href="#" class="method navigator-link" panel-name="suite-RIS_Functional_suite" title="risTestScripts.ConfirmationTests" hash-for-method="SearchOnTableAndConfirmationTableDataTest">SearchOnTableAndConfirmationTableDataTest</a> <!-- method navigator-link -->
                      </span>
                      <br/>
                      <span>
                        <img width="3%" src="passed.png"/>
                        <a href="#" class="method navigator-link" panel-name="suite-RIS_Functional_suite" title="risTestScripts.ReportUpdateTests" hash-for-method="clickUpdateReportButtonTest">clickUpdateReportButtonTest</a> <!-- method navigator-link -->
                      </span>
                      <br/>
                      <span>
                        <img width="3%" src="passed.png"/>
                        <a href="#" class="method navigator-link" panel-name="suite-RIS_Functional_suite" title="risTestScripts.ConfirmationTests" hash-for-method="confirmButtonTest">confirmButtonTest</a> <!-- method navigator-link -->
                      </span>
                      <br/>
                      <span>
                        <img width="3%" src="passed.png"/>
                        <a href="#" class="method navigator-link" panel-name="suite-RIS_Functional_suite" title="risTestScripts.ReportCreationTests" hash-for-method="createButtonTest">createButtonTest</a> <!-- method navigator-link -->
                      </span>
                      <br/>
                      <span>
                        <img width="3%" src="passed.png"/>
                        <a href="#" class="method navigator-link" panel-name="suite-RIS_Functional_suite" title="risTestScripts.ReportPrintTests" hash-for-method="defaultViewDateSearchTest">defaultViewDateSearchTest</a> <!-- method navigator-link -->
                      </span>
                      <br/>
                      <span>
                        <img width="3%" src="passed.png"/>
                        <a href="#" class="method navigator-link" panel-name="suite-RIS_Functional_suite" title="risTestScripts.ReportUpdateTests" hash-for-method="defaultViewTableDataTest">defaultViewTableDataTest</a> <!-- method navigator-link -->
                      </span>
                      <br/>
                      <span>
                        <img width="3%" src="passed.png"/>
                        <a href="#" class="method navigator-link" panel-name="suite-RIS_Functional_suite" title="risTestScripts.ReportVerifyTests" hash-for-method="defaultviewDateSearchTest">defaultviewDateSearchTest</a> <!-- method navigator-link -->
                      </span>
                      <br/>
                      <span>
                        <img width="3%" src="passed.png"/>
                        <a href="#" class="method navigator-link" panel-name="suite-RIS_Functional_suite" title="risTestScripts.ScheduleTests" hash-for-method="inputRoomScheduledateTime">inputRoomScheduledateTime</a> <!-- method navigator-link -->
                      </span>
                      <br/>
                      <span>
                        <img width="3%" src="passed.png"/>
                        <a href="#" class="method navigator-link" panel-name="suite-RIS_Functional_suite" title="risTestScripts.ConfirmationTests" hash-for-method="inputStudyNumberTest">inputStudyNumberTest</a> <!-- method navigator-link -->
                      </span>
                      <br/>
                      <span>
                        <img width="3%" src="passed.png"/>
                        <a href="#" class="method navigator-link" panel-name="suite-RIS_Functional_suite" title="risTestScripts.ReportUpdateTests" hash-for-method="itemsPerPageTest">itemsPerPageTest</a> <!-- method navigator-link -->
                      </span>
                      <br/>
                      <span>
                        <img width="3%" src="passed.png"/>
                        <a href="#" class="method navigator-link" panel-name="suite-RIS_Functional_suite" title="risTestScripts.ConfirmationTests" hash-for-method="itemsPerPageTest">itemsPerPageTest</a> <!-- method navigator-link -->
                      </span>
                      <br/>
                      <span>
                        <img width="3%" src="passed.png"/>
                        <a href="#" class="method navigator-link" panel-name="suite-RIS_Functional_suite" title="risTestScripts.ScheduleTests" hash-for-method="itemsPerPageTest">itemsPerPageTest</a> <!-- method navigator-link -->
                      </span>
                      <br/>
                      <span>
                        <img width="3%" src="passed.png"/>
                        <a href="#" class="method navigator-link" panel-name="suite-RIS_Functional_suite" title="risTestScripts.ConfirmationTests" hash-for-method="openImageCaptureAndConfirmationTest">openImageCaptureAndConfirmationTest</a> <!-- method navigator-link -->
                      </span>
                      <br/>
                      <span>
                        <img width="3%" src="passed.png"/>
                        <a href="#" class="method navigator-link" panel-name="suite-RIS_Functional_suite" title="risTestScripts.ImagingMISTests" hash-for-method="openImagingMISTest">openImagingMISTest</a> <!-- method navigator-link -->
                      </span>
                      <br/>
                      <span>
                        <img width="3%" src="passed.png"/>
                        <a href="#" class="method navigator-link" panel-name="suite-RIS_Functional_suite" title="risTestScripts.ConfirmationTests" hash-for-method="openMainMenuTest">openMainMenuTest</a> <!-- method navigator-link -->
                      </span>
                      <br/>
                      <span>
                        <img width="3%" src="passed.png"/>
                        <a href="#" class="method navigator-link" panel-name="suite-RIS_Functional_suite" title="risTestScripts.ReportCreationTests" hash-for-method="openReportCreationTest">openReportCreationTest</a> <!-- method navigator-link -->
                      </span>
                      <br/>
                      <span>
                        <img width="3%" src="passed.png"/>
                        <a href="#" class="method navigator-link" panel-name="suite-RIS_Functional_suite" title="risTestScripts.ReportPrintTests" hash-for-method="openReportPrintTest">openReportPrintTest</a> <!-- method navigator-link -->
                      </span>
                      <br/>
                      <span>
                        <img width="3%" src="passed.png"/>
                        <a href="#" class="method navigator-link" panel-name="suite-RIS_Functional_suite" title="risTestScripts.ReportVerifyTests" hash-for-method="openReportVerificationFromMenuTest">openReportVerificationFromMenuTest</a> <!-- method navigator-link -->
                      </span>
                      <br/>
                      <span>
                        <img width="3%" src="passed.png"/>
                        <a href="#" class="method navigator-link" panel-name="suite-RIS_Functional_suite" title="risTestScripts.ReportPrintTests" hash-for-method="openRis">openRis</a> <!-- method navigator-link -->
                      </span>
                      <br/>
                      <span>
                        <img width="3%" src="passed.png"/>
                        <a href="#" class="method navigator-link" panel-name="suite-RIS_Functional_suite" title="risTestScripts.ScheduleTests" hash-for-method="openRis">openRis</a> <!-- method navigator-link -->
                      </span>
                      <br/>
                      <span>
                        <img width="3%" src="passed.png"/>
                        <a href="#" class="method navigator-link" panel-name="suite-RIS_Functional_suite" title="risTestScripts.ReportPrintTests" hash-for-method="printButtonTest">printButtonTest</a> <!-- method navigator-link -->
                      </span>
                      <br/>
                      <span>
                        <img width="3%" src="passed.png"/>
                        <a href="#" class="method navigator-link" panel-name="suite-RIS_Functional_suite" title="risTestScripts.ReportPrintTests" hash-for-method="printReportPageDataValidationTest">printReportPageDataValidationTest</a> <!-- method navigator-link -->
                      </span>
                      <br/>
                      <span>
                        <img width="3%" src="passed.png"/>
                        <a href="#" class="method navigator-link" panel-name="suite-RIS_Functional_suite" title="risTestScripts.ReportCreationTests" hash-for-method="reportCreationPageCreatedByTest">reportCreationPageCreatedByTest</a> <!-- method navigator-link -->
                      </span>
                      <br/>
                      <span>
                        <img width="3%" src="passed.png"/>
                        <a href="#" class="method navigator-link" panel-name="suite-RIS_Functional_suite" title="risTestScripts.ReportCreationTests" hash-for-method="reportCreationPageDataTest">reportCreationPageDataTest</a> <!-- method navigator-link -->
                      </span>
                      <br/>
                      <span>
                        <img width="3%" src="passed.png"/>
                        <a href="#" class="method navigator-link" panel-name="suite-RIS_Functional_suite" title="risTestScripts.ReportCreationTests" hash-for-method="reportCreationPageNegativeTest">reportCreationPageNegativeTest</a> <!-- method navigator-link -->
                      </span>
                      <br/>
                      <span>
                        <img width="3%" src="passed.png"/>
                        <a href="#" class="method navigator-link" panel-name="suite-RIS_Functional_suite" title="risTestScripts.ReportCreationTests" hash-for-method="reportCreationPageSaveButtonTest">reportCreationPageSaveButtonTest</a> <!-- method navigator-link -->
                      </span>
                      <br/>
                      <span>
                        <img width="3%" src="passed.png"/>
                        <a href="#" class="method navigator-link" panel-name="suite-RIS_Functional_suite" title="risTestScripts.ReportCreationTests" hash-for-method="reportCreationPageSelectTemplateTest">reportCreationPageSelectTemplateTest</a> <!-- method navigator-link -->
                      </span>
                      <br/>
                      <span>
                        <img width="3%" src="passed.png"/>
                        <a href="#" class="method navigator-link" panel-name="suite-RIS_Functional_suite" title="risTestScripts.ReportVerifyTests" hash-for-method="reportVerificationPageDataTest">reportVerificationPageDataTest</a> <!-- method navigator-link -->
                      </span>
                      <br/>
                      <span>
                        <img width="3%" src="passed.png"/>
                        <a href="#" class="method navigator-link" panel-name="suite-RIS_Functional_suite" title="risTestScripts.ScheduleTests" hash-for-method="scheduleButtonTest">scheduleButtonTest</a> <!-- method navigator-link -->
                      </span>
                      <br/>
                      <span>
                        <img width="3%" src="passed.png"/>
                        <a href="#" class="method navigator-link" panel-name="suite-RIS_Functional_suite" title="risTestScripts.ReportCreationTests" hash-for-method="searchOnCreateReportTableAndDataTest">searchOnCreateReportTableAndDataTest</a> <!-- method navigator-link -->
                      </span>
                      <br/>
                      <span>
                        <img width="3%" src="passed.png"/>
                        <a href="#" class="method navigator-link" panel-name="suite-RIS_Functional_suite" title="risTestScripts.ReportPrintTests" hash-for-method="searchOnPrintReportTableTest">searchOnPrintReportTableTest</a> <!-- method navigator-link -->
                      </span>
                      <br/>
                      <span>
                        <img width="3%" src="passed.png"/>
                        <a href="#" class="method navigator-link" panel-name="suite-RIS_Functional_suite" title="risTestScripts.ScheduleTests" hash-for-method="searchOnTableTest">searchOnTableTest</a> <!-- method navigator-link -->
                      </span>
                      <br/>
                      <span>
                        <img width="3%" src="passed.png"/>
                        <a href="#" class="method navigator-link" panel-name="suite-RIS_Functional_suite" title="risTestScripts.ReportVerifyTests" hash-for-method="searchOnVerifyReportTableTest">searchOnVerifyReportTableTest</a> <!-- method navigator-link -->
                      </span>
                      <br/>
                      <span>
                        <img width="3%" src="passed.png"/>
                        <a href="#" class="method navigator-link" panel-name="suite-RIS_Functional_suite" title="risTestScripts.ScheduleTests" hash-for-method="searchResultsTest">searchResultsTest</a> <!-- method navigator-link -->
                      </span>
                      <br/>
                      <span>
                        <img width="3%" src="passed.png"/>
                        <a href="#" class="method navigator-link" panel-name="suite-RIS_Functional_suite" title="risTestScripts.ScheduleTests" hash-for-method="searchWithDateNegativeTest">searchWithDateNegativeTest</a> <!-- method navigator-link -->
                      </span>
                      <br/>
                      <span>
                        <img width="3%" src="passed.png"/>
                        <a href="#" class="method navigator-link" panel-name="suite-RIS_Functional_suite" title="risTestScripts.ConfirmationTests" hash-for-method="searchWithDateTest">searchWithDateTest</a> <!-- method navigator-link -->
                      </span>
                      <br/>
                      <span>
                        <img width="3%" src="passed.png"/>
                        <a href="#" class="method navigator-link" panel-name="suite-RIS_Functional_suite" title="risTestScripts.ScheduleTests" hash-for-method="searchWithServiceCategoryServiceDateTest">searchWithServiceCategoryServiceDateTest</a> <!-- method navigator-link -->
                      </span>
                      <br/>
                      <span>
                        <img width="3%" src="passed.png"/>
                        <a href="#" class="method navigator-link" panel-name="suite-RIS_Functional_suite" title="risTestScripts.ImagingMISTests" hash-for-method="searchWithServiceCategoryServiceServiceStatusRoomDateTest">searchWithServiceCategoryServiceServiceStatusRoomDateTest</a> <!-- method navigator-link -->
                      </span>
                      <br/>
                      <span>
                        <img width="3%" src="passed.png"/>
                        <a href="#" class="method navigator-link" panel-name="suite-RIS_Functional_suite" title="risTestScripts.ReportCreationTests" hash-for-method="searchWithServiceCategoryServiceStudyNumberRegIdDateTest">searchWithServiceCategoryServiceStudyNumberRegIdDateTest</a> <!-- method navigator-link -->
                      </span>
                      <br/>
                      <span>
                        <img width="3%" src="passed.png"/>
                        <a href="#" class="method navigator-link" panel-name="suite-RIS_Functional_suite" title="risTestScripts.ReportVerifyTests" hash-for-method="searchWithServiceCategoryServiceStudyNumberRegIdTest">searchWithServiceCategoryServiceStudyNumberRegIdTest</a> <!-- method navigator-link -->
                      </span>
                      <br/>
                      <span>
                        <img width="3%" src="passed.png"/>
                        <a href="#" class="method navigator-link" panel-name="suite-RIS_Functional_suite" title="risTestScripts.ReportPrintTests" hash-for-method="searchWithServiceCategoryServiceStudyNumberRegIdTest">searchWithServiceCategoryServiceStudyNumberRegIdTest</a> <!-- method navigator-link -->
                      </span>
                      <br/>
                      <span>
                        <img width="3%" src="passed.png"/>
                        <a href="#" class="method navigator-link" panel-name="suite-RIS_Functional_suite" title="risTestScripts.ReportCreationTests" hash-for-method="showLastThreeDaysDataDefaultDateSearchTest">showLastThreeDaysDataDefaultDateSearchTest</a> <!-- method navigator-link -->
                      </span>
                      <br/>
                      <span>
                        <img width="3%" src="passed.png"/>
                        <a href="#" class="method navigator-link" panel-name="suite-RIS_Functional_suite" title="risTestScripts.ReportVerifyTests" hash-for-method="verifiedByTest">verifiedByTest</a> <!-- method navigator-link -->
                      </span>
                      <br/>
                      <span>
                        <img width="3%" src="passed.png"/>
                        <a href="#" class="method navigator-link" panel-name="suite-RIS_Functional_suite" title="risTestScripts.ReportVerifyTests" hash-for-method="verifyButtonTest">verifyButtonTest</a> <!-- method navigator-link -->
                      </span>
                      <br/>
                      <span>
                        <img width="3%" src="passed.png"/>
                        <a href="#" class="method navigator-link" panel-name="suite-RIS_Functional_suite" title="risTestScripts.ReportVerifyTests" hash-for-method="verifyReportButtonTest">verifyReportButtonTest</a> <!-- method navigator-link -->
                      </span>
                      <br/>
                      <span>
                        <img width="3%" src="passed.png"/>
                        <a href="#" class="method navigator-link" panel-name="suite-RIS_Functional_suite" title="risTestScripts.ReportPrintTests" hash-for-method="viewReportButtonTest">viewReportButtonTest</a> <!-- method navigator-link -->
                      </span>
                      <br/>
                    </div> <!-- method-list-content passed suite-RIS_Functional_suite -->
                  </li>
                </ul>
              </div> <!-- suite-section-content -->
            </div> <!-- result-section -->
          </div> <!-- navigator-suite-content -->
        </div> <!-- rounded-window -->
      </div> <!-- suite -->
    </div> <!-- navigator-root -->
    <div class="wrapper">
      <div class="main-panel-root">
        <div panel-name="suite-RIS_Functional_suite" class="panel RIS_Functional_suite">
          <div class="suite-RIS_Functional_suite-class-failed">
            <div class="main-panel-header rounded-window-top">
              <img src="failed.png"/>
              <span class="class-name">risTestScripts.ServiceRoomMappingTests</span>
            </div> <!-- main-panel-header rounded-window-top -->
            <div class="main-panel-content rounded-window-bottom">
              <div class="method">
                <div class="method-content">
                  <a name="addNewRoomButtonTest">
                  </a> <!-- addNewRoomButtonTest -->
                  <span class="method-name">addNewRoomButtonTest</span>
                  <div class="stack-trace">org.openqa.selenium.NoSuchSessionException: Session ID is null. Using WebDriver after calling quit()?
Build info: version: &apos;3.141.59&apos;, revision: &apos;e82be7d358&apos;, time: &apos;2018-11-14T08:17:03&apos;
System info: host: &apos;DESKTOP-MM5QJ97&apos;, ip: &apos;10.23.252.35&apos;, os.name: &apos;Windows 10&apos;, os.arch: &apos;amd64&apos;, os.version: &apos;10.0&apos;, java.version: &apos;1.8.0_311&apos;
Driver info: driver.version: RemoteWebDriver
	at org.openqa.selenium.remote.HttpCommandExecutor.execute(HttpCommandExecutor.java:125)
	at org.openqa.selenium.remote.service.DriverCommandExecutor.execute(DriverCommandExecutor.java:83)
	at org.openqa.selenium.remote.RemoteWebDriver.execute(RemoteWebDriver.java:552)
	at org.openqa.selenium.remote.RemoteWebDriver.findElement(RemoteWebDriver.java:323)
	at org.openqa.selenium.remote.RemoteWebDriver.findElementByXPath(RemoteWebDriver.java:428)
	at org.openqa.selenium.By$ByXPath.findElement(By.java:353)
	at org.openqa.selenium.remote.RemoteWebDriver.findElement(RemoteWebDriver.java:315)
	at risTestScripts.ServiceRoomMappingTests.addNewRoomButtonTest(ServiceRoomMappingTests.java:62)
... Removed 25 stack frames
</div> <!-- stack-trace -->
                </div> <!-- method-content -->
              </div> <!-- method -->
              <div class="method">
                <div class="method-content">
                  <a name="addNewRoomTest">
                  </a> <!-- addNewRoomTest -->
                  <span class="method-name">addNewRoomTest</span>
                  <div class="stack-trace">org.openqa.selenium.NoSuchSessionException: Session ID is null. Using WebDriver after calling quit()?
Build info: version: &apos;3.141.59&apos;, revision: &apos;e82be7d358&apos;, time: &apos;2018-11-14T08:17:03&apos;
System info: host: &apos;DESKTOP-MM5QJ97&apos;, ip: &apos;10.23.252.35&apos;, os.name: &apos;Windows 10&apos;, os.arch: &apos;amd64&apos;, os.version: &apos;10.0&apos;, java.version: &apos;1.8.0_311&apos;
Driver info: driver.version: RemoteWebDriver
	at org.openqa.selenium.remote.HttpCommandExecutor.execute(HttpCommandExecutor.java:125)
	at org.openqa.selenium.remote.service.DriverCommandExecutor.execute(DriverCommandExecutor.java:83)
	at org.openqa.selenium.remote.RemoteWebDriver.execute(RemoteWebDriver.java:552)
	at org.openqa.selenium.remote.RemoteWebDriver.findElement(RemoteWebDriver.java:323)
	at org.openqa.selenium.remote.RemoteWebDriver.findElementByName(RemoteWebDriver.java:404)
	at org.openqa.selenium.By$ByName.findElement(By.java:284)
	at org.openqa.selenium.remote.RemoteWebDriver.findElement(RemoteWebDriver.java:315)
	at risTestScripts.ServiceRoomMappingTests.addNewRoomTest(ServiceRoomMappingTests.java:80)
... Removed 25 stack frames
</div> <!-- stack-trace -->
                </div> <!-- method-content -->
              </div> <!-- method -->
              <div class="method">
                <div class="method-content">
                  <a name="defaultViewTest">
                  </a> <!-- defaultViewTest -->
                  <span class="method-name">defaultViewTest</span>
                  <div class="stack-trace">org.openqa.selenium.NoSuchSessionException: Session ID is null. Using WebDriver after calling quit()?
Build info: version: &apos;3.141.59&apos;, revision: &apos;e82be7d358&apos;, time: &apos;2018-11-14T08:17:03&apos;
System info: host: &apos;DESKTOP-MM5QJ97&apos;, ip: &apos;10.23.252.35&apos;, os.name: &apos;Windows 10&apos;, os.arch: &apos;amd64&apos;, os.version: &apos;10.0&apos;, java.version: &apos;1.8.0_311&apos;
Driver info: driver.version: RemoteWebDriver
	at org.openqa.selenium.remote.HttpCommandExecutor.execute(HttpCommandExecutor.java:125)
	at org.openqa.selenium.remote.service.DriverCommandExecutor.execute(DriverCommandExecutor.java:83)
	at org.openqa.selenium.remote.RemoteWebDriver.execute(RemoteWebDriver.java:552)
	at org.openqa.selenium.remote.RemoteWebDriver.findElement(RemoteWebDriver.java:323)
	at org.openqa.selenium.remote.RemoteWebDriver.findElementByClassName(RemoteWebDriver.java:412)
	at org.openqa.selenium.By$ByClassName.findElement(By.java:389)
	at org.openqa.selenium.remote.RemoteWebDriver.findElement(RemoteWebDriver.java:315)
	at risTestScripts.ServiceRoomMappingTests.defaultViewTest(ServiceRoomMappingTests.java:48)
... Removed 25 stack frames
</div> <!-- stack-trace -->
                </div> <!-- method-content -->
              </div> <!-- method -->
              <div class="method">
                <div class="method-content">
                  <a name="openServiceRoomMappingTest">
                  </a> <!-- openServiceRoomMappingTest -->
                  <span class="method-name">openServiceRoomMappingTest</span>
                  <div class="stack-trace">org.openqa.selenium.NoSuchSessionException: Session ID is null. Using WebDriver after calling quit()?
Build info: version: &apos;3.141.59&apos;, revision: &apos;e82be7d358&apos;, time: &apos;2018-11-14T08:17:03&apos;
System info: host: &apos;DESKTOP-MM5QJ97&apos;, ip: &apos;10.23.252.35&apos;, os.name: &apos;Windows 10&apos;, os.arch: &apos;amd64&apos;, os.version: &apos;10.0&apos;, java.version: &apos;1.8.0_311&apos;
Driver info: driver.version: RemoteWebDriver
	at org.openqa.selenium.remote.HttpCommandExecutor.execute(HttpCommandExecutor.java:125)
	at org.openqa.selenium.remote.service.DriverCommandExecutor.execute(DriverCommandExecutor.java:83)
	at org.openqa.selenium.remote.RemoteWebDriver.execute(RemoteWebDriver.java:552)
	at org.openqa.selenium.remote.RemoteWebDriver.findElement(RemoteWebDriver.java:323)
	at org.openqa.selenium.remote.RemoteWebDriver.findElementByLinkText(RemoteWebDriver.java:380)
	at org.openqa.selenium.By$ByLinkText.findElement(By.java:220)
	at org.openqa.selenium.remote.RemoteWebDriver.findElement(RemoteWebDriver.java:315)
	at risTestScripts.ServiceRoomMappingTests.openServiceRoomMappingTest(ServiceRoomMappingTests.java:37)
... Removed 25 stack frames
</div> <!-- stack-trace -->
                </div> <!-- method-content -->
              </div> <!-- method -->
              <div class="method">
                <div class="method-content">
                  <a name="searchOnServiceRoomMappingTableTest">
                  </a> <!-- searchOnServiceRoomMappingTableTest -->
                  <span class="method-name">searchOnServiceRoomMappingTableTest</span>
                  <div class="stack-trace">org.openqa.selenium.NoSuchSessionException: Session ID is null. Using WebDriver after calling quit()?
Build info: version: &apos;3.141.59&apos;, revision: &apos;e82be7d358&apos;, time: &apos;2018-11-14T08:17:03&apos;
System info: host: &apos;DESKTOP-MM5QJ97&apos;, ip: &apos;10.23.252.35&apos;, os.name: &apos;Windows 10&apos;, os.arch: &apos;amd64&apos;, os.version: &apos;10.0&apos;, java.version: &apos;1.8.0_311&apos;
Driver info: driver.version: RemoteWebDriver
	at org.openqa.selenium.remote.HttpCommandExecutor.execute(HttpCommandExecutor.java:125)
	at org.openqa.selenium.remote.service.DriverCommandExecutor.execute(DriverCommandExecutor.java:83)
	at org.openqa.selenium.remote.RemoteWebDriver.execute(RemoteWebDriver.java:552)
	at org.openqa.selenium.remote.RemoteWebDriver.findElement(RemoteWebDriver.java:323)
	at org.openqa.selenium.remote.RemoteWebDriver.findElementByClassName(RemoteWebDriver.java:412)
	at org.openqa.selenium.By$ByClassName.findElement(By.java:389)
	at org.openqa.selenium.remote.RemoteWebDriver.findElement(RemoteWebDriver.java:315)
	at risTestScripts.ServiceRoomMappingTests.searchOnServiceRoomMappingTableTest(ServiceRoomMappingTests.java:126)
... Removed 25 stack frames
</div> <!-- stack-trace -->
                </div> <!-- method-content -->
              </div> <!-- method -->
              <div class="method">
                <div class="method-content">
                  <a name="searchRoomMappingTest">
                  </a> <!-- searchRoomMappingTest -->
                  <span class="method-name">searchRoomMappingTest</span>
                  <div class="stack-trace">org.openqa.selenium.NoSuchSessionException: Session ID is null. Using WebDriver after calling quit()?
Build info: version: &apos;3.141.59&apos;, revision: &apos;e82be7d358&apos;, time: &apos;2018-11-14T08:17:03&apos;
System info: host: &apos;DESKTOP-MM5QJ97&apos;, ip: &apos;10.23.252.35&apos;, os.name: &apos;Windows 10&apos;, os.arch: &apos;amd64&apos;, os.version: &apos;10.0&apos;, java.version: &apos;1.8.0_311&apos;
Driver info: driver.version: RemoteWebDriver
	at org.openqa.selenium.remote.HttpCommandExecutor.execute(HttpCommandExecutor.java:125)
	at org.openqa.selenium.remote.service.DriverCommandExecutor.execute(DriverCommandExecutor.java:83)
	at org.openqa.selenium.remote.RemoteWebDriver.execute(RemoteWebDriver.java:552)
	at org.openqa.selenium.remote.RemoteWebDriver.findElement(RemoteWebDriver.java:323)
	at org.openqa.selenium.remote.RemoteWebDriver.findElementByName(RemoteWebDriver.java:404)
	at org.openqa.selenium.By$ByName.findElement(By.java:284)
	at org.openqa.selenium.remote.RemoteWebDriver.findElement(RemoteWebDriver.java:315)
	at risTestScripts.ServiceRoomMappingTests.searchRoomMappingTest(ServiceRoomMappingTests.java:101)
... Removed 25 stack frames
</div> <!-- stack-trace -->
                </div> <!-- method-content -->
              </div> <!-- method -->
              <div class="method">
                <div class="method-content">
                  <a name="updateButtonTest">
                  </a> <!-- updateButtonTest -->
                  <span class="method-name">updateButtonTest</span>
                  <div class="stack-trace">org.openqa.selenium.NoSuchSessionException: Session ID is null. Using WebDriver after calling quit()?
Build info: version: &apos;3.141.59&apos;, revision: &apos;e82be7d358&apos;, time: &apos;2018-11-14T08:17:03&apos;
System info: host: &apos;DESKTOP-MM5QJ97&apos;, ip: &apos;10.23.252.35&apos;, os.name: &apos;Windows 10&apos;, os.arch: &apos;amd64&apos;, os.version: &apos;10.0&apos;, java.version: &apos;1.8.0_311&apos;
Driver info: driver.version: RemoteWebDriver
	at org.openqa.selenium.remote.HttpCommandExecutor.execute(HttpCommandExecutor.java:125)
	at org.openqa.selenium.remote.service.DriverCommandExecutor.execute(DriverCommandExecutor.java:83)
	at org.openqa.selenium.remote.RemoteWebDriver.execute(RemoteWebDriver.java:552)
	at org.openqa.selenium.remote.RemoteWebDriver.findElement(RemoteWebDriver.java:323)
	at org.openqa.selenium.remote.RemoteWebDriver.findElementByXPath(RemoteWebDriver.java:428)
	at org.openqa.selenium.By$ByXPath.findElement(By.java:353)
	at org.openqa.selenium.remote.RemoteWebDriver.findElement(RemoteWebDriver.java:315)
	at risTestScripts.ServiceRoomMappingTests.updateButtonTest(ServiceRoomMappingTests.java:186)
... Removed 25 stack frames
</div> <!-- stack-trace -->
                </div> <!-- method-content -->
              </div> <!-- method -->
              <div class="method">
                <div class="method-content">
                  <a name="updateMappingTest">
                  </a> <!-- updateMappingTest -->
                  <span class="method-name">updateMappingTest</span>
                  <div class="stack-trace">org.openqa.selenium.NoSuchSessionException: Session ID is null. Using WebDriver after calling quit()?
Build info: version: &apos;3.141.59&apos;, revision: &apos;e82be7d358&apos;, time: &apos;2018-11-14T08:17:03&apos;
System info: host: &apos;DESKTOP-MM5QJ97&apos;, ip: &apos;10.23.252.35&apos;, os.name: &apos;Windows 10&apos;, os.arch: &apos;amd64&apos;, os.version: &apos;10.0&apos;, java.version: &apos;1.8.0_311&apos;
Driver info: driver.version: RemoteWebDriver
	at org.openqa.selenium.remote.HttpCommandExecutor.execute(HttpCommandExecutor.java:125)
	at org.openqa.selenium.remote.service.DriverCommandExecutor.execute(DriverCommandExecutor.java:83)
	at org.openqa.selenium.remote.RemoteWebDriver.execute(RemoteWebDriver.java:552)
	at org.openqa.selenium.remote.RemoteWebDriver.findElement(RemoteWebDriver.java:323)
	at org.openqa.selenium.remote.RemoteWebDriver.findElementByXPath(RemoteWebDriver.java:428)
	at org.openqa.selenium.By$ByXPath.findElement(By.java:353)
	at org.openqa.selenium.remote.RemoteWebDriver.findElement(RemoteWebDriver.java:315)
	at risTestScripts.ServiceRoomMappingTests.updateMappingTest(ServiceRoomMappingTests.java:204)
... Removed 25 stack frames
</div> <!-- stack-trace -->
                </div> <!-- method-content -->
              </div> <!-- method -->
              <div class="method">
                <div class="method-content">
                  <a name="validateMappingTableDataTest">
                  </a> <!-- validateMappingTableDataTest -->
                  <span class="method-name">validateMappingTableDataTest</span>
                  <div class="stack-trace">org.openqa.selenium.NoSuchSessionException: Session ID is null. Using WebDriver after calling quit()?
Build info: version: &apos;3.141.59&apos;, revision: &apos;e82be7d358&apos;, time: &apos;2018-11-14T08:17:03&apos;
System info: host: &apos;DESKTOP-MM5QJ97&apos;, ip: &apos;10.23.252.35&apos;, os.name: &apos;Windows 10&apos;, os.arch: &apos;amd64&apos;, os.version: &apos;10.0&apos;, java.version: &apos;1.8.0_311&apos;
Driver info: driver.version: RemoteWebDriver
	at org.openqa.selenium.remote.HttpCommandExecutor.execute(HttpCommandExecutor.java:125)
	at org.openqa.selenium.remote.service.DriverCommandExecutor.execute(DriverCommandExecutor.java:83)
	at org.openqa.selenium.remote.RemoteWebDriver.execute(RemoteWebDriver.java:552)
	at org.openqa.selenium.remote.RemoteWebDriver.findElement(RemoteWebDriver.java:323)
	at org.openqa.selenium.remote.RemoteWebDriver.findElementByXPath(RemoteWebDriver.java:428)
	at org.openqa.selenium.By$ByXPath.findElement(By.java:353)
	at org.openqa.selenium.remote.RemoteWebDriver.findElement(RemoteWebDriver.java:315)
	at risTestScripts.ServiceRoomMappingTests.validateMappingTableDataTest(ServiceRoomMappingTests.java:146)
... Removed 25 stack frames
</div> <!-- stack-trace -->
                </div> <!-- method-content -->
              </div> <!-- method -->
              <div class="method">
                <div class="method-content">
                  <a name="validateUpdatedMappingTest">
                  </a> <!-- validateUpdatedMappingTest -->
                  <span class="method-name">validateUpdatedMappingTest</span>
                  <div class="stack-trace">org.openqa.selenium.NoSuchSessionException: Session ID is null. Using WebDriver after calling quit()?
Build info: version: &apos;3.141.59&apos;, revision: &apos;e82be7d358&apos;, time: &apos;2018-11-14T08:17:03&apos;
System info: host: &apos;DESKTOP-MM5QJ97&apos;, ip: &apos;10.23.252.35&apos;, os.name: &apos;Windows 10&apos;, os.arch: &apos;amd64&apos;, os.version: &apos;10.0&apos;, java.version: &apos;1.8.0_311&apos;
Driver info: driver.version: RemoteWebDriver
	at org.openqa.selenium.remote.HttpCommandExecutor.execute(HttpCommandExecutor.java:125)
	at org.openqa.selenium.remote.service.DriverCommandExecutor.execute(DriverCommandExecutor.java:83)
	at org.openqa.selenium.remote.RemoteWebDriver.execute(RemoteWebDriver.java:552)
	at org.openqa.selenium.remote.RemoteWebDriver.findElement(RemoteWebDriver.java:323)
	at org.openqa.selenium.remote.RemoteWebDriver.findElementByXPath(RemoteWebDriver.java:428)
	at org.openqa.selenium.By$ByXPath.findElement(By.java:353)
	at org.openqa.selenium.remote.RemoteWebDriver.findElement(RemoteWebDriver.java:315)
	at risTestScripts.ServiceRoomMappingTests.validateUpdatedMappingTest(ServiceRoomMappingTests.java:221)
... Removed 25 stack frames
</div> <!-- stack-trace -->
                </div> <!-- method-content -->
              </div> <!-- method -->
            </div> <!-- main-panel-content rounded-window-bottom -->
          </div> <!-- suite-RIS_Functional_suite-class-failed -->
          <div class="suite-RIS_Functional_suite-class-failed">
            <div class="main-panel-header rounded-window-top">
              <img src="failed.png"/>
              <span class="class-name">risTestScripts.ManageTemplateTests</span>
            </div> <!-- main-panel-header rounded-window-top -->
            <div class="main-panel-content rounded-window-bottom">
              <div class="method">
                <div class="method-content">
                  <a name="AddReportTemplateButtonTest">
                  </a> <!-- AddReportTemplateButtonTest -->
                  <span class="method-name">AddReportTemplateButtonTest</span>
                  <div class="stack-trace">org.openqa.selenium.NoSuchSessionException: Session ID is null. Using WebDriver after calling quit()?
Build info: version: &apos;3.141.59&apos;, revision: &apos;e82be7d358&apos;, time: &apos;2018-11-14T08:17:03&apos;
System info: host: &apos;DESKTOP-MM5QJ97&apos;, ip: &apos;10.23.252.35&apos;, os.name: &apos;Windows 10&apos;, os.arch: &apos;amd64&apos;, os.version: &apos;10.0&apos;, java.version: &apos;1.8.0_311&apos;
Driver info: driver.version: RemoteWebDriver
	at org.openqa.selenium.remote.HttpCommandExecutor.execute(HttpCommandExecutor.java:125)
	at org.openqa.selenium.remote.service.DriverCommandExecutor.execute(DriverCommandExecutor.java:83)
	at org.openqa.selenium.remote.RemoteWebDriver.execute(RemoteWebDriver.java:552)
	at org.openqa.selenium.remote.RemoteWebDriver.findElement(RemoteWebDriver.java:323)
	at org.openqa.selenium.remote.RemoteWebDriver.findElementByXPath(RemoteWebDriver.java:428)
	at org.openqa.selenium.By$ByXPath.findElement(By.java:353)
	at org.openqa.selenium.remote.RemoteWebDriver.findElement(RemoteWebDriver.java:315)
	at risTestScripts.ManageTemplateTests.AddReportTemplateButtonTest(ManageTemplateTests.java:47)
... Removed 25 stack frames
</div> <!-- stack-trace -->
                </div> <!-- method-content -->
              </div> <!-- method -->
              <div class="method">
                <div class="method-content">
                  <a name="AddReportTemplateTest">
                  </a> <!-- AddReportTemplateTest -->
                  <span class="method-name">AddReportTemplateTest</span>
                  <div class="stack-trace">org.openqa.selenium.NoSuchSessionException: Session ID is null. Using WebDriver after calling quit()?
Build info: version: &apos;3.141.59&apos;, revision: &apos;e82be7d358&apos;, time: &apos;2018-11-14T08:17:03&apos;
System info: host: &apos;DESKTOP-MM5QJ97&apos;, ip: &apos;10.23.252.35&apos;, os.name: &apos;Windows 10&apos;, os.arch: &apos;amd64&apos;, os.version: &apos;10.0&apos;, java.version: &apos;1.8.0_311&apos;
Driver info: driver.version: RemoteWebDriver
	at org.openqa.selenium.remote.HttpCommandExecutor.execute(HttpCommandExecutor.java:125)
	at org.openqa.selenium.remote.service.DriverCommandExecutor.execute(DriverCommandExecutor.java:83)
	at org.openqa.selenium.remote.RemoteWebDriver.execute(RemoteWebDriver.java:552)
	at org.openqa.selenium.remote.RemoteWebDriver.findElement(RemoteWebDriver.java:323)
	at org.openqa.selenium.remote.RemoteWebDriver.findElementByName(RemoteWebDriver.java:404)
	at org.openqa.selenium.By$ByName.findElement(By.java:284)
	at org.openqa.selenium.remote.RemoteWebDriver.findElement(RemoteWebDriver.java:315)
	at risTestScripts.ManageTemplateTests.AddReportTemplateTest(ManageTemplateTests.java:66)
... Removed 25 stack frames
</div> <!-- stack-trace -->
                </div> <!-- method-content -->
              </div> <!-- method -->
              <div class="method">
                <div class="method-content">
                  <a name="defaultViewDataTest">
                  </a> <!-- defaultViewDataTest -->
                  <span class="method-name">defaultViewDataTest</span>
                  <div class="stack-trace">org.openqa.selenium.NoSuchSessionException: Session ID is null. Using WebDriver after calling quit()?
Build info: version: &apos;3.141.59&apos;, revision: &apos;e82be7d358&apos;, time: &apos;2018-11-14T08:17:03&apos;
System info: host: &apos;DESKTOP-MM5QJ97&apos;, ip: &apos;10.23.252.35&apos;, os.name: &apos;Windows 10&apos;, os.arch: &apos;amd64&apos;, os.version: &apos;10.0&apos;, java.version: &apos;1.8.0_311&apos;
Driver info: driver.version: RemoteWebDriver
	at org.openqa.selenium.remote.HttpCommandExecutor.execute(HttpCommandExecutor.java:125)
	at org.openqa.selenium.remote.service.DriverCommandExecutor.execute(DriverCommandExecutor.java:83)
	at org.openqa.selenium.remote.RemoteWebDriver.execute(RemoteWebDriver.java:552)
	at org.openqa.selenium.remote.RemoteWebDriver.findElement(RemoteWebDriver.java:323)
	at org.openqa.selenium.remote.RemoteWebDriver.findElementByClassName(RemoteWebDriver.java:412)
	at org.openqa.selenium.By$ByClassName.findElement(By.java:389)
	at org.openqa.selenium.remote.RemoteWebDriver.findElement(RemoteWebDriver.java:315)
	at risTestScripts.ManageTemplateTests.defaultViewDataTest(ManageTemplateTests.java:34)
... Removed 25 stack frames
</div> <!-- stack-trace -->
                </div> <!-- method-content -->
              </div> <!-- method -->
              <div class="method">
                <div class="method-content">
                  <a name="openManageTemplateTest">
                  </a> <!-- openManageTemplateTest -->
                  <span class="method-name">openManageTemplateTest</span>
                  <div class="stack-trace">org.openqa.selenium.NoSuchSessionException: Session ID is null. Using WebDriver after calling quit()?
Build info: version: &apos;3.141.59&apos;, revision: &apos;e82be7d358&apos;, time: &apos;2018-11-14T08:17:03&apos;
System info: host: &apos;DESKTOP-MM5QJ97&apos;, ip: &apos;10.23.252.35&apos;, os.name: &apos;Windows 10&apos;, os.arch: &apos;amd64&apos;, os.version: &apos;10.0&apos;, java.version: &apos;1.8.0_311&apos;
Driver info: driver.version: RemoteWebDriver
	at org.openqa.selenium.remote.HttpCommandExecutor.execute(HttpCommandExecutor.java:125)
	at org.openqa.selenium.remote.service.DriverCommandExecutor.execute(DriverCommandExecutor.java:83)
	at org.openqa.selenium.remote.RemoteWebDriver.execute(RemoteWebDriver.java:552)
	at org.openqa.selenium.remote.RemoteWebDriver.findElement(RemoteWebDriver.java:323)
	at org.openqa.selenium.remote.RemoteWebDriver.findElementByLinkText(RemoteWebDriver.java:380)
	at org.openqa.selenium.By$ByLinkText.findElement(By.java:220)
	at org.openqa.selenium.remote.RemoteWebDriver.findElement(RemoteWebDriver.java:315)
	at risTestScripts.ManageTemplateTests.openManageTemplateTest(ManageTemplateTests.java:22)
... Removed 25 stack frames
</div> <!-- stack-trace -->
                </div> <!-- method-content -->
              </div> <!-- method -->
              <div class="method">
                <div class="method-content">
                  <a name="searchOnAvailableTemplateTableTest">
                  </a> <!-- searchOnAvailableTemplateTableTest -->
                  <span class="method-name">searchOnAvailableTemplateTableTest</span>
                  <div class="stack-trace">org.openqa.selenium.NoSuchSessionException: Session ID is null. Using WebDriver after calling quit()?
Build info: version: &apos;3.141.59&apos;, revision: &apos;e82be7d358&apos;, time: &apos;2018-11-14T08:17:03&apos;
System info: host: &apos;DESKTOP-MM5QJ97&apos;, ip: &apos;10.23.252.35&apos;, os.name: &apos;Windows 10&apos;, os.arch: &apos;amd64&apos;, os.version: &apos;10.0&apos;, java.version: &apos;1.8.0_311&apos;
Driver info: driver.version: RemoteWebDriver
	at org.openqa.selenium.remote.HttpCommandExecutor.execute(HttpCommandExecutor.java:125)
	at org.openqa.selenium.remote.service.DriverCommandExecutor.execute(DriverCommandExecutor.java:83)
	at org.openqa.selenium.remote.RemoteWebDriver.execute(RemoteWebDriver.java:552)
	at org.openqa.selenium.remote.RemoteWebDriver.findElement(RemoteWebDriver.java:323)
	at org.openqa.selenium.remote.RemoteWebDriver.findElementByClassName(RemoteWebDriver.java:412)
	at org.openqa.selenium.By$ByClassName.findElement(By.java:389)
	at org.openqa.selenium.remote.RemoteWebDriver.findElement(RemoteWebDriver.java:315)
	at risTestScripts.ManageTemplateTests.searchOnAvailableTemplateTableTest(ManageTemplateTests.java:119)
... Removed 25 stack frames
</div> <!-- stack-trace -->
                </div> <!-- method-content -->
              </div> <!-- method -->
              <div class="method">
                <div class="method-content">
                  <a name="searchTemplateTest">
                  </a> <!-- searchTemplateTest -->
                  <span class="method-name">searchTemplateTest</span>
                  <div class="stack-trace">org.openqa.selenium.NoSuchSessionException: Session ID is null. Using WebDriver after calling quit()?
Build info: version: &apos;3.141.59&apos;, revision: &apos;e82be7d358&apos;, time: &apos;2018-11-14T08:17:03&apos;
System info: host: &apos;DESKTOP-MM5QJ97&apos;, ip: &apos;10.23.252.35&apos;, os.name: &apos;Windows 10&apos;, os.arch: &apos;amd64&apos;, os.version: &apos;10.0&apos;, java.version: &apos;1.8.0_311&apos;
Driver info: driver.version: RemoteWebDriver
	at org.openqa.selenium.remote.HttpCommandExecutor.execute(HttpCommandExecutor.java:125)
	at org.openqa.selenium.remote.service.DriverCommandExecutor.execute(DriverCommandExecutor.java:83)
	at org.openqa.selenium.remote.RemoteWebDriver.execute(RemoteWebDriver.java:552)
	at org.openqa.selenium.remote.RemoteWebDriver.findElement(RemoteWebDriver.java:323)
	at org.openqa.selenium.remote.RemoteWebDriver.findElementByName(RemoteWebDriver.java:404)
	at org.openqa.selenium.By$ByName.findElement(By.java:284)
	at org.openqa.selenium.remote.RemoteWebDriver.findElement(RemoteWebDriver.java:315)
	at risTestScripts.ManageTemplateTests.searchTemplateTest(ManageTemplateTests.java:94)
... Removed 25 stack frames
</div> <!-- stack-trace -->
                </div> <!-- method-content -->
              </div> <!-- method -->
              <div class="method">
                <div class="method-content">
                  <a name="uniqueTemplateNameTest">
                  </a> <!-- uniqueTemplateNameTest -->
                  <span class="method-name">uniqueTemplateNameTest</span>
                  <div class="stack-trace">org.openqa.selenium.NoSuchSessionException: Session ID is null. Using WebDriver after calling quit()?
Build info: version: &apos;3.141.59&apos;, revision: &apos;e82be7d358&apos;, time: &apos;2018-11-14T08:17:03&apos;
System info: host: &apos;DESKTOP-MM5QJ97&apos;, ip: &apos;10.23.252.35&apos;, os.name: &apos;Windows 10&apos;, os.arch: &apos;amd64&apos;, os.version: &apos;10.0&apos;, java.version: &apos;1.8.0_311&apos;
Driver info: driver.version: RemoteWebDriver
	at org.openqa.selenium.remote.HttpCommandExecutor.execute(HttpCommandExecutor.java:125)
	at org.openqa.selenium.remote.service.DriverCommandExecutor.execute(DriverCommandExecutor.java:83)
	at org.openqa.selenium.remote.RemoteWebDriver.execute(RemoteWebDriver.java:552)
	at org.openqa.selenium.remote.RemoteWebDriver.findElement(RemoteWebDriver.java:323)
	at org.openqa.selenium.remote.RemoteWebDriver.findElementByClassName(RemoteWebDriver.java:412)
	at org.openqa.selenium.By$ByClassName.findElement(By.java:389)
	at org.openqa.selenium.remote.RemoteWebDriver.findElement(RemoteWebDriver.java:315)
	at risTestScripts.ManageTemplateTests.uniqueTemplateNameTest(ManageTemplateTests.java:137)
... Removed 25 stack frames
</div> <!-- stack-trace -->
                </div> <!-- method-content -->
              </div> <!-- method -->
              <div class="method">
                <div class="method-content">
                  <a name="updateTemplateTest">
                  </a> <!-- updateTemplateTest -->
                  <span class="method-name">updateTemplateTest</span>
                  <div class="stack-trace">org.openqa.selenium.NoSuchSessionException: Session ID is null. Using WebDriver after calling quit()?
Build info: version: &apos;3.141.59&apos;, revision: &apos;e82be7d358&apos;, time: &apos;2018-11-14T08:17:03&apos;
System info: host: &apos;DESKTOP-MM5QJ97&apos;, ip: &apos;10.23.252.35&apos;, os.name: &apos;Windows 10&apos;, os.arch: &apos;amd64&apos;, os.version: &apos;10.0&apos;, java.version: &apos;1.8.0_311&apos;
Driver info: driver.version: RemoteWebDriver
	at org.openqa.selenium.remote.HttpCommandExecutor.execute(HttpCommandExecutor.java:125)
	at org.openqa.selenium.remote.service.DriverCommandExecutor.execute(DriverCommandExecutor.java:83)
	at org.openqa.selenium.remote.RemoteWebDriver.execute(RemoteWebDriver.java:552)
	at org.openqa.selenium.remote.RemoteWebDriver.findElement(RemoteWebDriver.java:323)
	at org.openqa.selenium.remote.RemoteWebDriver.findElementByXPath(RemoteWebDriver.java:428)
	at org.openqa.selenium.By$ByXPath.findElement(By.java:353)
	at org.openqa.selenium.remote.RemoteWebDriver.findElement(RemoteWebDriver.java:315)
	at risTestScripts.ManageTemplateTests.updateTemplateTest(ManageTemplateTests.java:160)
... Removed 25 stack frames
</div> <!-- stack-trace -->
                </div> <!-- method-content -->
              </div> <!-- method -->
            </div> <!-- main-panel-content rounded-window-bottom -->
          </div> <!-- suite-RIS_Functional_suite-class-failed -->
          <div class="suite-RIS_Functional_suite-class-failed">
            <div class="main-panel-header rounded-window-top">
              <img src="failed.png"/>
              <span class="class-name">risTestScripts.ConfirmationTests</span>
            </div> <!-- main-panel-header rounded-window-top -->
            <div class="main-panel-content rounded-window-bottom">
              <div class="method">
                <div class="method-content">
                  <a name="searchWithServiceCategoryServiceAndDateTest">
                  </a> <!-- searchWithServiceCategoryServiceAndDateTest -->
                  <span class="method-name">searchWithServiceCategoryServiceAndDateTest</span>
                  <div class="stack-trace">org.openqa.selenium.NoSuchElementException: Cannot locate option with value: 8
For documentation on this error, please visit: https://www.seleniumhq.org/exceptions/no_such_element.html
Build info: version: &apos;3.141.59&apos;, revision: &apos;e82be7d358&apos;, time: &apos;2018-11-14T08:17:03&apos;
System info: host: &apos;DESKTOP-MM5QJ97&apos;, ip: &apos;10.23.252.35&apos;, os.name: &apos;Windows 10&apos;, os.arch: &apos;amd64&apos;, os.version: &apos;10.0&apos;, java.version: &apos;1.8.0_311&apos;
Driver info: driver.version: unknown
	at org.openqa.selenium.support.ui.Select.findOptionsByValue(Select.java:283)
	at org.openqa.selenium.support.ui.Select.selectByValue(Select.java:186)
	at risTestScripts.ConfirmationTests.searchWithServiceCategoryServiceAndDateTest(ConfirmationTests.java:77)
... Removed 25 stack frames
</div> <!-- stack-trace -->
                </div> <!-- method-content -->
              </div> <!-- method -->
            </div> <!-- main-panel-content rounded-window-bottom -->
          </div> <!-- suite-RIS_Functional_suite-class-failed -->
          <div class="suite-RIS_Functional_suite-class-failed">
            <div class="main-panel-header rounded-window-top">
              <img src="failed.png"/>
              <span class="class-name">risTestScripts.ReportUpdateTests</span>
            </div> <!-- main-panel-header rounded-window-top -->
            <div class="main-panel-content rounded-window-bottom">
              <div class="method">
                <div class="method-content">
                  <a name="searchWithServiceCategoryServiceStudyNumberRegIdDateTest">
                  </a> <!-- searchWithServiceCategoryServiceStudyNumberRegIdDateTest -->
                  <span class="method-name">searchWithServiceCategoryServiceStudyNumberRegIdDateTest</span>
                  <div class="stack-trace">org.openqa.selenium.NoSuchElementException: no such element: Unable to locate element: {&quot;method&quot;:&quot;css selector&quot;,&quot;selector&quot;:&quot;.mat\-input\-element&quot;}
  (Session info: chrome=98.0.4758.102)
For documentation on this error, please visit: https://www.seleniumhq.org/exceptions/no_such_element.html
Build info: version: &apos;3.141.59&apos;, revision: &apos;e82be7d358&apos;, time: &apos;2018-11-14T08:17:03&apos;
System info: host: &apos;DESKTOP-MM5QJ97&apos;, ip: &apos;10.23.252.35&apos;, os.name: &apos;Windows 10&apos;, os.arch: &apos;amd64&apos;, os.version: &apos;10.0&apos;, java.version: &apos;1.8.0_311&apos;
Driver info: org.openqa.selenium.chrome.ChromeDriver
Capabilities {acceptInsecureCerts: false, browserName: chrome, browserVersion: 98.0.4758.102, chrome: {chromedriverVersion: 98.0.4758.102 (273bf7ac8c90..., userDataDir: C:\Users\ravik\AppData\Loca...}, goog:chromeOptions: {debuggerAddress: localhost:62356}, javascriptEnabled: true, networkConnectionEnabled: false, pageLoadStrategy: normal, platform: WINDOWS, platformName: WINDOWS, proxy: Proxy(), setWindowRect: true, strictFileInteractability: false, timeouts: {implicit: 0, pageLoad: 300000, script: 30000}, unhandledPromptBehavior: dismiss and notify, webauthn:extension:credBlob: true, webauthn:extension:largeBlob: true, webauthn:virtualAuthenticators: true}
Session ID: 47abf5425cb37a5cce2b14ce5fe1c161
*** Element info: {Using=class name, value=mat-input-element}
	at org.openqa.selenium.remote.http.W3CHttpResponseCodec.createException(W3CHttpResponseCodec.java:187)
	at org.openqa.selenium.remote.http.W3CHttpResponseCodec.decode(W3CHttpResponseCodec.java:122)
	at org.openqa.selenium.remote.http.W3CHttpResponseCodec.decode(W3CHttpResponseCodec.java:49)
	at org.openqa.selenium.remote.HttpCommandExecutor.execute(HttpCommandExecutor.java:158)
	at org.openqa.selenium.remote.service.DriverCommandExecutor.execute(DriverCommandExecutor.java:83)
	at org.openqa.selenium.remote.RemoteWebDriver.execute(RemoteWebDriver.java:552)
	at org.openqa.selenium.remote.RemoteWebDriver.findElement(RemoteWebDriver.java:323)
	at org.openqa.selenium.remote.RemoteWebDriver.findElementByClassName(RemoteWebDriver.java:412)
	at org.openqa.selenium.By$ByClassName.findElement(By.java:389)
	at org.openqa.selenium.remote.RemoteWebDriver.findElement(RemoteWebDriver.java:315)
	at risTestScripts.ReportUpdateTests.searchWithServiceCategoryServiceStudyNumberRegIdDateTest(ReportUpdateTests.java:89)
... Removed 29 stack frames
</div> <!-- stack-trace -->
                </div> <!-- method-content -->
              </div> <!-- method -->
              <div class="method">
                <div class="method-content">
                  <a name="updateButtonTest">
                  </a> <!-- updateButtonTest -->
                  <span class="method-name">updateButtonTest</span>
                  <div class="stack-trace">org.openqa.selenium.NoSuchElementException: no such element: Unable to locate element: {&quot;method&quot;:&quot;xpath&quot;,&quot;selector&quot;:&quot;//*[@id=&apos;pay_advance&apos;]&quot;}
  (Session info: chrome=98.0.4758.102)
For documentation on this error, please visit: https://www.seleniumhq.org/exceptions/no_such_element.html
Build info: version: &apos;3.141.59&apos;, revision: &apos;e82be7d358&apos;, time: &apos;2018-11-14T08:17:03&apos;
System info: host: &apos;DESKTOP-MM5QJ97&apos;, ip: &apos;10.23.252.35&apos;, os.name: &apos;Windows 10&apos;, os.arch: &apos;amd64&apos;, os.version: &apos;10.0&apos;, java.version: &apos;1.8.0_311&apos;
Driver info: org.openqa.selenium.chrome.ChromeDriver
Capabilities {acceptInsecureCerts: false, browserName: chrome, browserVersion: 98.0.4758.102, chrome: {chromedriverVersion: 98.0.4758.102 (273bf7ac8c90..., userDataDir: C:\Users\ravik\AppData\Loca...}, goog:chromeOptions: {debuggerAddress: localhost:62356}, javascriptEnabled: true, networkConnectionEnabled: false, pageLoadStrategy: normal, platform: WINDOWS, platformName: WINDOWS, proxy: Proxy(), setWindowRect: true, strictFileInteractability: false, timeouts: {implicit: 0, pageLoad: 300000, script: 30000}, unhandledPromptBehavior: dismiss and notify, webauthn:extension:credBlob: true, webauthn:extension:largeBlob: true, webauthn:virtualAuthenticators: true}
Session ID: 47abf5425cb37a5cce2b14ce5fe1c161
*** Element info: {Using=xpath, value=//*[@id=&apos;pay_advance&apos;]}
	at org.openqa.selenium.remote.http.W3CHttpResponseCodec.createException(W3CHttpResponseCodec.java:187)
	at org.openqa.selenium.remote.http.W3CHttpResponseCodec.decode(W3CHttpResponseCodec.java:122)
	at org.openqa.selenium.remote.http.W3CHttpResponseCodec.decode(W3CHttpResponseCodec.java:49)
	at org.openqa.selenium.remote.HttpCommandExecutor.execute(HttpCommandExecutor.java:158)
	at org.openqa.selenium.remote.service.DriverCommandExecutor.execute(DriverCommandExecutor.java:83)
	at org.openqa.selenium.remote.RemoteWebDriver.execute(RemoteWebDriver.java:552)
	at org.openqa.selenium.remote.RemoteWebDriver.findElement(RemoteWebDriver.java:323)
	at org.openqa.selenium.remote.RemoteWebDriver.findElementByXPath(RemoteWebDriver.java:428)
	at org.openqa.selenium.By$ByXPath.findElement(By.java:353)
	at org.openqa.selenium.remote.RemoteWebDriver.findElement(RemoteWebDriver.java:315)
	at risTestScripts.ReportUpdateTests.updateButtonTest(ReportUpdateTests.java:99)
... Removed 29 stack frames
</div> <!-- stack-trace -->
                </div> <!-- method-content -->
              </div> <!-- method -->
              <div class="method">
                <div class="method-content">
                  <a name="updateReportAndUpdatebuttonTest">
                  </a> <!-- updateReportAndUpdatebuttonTest -->
                  <span class="method-name">updateReportAndUpdatebuttonTest</span>
                  <div class="stack-trace">org.openqa.selenium.NoSuchElementException: no such element: Unable to locate element: {&quot;method&quot;:&quot;css selector&quot;,&quot;selector&quot;:&quot;.angular\-editor\-textarea&quot;}
  (Session info: chrome=98.0.4758.102)
For documentation on this error, please visit: https://www.seleniumhq.org/exceptions/no_such_element.html
Build info: version: &apos;3.141.59&apos;, revision: &apos;e82be7d358&apos;, time: &apos;2018-11-14T08:17:03&apos;
System info: host: &apos;DESKTOP-MM5QJ97&apos;, ip: &apos;10.23.252.35&apos;, os.name: &apos;Windows 10&apos;, os.arch: &apos;amd64&apos;, os.version: &apos;10.0&apos;, java.version: &apos;1.8.0_311&apos;
Driver info: org.openqa.selenium.chrome.ChromeDriver
Capabilities {acceptInsecureCerts: false, browserName: chrome, browserVersion: 98.0.4758.102, chrome: {chromedriverVersion: 98.0.4758.102 (273bf7ac8c90..., userDataDir: C:\Users\ravik\AppData\Loca...}, goog:chromeOptions: {debuggerAddress: localhost:62356}, javascriptEnabled: true, networkConnectionEnabled: false, pageLoadStrategy: normal, platform: WINDOWS, platformName: WINDOWS, proxy: Proxy(), setWindowRect: true, strictFileInteractability: false, timeouts: {implicit: 0, pageLoad: 300000, script: 30000}, unhandledPromptBehavior: dismiss and notify, webauthn:extension:credBlob: true, webauthn:extension:largeBlob: true, webauthn:virtualAuthenticators: true}
Session ID: 47abf5425cb37a5cce2b14ce5fe1c161
*** Element info: {Using=class name, value=angular-editor-textarea}
	at org.openqa.selenium.remote.http.W3CHttpResponseCodec.createException(W3CHttpResponseCodec.java:187)
	at org.openqa.selenium.remote.http.W3CHttpResponseCodec.decode(W3CHttpResponseCodec.java:122)
	at org.openqa.selenium.remote.http.W3CHttpResponseCodec.decode(W3CHttpResponseCodec.java:49)
	at org.openqa.selenium.remote.HttpCommandExecutor.execute(HttpCommandExecutor.java:158)
	at org.openqa.selenium.remote.service.DriverCommandExecutor.execute(DriverCommandExecutor.java:83)
	at org.openqa.selenium.remote.RemoteWebDriver.execute(RemoteWebDriver.java:552)
	at org.openqa.selenium.remote.RemoteWebDriver.findElement(RemoteWebDriver.java:323)
	at org.openqa.selenium.remote.RemoteWebDriver.findElementByClassName(RemoteWebDriver.java:412)
	at org.openqa.selenium.By$ByClassName.findElement(By.java:389)
	at org.openqa.selenium.remote.RemoteWebDriver.findElement(RemoteWebDriver.java:315)
	at risTestScripts.ReportUpdateTests.updateReportAndUpdatebuttonTest(ReportUpdateTests.java:118)
... Removed 29 stack frames
</div> <!-- stack-trace -->
                </div> <!-- method-content -->
              </div> <!-- method -->
            </div> <!-- main-panel-content rounded-window-bottom -->
          </div> <!-- suite-RIS_Functional_suite-class-failed -->
          <div class="suite-RIS_Functional_suite-class-failed">
            <div class="main-panel-header rounded-window-top">
              <img src="failed.png"/>
              <span class="class-name">risTestScripts.ImagingMISTests</span>
            </div> <!-- main-panel-header rounded-window-top -->
            <div class="main-panel-content rounded-window-bottom">
              <div class="method">
                <div class="method-content">
                  <a name="defaultViewDateSearchTest">
                  </a> <!-- defaultViewDateSearchTest -->
                  <span class="method-name">defaultViewDateSearchTest</span>
                  <div class="stack-trace">org.openqa.selenium.NoSuchElementException: no such element: Unable to locate element: {&quot;method&quot;:&quot;css selector&quot;,&quot;selector&quot;:&quot;.mat\-paginator\-range\-label&quot;}
  (Session info: chrome=98.0.4758.102)
For documentation on this error, please visit: https://www.seleniumhq.org/exceptions/no_such_element.html
Build info: version: &apos;3.141.59&apos;, revision: &apos;e82be7d358&apos;, time: &apos;2018-11-14T08:17:03&apos;
System info: host: &apos;DESKTOP-MM5QJ97&apos;, ip: &apos;10.23.252.35&apos;, os.name: &apos;Windows 10&apos;, os.arch: &apos;amd64&apos;, os.version: &apos;10.0&apos;, java.version: &apos;1.8.0_311&apos;
Driver info: org.openqa.selenium.chrome.ChromeDriver
Capabilities {acceptInsecureCerts: false, browserName: chrome, browserVersion: 98.0.4758.102, chrome: {chromedriverVersion: 98.0.4758.102 (273bf7ac8c90..., userDataDir: C:\Users\ravik\AppData\Loca...}, goog:chromeOptions: {debuggerAddress: localhost:62482}, javascriptEnabled: true, networkConnectionEnabled: false, pageLoadStrategy: normal, platform: WINDOWS, platformName: WINDOWS, proxy: Proxy(), setWindowRect: true, strictFileInteractability: false, timeouts: {implicit: 0, pageLoad: 300000, script: 30000}, unhandledPromptBehavior: dismiss and notify, webauthn:extension:credBlob: true, webauthn:extension:largeBlob: true, webauthn:virtualAuthenticators: true}
Session ID: ad363a441ced543bf671c3dc04bc99d3
*** Element info: {Using=class name, value=mat-paginator-range-label}
	at org.openqa.selenium.remote.http.W3CHttpResponseCodec.createException(W3CHttpResponseCodec.java:187)
	at org.openqa.selenium.remote.http.W3CHttpResponseCodec.decode(W3CHttpResponseCodec.java:122)
	at org.openqa.selenium.remote.http.W3CHttpResponseCodec.decode(W3CHttpResponseCodec.java:49)
	at org.openqa.selenium.remote.HttpCommandExecutor.execute(HttpCommandExecutor.java:158)
	at org.openqa.selenium.remote.service.DriverCommandExecutor.execute(DriverCommandExecutor.java:83)
	at org.openqa.selenium.remote.RemoteWebDriver.execute(RemoteWebDriver.java:552)
	at org.openqa.selenium.remote.RemoteWebDriver.findElement(RemoteWebDriver.java:323)
	at org.openqa.selenium.remote.RemoteWebDriver.findElementByClassName(RemoteWebDriver.java:412)
	at org.openqa.selenium.By$ByClassName.findElement(By.java:389)
	at org.openqa.selenium.remote.RemoteWebDriver.findElement(RemoteWebDriver.java:315)
	at risTestScripts.ImagingMISTests.defaultViewDateSearchTest(ImagingMISTests.java:34)
... Removed 29 stack frames
</div> <!-- stack-trace -->
                </div> <!-- method-content -->
              </div> <!-- method -->
              <div class="method">
                <div class="method-content">
                  <a name="printMISReportButtonTest">
                  </a> <!-- printMISReportButtonTest -->
                  <span class="method-name">printMISReportButtonTest</span>
                  <div class="stack-trace">org.openqa.selenium.NoSuchSessionException: Session ID is null. Using WebDriver after calling quit()?
Build info: version: &apos;3.141.59&apos;, revision: &apos;e82be7d358&apos;, time: &apos;2018-11-14T08:17:03&apos;
System info: host: &apos;DESKTOP-MM5QJ97&apos;, ip: &apos;10.23.252.35&apos;, os.name: &apos;Windows 10&apos;, os.arch: &apos;amd64&apos;, os.version: &apos;10.0&apos;, java.version: &apos;1.8.0_311&apos;
Driver info: driver.version: RemoteWebDriver
	at org.openqa.selenium.remote.HttpCommandExecutor.execute(HttpCommandExecutor.java:125)
	at org.openqa.selenium.remote.service.DriverCommandExecutor.execute(DriverCommandExecutor.java:83)
	at org.openqa.selenium.remote.RemoteWebDriver.execute(RemoteWebDriver.java:552)
	at org.openqa.selenium.remote.RemoteWebDriver.findElement(RemoteWebDriver.java:323)
	at org.openqa.selenium.remote.RemoteWebDriver.findElementByXPath(RemoteWebDriver.java:428)
	at org.openqa.selenium.By$ByXPath.findElement(By.java:353)
	at org.openqa.selenium.remote.RemoteWebDriver.findElement(RemoteWebDriver.java:315)
	at risTestScripts.ImagingMISTests.printMISReportButtonTest(ImagingMISTests.java:201)
... Removed 25 stack frames
</div> <!-- stack-trace -->
                </div> <!-- method-content -->
              </div> <!-- method -->
              <div class="method">
                <div class="method-content">
                  <a name="searchOnMISTableTest">
                  </a> <!-- searchOnMISTableTest -->
                  <span class="method-name">searchOnMISTableTest</span>
                  <div class="stack-trace">java.lang.AssertionError: Failed: searchOnMISTableTest, Item count: 0 of 0 expected [true] but found [false]
	at risTestScripts.ImagingMISTests.searchOnMISTableTest(ImagingMISTests.java:98)
... Removed 28 stack frames
</div> <!-- stack-trace -->
                </div> <!-- method-content -->
              </div> <!-- method -->
              <div class="method">
                <div class="method-content">
                  <a name="validateMisReportDataTest">
                  </a> <!-- validateMisReportDataTest -->
                  <span class="method-name">validateMisReportDataTest</span>
                  <div class="stack-trace">org.openqa.selenium.NoSuchSessionException: Session ID is null. Using WebDriver after calling quit()?
Build info: version: &apos;3.141.59&apos;, revision: &apos;e82be7d358&apos;, time: &apos;2018-11-14T08:17:03&apos;
System info: host: &apos;DESKTOP-MM5QJ97&apos;, ip: &apos;10.23.252.35&apos;, os.name: &apos;Windows 10&apos;, os.arch: &apos;amd64&apos;, os.version: &apos;10.0&apos;, java.version: &apos;1.8.0_311&apos;
Driver info: driver.version: RemoteWebDriver
	at org.openqa.selenium.remote.HttpCommandExecutor.execute(HttpCommandExecutor.java:125)
	at org.openqa.selenium.remote.service.DriverCommandExecutor.execute(DriverCommandExecutor.java:83)
	at org.openqa.selenium.remote.RemoteWebDriver.execute(RemoteWebDriver.java:552)
	at org.openqa.selenium.remote.RemoteWebDriver.findElement(RemoteWebDriver.java:323)
	at org.openqa.selenium.remote.RemoteWebDriver.findElementByXPath(RemoteWebDriver.java:428)
	at org.openqa.selenium.By$ByXPath.findElement(By.java:353)
	at org.openqa.selenium.remote.RemoteWebDriver.findElement(RemoteWebDriver.java:315)
	at risTestScripts.ImagingMISTests.validateMisReportDataTest(ImagingMISTests.java:126)
... Removed 25 stack frames
</div> <!-- stack-trace -->
                </div> <!-- method-content -->
              </div> <!-- method -->
            </div> <!-- main-panel-content rounded-window-bottom -->
          </div> <!-- suite-RIS_Functional_suite-class-failed -->
          <div class="suite-RIS_Functional_suite-class-passed">
            <div class="main-panel-header rounded-window-top">
              <img src="passed.png"/>
              <span class="class-name">risTestScripts.ScheduleTests</span>
            </div> <!-- main-panel-header rounded-window-top -->
            <div class="main-panel-content rounded-window-bottom">
              <div class="method">
                <div class="method-content">
                  <a name="inputRoomScheduledateTime">
                  </a> <!-- inputRoomScheduledateTime -->
                  <span class="method-name">inputRoomScheduledateTime</span>
                </div> <!-- method-content -->
              </div> <!-- method -->
              <div class="method">
                <div class="method-content">
                  <a name="itemsPerPageTest">
                  </a> <!-- itemsPerPageTest -->
                  <span class="method-name">itemsPerPageTest</span>
                </div> <!-- method-content -->
              </div> <!-- method -->
              <div class="method">
                <div class="method-content">
                  <a name="openRis">
                  </a> <!-- openRis -->
                  <span class="method-name">openRis</span>
                </div> <!-- method-content -->
              </div> <!-- method -->
              <div class="method">
                <div class="method-content">
                  <a name="scheduleButtonTest">
                  </a> <!-- scheduleButtonTest -->
                  <span class="method-name">scheduleButtonTest</span>
                </div> <!-- method-content -->
              </div> <!-- method -->
              <div class="method">
                <div class="method-content">
                  <a name="searchOnTableTest">
                  </a> <!-- searchOnTableTest -->
                  <span class="method-name">searchOnTableTest</span>
                </div> <!-- method-content -->
              </div> <!-- method -->
              <div class="method">
                <div class="method-content">
                  <a name="searchResultsTest">
                  </a> <!-- searchResultsTest -->
                  <span class="method-name">searchResultsTest</span>
                </div> <!-- method-content -->
              </div> <!-- method -->
              <div class="method">
                <div class="method-content">
                  <a name="searchWithDateNegativeTest">
                  </a> <!-- searchWithDateNegativeTest -->
                  <span class="method-name">searchWithDateNegativeTest</span>
                </div> <!-- method-content -->
              </div> <!-- method -->
              <div class="method">
                <div class="method-content">
                  <a name="searchWithServiceCategoryServiceDateTest">
                  </a> <!-- searchWithServiceCategoryServiceDateTest -->
                  <span class="method-name">searchWithServiceCategoryServiceDateTest</span>
                </div> <!-- method-content -->
              </div> <!-- method -->
            </div> <!-- main-panel-content rounded-window-bottom -->
          </div> <!-- suite-RIS_Functional_suite-class-passed -->
          <div class="suite-RIS_Functional_suite-class-passed">
            <div class="main-panel-header rounded-window-top">
              <img src="passed.png"/>
              <span class="class-name">risTestScripts.ReportCreationTests</span>
            </div> <!-- main-panel-header rounded-window-top -->
            <div class="main-panel-content rounded-window-bottom">
              <div class="method">
                <div class="method-content">
                  <a name="createButtonTest">
                  </a> <!-- createButtonTest -->
                  <span class="method-name">createButtonTest</span>
                </div> <!-- method-content -->
              </div> <!-- method -->
              <div class="method">
                <div class="method-content">
                  <a name="openReportCreationTest">
                  </a> <!-- openReportCreationTest -->
                  <span class="method-name">openReportCreationTest</span>
                </div> <!-- method-content -->
              </div> <!-- method -->
              <div class="method">
                <div class="method-content">
                  <a name="reportCreationPageCreatedByTest">
                  </a> <!-- reportCreationPageCreatedByTest -->
                  <span class="method-name">reportCreationPageCreatedByTest</span>
                </div> <!-- method-content -->
              </div> <!-- method -->
              <div class="method">
                <div class="method-content">
                  <a name="reportCreationPageDataTest">
                  </a> <!-- reportCreationPageDataTest -->
                  <span class="method-name">reportCreationPageDataTest</span>
                </div> <!-- method-content -->
              </div> <!-- method -->
              <div class="method">
                <div class="method-content">
                  <a name="reportCreationPageNegativeTest">
                  </a> <!-- reportCreationPageNegativeTest -->
                  <span class="method-name">reportCreationPageNegativeTest</span>
                </div> <!-- method-content -->
              </div> <!-- method -->
              <div class="method">
                <div class="method-content">
                  <a name="reportCreationPageSaveButtonTest">
                  </a> <!-- reportCreationPageSaveButtonTest -->
                  <span class="method-name">reportCreationPageSaveButtonTest</span>
                </div> <!-- method-content -->
              </div> <!-- method -->
              <div class="method">
                <div class="method-content">
                  <a name="reportCreationPageSelectTemplateTest">
                  </a> <!-- reportCreationPageSelectTemplateTest -->
                  <span class="method-name">reportCreationPageSelectTemplateTest</span>
                </div> <!-- method-content -->
              </div> <!-- method -->
              <div class="method">
                <div class="method-content">
                  <a name="searchOnCreateReportTableAndDataTest">
                  </a> <!-- searchOnCreateReportTableAndDataTest -->
                  <span class="method-name">searchOnCreateReportTableAndDataTest</span>
                </div> <!-- method-content -->
              </div> <!-- method -->
              <div class="method">
                <div class="method-content">
                  <a name="searchWithServiceCategoryServiceStudyNumberRegIdDateTest">
                  </a> <!-- searchWithServiceCategoryServiceStudyNumberRegIdDateTest -->
                  <span class="method-name">searchWithServiceCategoryServiceStudyNumberRegIdDateTest</span>
                </div> <!-- method-content -->
              </div> <!-- method -->
              <div class="method">
                <div class="method-content">
                  <a name="showLastThreeDaysDataDefaultDateSearchTest">
                  </a> <!-- showLastThreeDaysDataDefaultDateSearchTest -->
                  <span class="method-name">showLastThreeDaysDataDefaultDateSearchTest</span>
                </div> <!-- method-content -->
              </div> <!-- method -->
            </div> <!-- main-panel-content rounded-window-bottom -->
          </div> <!-- suite-RIS_Functional_suite-class-passed -->
          <div class="suite-RIS_Functional_suite-class-passed">
            <div class="main-panel-header rounded-window-top">
              <img src="passed.png"/>
              <span class="class-name">risTestScripts.ReportPrintTests</span>
            </div> <!-- main-panel-header rounded-window-top -->
            <div class="main-panel-content rounded-window-bottom">
              <div class="method">
                <div class="method-content">
                  <a name="defaultViewDateSearchTest">
                  </a> <!-- defaultViewDateSearchTest -->
                  <span class="method-name">defaultViewDateSearchTest</span>
                </div> <!-- method-content -->
              </div> <!-- method -->
              <div class="method">
                <div class="method-content">
                  <a name="openReportPrintTest">
                  </a> <!-- openReportPrintTest -->
                  <span class="method-name">openReportPrintTest</span>
                </div> <!-- method-content -->
              </div> <!-- method -->
              <div class="method">
                <div class="method-content">
                  <a name="openRis">
                  </a> <!-- openRis -->
                  <span class="method-name">openRis</span>
                </div> <!-- method-content -->
              </div> <!-- method -->
              <div class="method">
                <div class="method-content">
                  <a name="printButtonTest">
                  </a> <!-- printButtonTest -->
                  <span class="method-name">printButtonTest</span>
                </div> <!-- method-content -->
              </div> <!-- method -->
              <div class="method">
                <div class="method-content">
                  <a name="printReportPageDataValidationTest">
                  </a> <!-- printReportPageDataValidationTest -->
                  <span class="method-name">printReportPageDataValidationTest</span>
                </div> <!-- method-content -->
              </div> <!-- method -->
              <div class="method">
                <div class="method-content">
                  <a name="searchOnPrintReportTableTest">
                  </a> <!-- searchOnPrintReportTableTest -->
                  <span class="method-name">searchOnPrintReportTableTest</span>
                </div> <!-- method-content -->
              </div> <!-- method -->
              <div class="method">
                <div class="method-content">
                  <a name="searchWithServiceCategoryServiceStudyNumberRegIdTest">
                  </a> <!-- searchWithServiceCategoryServiceStudyNumberRegIdTest -->
                  <span class="method-name">searchWithServiceCategoryServiceStudyNumberRegIdTest</span>
                </div> <!-- method-content -->
              </div> <!-- method -->
              <div class="method">
                <div class="method-content">
                  <a name="viewReportButtonTest">
                  </a> <!-- viewReportButtonTest -->
                  <span class="method-name">viewReportButtonTest</span>
                </div> <!-- method-content -->
              </div> <!-- method -->
            </div> <!-- main-panel-content rounded-window-bottom -->
          </div> <!-- suite-RIS_Functional_suite-class-passed -->
          <div class="suite-RIS_Functional_suite-class-passed">
            <div class="main-panel-header rounded-window-top">
              <img src="passed.png"/>
              <span class="class-name">risTestScripts.ConfirmationTests</span>
            </div> <!-- main-panel-header rounded-window-top -->
            <div class="main-panel-content rounded-window-bottom">
              <div class="method">
                <div class="method-content">
                  <a name="SearchOnTableAndConfirmationTableDataTest">
                  </a> <!-- SearchOnTableAndConfirmationTableDataTest -->
                  <span class="method-name">SearchOnTableAndConfirmationTableDataTest</span>
                </div> <!-- method-content -->
              </div> <!-- method -->
              <div class="method">
                <div class="method-content">
                  <a name="confirmButtonTest">
                  </a> <!-- confirmButtonTest -->
                  <span class="method-name">confirmButtonTest</span>
                </div> <!-- method-content -->
              </div> <!-- method -->
              <div class="method">
                <div class="method-content">
                  <a name="inputStudyNumberTest">
                  </a> <!-- inputStudyNumberTest -->
                  <span class="method-name">inputStudyNumberTest</span>
                </div> <!-- method-content -->
              </div> <!-- method -->
              <div class="method">
                <div class="method-content">
                  <a name="itemsPerPageTest">
                  </a> <!-- itemsPerPageTest -->
                  <span class="method-name">itemsPerPageTest</span>
                </div> <!-- method-content -->
              </div> <!-- method -->
              <div class="method">
                <div class="method-content">
                  <a name="openImageCaptureAndConfirmationTest">
                  </a> <!-- openImageCaptureAndConfirmationTest -->
                  <span class="method-name">openImageCaptureAndConfirmationTest</span>
                </div> <!-- method-content -->
              </div> <!-- method -->
              <div class="method">
                <div class="method-content">
                  <a name="openMainMenuTest">
                  </a> <!-- openMainMenuTest -->
                  <span class="method-name">openMainMenuTest</span>
                </div> <!-- method-content -->
              </div> <!-- method -->
              <div class="method">
                <div class="method-content">
                  <a name="searchWithDateTest">
                  </a> <!-- searchWithDateTest -->
                  <span class="method-name">searchWithDateTest</span>
                </div> <!-- method-content -->
              </div> <!-- method -->
            </div> <!-- main-panel-content rounded-window-bottom -->
          </div> <!-- suite-RIS_Functional_suite-class-passed -->
          <div class="suite-RIS_Functional_suite-class-passed">
            <div class="main-panel-header rounded-window-top">
              <img src="passed.png"/>
              <span class="class-name">risTestScripts.ReportVerifyTests</span>
            </div> <!-- main-panel-header rounded-window-top -->
            <div class="main-panel-content rounded-window-bottom">
              <div class="method">
                <div class="method-content">
                  <a name="defaultviewDateSearchTest">
                  </a> <!-- defaultviewDateSearchTest -->
                  <span class="method-name">defaultviewDateSearchTest</span>
                </div> <!-- method-content -->
              </div> <!-- method -->
              <div class="method">
                <div class="method-content">
                  <a name="openReportVerificationFromMenuTest">
                  </a> <!-- openReportVerificationFromMenuTest -->
                  <span class="method-name">openReportVerificationFromMenuTest</span>
                </div> <!-- method-content -->
              </div> <!-- method -->
              <div class="method">
                <div class="method-content">
                  <a name="reportVerificationPageDataTest">
                  </a> <!-- reportVerificationPageDataTest -->
                  <span class="method-name">reportVerificationPageDataTest</span>
                </div> <!-- method-content -->
              </div> <!-- method -->
              <div class="method">
                <div class="method-content">
                  <a name="searchOnVerifyReportTableTest">
                  </a> <!-- searchOnVerifyReportTableTest -->
                  <span class="method-name">searchOnVerifyReportTableTest</span>
                </div> <!-- method-content -->
              </div> <!-- method -->
              <div class="method">
                <div class="method-content">
                  <a name="searchWithServiceCategoryServiceStudyNumberRegIdTest">
                  </a> <!-- searchWithServiceCategoryServiceStudyNumberRegIdTest -->
                  <span class="method-name">searchWithServiceCategoryServiceStudyNumberRegIdTest</span>
                </div> <!-- method-content -->
              </div> <!-- method -->
              <div class="method">
                <div class="method-content">
                  <a name="verifiedByTest">
                  </a> <!-- verifiedByTest -->
                  <span class="method-name">verifiedByTest</span>
                </div> <!-- method-content -->
              </div> <!-- method -->
              <div class="method">
                <div class="method-content">
                  <a name="verifyButtonTest">
                  </a> <!-- verifyButtonTest -->
                  <span class="method-name">verifyButtonTest</span>
                </div> <!-- method-content -->
              </div> <!-- method -->
              <div class="method">
                <div class="method-content">
                  <a name="verifyReportButtonTest">
                  </a> <!-- verifyReportButtonTest -->
                  <span class="method-name">verifyReportButtonTest</span>
                </div> <!-- method-content -->
              </div> <!-- method -->
            </div> <!-- main-panel-content rounded-window-bottom -->
          </div> <!-- suite-RIS_Functional_suite-class-passed -->
          <div class="suite-RIS_Functional_suite-class-passed">
            <div class="main-panel-header rounded-window-top">
              <img src="passed.png"/>
              <span class="class-name">risTestScripts.ReportUpdateTests</span>
            </div> <!-- main-panel-header rounded-window-top -->
            <div class="main-panel-content rounded-window-bottom">
              <div class="method">
                <div class="method-content">
                  <a name="clickUpdateReportButtonTest">
                  </a> <!-- clickUpdateReportButtonTest -->
                  <span class="method-name">clickUpdateReportButtonTest</span>
                </div> <!-- method-content -->
              </div> <!-- method -->
              <div class="method">
                <div class="method-content">
                  <a name="defaultViewTableDataTest">
                  </a> <!-- defaultViewTableDataTest -->
                  <span class="method-name">defaultViewTableDataTest</span>
                </div> <!-- method-content -->
              </div> <!-- method -->
              <div class="method">
                <div class="method-content">
                  <a name="itemsPerPageTest">
                  </a> <!-- itemsPerPageTest -->
                  <span class="method-name">itemsPerPageTest</span>
                </div> <!-- method-content -->
              </div> <!-- method -->
            </div> <!-- main-panel-content rounded-window-bottom -->
          </div> <!-- suite-RIS_Functional_suite-class-passed -->
          <div class="suite-RIS_Functional_suite-class-passed">
            <div class="main-panel-header rounded-window-top">
              <img src="passed.png"/>
              <span class="class-name">risTestScripts.ImagingMISTests</span>
            </div> <!-- main-panel-header rounded-window-top -->
            <div class="main-panel-content rounded-window-bottom">
              <div class="method">
                <div class="method-content">
                  <a name="openImagingMISTest">
                  </a> <!-- openImagingMISTest -->
                  <span class="method-name">openImagingMISTest</span>
                </div> <!-- method-content -->
              </div> <!-- method -->
              <div class="method">
                <div class="method-content">
                  <a name="searchWithServiceCategoryServiceServiceStatusRoomDateTest">
                  </a> <!-- searchWithServiceCategoryServiceServiceStatusRoomDateTest -->
                  <span class="method-name">searchWithServiceCategoryServiceServiceStatusRoomDateTest</span>
                </div> <!-- method-content -->
              </div> <!-- method -->
            </div> <!-- main-panel-content rounded-window-bottom -->
          </div> <!-- suite-RIS_Functional_suite-class-passed -->
        </div> <!-- panel RIS_Functional_suite -->
        <div panel-name="test-xml-RIS_Functional_suite" class="panel">
          <div class="main-panel-header rounded-window-top">
            <span class="header-content">C:\Users\ravik\OneDrive\Desktop\eclipse data\RaviQA\workspace\ris\testng.xml</span>
          </div> <!-- main-panel-header rounded-window-top -->
          <div class="main-panel-content rounded-window-bottom">
            <pre>
&lt;?xml version=&quot;1.0&quot; encoding=&quot;UTF-8&quot;?&gt;
&lt;!DOCTYPE suite SYSTEM &quot;http://testng.org/testng-1.0.dtd&quot;&gt;
&lt;suite guice-stage=&quot;DEVELOPMENT&quot; name=&quot;RIS Functional suite&quot;&gt;
  &lt;listeners&gt;
    &lt;listener class-name=&quot;CommonPack.Listeners&quot;/&gt;
    &lt;listener class-name=&quot;org.uncommons.reportng.HTMLReporter&quot;/&gt;
  &lt;/listeners&gt;
  &lt;test name=&quot;RIS Application Tests&quot;&gt;
    &lt;classes&gt;
      &lt;class name=&quot;risTestScripts.ScheduleTests&quot;/&gt;
      &lt;class name=&quot;risTestScripts.ConfirmationTests&quot;/&gt;
      &lt;class name=&quot;risTestScripts.ReportCreationTests&quot;/&gt;
      &lt;class name=&quot;risTestScripts.ReportUpdateTests&quot;/&gt;
      &lt;class name=&quot;risTestScripts.ReportVerifyTests&quot;/&gt;
      &lt;class name=&quot;risTestScripts.ReportPrintTests&quot;/&gt;
      &lt;class name=&quot;risTestScripts.ImagingMISTests&quot;/&gt;
      &lt;class name=&quot;risTestScripts.ServiceRoomMappingTests&quot;/&gt;
      &lt;class name=&quot;risTestScripts.ManageTemplateTests&quot;/&gt;
    &lt;/classes&gt;
  &lt;/test&gt; &lt;!-- RIS Application Tests --&gt;
&lt;/suite&gt; &lt;!-- RIS Functional suite --&gt;
            </pre>
          </div> <!-- main-panel-content rounded-window-bottom -->
        </div> <!-- panel -->
        <div panel-name="testlist-RIS_Functional_suite" class="panel">
          <div class="main-panel-header rounded-window-top">
            <span class="header-content">Tests for RIS Functional suite</span>
          </div> <!-- main-panel-header rounded-window-top -->
          <div class="main-panel-content rounded-window-bottom">
            <ul>
              <li>
                <span class="test-name">RIS Application Tests (9 classes)</span>
              </li>
            </ul>
          </div> <!-- main-panel-content rounded-window-bottom -->
        </div> <!-- panel -->
        <div panel-name="group-RIS_Functional_suite" class="panel">
          <div class="main-panel-header rounded-window-top">
            <span class="header-content">Groups for RIS Functional suite</span>
          </div> <!-- main-panel-header rounded-window-top -->
          <div class="main-panel-content rounded-window-bottom">
          </div> <!-- main-panel-content rounded-window-bottom -->
        </div> <!-- panel -->
        <div panel-name="times-RIS_Functional_suite" class="panel">
          <div class="main-panel-header rounded-window-top">
            <span class="header-content">Times for RIS Functional suite</span>
          </div> <!-- main-panel-header rounded-window-top -->
          <div class="main-panel-content rounded-window-bottom">
            <div class="times-div">
              <script type="text/javascript">
suiteTableInitFunctions.push('tableData_RIS_Functional_suite');
function tableData_RIS_Functional_suite() {
var data = new google.visualization.DataTable();
data.addColumn('number', 'Number');
data.addColumn('string', 'Method');
data.addColumn('string', 'Class');
data.addColumn('number', 'Time (ms)');
data.addRows(72);
data.setCell(0, 0, 0)
data.setCell(0, 1, 'openRis')
data.setCell(0, 2, 'risTestScripts.ScheduleTests')
data.setCell(0, 3, 37708);
data.setCell(1, 0, 1)
data.setCell(1, 1, 'openRis')
data.setCell(1, 2, 'risTestScripts.ReportPrintTests')
data.setCell(1, 3, 31173);
data.setCell(2, 0, 2)
data.setCell(2, 1, 'searchWithServiceCategoryServiceStudyNumberRegIdDateTest')
data.setCell(2, 2, 'risTestScripts.ReportUpdateTests')
data.setCell(2, 3, 11970);
data.setCell(3, 0, 3)
data.setCell(3, 1, 'searchWithServiceCategoryServiceServiceStatusRoomDateTest')
data.setCell(3, 2, 'risTestScripts.ImagingMISTests')
data.setCell(3, 3, 8293);
data.setCell(4, 0, 4)
data.setCell(4, 1, 'inputRoomScheduledateTime')
data.setCell(4, 2, 'risTestScripts.ScheduleTests')
data.setCell(4, 3, 6634);
data.setCell(5, 0, 5)
data.setCell(5, 1, 'searchOnCreateReportTableAndDataTest')
data.setCell(5, 2, 'risTestScripts.ReportCreationTests')
data.setCell(5, 3, 6462);
data.setCell(6, 0, 6)
data.setCell(6, 1, 'openReportPrintTest')
data.setCell(6, 2, 'risTestScripts.ReportPrintTests')
data.setCell(6, 3, 6252);
data.setCell(7, 0, 7)
data.setCell(7, 1, 'searchWithServiceCategoryServiceStudyNumberRegIdDateTest')
data.setCell(7, 2, 'risTestScripts.ReportCreationTests')
data.setCell(7, 3, 6139);
data.setCell(8, 0, 8)
data.setCell(8, 1, 'searchWithServiceCategoryServiceDateTest')
data.setCell(8, 2, 'risTestScripts.ScheduleTests')
data.setCell(8, 3, 5710);
data.setCell(9, 0, 9)
data.setCell(9, 1, 'searchOnPrintReportTableTest')
data.setCell(9, 2, 'risTestScripts.ReportPrintTests')
data.setCell(9, 3, 5456);
data.setCell(10, 0, 10)
data.setCell(10, 1, 'searchWithDateNegativeTest')
data.setCell(10, 2, 'risTestScripts.ScheduleTests')
data.setCell(10, 3, 5243);
data.setCell(11, 0, 11)
data.setCell(11, 1, 'searchWithServiceCategoryServiceStudyNumberRegIdTest')
data.setCell(11, 2, 'risTestScripts.ReportVerifyTests')
data.setCell(11, 3, 5078);
data.setCell(12, 0, 12)
data.setCell(12, 1, 'SearchOnTableAndConfirmationTableDataTest')
data.setCell(12, 2, 'risTestScripts.ConfirmationTests')
data.setCell(12, 3, 4607);
data.setCell(13, 0, 13)
data.setCell(13, 1, 'searchOnTableTest')
data.setCell(13, 2, 'risTestScripts.ScheduleTests')
data.setCell(13, 3, 4526);
data.setCell(14, 0, 14)
data.setCell(14, 1, 'searchOnVerifyReportTableTest')
data.setCell(14, 2, 'risTestScripts.ReportVerifyTests')
data.setCell(14, 3, 4359);
data.setCell(15, 0, 15)
data.setCell(15, 1, 'searchOnMISTableTest')
data.setCell(15, 2, 'risTestScripts.ImagingMISTests')
data.setCell(15, 3, 4310);
data.setCell(16, 0, 16)
data.setCell(16, 1, 'openMainMenuTest')
data.setCell(16, 2, 'risTestScripts.ConfirmationTests')
data.setCell(16, 3, 4193);
data.setCell(17, 0, 17)
data.setCell(17, 1, 'openReportVerificationFromMenuTest')
data.setCell(17, 2, 'risTestScripts.ReportVerifyTests')
data.setCell(17, 3, 4188);
data.setCell(18, 0, 18)
data.setCell(18, 1, 'showLastThreeDaysDataDefaultDateSearchTest')
data.setCell(18, 2, 'risTestScripts.ReportCreationTests')
data.setCell(18, 3, 4114);
data.setCell(19, 0, 19)
data.setCell(19, 1, 'defaultViewDateSearchTest')
data.setCell(19, 2, 'risTestScripts.ReportPrintTests')
data.setCell(19, 3, 4100);
data.setCell(20, 0, 20)
data.setCell(20, 1, 'searchWithDateTest')
data.setCell(20, 2, 'risTestScripts.ConfirmationTests')
data.setCell(20, 3, 4089);
data.setCell(21, 0, 21)
data.setCell(21, 1, 'reportVerificationPageDataTest')
data.setCell(21, 2, 'risTestScripts.ReportVerifyTests')
data.setCell(21, 3, 3374);
data.setCell(22, 0, 22)
data.setCell(22, 1, 'printReportPageDataValidationTest')
data.setCell(22, 2, 'risTestScripts.ReportPrintTests')
data.setCell(22, 3, 3373);
data.setCell(23, 0, 23)
data.setCell(23, 1, 'reportCreationPageDataTest')
data.setCell(23, 2, 'risTestScripts.ReportCreationTests')
data.setCell(23, 3, 3364);
data.setCell(24, 0, 24)
data.setCell(24, 1, 'clickUpdateReportButtonTest')
data.setCell(24, 2, 'risTestScripts.ReportUpdateTests')
data.setCell(24, 3, 3265);
data.setCell(25, 0, 25)
data.setCell(25, 1, 'defaultviewDateSearchTest')
data.setCell(25, 2, 'risTestScripts.ReportVerifyTests')
data.setCell(25, 3, 3106);
data.setCell(26, 0, 26)
data.setCell(26, 1, 'searchResultsTest')
data.setCell(26, 2, 'risTestScripts.ScheduleTests')
data.setCell(26, 3, 3104);
data.setCell(27, 0, 27)
data.setCell(27, 1, 'defaultViewTableDataTest')
data.setCell(27, 2, 'risTestScripts.ReportUpdateTests')
data.setCell(27, 3, 3101);
data.setCell(28, 0, 28)
data.setCell(28, 1, 'updateReportAndUpdatebuttonTest')
data.setCell(28, 2, 'risTestScripts.ReportUpdateTests')
data.setCell(28, 3, 3069);
data.setCell(29, 0, 29)
data.setCell(29, 1, 'defaultViewDateSearchTest')
data.setCell(29, 2, 'risTestScripts.ImagingMISTests')
data.setCell(29, 3, 3064);
data.setCell(30, 0, 30)
data.setCell(30, 1, 'validateUpdatedMappingTest')
data.setCell(30, 2, 'risTestScripts.ServiceRoomMappingTests')
data.setCell(30, 3, 3017);
data.setCell(31, 0, 31)
data.setCell(31, 1, 'defaultViewTest')
data.setCell(31, 2, 'risTestScripts.ServiceRoomMappingTests')
data.setCell(31, 3, 3016);
data.setCell(32, 0, 32)
data.setCell(32, 1, 'searchWithServiceCategoryServiceStudyNumberRegIdTest')
data.setCell(32, 2, 'risTestScripts.ReportPrintTests')
data.setCell(32, 3, 2982);
data.setCell(33, 0, 33)
data.setCell(33, 1, 'verifyButtonTest')
data.setCell(33, 2, 'risTestScripts.ReportVerifyTests')
data.setCell(33, 3, 2427);
data.setCell(34, 0, 34)
data.setCell(34, 1, 'scheduleButtonTest')
data.setCell(34, 2, 'risTestScripts.ScheduleTests')
data.setCell(34, 3, 2310);
data.setCell(35, 0, 35)
data.setCell(35, 1, 'printButtonTest')
data.setCell(35, 2, 'risTestScripts.ReportPrintTests')
data.setCell(35, 3, 2242);
data.setCell(36, 0, 36)
data.setCell(36, 1, 'reportCreationPageSaveButtonTest')
data.setCell(36, 2, 'risTestScripts.ReportCreationTests')
data.setCell(36, 3, 2239);
data.setCell(37, 0, 37)
data.setCell(37, 1, 'openImageCaptureAndConfirmationTest')
data.setCell(37, 2, 'risTestScripts.ConfirmationTests')
data.setCell(37, 3, 2233);
data.setCell(38, 0, 38)
data.setCell(38, 1, 'verifyReportButtonTest')
data.setCell(38, 2, 'risTestScripts.ReportVerifyTests')
data.setCell(38, 3, 2231);
data.setCell(39, 0, 39)
data.setCell(39, 1, 'openImagingMISTest')
data.setCell(39, 2, 'risTestScripts.ImagingMISTests')
data.setCell(39, 3, 2226);
data.setCell(40, 0, 40)
data.setCell(40, 1, 'itemsPerPageTest')
data.setCell(40, 2, 'risTestScripts.ReportUpdateTests')
data.setCell(40, 3, 2116);
data.setCell(41, 0, 41)
data.setCell(41, 1, 'itemsPerPageTest')
data.setCell(41, 2, 'risTestScripts.ConfirmationTests')
data.setCell(41, 3, 2103);
data.setCell(42, 0, 42)
data.setCell(42, 1, 'updateButtonTest')
data.setCell(42, 2, 'risTestScripts.ReportUpdateTests')
data.setCell(42, 3, 2060);
data.setCell(43, 0, 43)
data.setCell(43, 1, 'validateMappingTableDataTest')
data.setCell(43, 2, 'risTestScripts.ServiceRoomMappingTests')
data.setCell(43, 3, 2030);
data.setCell(44, 0, 44)
data.setCell(44, 1, 'searchTemplateTest')
data.setCell(44, 2, 'risTestScripts.ManageTemplateTests')
data.setCell(44, 3, 2017);
data.setCell(45, 0, 45)
data.setCell(45, 1, 'searchOnAvailableTemplateTableTest')
data.setCell(45, 2, 'risTestScripts.ManageTemplateTests')
data.setCell(45, 3, 2016);
data.setCell(46, 0, 46)
data.setCell(46, 1, 'AddReportTemplateTest')
data.setCell(46, 2, 'risTestScripts.ManageTemplateTests')
data.setCell(46, 3, 2016);
data.setCell(47, 0, 47)
data.setCell(47, 1, 'defaultViewDataTest')
data.setCell(47, 2, 'risTestScripts.ManageTemplateTests')
data.setCell(47, 3, 2012);
data.setCell(48, 0, 48)
data.setCell(48, 1, 'validateMisReportDataTest')
data.setCell(48, 2, 'risTestScripts.ImagingMISTests')
data.setCell(48, 3, 2011);
data.setCell(49, 0, 49)
data.setCell(49, 1, 'searchRoomMappingTest')
data.setCell(49, 2, 'risTestScripts.ServiceRoomMappingTests')
data.setCell(49, 3, 2010);
data.setCell(50, 0, 50)
data.setCell(50, 1, 'addNewRoomTest')
data.setCell(50, 2, 'risTestScripts.ServiceRoomMappingTests')
data.setCell(50, 3, 2007);
data.setCell(51, 0, 51)
data.setCell(51, 1, 'updateMappingTest')
data.setCell(51, 2, 'risTestScripts.ServiceRoomMappingTests')
data.setCell(51, 3, 2007);
data.setCell(52, 0, 52)
data.setCell(52, 1, 'openServiceRoomMappingTest')
data.setCell(52, 2, 'risTestScripts.ServiceRoomMappingTests')
data.setCell(52, 3, 2004);
data.setCell(53, 0, 53)
data.setCell(53, 1, 'createButtonTest')
data.setCell(53, 2, 'risTestScripts.ReportCreationTests')
data.setCell(53, 3, 1382);
data.setCell(54, 0, 54)
data.setCell(54, 1, 'reportCreationPageCreatedByTest')
data.setCell(54, 2, 'risTestScripts.ReportCreationTests')
data.setCell(54, 3, 1376);
data.setCell(55, 0, 55)
data.setCell(55, 1, 'verifiedByTest')
data.setCell(55, 2, 'risTestScripts.ReportVerifyTests')
data.setCell(55, 3, 1302);
data.setCell(56, 0, 56)
data.setCell(56, 1, 'reportCreationPageSelectTemplateTest')
data.setCell(56, 2, 'risTestScripts.ReportCreationTests')
data.setCell(56, 3, 1296);
data.setCell(57, 0, 57)
data.setCell(57, 1, 'inputStudyNumberTest')
data.setCell(57, 2, 'risTestScripts.ConfirmationTests')
data.setCell(57, 3, 1266);
data.setCell(58, 0, 58)
data.setCell(58, 1, 'confirmButtonTest')
data.setCell(58, 2, 'risTestScripts.ConfirmationTests')
data.setCell(58, 3, 1243);
data.setCell(59, 0, 59)
data.setCell(59, 1, 'openReportCreationTest')
data.setCell(59, 2, 'risTestScripts.ReportCreationTests')
data.setCell(59, 3, 1210);
data.setCell(60, 0, 60)
data.setCell(60, 1, 'viewReportButtonTest')
data.setCell(60, 2, 'risTestScripts.ReportPrintTests')
data.setCell(60, 3, 1195);
data.setCell(61, 0, 61)
data.setCell(61, 1, 'itemsPerPageTest')
data.setCell(61, 2, 'risTestScripts.ScheduleTests')
data.setCell(61, 3, 1109);
data.setCell(62, 0, 62)
data.setCell(62, 1, 'reportCreationPageNegativeTest')
data.setCell(62, 2, 'risTestScripts.ReportCreationTests')
data.setCell(62, 3, 1087);
data.setCell(63, 0, 63)
data.setCell(63, 1, 'uniqueTemplateNameTest')
data.setCell(63, 2, 'risTestScripts.ManageTemplateTests')
data.setCell(63, 3, 1017);
data.setCell(64, 0, 64)
data.setCell(64, 1, 'addNewRoomButtonTest')
data.setCell(64, 2, 'risTestScripts.ServiceRoomMappingTests')
data.setCell(64, 3, 1010);
data.setCell(65, 0, 65)
data.setCell(65, 1, 'printMISReportButtonTest')
data.setCell(65, 2, 'risTestScripts.ImagingMISTests')
data.setCell(65, 3, 1007);
data.setCell(66, 0, 66)
data.setCell(66, 1, 'updateButtonTest')
data.setCell(66, 2, 'risTestScripts.ServiceRoomMappingTests')
data.setCell(66, 3, 1003);
data.setCell(67, 0, 67)
data.setCell(67, 1, 'searchWithServiceCategoryServiceAndDateTest')
data.setCell(67, 2, 'risTestScripts.ConfirmationTests')
data.setCell(67, 3, 256);
data.setCell(68, 0, 68)
data.setCell(68, 1, 'openManageTemplateTest')
data.setCell(68, 2, 'risTestScripts.ManageTemplateTests')
data.setCell(68, 3, 20);
data.setCell(69, 0, 69)
data.setCell(69, 1, 'updateTemplateTest')
data.setCell(69, 2, 'risTestScripts.ManageTemplateTests')
data.setCell(69, 3, 5);
data.setCell(70, 0, 70)
data.setCell(70, 1, 'searchOnServiceRoomMappingTableTest')
data.setCell(70, 2, 'risTestScripts.ServiceRoomMappingTests')
data.setCell(70, 3, 3);
data.setCell(71, 0, 71)
data.setCell(71, 1, 'AddReportTemplateButtonTest')
data.setCell(71, 2, 'risTestScripts.ManageTemplateTests')
data.setCell(71, 3, 2);
window.suiteTableData['RIS_Functional_suite']= { tableData: data, tableDiv: 'times-div-RIS_Functional_suite'}
return data;
}
              </script>
              <span class="suite-total-time">Total running time: 4 minutes</span>
              <div id="times-div-RIS_Functional_suite">
              </div> <!-- times-div-RIS_Functional_suite -->
            </div> <!-- times-div -->
          </div> <!-- main-panel-content rounded-window-bottom -->
        </div> <!-- panel -->
        <div panel-name="reporter-RIS_Functional_suite" class="panel">
          <div class="main-panel-header rounded-window-top">
            <span class="header-content">Reporter output for RIS Functional suite</span>
          </div> <!-- main-panel-header rounded-window-top -->
          <div class="main-panel-content rounded-window-bottom">
            <div class="reporter-method-div">
              <span class="reporter-method-name">reportCreationPageDataTest</span>
              <div class="reporter-method-output-div">
                <span class="reporter-method-output">Passed: reportCreationPageDataTest</span>
              </div> <!-- reporter-method-output-div -->
            </div> <!-- reporter-method-div -->
            <div class="reporter-method-div">
              <span class="reporter-method-name">itemsPerPageTest</span>
              <div class="reporter-method-output-div">
                <span class="reporter-method-output">Passed: itemsPerPageTest</span>
              </div> <!-- reporter-method-output-div -->
            </div> <!-- reporter-method-div -->
            <div class="reporter-method-div">
              <span class="reporter-method-name">searchOnPrintReportTableTest</span>
              <div class="reporter-method-output-div">
                <span class="reporter-method-output">Passed: searchOnPrintReportTableTest</span>
              </div> <!-- reporter-method-output-div -->
            </div> <!-- reporter-method-div -->
            <div class="reporter-method-div">
              <span class="reporter-method-name">openImagingMISTest</span>
              <div class="reporter-method-output-div">
                <span class="reporter-method-output">Passed: openImagingMISTest</span>
              </div> <!-- reporter-method-output-div -->
            </div> <!-- reporter-method-div -->
            <div class="reporter-method-div">
              <span class="reporter-method-name">openRis</span>
              <div class="reporter-method-output-div">
                <span class="reporter-method-output">Passed: openRis</span>
              </div> <!-- reporter-method-output-div -->
            </div> <!-- reporter-method-div -->
            <div class="reporter-method-div">
              <span class="reporter-method-name">openMainMenuTest</span>
              <div class="reporter-method-output-div">
                <span class="reporter-method-output">Passed: openMainMenuTest</span>
              </div> <!-- reporter-method-output-div -->
            </div> <!-- reporter-method-div -->
            <div class="reporter-method-div">
              <span class="reporter-method-name">reportCreationPageSelectTemplateTest</span>
              <div class="reporter-method-output-div">
                <span class="reporter-method-output">Passed: reportCreationPageSelectTemplateTest</span>
              </div> <!-- reporter-method-output-div -->
            </div> <!-- reporter-method-div -->
            <div class="reporter-method-div">
              <span class="reporter-method-name">searchResultsTest</span>
              <div class="reporter-method-output-div">
                <span class="reporter-method-output">Passed: searchResultsTest</span>
              </div> <!-- reporter-method-output-div -->
            </div> <!-- reporter-method-div -->
            <div class="reporter-method-div">
              <span class="reporter-method-name">clickUpdateReportButtonTest</span>
              <div class="reporter-method-output-div">
                <span class="reporter-method-output">Passed: clickUpdateReportButtonTest</span>
              </div> <!-- reporter-method-output-div -->
            </div> <!-- reporter-method-div -->
            <div class="reporter-method-div">
              <span class="reporter-method-name">searchWithDateNegativeTest</span>
              <div class="reporter-method-output-div">
                <span class="reporter-method-output">Passed: searchWithDateNegativeTest</span>
              </div> <!-- reporter-method-output-div -->
            </div> <!-- reporter-method-div -->
            <div class="reporter-method-div">
              <span class="reporter-method-name">inputRoomScheduledateTime</span>
              <div class="reporter-method-output-div">
                <span class="reporter-method-output">Passed: inputRoomScheduledateTime</span>
              </div> <!-- reporter-method-output-div -->
            </div> <!-- reporter-method-div -->
            <div class="reporter-method-div">
              <span class="reporter-method-name">searchWithServiceCategoryServiceDateTest</span>
              <div class="reporter-method-output-div">
                <span class="reporter-method-output">Passed: searchWithServiceCategoryServiceDateTest</span>
              </div> <!-- reporter-method-output-div -->
            </div> <!-- reporter-method-div -->
            <div class="reporter-method-div">
              <span class="reporter-method-name">verifyReportButtonTest</span>
              <div class="reporter-method-output-div">
                <span class="reporter-method-output">Passed: verifyReportButtonTest</span>
              </div> <!-- reporter-method-output-div -->
            </div> <!-- reporter-method-div -->
            <div class="reporter-method-div">
              <span class="reporter-method-name">searchOnCreateReportTableAndDataTest</span>
              <div class="reporter-method-output-div">
                <span class="reporter-method-output">Passed: searchOnCreateReportTableAndDataTest</span>
              </div> <!-- reporter-method-output-div -->
            </div> <!-- reporter-method-div -->
            <div class="reporter-method-div">
              <span class="reporter-method-name">openReportCreationTest</span>
              <div class="reporter-method-output-div">
                <span class="reporter-method-output">Passed: openReportCreationTest</span>
              </div> <!-- reporter-method-output-div -->
            </div> <!-- reporter-method-div -->
            <div class="reporter-method-div">
              <span class="reporter-method-name">reportCreationPageCreatedByTest</span>
              <div class="reporter-method-output-div">
                <span class="reporter-method-output">Passed: reportCreationPageCreatedByTest</span>
              </div> <!-- reporter-method-output-div -->
            </div> <!-- reporter-method-div -->
            <div class="reporter-method-div">
              <span class="reporter-method-name">openImageCaptureAndConfirmationTest</span>
              <div class="reporter-method-output-div">
                <span class="reporter-method-output">Passed: openImageCaptureAndConfirmationTest</span>
              </div> <!-- reporter-method-output-div -->
            </div> <!-- reporter-method-div -->
            <div class="reporter-method-div">
              <span class="reporter-method-name">defaultviewDateSearchTest</span>
              <div class="reporter-method-output-div">
                <span class="reporter-method-output">Passed: defaultviewDateSearchTest</span>
              </div> <!-- reporter-method-output-div -->
            </div> <!-- reporter-method-div -->
            <div class="reporter-method-div">
              <span class="reporter-method-name">printReportPageDataValidationTest</span>
              <div class="reporter-method-output-div">
                <span class="reporter-method-output">Passed: printReportPageDataValidationTest</span>
              </div> <!-- reporter-method-output-div -->
            </div> <!-- reporter-method-div -->
            <div class="reporter-method-div">
              <span class="reporter-method-name">confirmButtonTest</span>
              <div class="reporter-method-output-div">
                <span class="reporter-method-output">Passed: confirmButtonTest</span>
              </div> <!-- reporter-method-output-div -->
            </div> <!-- reporter-method-div -->
            <div class="reporter-method-div">
              <span class="reporter-method-name">searchWithDateTest</span>
              <div class="reporter-method-output-div">
                <span class="reporter-method-output">Passed: searchWithDateTest</span>
              </div> <!-- reporter-method-output-div -->
            </div> <!-- reporter-method-div -->
            <div class="reporter-method-div">
              <span class="reporter-method-name">itemsPerPageTest</span>
              <div class="reporter-method-output-div">
                <span class="reporter-method-output">Passed: itemsPerPageTest</span>
              </div> <!-- reporter-method-output-div -->
            </div> <!-- reporter-method-div -->
            <div class="reporter-method-div">
              <span class="reporter-method-name">defaultViewDateSearchTest</span>
              <div class="reporter-method-output-div">
                <span class="reporter-method-output">Passed: defaultViewDateSearchTest</span>
              </div> <!-- reporter-method-output-div -->
            </div> <!-- reporter-method-div -->
            <div class="reporter-method-div">
              <span class="reporter-method-name">reportCreationPageNegativeTest</span>
              <div class="reporter-method-output-div">
                <span class="reporter-method-output">Passed: reportCreationPageNegativeTest</span>
              </div> <!-- reporter-method-output-div -->
            </div> <!-- reporter-method-div -->
            <div class="reporter-method-div">
              <span class="reporter-method-name">verifyButtonTest</span>
              <div class="reporter-method-output-div">
                <span class="reporter-method-output">Passed: verifyButtonTest</span>
              </div> <!-- reporter-method-output-div -->
            </div> <!-- reporter-method-div -->
            <div class="reporter-method-div">
              <span class="reporter-method-name">openReportVerificationFromMenuTest</span>
              <div class="reporter-method-output-div">
                <span class="reporter-method-output">Passed: openReportVerificationFromMenuTest</span>
              </div> <!-- reporter-method-output-div -->
            </div> <!-- reporter-method-div -->
            <div class="reporter-method-div">
              <span class="reporter-method-name">reportVerificationPageDataTest</span>
              <div class="reporter-method-output-div">
                <span class="reporter-method-output">Passed: reportVerificationPageDataTest</span>
              </div> <!-- reporter-method-output-div -->
            </div> <!-- reporter-method-div -->
            <div class="reporter-method-div">
              <span class="reporter-method-name">searchWithServiceCategoryServiceStudyNumberRegIdDateTest</span>
              <div class="reporter-method-output-div">
                <span class="reporter-method-output">Passed: searchWithServiceCategoryServiceStudyNumberRegIdDateTest</span>
              </div> <!-- reporter-method-output-div -->
            </div> <!-- reporter-method-div -->
            <div class="reporter-method-div">
              <span class="reporter-method-name">searchOnTableTest</span>
              <div class="reporter-method-output-div">
                <span class="reporter-method-output">Passed: searchOnTableTest</span>
              </div> <!-- reporter-method-output-div -->
            </div> <!-- reporter-method-div -->
            <div class="reporter-method-div">
              <span class="reporter-method-name">verifiedByTest</span>
              <div class="reporter-method-output-div">
                <span class="reporter-method-output">Passed: verifiedByTest</span>
              </div> <!-- reporter-method-output-div -->
            </div> <!-- reporter-method-div -->
            <div class="reporter-method-div">
              <span class="reporter-method-name">searchWithServiceCategoryServiceServiceStatusRoomDateTest</span>
              <div class="reporter-method-output-div">
                <span class="reporter-method-output">Passed: searchWithServiceCategoryServiceServiceStatusRoomDateTest</span>
              </div> <!-- reporter-method-output-div -->
            </div> <!-- reporter-method-div -->
            <div class="reporter-method-div">
              <span class="reporter-method-name">openReportPrintTest</span>
              <div class="reporter-method-output-div">
                <span class="reporter-method-output">Passed: openReportPrintTest</span>
              </div> <!-- reporter-method-output-div -->
            </div> <!-- reporter-method-div -->
            <div class="reporter-method-div">
              <span class="reporter-method-name">printButtonTest</span>
              <div class="reporter-method-output-div">
                <span class="reporter-method-output">Passed: printButtonTest</span>
              </div> <!-- reporter-method-output-div -->
            </div> <!-- reporter-method-div -->
            <div class="reporter-method-div">
              <span class="reporter-method-name">showLastThreeDaysDataDefaultDateSearchTest</span>
              <div class="reporter-method-output-div">
                <span class="reporter-method-output">Passed: showLastThreeDaysDataDefaultDateSearchTest</span>
              </div> <!-- reporter-method-output-div -->
            </div> <!-- reporter-method-div -->
            <div class="reporter-method-div">
              <span class="reporter-method-name">SearchOnTableAndConfirmationTableDataTest</span>
              <div class="reporter-method-output-div">
                <span class="reporter-method-output">Passed: SearchOnTableAndConfirmationTableDataTest</span>
              </div> <!-- reporter-method-output-div -->
            </div> <!-- reporter-method-div -->
            <div class="reporter-method-div">
              <span class="reporter-method-name">viewReportButtonTest</span>
              <div class="reporter-method-output-div">
                <span class="reporter-method-output">Passed: viewReportButtonTest</span>
              </div> <!-- reporter-method-output-div -->
            </div> <!-- reporter-method-div -->
            <div class="reporter-method-div">
              <span class="reporter-method-name">inputStudyNumberTest</span>
              <div class="reporter-method-output-div">
                <span class="reporter-method-output">Passed: inputStudyNumberTest</span>
              </div> <!-- reporter-method-output-div -->
            </div> <!-- reporter-method-div -->
            <div class="reporter-method-div">
              <span class="reporter-method-name">searchWithServiceCategoryServiceStudyNumberRegIdTest</span>
              <div class="reporter-method-output-div">
                <span class="reporter-method-output">Passed: searchWithServiceCategoryServiceStudyNumberRegIdTest</span>
              </div> <!-- reporter-method-output-div -->
            </div> <!-- reporter-method-div -->
            <div class="reporter-method-div">
              <span class="reporter-method-name">scheduleButtonTest</span>
              <div class="reporter-method-output-div">
                <span class="reporter-method-output">Passed: scheduleButtonTest</span>
              </div> <!-- reporter-method-output-div -->
            </div> <!-- reporter-method-div -->
            <div class="reporter-method-div">
              <span class="reporter-method-name">defaultViewTableDataTest</span>
              <div class="reporter-method-output-div">
                <span class="reporter-method-output">Passed: defaultViewTableDataTest</span>
              </div> <!-- reporter-method-output-div -->
            </div> <!-- reporter-method-div -->
            <div class="reporter-method-div">
              <span class="reporter-method-name">openRis</span>
              <div class="reporter-method-output-div">
                <span class="reporter-method-output">Passed: openRis</span>
              </div> <!-- reporter-method-output-div -->
            </div> <!-- reporter-method-div -->
            <div class="reporter-method-div">
              <span class="reporter-method-name">searchWithServiceCategoryServiceStudyNumberRegIdTest</span>
              <div class="reporter-method-output-div">
                <span class="reporter-method-output">Passed: searchWithServiceCategoryServiceStudyNumberRegIdTest</span>
              </div> <!-- reporter-method-output-div -->
            </div> <!-- reporter-method-div -->
            <div class="reporter-method-div">
              <span class="reporter-method-name">itemsPerPageTest</span>
              <div class="reporter-method-output-div">
                <span class="reporter-method-output">Passed: itemsPerPageTest</span>
              </div> <!-- reporter-method-output-div -->
            </div> <!-- reporter-method-div -->
            <div class="reporter-method-div">
              <span class="reporter-method-name">createButtonTest</span>
              <div class="reporter-method-output-div">
                <span class="reporter-method-output">Passed: createButtonTest</span>
              </div> <!-- reporter-method-output-div -->
            </div> <!-- reporter-method-div -->
            <div class="reporter-method-div">
              <span class="reporter-method-name">reportCreationPageSaveButtonTest</span>
              <div class="reporter-method-output-div">
                <span class="reporter-method-output">Passed: reportCreationPageSaveButtonTest</span>
              </div> <!-- reporter-method-output-div -->
            </div> <!-- reporter-method-div -->
            <div class="reporter-method-div">
              <span class="reporter-method-name">searchOnVerifyReportTableTest</span>
              <div class="reporter-method-output-div">
                <span class="reporter-method-output">Passed: searchOnVerifyReportTableTest</span>
              </div> <!-- reporter-method-output-div -->
            </div> <!-- reporter-method-div -->
            <div class="reporter-method-div">
              <span class="reporter-method-name">validateUpdatedMappingTest</span>
              <div class="reporter-method-output-div">
                <span class="reporter-method-output">Failed: validateUpdatedMappingTest</span>
              </div> <!-- reporter-method-output-div -->
            </div> <!-- reporter-method-div -->
            <div class="reporter-method-div">
              <span class="reporter-method-name">searchWithServiceCategoryServiceStudyNumberRegIdDateTest</span>
              <div class="reporter-method-output-div">
                <span class="reporter-method-output">Failed: searchWithServiceCategoryServiceStudyNumberRegIdDateTest</span>
              </div> <!-- reporter-method-output-div -->
            </div> <!-- reporter-method-div -->
            <div class="reporter-method-div">
              <span class="reporter-method-name">uniqueTemplateNameTest</span>
              <div class="reporter-method-output-div">
                <span class="reporter-method-output">Failed: uniqueTemplateNameTest</span>
              </div> <!-- reporter-method-output-div -->
            </div> <!-- reporter-method-div -->
            <div class="reporter-method-div">
              <span class="reporter-method-name">updateButtonTest</span>
              <div class="reporter-method-output-div">
                <span class="reporter-method-output">Failed: updateButtonTest</span>
              </div> <!-- reporter-method-output-div -->
            </div> <!-- reporter-method-div -->
            <div class="reporter-method-div">
              <span class="reporter-method-name">addNewRoomButtonTest</span>
              <div class="reporter-method-output-div">
                <span class="reporter-method-output">Failed: addNewRoomButtonTest</span>
              </div> <!-- reporter-method-output-div -->
            </div> <!-- reporter-method-div -->
            <div class="reporter-method-div">
              <span class="reporter-method-name">searchOnServiceRoomMappingTableTest</span>
              <div class="reporter-method-output-div">
                <span class="reporter-method-output">Failed: searchOnServiceRoomMappingTableTest</span>
              </div> <!-- reporter-method-output-div -->
            </div> <!-- reporter-method-div -->
            <div class="reporter-method-div">
              <span class="reporter-method-name">validateMisReportDataTest</span>
              <div class="reporter-method-output-div">
                <span class="reporter-method-output">Failed: validateMisReportDataTest</span>
              </div> <!-- reporter-method-output-div -->
            </div> <!-- reporter-method-div -->
            <div class="reporter-method-div">
              <span class="reporter-method-name">defaultViewDataTest</span>
              <div class="reporter-method-output-div">
                <span class="reporter-method-output">Failed: defaultViewDataTest</span>
              </div> <!-- reporter-method-output-div -->
            </div> <!-- reporter-method-div -->
            <div class="reporter-method-div">
              <span class="reporter-method-name">defaultViewDateSearchTest</span>
              <div class="reporter-method-output-div">
                <span class="reporter-method-output">Failed: defaultViewDateSearchTest</span>
              </div> <!-- reporter-method-output-div -->
            </div> <!-- reporter-method-div -->
            <div class="reporter-method-div">
              <span class="reporter-method-name">defaultViewTest</span>
              <div class="reporter-method-output-div">
                <span class="reporter-method-output">Failed: defaultViewTest</span>
              </div> <!-- reporter-method-output-div -->
            </div> <!-- reporter-method-div -->
            <div class="reporter-method-div">
              <span class="reporter-method-name">openServiceRoomMappingTest</span>
              <div class="reporter-method-output-div">
                <span class="reporter-method-output">Failed: openServiceRoomMappingTest</span>
              </div> <!-- reporter-method-output-div -->
            </div> <!-- reporter-method-div -->
            <div class="reporter-method-div">
              <span class="reporter-method-name">searchOnAvailableTemplateTableTest</span>
              <div class="reporter-method-output-div">
                <span class="reporter-method-output">Failed: searchOnAvailableTemplateTableTest</span>
              </div> <!-- reporter-method-output-div -->
            </div> <!-- reporter-method-div -->
            <div class="reporter-method-div">
              <span class="reporter-method-name">addNewRoomTest</span>
              <div class="reporter-method-output-div">
                <span class="reporter-method-output">Failed: addNewRoomTest</span>
              </div> <!-- reporter-method-output-div -->
            </div> <!-- reporter-method-div -->
            <div class="reporter-method-div">
              <span class="reporter-method-name">AddReportTemplateButtonTest</span>
              <div class="reporter-method-output-div">
                <span class="reporter-method-output">Failed: AddReportTemplateButtonTest</span>
              </div> <!-- reporter-method-output-div -->
            </div> <!-- reporter-method-div -->
            <div class="reporter-method-div">
              <span class="reporter-method-name">updateButtonTest</span>
              <div class="reporter-method-output-div">
                <span class="reporter-method-output">Failed: updateButtonTest</span>
              </div> <!-- reporter-method-output-div -->
            </div> <!-- reporter-method-div -->
            <div class="reporter-method-div">
              <span class="reporter-method-name">searchWithServiceCategoryServiceAndDateTest</span>
              <div class="reporter-method-output-div">
                <span class="reporter-method-output">Failed: searchWithServiceCategoryServiceAndDateTest</span>
              </div> <!-- reporter-method-output-div -->
            </div> <!-- reporter-method-div -->
            <div class="reporter-method-div">
              <span class="reporter-method-name">AddReportTemplateTest</span>
              <div class="reporter-method-output-div">
                <span class="reporter-method-output">Failed: AddReportTemplateTest</span>
              </div> <!-- reporter-method-output-div -->
            </div> <!-- reporter-method-div -->
            <div class="reporter-method-div">
              <span class="reporter-method-name">validateMappingTableDataTest</span>
              <div class="reporter-method-output-div">
                <span class="reporter-method-output">Failed: validateMappingTableDataTest</span>
              </div> <!-- reporter-method-output-div -->
            </div> <!-- reporter-method-div -->
            <div class="reporter-method-div">
              <span class="reporter-method-name">searchTemplateTest</span>
              <div class="reporter-method-output-div">
                <span class="reporter-method-output">Failed: searchTemplateTest</span>
              </div> <!-- reporter-method-output-div -->
            </div> <!-- reporter-method-div -->
            <div class="reporter-method-div">
              <span class="reporter-method-name">updateTemplateTest</span>
              <div class="reporter-method-output-div">
                <span class="reporter-method-output">Failed: updateTemplateTest</span>
              </div> <!-- reporter-method-output-div -->
            </div> <!-- reporter-method-div -->
            <div class="reporter-method-div">
              <span class="reporter-method-name">searchRoomMappingTest</span>
              <div class="reporter-method-output-div">
                <span class="reporter-method-output">Failed: searchRoomMappingTest</span>
              </div> <!-- reporter-method-output-div -->
            </div> <!-- reporter-method-div -->
            <div class="reporter-method-div">
              <span class="reporter-method-name">updateMappingTest</span>
              <div class="reporter-method-output-div">
                <span class="reporter-method-output">Failed: updateMappingTest</span>
              </div> <!-- reporter-method-output-div -->
            </div> <!-- reporter-method-div -->
            <div class="reporter-method-div">
              <span class="reporter-method-name">updateReportAndUpdatebuttonTest</span>
              <div class="reporter-method-output-div">
                <span class="reporter-method-output">Failed: updateReportAndUpdatebuttonTest</span>
              </div> <!-- reporter-method-output-div -->
            </div> <!-- reporter-method-div -->
            <div class="reporter-method-div">
              <span class="reporter-method-name">printMISReportButtonTest</span>
              <div class="reporter-method-output-div">
                <span class="reporter-method-output">Failed: printMISReportButtonTest</span>
              </div> <!-- reporter-method-output-div -->
            </div> <!-- reporter-method-div -->
            <div class="reporter-method-div">
              <span class="reporter-method-name">searchOnMISTableTest</span>
              <div class="reporter-method-output-div">
                <span class="reporter-method-output">Failed: searchOnMISTableTest</span>
              </div> <!-- reporter-method-output-div -->
            </div> <!-- reporter-method-div -->
            <div class="reporter-method-div">
              <span class="reporter-method-name">openManageTemplateTest</span>
              <div class="reporter-method-output-div">
                <span class="reporter-method-output">Failed: openManageTemplateTest</span>
              </div> <!-- reporter-method-output-div -->
            </div> <!-- reporter-method-div -->
          </div> <!-- main-panel-content rounded-window-bottom -->
        </div> <!-- panel -->
        <div panel-name="ignored-methods-RIS_Functional_suite" class="panel">
          <div class="main-panel-header rounded-window-top">
            <span class="header-content">0 ignored methods</span>
          </div> <!-- main-panel-header rounded-window-top -->
          <div class="main-panel-content rounded-window-bottom">
          </div> <!-- main-panel-content rounded-window-bottom -->
        </div> <!-- panel -->
        <div panel-name="chronological-RIS_Functional_suite" class="panel">
          <div class="main-panel-header rounded-window-top">
            <span class="header-content">Methods in chronological order</span>
          </div> <!-- main-panel-header rounded-window-top -->
          <div class="main-panel-content rounded-window-bottom">
            <div class="chronological-class">
              <div class="chronological-class-name">risTestScripts.ScheduleTests</div> <!-- chronological-class-name -->
              <div class="test-method">
                <span class="method-name">openRis</span>
                <span class="method-start">0 ms</span>
              </div> <!-- test-method -->
              <div class="test-method">
                <span class="method-name">searchWithDateNegativeTest</span>
                <span class="method-start">37717 ms</span>
              </div> <!-- test-method -->
              <div class="test-method">
                <span class="method-name">searchWithServiceCategoryServiceDateTest</span>
                <span class="method-start">42965 ms</span>
              </div> <!-- test-method -->
              <div class="test-method">
                <span class="method-name">searchResultsTest</span>
                <span class="method-start">48679 ms</span>
              </div> <!-- test-method -->
              <div class="test-method">
                <span class="method-name">itemsPerPageTest</span>
                <span class="method-start">51788 ms</span>
              </div> <!-- test-method -->
              <div class="test-method">
                <span class="method-name">searchOnTableTest</span>
                <span class="method-start">52900 ms</span>
              </div> <!-- test-method -->
              <div class="test-method">
                <span class="method-name">inputRoomScheduledateTime</span>
                <span class="method-start">57433 ms</span>
              </div> <!-- test-method -->
              <div class="test-method">
                <span class="method-name">scheduleButtonTest</span>
                <span class="method-start">64069 ms</span>
              </div> <!-- test-method -->
            </div> <!-- chronological-class -->
            <div class="chronological-class">
              <div class="chronological-class-name">risTestScripts.ConfirmationTests</div> <!-- chronological-class-name -->
              <div class="test-method">
                <span class="method-name">openMainMenuTest</span>
                <span class="method-start">66384 ms</span>
              </div> <!-- test-method -->
              <div class="test-method">
                <span class="method-name">openImageCaptureAndConfirmationTest</span>
                <span class="method-start">70585 ms</span>
              </div> <!-- test-method -->
              <div class="test-method">
                <span class="method-name">searchWithDateTest</span>
                <span class="method-start">72820 ms</span>
              </div> <!-- test-method -->
              <div class="test-method">
                <img src="failed.png">
                </img>
                <span class="method-name">searchWithServiceCategoryServiceAndDateTest</span>
                <span class="method-start">76935 ms</span>
              </div> <!-- test-method -->
              <div class="test-method">
                <span class="method-name">itemsPerPageTest</span>
                <span class="method-start">77225 ms</span>
              </div> <!-- test-method -->
              <div class="test-method">
                <span class="method-name">SearchOnTableAndConfirmationTableDataTest</span>
                <span class="method-start">79330 ms</span>
              </div> <!-- test-method -->
              <div class="test-method">
                <span class="method-name">inputStudyNumberTest</span>
                <span class="method-start">83940 ms</span>
              </div> <!-- test-method -->
              <div class="test-method">
                <span class="method-name">confirmButtonTest</span>
                <span class="method-start">85208 ms</span>
              </div> <!-- test-method -->
            </div> <!-- chronological-class -->
            <div class="chronological-class">
              <div class="chronological-class-name">risTestScripts.ReportCreationTests</div> <!-- chronological-class-name -->
              <div class="test-method">
                <span class="method-name">openReportCreationTest</span>
                <span class="method-start">86455 ms</span>
              </div> <!-- test-method -->
              <div class="test-method">
                <span class="method-name">showLastThreeDaysDataDefaultDateSearchTest</span>
                <span class="method-start">87668 ms</span>
              </div> <!-- test-method -->
              <div class="test-method">
                <span class="method-name">searchWithServiceCategoryServiceStudyNumberRegIdDateTest</span>
                <span class="method-start">91785 ms</span>
              </div> <!-- test-method -->
              <div class="test-method">
                <span class="method-name">searchOnCreateReportTableAndDataTest</span>
                <span class="method-start">97926 ms</span>
              </div> <!-- test-method -->
              <div class="test-method">
                <span class="method-name">createButtonTest</span>
                <span class="method-start">104390 ms</span>
              </div> <!-- test-method -->
              <div class="test-method">
                <span class="method-name">reportCreationPageDataTest</span>
                <span class="method-start">105773 ms</span>
              </div> <!-- test-method -->
              <div class="test-method">
                <span class="method-name">reportCreationPageNegativeTest</span>
                <span class="method-start">109140 ms</span>
              </div> <!-- test-method -->
              <div class="test-method">
                <span class="method-name">reportCreationPageSelectTemplateTest</span>
                <span class="method-start">110230 ms</span>
              </div> <!-- test-method -->
              <div class="test-method">
                <span class="method-name">reportCreationPageCreatedByTest</span>
                <span class="method-start">111530 ms</span>
              </div> <!-- test-method -->
              <div class="test-method">
                <span class="method-name">reportCreationPageSaveButtonTest</span>
                <span class="method-start">112910 ms</span>
              </div> <!-- test-method -->
            </div> <!-- chronological-class -->
            <div class="chronological-class">
              <div class="chronological-class-name">risTestScripts.ReportUpdateTests</div> <!-- chronological-class-name -->
              <div class="test-method">
                <span class="method-name">clickUpdateReportButtonTest</span>
                <span class="method-start">115151 ms</span>
              </div> <!-- test-method -->
              <div class="test-method">
                <span class="method-name">defaultViewTableDataTest</span>
                <span class="method-start">118418 ms</span>
              </div> <!-- test-method -->
              <div class="test-method">
                <span class="method-name">itemsPerPageTest</span>
                <span class="method-start">121521 ms</span>
              </div> <!-- test-method -->
              <div class="test-method">
                <img src="failed.png">
                </img>
                <span class="method-name">searchWithServiceCategoryServiceStudyNumberRegIdDateTest</span>
                <span class="method-start">123638 ms</span>
              </div> <!-- test-method -->
              <div class="test-method">
                <img src="failed.png">
                </img>
                <span class="method-name">updateButtonTest</span>
                <span class="method-start">135612 ms</span>
              </div> <!-- test-method -->
              <div class="test-method">
                <img src="failed.png">
                </img>
                <span class="method-name">updateReportAndUpdatebuttonTest</span>
                <span class="method-start">137677 ms</span>
              </div> <!-- test-method -->
            </div> <!-- chronological-class -->
            <div class="chronological-class">
              <div class="chronological-class-name">risTestScripts.ReportVerifyTests</div> <!-- chronological-class-name -->
              <div class="test-method">
                <span class="method-name">openReportVerificationFromMenuTest</span>
                <span class="method-start">140750 ms</span>
              </div> <!-- test-method -->
              <div class="test-method">
                <span class="method-name">defaultviewDateSearchTest</span>
                <span class="method-start">144940 ms</span>
              </div> <!-- test-method -->
              <div class="test-method">
                <span class="method-name">searchOnVerifyReportTableTest</span>
                <span class="method-start">148048 ms</span>
              </div> <!-- test-method -->
              <div class="test-method">
                <span class="method-name">searchWithServiceCategoryServiceStudyNumberRegIdTest</span>
                <span class="method-start">152408 ms</span>
              </div> <!-- test-method -->
              <div class="test-method">
                <span class="method-name">verifyButtonTest</span>
                <span class="method-start">157488 ms</span>
              </div> <!-- test-method -->
              <div class="test-method">
                <span class="method-name">reportVerificationPageDataTest</span>
                <span class="method-start">159917 ms</span>
              </div> <!-- test-method -->
              <div class="test-method">
                <span class="method-name">verifiedByTest</span>
                <span class="method-start">163293 ms</span>
              </div> <!-- test-method -->
              <div class="test-method">
                <span class="method-name">verifyReportButtonTest</span>
                <span class="method-start">164597 ms</span>
              </div> <!-- test-method -->
            </div> <!-- chronological-class -->
            <div class="chronological-class">
              <div class="chronological-class-name">risTestScripts.ReportPrintTests</div> <!-- chronological-class-name -->
              <div class="test-method">
                <span class="method-name">openRis</span>
                <span class="method-start">166830 ms</span>
              </div> <!-- test-method -->
              <div class="test-method">
                <span class="method-name">openReportPrintTest</span>
                <span class="method-start">198005 ms</span>
              </div> <!-- test-method -->
              <div class="test-method">
                <span class="method-name">defaultViewDateSearchTest</span>
                <span class="method-start">204259 ms</span>
              </div> <!-- test-method -->
              <div class="test-method">
                <span class="method-name">searchWithServiceCategoryServiceStudyNumberRegIdTest</span>
                <span class="method-start">208360 ms</span>
              </div> <!-- test-method -->
              <div class="test-method">
                <span class="method-name">searchOnPrintReportTableTest</span>
                <span class="method-start">211343 ms</span>
              </div> <!-- test-method -->
              <div class="test-method">
                <span class="method-name">viewReportButtonTest</span>
                <span class="method-start">216817 ms</span>
              </div> <!-- test-method -->
              <div class="test-method">
                <span class="method-name">printReportPageDataValidationTest</span>
                <span class="method-start">218013 ms</span>
              </div> <!-- test-method -->
              <div class="test-method">
                <span class="method-name">printButtonTest</span>
                <span class="method-start">221387 ms</span>
              </div> <!-- test-method -->
            </div> <!-- chronological-class -->
            <div class="chronological-class">
              <div class="chronological-class-name">risTestScripts.ImagingMISTests</div> <!-- chronological-class-name -->
              <div class="test-method">
                <span class="method-name">openImagingMISTest</span>
                <span class="method-start">223633 ms</span>
              </div> <!-- test-method -->
              <div class="test-method">
                <img src="failed.png">
                </img>
                <span class="method-name">defaultViewDateSearchTest</span>
                <span class="method-start">225862 ms</span>
              </div> <!-- test-method -->
              <div class="test-method">
                <span class="method-name">searchWithServiceCategoryServiceServiceStatusRoomDateTest</span>
                <span class="method-start">228930 ms</span>
              </div> <!-- test-method -->
              <div class="test-method">
                <img src="failed.png">
                </img>
                <span class="method-name">searchOnMISTableTest</span>
                <span class="method-start">237225 ms</span>
              </div> <!-- test-method -->
              <div class="test-method">
                <img src="failed.png">
                </img>
                <span class="method-name">validateMisReportDataTest</span>
                <span class="method-start">241537 ms</span>
              </div> <!-- test-method -->
              <div class="test-method">
                <img src="failed.png">
                </img>
                <span class="method-name">printMISReportButtonTest</span>
                <span class="method-start">243553 ms</span>
              </div> <!-- test-method -->
            </div> <!-- chronological-class -->
            <div class="chronological-class">
              <div class="chronological-class-name">risTestScripts.ServiceRoomMappingTests</div> <!-- chronological-class-name -->
              <div class="test-method">
                <img src="failed.png">
                </img>
                <span class="method-name">openServiceRoomMappingTest</span>
                <span class="method-start">244565 ms</span>
              </div> <!-- test-method -->
              <div class="test-method">
                <img src="failed.png">
                </img>
                <span class="method-name">defaultViewTest</span>
                <span class="method-start">246573 ms</span>
              </div> <!-- test-method -->
              <div class="test-method">
                <img src="failed.png">
                </img>
                <span class="method-name">addNewRoomButtonTest</span>
                <span class="method-start">249594 ms</span>
              </div> <!-- test-method -->
              <div class="test-method">
                <img src="failed.png">
                </img>
                <span class="method-name">addNewRoomTest</span>
                <span class="method-start">250609 ms</span>
              </div> <!-- test-method -->
              <div class="test-method">
                <img src="failed.png">
                </img>
                <span class="method-name">searchRoomMappingTest</span>
                <span class="method-start">252621 ms</span>
              </div> <!-- test-method -->
              <div class="test-method">
                <img src="failed.png">
                </img>
                <span class="method-name">searchOnServiceRoomMappingTableTest</span>
                <span class="method-start">254635 ms</span>
              </div> <!-- test-method -->
              <div class="test-method">
                <img src="failed.png">
                </img>
                <span class="method-name">validateMappingTableDataTest</span>
                <span class="method-start">254643 ms</span>
              </div> <!-- test-method -->
              <div class="test-method">
                <img src="failed.png">
                </img>
                <span class="method-name">updateButtonTest</span>
                <span class="method-start">256677 ms</span>
              </div> <!-- test-method -->
              <div class="test-method">
                <img src="failed.png">
                </img>
                <span class="method-name">updateMappingTest</span>
                <span class="method-start">257703 ms</span>
              </div> <!-- test-method -->
              <div class="test-method">
                <img src="failed.png">
                </img>
                <span class="method-name">validateUpdatedMappingTest</span>
                <span class="method-start">259714 ms</span>
              </div> <!-- test-method -->
            </div> <!-- chronological-class -->
            <div class="chronological-class">
              <div class="chronological-class-name">risTestScripts.ManageTemplateTests</div> <!-- chronological-class-name -->
              <div class="test-method">
                <img src="failed.png">
                </img>
                <span class="method-name">openManageTemplateTest</span>
                <span class="method-start">262746 ms</span>
              </div> <!-- test-method -->
              <div class="test-method">
                <img src="failed.png">
                </img>
                <span class="method-name">defaultViewDataTest</span>
                <span class="method-start">262770 ms</span>
              </div> <!-- test-method -->
              <div class="test-method">
                <img src="failed.png">
                </img>
                <span class="method-name">AddReportTemplateButtonTest</span>
                <span class="method-start">264791 ms</span>
              </div> <!-- test-method -->
              <div class="test-method">
                <img src="failed.png">
                </img>
                <span class="method-name">AddReportTemplateTest</span>
                <span class="method-start">264798 ms</span>
              </div> <!-- test-method -->
              <div class="test-method">
                <img src="failed.png">
                </img>
                <span class="method-name">searchTemplateTest</span>
                <span class="method-start">266819 ms</span>
              </div> <!-- test-method -->
              <div class="test-method">
                <img src="failed.png">
                </img>
                <span class="method-name">searchOnAvailableTemplateTableTest</span>
                <span class="method-start">268840 ms</span>
              </div> <!-- test-method -->
              <div class="test-method">
                <img src="failed.png">
                </img>
                <span class="method-name">uniqueTemplateNameTest</span>
                <span class="method-start">270859 ms</span>
              </div> <!-- test-method -->
              <div class="test-method">
                <img src="failed.png">
                </img>
                <span class="method-name">updateTemplateTest</span>
                <span class="method-start">271879 ms</span>
              </div> <!-- test-method -->
          </div> <!-- main-panel-content rounded-window-bottom -->
        </div> <!-- panel -->
      </div> <!-- main-panel-root -->
    </div> <!-- wrapper -->
  </body>
</html>
