<?xml version="1.0" encoding="UTF-8"?>
<!-- Generated by org.testng.reporters.JUnitXMLReporter -->
<testsuite hostname="DESKTOP-MM5QJ97" name="RIS Application Tests" tests="71" failures="0" timestamp="15 Mar 2022 06:58:20 GMT" time="0.314" errors="0">
  <testcase name="@BeforeSuite launchApp" time="0.0" classname="OpenBrowsers.Login">
    <failure type="org.openqa.selenium.NoSuchElementException" message="no such element: Unable to locate element: {&amp;quot;method&amp;quot;:&amp;quot;xpath&amp;quot;,&amp;quot;selector&amp;quot;:&amp;quot;//*[@id=&amp;apos;content-wrap&amp;apos;]/app-header/app-login/section/div/div/div[2]/form/div/button&amp;quot;}
  (Session info: MicrosoftEdge=99.0.1150.30)
For documentation on this error, please visit: https://www.seleniumhq.org/exceptions/no_such_element.html
Build info: version: &amp;apos;3.141.59&amp;apos;, revision: &amp;apos;e82be7d358&amp;apos;, time: &amp;apos;2018-11-14T08:17:03&amp;apos;
System info: host: &amp;apos;DESKTOP-MM5QJ97&amp;apos;, ip: &amp;apos;10.23.252.35&amp;apos;, os.name: &amp;apos;Windows 10&amp;apos;, os.arch: &amp;apos;amd64&amp;apos;, os.version: &amp;apos;10.0&amp;apos;, java.version: &amp;apos;1.8.0_311&amp;apos;
Driver info: org.openqa.selenium.edge.EdgeDriver
Capabilities {acceptInsecureCerts: false, browserName: msedge, browserVersion: 99.0.1150.30, javascriptEnabled: true, ms:edgeOptions: {debuggerAddress: localhost:52945}, msedge: {msedgedriverVersion: 99.0.1150.39 (83e7eb830583b..., userDataDir: C:\Users\ravik\AppData\Loca...}, networkConnectionEnabled: false, pageLoadStrategy: normal, platform: WINDOWS, platformName: WINDOWS, proxy: Proxy(), setWindowRect: true, strictFileInteractability: false, timeouts: {implicit: 0, pageLoad: 300000, script: 30000}, unhandledPromptBehavior: dismiss and notify, webauthn:extension:credBlob: true, webauthn:extension:largeBlob: true, webauthn:virtualAuthenticators: true}
Session ID: fa6e04d9f5cb6641396ef763da30001a
*** Element info: {Using=xpath, value=//*[@id=&amp;apos;content-wrap&amp;apos;]/app-header/app-login/section/div/div/div[2]/form/div/button}">
      <![CDATA[org.openqa.selenium.NoSuchElementException: no such element: Unable to locate element: {"method":"xpath","selector":"//*[@id='content-wrap']/app-header/app-login/section/div/div/div[2]/form/div/button"}
  (Session info: MicrosoftEdge=99.0.1150.30)
For documentation on this error, please visit: https://www.seleniumhq.org/exceptions/no_such_element.html
Build info: version: '3.141.59', revision: 'e82be7d358', time: '2018-11-14T08:17:03'
System info: host: 'DESKTOP-MM5QJ97', ip: '10.23.252.35', os.name: 'Windows 10', os.arch: 'amd64', os.version: '10.0', java.version: '1.8.0_311'
Driver info: org.openqa.selenium.edge.EdgeDriver
Capabilities {acceptInsecureCerts: false, browserName: msedge, browserVersion: 99.0.1150.30, javascriptEnabled: true, ms:edgeOptions: {debuggerAddress: localhost:52945}, msedge: {msedgedriverVersion: 99.0.1150.39 (83e7eb830583b..., userDataDir: C:\Users\ravik\AppData\Loca...}, networkConnectionEnabled: false, pageLoadStrategy: normal, platform: WINDOWS, platformName: WINDOWS, proxy: Proxy(), setWindowRect: true, strictFileInteractability: false, timeouts: {implicit: 0, pageLoad: 300000, script: 30000}, unhandledPromptBehavior: dismiss and notify, webauthn:extension:credBlob: true, webauthn:extension:largeBlob: true, webauthn:virtualAuthenticators: true}
Session ID: fa6e04d9f5cb6641396ef763da30001a
*** Element info: {Using=xpath, value=//*[@id='content-wrap']/app-header/app-login/section/div/div/div[2]/form/div/button}
	at org.openqa.selenium.remote.http.W3CHttpResponseCodec.createException(W3CHttpResponseCodec.java:187)
	at org.openqa.selenium.remote.http.W3CHttpResponseCodec.decode(W3CHttpResponseCodec.java:122)
	at org.openqa.selenium.remote.http.W3CHttpResponseCodec.decode(W3CHttpResponseCodec.java:49)
	at org.openqa.selenium.remote.HttpCommandExecutor.execute(HttpCommandExecutor.java:158)
	at org.openqa.selenium.remote.service.DriverCommandExecutor.execute(DriverCommandExecutor.java:83)
	at org.openqa.selenium.remote.RemoteWebDriver.execute(RemoteWebDriver.java:552)
	at org.openqa.selenium.remote.RemoteWebDriver.findElement(RemoteWebDriver.java:323)
	at org.openqa.selenium.remote.RemoteWebDriver.findElementByXPath(RemoteWebDriver.java:428)
	at org.openqa.selenium.By$ByXPath.findElement(By.java:353)
	at org.openqa.selenium.remote.RemoteWebDriver.findElement(RemoteWebDriver.java:315)
	at OpenBrowsers.Login.launchApp(Login.java:55)
... Removed 23 stack frames]]>
    </failure>
  </testcase> <!-- @BeforeSuite launchApp -->
  <testcase name="openRis" time="0.0" classname="risTestScripts.ScheduleTests">
    <skipped/>
  </testcase> <!-- openRis -->
  <testcase name="searchWithDateNegativeTest" time="0.0" classname="risTestScripts.ScheduleTests">
    <skipped/>
  </testcase> <!-- searchWithDateNegativeTest -->
  <testcase name="searchWithServiceCategoryServiceDateTest" time="0.0" classname="risTestScripts.ScheduleTests">
    <skipped/>
  </testcase> <!-- searchWithServiceCategoryServiceDateTest -->
  <testcase name="searchResultsTest" time="0.0" classname="risTestScripts.ScheduleTests">
    <skipped/>
  </testcase> <!-- searchResultsTest -->
  <testcase name="itemsPerPageTest" time="0.0" classname="risTestScripts.ScheduleTests">
    <skipped/>
  </testcase> <!-- itemsPerPageTest -->
  <testcase name="searchOnTableTest" time="0.0" classname="risTestScripts.ScheduleTests">
    <skipped/>
  </testcase> <!-- searchOnTableTest -->
  <testcase name="inputRoomScheduledateTime" time="0.0" classname="risTestScripts.ScheduleTests">
    <skipped/>
  </testcase> <!-- inputRoomScheduledateTime -->
  <testcase name="scheduleButtonTest" time="0.0" classname="risTestScripts.ScheduleTests">
    <skipped/>
  </testcase> <!-- scheduleButtonTest -->
  <testcase name="openMainMenuTest" time="0.0" classname="risTestScripts.ConfirmationTests">
    <skipped/>
  </testcase> <!-- openMainMenuTest -->
  <testcase name="openImageCaptureAndConfirmationTest" time="0.0" classname="risTestScripts.ConfirmationTests">
    <skipped/>
  </testcase> <!-- openImageCaptureAndConfirmationTest -->
  <testcase name="searchWithDateTest" time="0.0" classname="risTestScripts.ConfirmationTests">
    <skipped/>
  </testcase> <!-- searchWithDateTest -->
  <testcase name="searchWithServiceCategoryServiceAndDateTest" time="0.0" classname="risTestScripts.ConfirmationTests">
    <skipped/>
  </testcase> <!-- searchWithServiceCategoryServiceAndDateTest -->
  <testcase name="itemsPerPageTest" time="0.0" classname="risTestScripts.ConfirmationTests">
    <skipped/>
  </testcase> <!-- itemsPerPageTest -->
  <testcase name="SearchOnTableAndConfirmationTableDataTest" time="0.0" classname="risTestScripts.ConfirmationTests">
    <skipped/>
  </testcase> <!-- SearchOnTableAndConfirmationTableDataTest -->
  <testcase name="inputStudyNumberTest" time="0.0" classname="risTestScripts.ConfirmationTests">
    <skipped/>
  </testcase> <!-- inputStudyNumberTest -->
  <testcase name="confirmButtonTest" time="0.0" classname="risTestScripts.ConfirmationTests">
    <skipped/>
  </testcase> <!-- confirmButtonTest -->
  <testcase name="openReportCreationTest" time="0.0" classname="risTestScripts.ReportCreationTests">
    <skipped/>
  </testcase> <!-- openReportCreationTest -->
  <testcase name="showLastThreeDaysDataDefaultDateSearchTest" time="0.0" classname="risTestScripts.ReportCreationTests">
    <skipped/>
  </testcase> <!-- showLastThreeDaysDataDefaultDateSearchTest -->
  <testcase name="searchWithServiceCategoryServiceStudyNumberRegIdDateTest" time="0.0" classname="risTestScripts.ReportCreationTests">
    <skipped/>
  </testcase> <!-- searchWithServiceCategoryServiceStudyNumberRegIdDateTest -->
  <testcase name="searchOnCreateReportTableAndDataTest" time="0.0" classname="risTestScripts.ReportCreationTests">
    <skipped/>
  </testcase> <!-- searchOnCreateReportTableAndDataTest -->
  <testcase name="createButtonTest" time="0.0" classname="risTestScripts.ReportCreationTests">
    <skipped/>
  </testcase> <!-- createButtonTest -->
  <testcase name="reportCreationPageDataTest" time="0.0" classname="risTestScripts.ReportCreationTests">
    <skipped/>
  </testcase> <!-- reportCreationPageDataTest -->
  <testcase name="reportCreationPageNegativeTest" time="0.0" classname="risTestScripts.ReportCreationTests">
    <skipped/>
  </testcase> <!-- reportCreationPageNegativeTest -->
  <testcase name="reportCreationPageSelectTemplateTest" time="0.0" classname="risTestScripts.ReportCreationTests">
    <skipped/>
  </testcase> <!-- reportCreationPageSelectTemplateTest -->
  <testcase name="reportCreationPageCreatedByTest" time="0.0" classname="risTestScripts.ReportCreationTests">
    <skipped/>
  </testcase> <!-- reportCreationPageCreatedByTest -->
  <testcase name="reportCreationPageSaveButtonTest" time="0.0" classname="risTestScripts.ReportCreationTests">
    <skipped/>
  </testcase> <!-- reportCreationPageSaveButtonTest -->
  <testcase name="clickUpdateReportButtonTest" time="0.0" classname="risTestScripts.ReportUpdateTests">
    <skipped/>
  </testcase> <!-- clickUpdateReportButtonTest -->
  <testcase name="defaultViewTableDataTest" time="0.0" classname="risTestScripts.ReportUpdateTests">
    <skipped/>
  </testcase> <!-- defaultViewTableDataTest -->
  <testcase name="itemsPerPageTest" time="0.0" classname="risTestScripts.ReportUpdateTests">
    <skipped/>
  </testcase> <!-- itemsPerPageTest -->
  <testcase name="searchWithServiceCategoryServiceStudyNumberRegIdDateTest" time="0.0" classname="risTestScripts.ReportUpdateTests">
    <skipped/>
  </testcase> <!-- searchWithServiceCategoryServiceStudyNumberRegIdDateTest -->
  <testcase name="updateButtonTest" time="0.0" classname="risTestScripts.ReportUpdateTests">
    <skipped/>
  </testcase> <!-- updateButtonTest -->
  <testcase name="updateReportAndUpdatebuttonTest" time="0.0" classname="risTestScripts.ReportUpdateTests">
    <skipped/>
  </testcase> <!-- updateReportAndUpdatebuttonTest -->
  <testcase name="openReportVerificationFromMenuTest" time="0.0" classname="risTestScripts.ReportVerifyTests">
    <skipped/>
  </testcase> <!-- openReportVerificationFromMenuTest -->
  <testcase name="defaultviewDateSearchTest" time="0.001" classname="risTestScripts.ReportVerifyTests">
    <skipped/>
  </testcase> <!-- defaultviewDateSearchTest -->
  <testcase name="searchOnVerifyReportTableTest" time="0.0" classname="risTestScripts.ReportVerifyTests">
    <skipped/>
  </testcase> <!-- searchOnVerifyReportTableTest -->
  <testcase name="searchWithServiceCategoryServiceStudyNumberRegIdTest" time="0.0" classname="risTestScripts.ReportVerifyTests">
    <skipped/>
  </testcase> <!-- searchWithServiceCategoryServiceStudyNumberRegIdTest -->
  <testcase name="verifyButtonTest" time="0.0" classname="risTestScripts.ReportVerifyTests">
    <skipped/>
  </testcase> <!-- verifyButtonTest -->
  <testcase name="reportVerificationPageDataTest" time="0.0" classname="risTestScripts.ReportVerifyTests">
    <skipped/>
  </testcase> <!-- reportVerificationPageDataTest -->
  <testcase name="verifiedByTest" time="0.0" classname="risTestScripts.ReportVerifyTests">
    <skipped/>
  </testcase> <!-- verifiedByTest -->
  <testcase name="verifyReportButtonTest" time="0.0" classname="risTestScripts.ReportVerifyTests">
    <skipped/>
  </testcase> <!-- verifyReportButtonTest -->
  <testcase name="openReportPrintTest" time="0.0" classname="risTestScripts.ReportPrintTests">
    <skipped/>
  </testcase> <!-- openReportPrintTest -->
  <testcase name="defaultViewDateSearchTest" time="0.0" classname="risTestScripts.ReportPrintTests">
    <skipped/>
  </testcase> <!-- defaultViewDateSearchTest -->
  <testcase name="searchWithServiceCategoryServiceStudyNumberRegIdTest" time="0.0" classname="risTestScripts.ReportPrintTests">
    <skipped/>
  </testcase> <!-- searchWithServiceCategoryServiceStudyNumberRegIdTest -->
  <testcase name="searchOnPrintReportTableTest" time="0.0" classname="risTestScripts.ReportPrintTests">
    <skipped/>
  </testcase> <!-- searchOnPrintReportTableTest -->
  <testcase name="viewReportButtonTest" time="0.0" classname="risTestScripts.ReportPrintTests">
    <skipped/>
  </testcase> <!-- viewReportButtonTest -->
  <testcase name="printReportPageDataValidationTest" time="0.0" classname="risTestScripts.ReportPrintTests">
    <skipped/>
  </testcase> <!-- printReportPageDataValidationTest -->
  <testcase name="printButtonTest" time="0.005" classname="risTestScripts.ReportPrintTests">
    <skipped/>
  </testcase> <!-- printButtonTest -->
  <testcase name="openImagingMISTest" time="0.0" classname="risTestScripts.ImagingMISTests">
    <skipped/>
  </testcase> <!-- openImagingMISTest -->
  <testcase name="defaultViewDateSearchTest" time="0.0" classname="risTestScripts.ImagingMISTests">
    <skipped/>
  </testcase> <!-- defaultViewDateSearchTest -->
  <testcase name="searchWithServiceCategoryServiceServiceStatusRoomDateTest" time="0.0" classname="risTestScripts.ImagingMISTests">
    <skipped/>
  </testcase> <!-- searchWithServiceCategoryServiceServiceStatusRoomDateTest -->
  <testcase name="searchOnMISTableTest" time="0.0" classname="risTestScripts.ImagingMISTests">
    <skipped/>
  </testcase> <!-- searchOnMISTableTest -->
  <testcase name="validateMisReportDataTest" time="0.001" classname="risTestScripts.ImagingMISTests">
    <skipped/>
  </testcase> <!-- validateMisReportDataTest -->
  <testcase name="printMISReportButtonTest" time="0.0" classname="risTestScripts.ImagingMISTests">
    <skipped/>
  </testcase> <!-- printMISReportButtonTest -->
  <testcase name="openServiceRoomMappingTest" time="0.001" classname="risTestScripts.ServiceRoomMappingTests">
    <skipped/>
  </testcase> <!-- openServiceRoomMappingTest -->
  <testcase name="defaultViewTest" time="0.0" classname="risTestScripts.ServiceRoomMappingTests">
    <skipped/>
  </testcase> <!-- defaultViewTest -->
  <testcase name="addNewRoomButtonTest" time="0.0" classname="risTestScripts.ServiceRoomMappingTests">
    <skipped/>
  </testcase> <!-- addNewRoomButtonTest -->
  <testcase name="addNewRoomTest" time="0.0" classname="risTestScripts.ServiceRoomMappingTests">
    <skipped/>
  </testcase> <!-- addNewRoomTest -->
  <testcase name="searchRoomMappingTest" time="0.0" classname="risTestScripts.ServiceRoomMappingTests">
    <skipped/>
  </testcase> <!-- searchRoomMappingTest -->
  <testcase name="searchOnServiceRoomMappingTableTest" time="0.0" classname="risTestScripts.ServiceRoomMappingTests">
    <skipped/>
  </testcase> <!-- searchOnServiceRoomMappingTableTest -->
  <testcase name="validateMappingTableDataTest" time="0.0" classname="risTestScripts.ServiceRoomMappingTests">
    <skipped/>
  </testcase> <!-- validateMappingTableDataTest -->
  <testcase name="updateButtonTest" time="0.0" classname="risTestScripts.ServiceRoomMappingTests">
    <skipped/>
  </testcase> <!-- updateButtonTest -->
  <testcase name="updateMappingTest" time="0.0" classname="risTestScripts.ServiceRoomMappingTests">
    <skipped/>
  </testcase> <!-- updateMappingTest -->
  <testcase name="validateUpdatedMappingTest" time="0.0" classname="risTestScripts.ServiceRoomMappingTests">
    <skipped/>
  </testcase> <!-- validateUpdatedMappingTest -->
  <testcase name="openManageTemplateTest" time="0.0" classname="risTestScripts.ManageTemplateTests">
    <skipped/>
  </testcase> <!-- openManageTemplateTest -->
  <testcase name="defaultViewDataTest" time="0.0" classname="risTestScripts.ManageTemplateTests">
    <skipped/>
  </testcase> <!-- defaultViewDataTest -->
  <testcase name="AddReportTemplateButtonTest" time="0.0" classname="risTestScripts.ManageTemplateTests">
    <skipped/>
  </testcase> <!-- AddReportTemplateButtonTest -->
  <testcase name="AddReportTemplateTest" time="0.0" classname="risTestScripts.ManageTemplateTests">
    <skipped/>
  </testcase> <!-- AddReportTemplateTest -->
  <testcase name="searchTemplateTest" time="0.0" classname="risTestScripts.ManageTemplateTests">
    <skipped/>
  </testcase> <!-- searchTemplateTest -->
  <testcase name="searchOnAvailableTemplateTableTest" time="0.0" classname="risTestScripts.ManageTemplateTests">
    <skipped/>
  </testcase> <!-- searchOnAvailableTemplateTableTest -->
  <testcase name="uniqueTemplateNameTest" time="0.0" classname="risTestScripts.ManageTemplateTests">
    <skipped/>
  </testcase> <!-- uniqueTemplateNameTest -->
  <testcase name="updateTemplateTest" time="0.0" classname="risTestScripts.ManageTemplateTests">
    <skipped/>
  </testcase> <!-- updateTemplateTest -->
</testsuite> <!-- RIS Application Tests -->
