<?xml version="1.0" encoding="ISO-8859-1" ?>
<!DOCTYPE html PUBLIC "-//W3C//DTD XHTML 1.0 Strict//EN"
"http://www.w3.org/TR/xhtml1/DTD/xhtml1-strict.dtd">
<html xmlns="http://www.w3.org/1999/xhtml" xml:lang="en" lang="en">
<head>
  <meta http-equiv="Content-Type" content="text/html;charset=utf-8" />
  <meta name="description" content="TestNG unit test results." />
  <link href="css/bootstrap.min.css" rel="stylesheet" />
  <link href="css/reportngClass.css" rel="stylesheet" />
  <script type="text/javascript" src="js/reportngClass.js"></script>
  <script type="text/javascript" src="js/jquery-1.4.4.min.js"></script> 
  <script type="text/javascript" src="js/jquery.tablesorter.min.js"></script>
  <script type="text/javascript" src="js/json-min.js"></script>
  <script type="text/javascript">
	$(document).ready(function(){
		$('.tablesorter').tablesorter({sortList: [[0,0]]});
	});
  </script>
</head>
<body onload="doParse(); return false;" onkeypress="collapseExpand();">
<div class="well well-large">
	<b>Test Info</>
	<table class="table">
	  <tr>
	    <th>Test Name : </th>
	    <th>
	    	<div class="tooltipCustom">
	    		<img src="images/copy.png" width="10" height="15" alt="Copy to Clipboard" onclick="copyToClipboard('#testNameId')"/>
	    		<span class="tooltiptextCustom">Copy Test name</span>
			</div>
	    </th>
	    <th id="testNameId">RIS Application Tests</th> 
	  </tr>
	  <tr>
	    <th>Test Class : </th>
	    <th>
	    	<div class="tooltipCustom">
	    		<img src="images/copy.png" width="10" height="15" alt="Copy to Clipboard" onclick="copyToClipboard('#testClassId')"/>
	    		<span class="tooltiptextCustom">Copy full path Class name</span>
			</div>
	    	<div class="tooltipCustom">
	    		<img src="images/copy.png" width="10" height="15" alt="Copy to Clipboard" onclick="copyToClipboard('#testClassNameId')"/>
	    		<span class="tooltiptextCustom">Copy Class name</span>
			</div>
	    </th> 
	    <th id="testClassId">risTestScripts.ScheduleTests<br>risTestScripts.ConfirmationTests<br>risTestScripts.ReportCreationTests<br>risTestScripts.ReportUpdateTests<br>risTestScripts.ReportVerifyTests<br>risTestScripts.ReportPrintTests<br>risTestScripts.ImagingMISTests<br>risTestScripts.ServiceRoomMappingTests<br>risTestScripts.ManageTemplateTests<br></th>
	    <th id="testClassNameId" hidden="true">ScheduleTests<br>ConfirmationTests<br>ReportCreationTests<br>ReportUpdateTests<br>ReportVerifyTests<br>ReportPrintTests<br>ImagingMISTests<br>ServiceRoomMappingTests<br>ManageTemplateTests<br></th>
	  </tr>
	  <tr>
	    <th>Suite Name : </th>
	    <th>
	    	<div class="tooltipCustom">
	    		<img src="images/copy.png" width="10" height="15" alt="Copy to Clipboard" onclick="copyToClipboard('#suiteNameId')"/>
	    		<span class="tooltiptextCustom">Copy Suite name</span>
			</div>
		</th>
	    <th id="suiteNameId">RIS Functional suite</th>
	  </tr>
	  <tr>
	    <th>Suite XML : </th>
	    <th>
	    	<div class="tooltipCustom">
	    		<img src="images/copy.png" width="10" height="15" alt="Copy to Clipboard" onclick="copyToClipboard('#suiteXMLId')"/>
	    		<span class="tooltiptextCustom">Copy Suite full path name</span>
			</div>
	    	<div class="tooltipCustom">
	    		<img src="images/copy.png" width="10" height="15" alt="Copy to Clipboard" onclick="copyToClipboard('#suiteXMLNameId')"/>
	    		<span class="tooltiptextCustom">Copy Suite file name</span>
			</div>
	    </th> 
	  	<th id="suiteXMLId">C:\Users\ravik\OneDrive\Desktop\eclipse data\RaviQA\workspace\ris\testng.xml</th>
	  	<th id="suiteXMLNameId" hidden="true">testng.xml</th>
	  </tr>
	  	  <tr>
	    <th>Total Time : </th>
	    <th></th>
	    <th>00:04:31</th> 
	  </tr>
	  <tr>
	    <th>Total Steps : </th>
	   	<th></th>
	    <th>72</th> 
	  </tr>
	  <tr>
	    <th>Status : </th>
	    <th></th>
	    <th><font color="red">FAIL</font></th> 
	  </tr>
	</table>
</div>
<div class="well well-large">
	<div class="row">
		<div class="col-xs-12">
	        <div class="text-right">
	            <button id="hideResults" type="button" class="btn-danger" onclick="collapseExpand(this);" onkeypress="collapseExpand(this);" class="btn pull-right" title="Click or Press Any key to collapse/expand All Failed Tests and Configuration Methods">Show Only Failures</button>
	        </div>
	    </div>
	</div>
	<table class="tablesorter" border="1">
		<thead>
		<tr>
		<th class="headerTime">Time</th>
		<th class="headerTime" width="12%">Info</th>
		<th class="headerTime" width="88%">Test</th>
		</tr>
		</thead>
		<tbody>
		
				
				
				
											<tr>
	<td class="time">1645684101537</td>
	<td class="header failed" colspan="4" onClick="toggleElement('3e85d3f3-2d68-4c69-98a6-ad60759f7a57','block');changeSingleIcon('span-3e85d3f3-2d68-4c69-98a6-ad60759f7a57');" title="Click to expand/collapse" style="cursor: pointer;">
	<div style="float:left;"><i>Class&nbsp;:&nbsp;</i>risTestScripts.ConfirmationTests</div>
	<div style="float:right;">@Test &nbsp;&nbsp;<span id='span-3e85d3f3-2d68-4c69-98a6-ad60759f7a57' class="glyphicon glyphicon-menu-down"></span></div>
	</td>
	</tr>
<tr>
	<td class="time">1645684101537</td>
	<td class="methodTest">
		<span class="description"><b>Method: </b>searchWithServiceCategoryServiceAndDateTest</span><br>
				<span class="description"><b>Priority: </b><font color='blue'>11</font></span><br>
						<span class="duration"><b>Duration: </b>0.256s</span><br>
	</td>
	<td class="result">
						<div class="noCollapse" id="3e85d3f3-2d68-4c69-98a6-ad60759f7a57" style="display: block;">
												Failed: searchWithServiceCategoryServiceAndDateTest<br>
									<a href="javascript:toggleElement('exception-3e85d3f3-2d68-4c69-98a6-ad60759f7a57','block')" title="Click to expand/collapse"><b>org.openqa.selenium.NoSuchElementException: Cannot locate option with value: 8<br/>
For documentation on this error, please visit: https://www.seleniumhq.org/exceptions/no_such_element.html<br/>
Build info: version: &apos;3.141.59&apos;, revision: &apos;e82be7d358&apos;, time: &apos;2018-11-14T08:17:03&apos;<br/>
System info: host: &apos;DESKTOP-MM5QJ97&apos;, ip: &apos;10.23.252.35&apos;, os.name: &apos;Windows 10&apos;, os.arch: &apos;amd64&apos;, os.version: &apos;10.0&apos;, java.version: &apos;1.8.0_311&apos;<br/>
Driver info: driver.version: unknown</b></a><br/>
		<div class="stackTrace" id="exception-3e85d3f3-2d68-4c69-98a6-ad60759f7a57">
					org.openqa.selenium.support.ui.Select.findOptionsByValue(Select.java:283)<br/>
					org.openqa.selenium.support.ui.Select.selectByValue(Select.java:186)<br/>
					risTestScripts.ConfirmationTests.searchWithServiceCategoryServiceAndDateTest(ConfirmationTests.java:77)<br/>
					sun.reflect.NativeMethodAccessorImpl.invoke0(Native Method)<br/>
					sun.reflect.NativeMethodAccessorImpl.invoke(Unknown Source)<br/>
					sun.reflect.DelegatingMethodAccessorImpl.invoke(Unknown Source)<br/>
					java.lang.reflect.Method.invoke(Unknown Source)<br/>
					org.testng.internal.MethodInvocationHelper.invokeMethod(MethodInvocationHelper.java:86)<br/>
					org.testng.internal.Invoker.invokeMethod(Invoker.java:646)<br/>
					org.testng.internal.Invoker.invokeTestMethod(Invoker.java:823)<br/>
					org.testng.internal.Invoker.invokeTestMethods(Invoker.java:1131)<br/>
					org.testng.internal.TestMethodWorker.invokeTestMethods(TestMethodWorker.java:129)<br/>
					org.testng.internal.TestMethodWorker.run(TestMethodWorker.java:112)<br/>
					org.testng.TestRunner.privateRun(TestRunner.java:778)<br/>
					org.testng.TestRunner.run(TestRunner.java:632)<br/>
					org.testng.SuiteRunner.runTest(SuiteRunner.java:366)<br/>
					org.testng.SuiteRunner.runSequentially(SuiteRunner.java:361)<br/>
					org.testng.SuiteRunner.privateRun(SuiteRunner.java:319)<br/>
					org.testng.SuiteRunner.run(SuiteRunner.java:268)<br/>
					org.testng.SuiteRunnerWorker.runSuite(SuiteRunnerWorker.java:52)<br/>
					org.testng.SuiteRunnerWorker.run(SuiteRunnerWorker.java:86)<br/>
					org.testng.TestNG.runSuitesSequentially(TestNG.java:1225)<br/>
					org.testng.TestNG.runSuitesLocally(TestNG.java:1150)<br/>
					org.testng.TestNG.runSuites(TestNG.java:1075)<br/>
					org.testng.TestNG.run(TestNG.java:1047)<br/>
					org.testng.remote.AbstractRemoteTestNG.run(AbstractRemoteTestNG.java:126)<br/>
					org.testng.remote.RemoteTestNG.initAndRun(RemoteTestNG.java:137)<br/>
					org.testng.remote.RemoteTestNG.main(RemoteTestNG.java:58)<br/>
						</div>
		</td>
	</div>
</tr>
									<tr>
	<td class="time">1645684261827</td>
	<td class="header failed" colspan="4" onClick="toggleElement('0628321c-283f-4c80-bcf6-5c54198751b4','block');changeSingleIcon('span-0628321c-283f-4c80-bcf6-5c54198751b4');" title="Click to expand/collapse" style="cursor: pointer;">
	<div style="float:left;"><i>Class&nbsp;:&nbsp;</i>risTestScripts.ImagingMISTests</div>
	<div style="float:right;">@Test &nbsp;&nbsp;<span id='span-0628321c-283f-4c80-bcf6-5c54198751b4' class="glyphicon glyphicon-menu-down"></span></div>
	</td>
	</tr>
<tr>
	<td class="time">1645684261827</td>
	<td class="methodTest">
		<span class="description"><b>Method: </b>searchOnMISTableTest</span><br>
				<span class="description"><b>Priority: </b><font color='blue'>49</font></span><br>
						<span class="duration"><b>Duration: </b>4.310s</span><br>
	</td>
	<td class="result">
						<div class="noCollapse" id="0628321c-283f-4c80-bcf6-5c54198751b4" style="display: block;">
												Failed: searchOnMISTableTest<br>
									<a href="javascript:toggleElement('exception-0628321c-283f-4c80-bcf6-5c54198751b4','block')" title="Click to expand/collapse"><b>java.lang.AssertionError: Failed: searchOnMISTableTest, Item count: 0 of 0 expected [true] but found [false]</b></a><br/>
		<div class="stackTrace" id="exception-0628321c-283f-4c80-bcf6-5c54198751b4">
					org.testng.Assert.fail(Assert.java:94)<br/>
					org.testng.Assert.failNotEquals(Assert.java:513)<br/>
					org.testng.Assert.assertTrue(Assert.java:42)<br/>
					risTestScripts.ImagingMISTests.searchOnMISTableTest(ImagingMISTests.java:98)<br/>
					sun.reflect.NativeMethodAccessorImpl.invoke0(Native Method)<br/>
					sun.reflect.NativeMethodAccessorImpl.invoke(Unknown Source)<br/>
					sun.reflect.DelegatingMethodAccessorImpl.invoke(Unknown Source)<br/>
					java.lang.reflect.Method.invoke(Unknown Source)<br/>
					org.testng.internal.MethodInvocationHelper.invokeMethod(MethodInvocationHelper.java:86)<br/>
					org.testng.internal.Invoker.invokeMethod(Invoker.java:646)<br/>
					org.testng.internal.Invoker.invokeTestMethod(Invoker.java:823)<br/>
					org.testng.internal.Invoker.invokeTestMethods(Invoker.java:1131)<br/>
					org.testng.internal.TestMethodWorker.invokeTestMethods(TestMethodWorker.java:129)<br/>
					org.testng.internal.TestMethodWorker.run(TestMethodWorker.java:112)<br/>
					org.testng.TestRunner.privateRun(TestRunner.java:778)<br/>
					org.testng.TestRunner.run(TestRunner.java:632)<br/>
					org.testng.SuiteRunner.runTest(SuiteRunner.java:366)<br/>
					org.testng.SuiteRunner.runSequentially(SuiteRunner.java:361)<br/>
					org.testng.SuiteRunner.privateRun(SuiteRunner.java:319)<br/>
					org.testng.SuiteRunner.run(SuiteRunner.java:268)<br/>
					org.testng.SuiteRunnerWorker.runSuite(SuiteRunnerWorker.java:52)<br/>
					org.testng.SuiteRunnerWorker.run(SuiteRunnerWorker.java:86)<br/>
					org.testng.TestNG.runSuitesSequentially(TestNG.java:1225)<br/>
					org.testng.TestNG.runSuitesLocally(TestNG.java:1150)<br/>
					org.testng.TestNG.runSuites(TestNG.java:1075)<br/>
					org.testng.TestNG.run(TestNG.java:1047)<br/>
					org.testng.remote.AbstractRemoteTestNG.run(AbstractRemoteTestNG.java:126)<br/>
					org.testng.remote.RemoteTestNG.initAndRun(RemoteTestNG.java:137)<br/>
					org.testng.remote.RemoteTestNG.main(RemoteTestNG.java:58)<br/>
						</div>
		</td>
	</div>
</tr>
					<tr>
	<td class="time">1645684268155</td>
	<td class="header failed" colspan="4" onClick="toggleElement('7e570594-9f2d-4c63-9f6a-2288c8fdf7d8','block');changeSingleIcon('span-7e570594-9f2d-4c63-9f6a-2288c8fdf7d8');" title="Click to expand/collapse" style="cursor: pointer;">
	<div style="float:left;"><i>Class&nbsp;:&nbsp;</i>risTestScripts.ImagingMISTests</div>
	<div style="float:right;">@Test &nbsp;&nbsp;<span id='span-7e570594-9f2d-4c63-9f6a-2288c8fdf7d8' class="glyphicon glyphicon-menu-down"></span></div>
	</td>
	</tr>
<tr>
	<td class="time">1645684268155</td>
	<td class="methodTest">
		<span class="description"><b>Method: </b>printMISReportButtonTest</span><br>
				<span class="description"><b>Priority: </b><font color='blue'>51</font></span><br>
						<span class="duration"><b>Duration: </b>1.007s</span><br>
	</td>
	<td class="result">
						<div class="noCollapse" id="7e570594-9f2d-4c63-9f6a-2288c8fdf7d8" style="display: block;">
												Failed: printMISReportButtonTest<br>
									<a href="javascript:toggleElement('exception-7e570594-9f2d-4c63-9f6a-2288c8fdf7d8','block')" title="Click to expand/collapse"><b>org.openqa.selenium.NoSuchSessionException: Session ID is null. Using WebDriver after calling quit()?<br/>
Build info: version: &apos;3.141.59&apos;, revision: &apos;e82be7d358&apos;, time: &apos;2018-11-14T08:17:03&apos;<br/>
System info: host: &apos;DESKTOP-MM5QJ97&apos;, ip: &apos;10.23.252.35&apos;, os.name: &apos;Windows 10&apos;, os.arch: &apos;amd64&apos;, os.version: &apos;10.0&apos;, java.version: &apos;1.8.0_311&apos;<br/>
Driver info: driver.version: RemoteWebDriver</b></a><br/>
		<div class="stackTrace" id="exception-7e570594-9f2d-4c63-9f6a-2288c8fdf7d8">
					org.openqa.selenium.remote.HttpCommandExecutor.execute(HttpCommandExecutor.java:125)<br/>
					org.openqa.selenium.remote.service.DriverCommandExecutor.execute(DriverCommandExecutor.java:83)<br/>
					org.openqa.selenium.remote.RemoteWebDriver.execute(RemoteWebDriver.java:552)<br/>
					org.openqa.selenium.remote.RemoteWebDriver.findElement(RemoteWebDriver.java:323)<br/>
					org.openqa.selenium.remote.RemoteWebDriver.findElementByXPath(RemoteWebDriver.java:428)<br/>
					org.openqa.selenium.By$ByXPath.findElement(By.java:353)<br/>
					org.openqa.selenium.remote.RemoteWebDriver.findElement(RemoteWebDriver.java:315)<br/>
					risTestScripts.ImagingMISTests.printMISReportButtonTest(ImagingMISTests.java:201)<br/>
					sun.reflect.NativeMethodAccessorImpl.invoke0(Native Method)<br/>
					sun.reflect.NativeMethodAccessorImpl.invoke(Unknown Source)<br/>
					sun.reflect.DelegatingMethodAccessorImpl.invoke(Unknown Source)<br/>
					java.lang.reflect.Method.invoke(Unknown Source)<br/>
					org.testng.internal.MethodInvocationHelper.invokeMethod(MethodInvocationHelper.java:86)<br/>
					org.testng.internal.Invoker.invokeMethod(Invoker.java:646)<br/>
					org.testng.internal.Invoker.invokeTestMethod(Invoker.java:823)<br/>
					org.testng.internal.Invoker.invokeTestMethods(Invoker.java:1131)<br/>
					org.testng.internal.TestMethodWorker.invokeTestMethods(TestMethodWorker.java:129)<br/>
					org.testng.internal.TestMethodWorker.run(TestMethodWorker.java:112)<br/>
					org.testng.TestRunner.privateRun(TestRunner.java:778)<br/>
					org.testng.TestRunner.run(TestRunner.java:632)<br/>
					org.testng.SuiteRunner.runTest(SuiteRunner.java:366)<br/>
					org.testng.SuiteRunner.runSequentially(SuiteRunner.java:361)<br/>
					org.testng.SuiteRunner.privateRun(SuiteRunner.java:319)<br/>
					org.testng.SuiteRunner.run(SuiteRunner.java:268)<br/>
					org.testng.SuiteRunnerWorker.runSuite(SuiteRunnerWorker.java:52)<br/>
					org.testng.SuiteRunnerWorker.run(SuiteRunnerWorker.java:86)<br/>
					org.testng.TestNG.runSuitesSequentially(TestNG.java:1225)<br/>
					org.testng.TestNG.runSuitesLocally(TestNG.java:1150)<br/>
					org.testng.TestNG.runSuites(TestNG.java:1075)<br/>
					org.testng.TestNG.run(TestNG.java:1047)<br/>
					org.testng.remote.AbstractRemoteTestNG.run(AbstractRemoteTestNG.java:126)<br/>
					org.testng.remote.RemoteTestNG.initAndRun(RemoteTestNG.java:137)<br/>
					org.testng.remote.RemoteTestNG.main(RemoteTestNG.java:58)<br/>
						</div>
		</td>
	</div>
</tr>
					<tr>
	<td class="time">1645684250464</td>
	<td class="header failed" colspan="4" onClick="toggleElement('a1d8890f-216c-4c23-99e0-99b4f2642537','block');changeSingleIcon('span-a1d8890f-216c-4c23-99e0-99b4f2642537');" title="Click to expand/collapse" style="cursor: pointer;">
	<div style="float:left;"><i>Class&nbsp;:&nbsp;</i>risTestScripts.ImagingMISTests</div>
	<div style="float:right;">@Test &nbsp;&nbsp;<span id='span-a1d8890f-216c-4c23-99e0-99b4f2642537' class="glyphicon glyphicon-menu-down"></span></div>
	</td>
	</tr>
<tr>
	<td class="time">1645684250464</td>
	<td class="methodTest">
		<span class="description"><b>Method: </b>defaultViewDateSearchTest</span><br>
				<span class="description"><b>Priority: </b><font color='blue'>47</font></span><br>
						<span class="duration"><b>Duration: </b>3.064s</span><br>
	</td>
	<td class="result">
						<div class="noCollapse" id="a1d8890f-216c-4c23-99e0-99b4f2642537" style="display: block;">
												Failed: defaultViewDateSearchTest<br>
									<a href="javascript:toggleElement('exception-a1d8890f-216c-4c23-99e0-99b4f2642537','block')" title="Click to expand/collapse"><b>org.openqa.selenium.NoSuchElementException: no such element: Unable to locate element: {&quot;method&quot;:&quot;css selector&quot;,&quot;selector&quot;:&quot;.mat\-paginator\-range\-label&quot;}<br/>
&nbsp; (Session info: chrome=98.0.4758.102)<br/>
For documentation on this error, please visit: https://www.seleniumhq.org/exceptions/no_such_element.html<br/>
Build info: version: &apos;3.141.59&apos;, revision: &apos;e82be7d358&apos;, time: &apos;2018-11-14T08:17:03&apos;<br/>
System info: host: &apos;DESKTOP-MM5QJ97&apos;, ip: &apos;10.23.252.35&apos;, os.name: &apos;Windows 10&apos;, os.arch: &apos;amd64&apos;, os.version: &apos;10.0&apos;, java.version: &apos;1.8.0_311&apos;<br/>
Driver info: org.openqa.selenium.chrome.ChromeDriver<br/>
Capabilities {acceptInsecureCerts: false, browserName: chrome, browserVersion: 98.0.4758.102, chrome: {chromedriverVersion: 98.0.4758.102 (273bf7ac8c90..., userDataDir: C:\Users\ravik\AppData\Loca...}, goog:chromeOptions: {debuggerAddress: localhost:62482}, javascriptEnabled: true, networkConnectionEnabled: false, pageLoadStrategy: normal, platform: WINDOWS, platformName: WINDOWS, proxy: Proxy(), setWindowRect: true, strictFileInteractability: false, timeouts: {implicit: 0, pageLoad: 300000, script: 30000}, unhandledPromptBehavior: dismiss and notify, webauthn:extension:credBlob: true, webauthn:extension:largeBlob: true, webauthn:virtualAuthenticators: true}<br/>
Session ID: ad363a441ced543bf671c3dc04bc99d3<br/>
*** Element info: {Using=class name, value=mat-paginator-range-label}</b></a><br/>
		<div class="stackTrace" id="exception-a1d8890f-216c-4c23-99e0-99b4f2642537">
					sun.reflect.NativeConstructorAccessorImpl.newInstance0(Native Method)<br/>
					sun.reflect.NativeConstructorAccessorImpl.newInstance(Unknown Source)<br/>
					sun.reflect.DelegatingConstructorAccessorImpl.newInstance(Unknown Source)<br/>
					java.lang.reflect.Constructor.newInstance(Unknown Source)<br/>
					org.openqa.selenium.remote.http.W3CHttpResponseCodec.createException(W3CHttpResponseCodec.java:187)<br/>
					org.openqa.selenium.remote.http.W3CHttpResponseCodec.decode(W3CHttpResponseCodec.java:122)<br/>
					org.openqa.selenium.remote.http.W3CHttpResponseCodec.decode(W3CHttpResponseCodec.java:49)<br/>
					org.openqa.selenium.remote.HttpCommandExecutor.execute(HttpCommandExecutor.java:158)<br/>
					org.openqa.selenium.remote.service.DriverCommandExecutor.execute(DriverCommandExecutor.java:83)<br/>
					org.openqa.selenium.remote.RemoteWebDriver.execute(RemoteWebDriver.java:552)<br/>
					org.openqa.selenium.remote.RemoteWebDriver.findElement(RemoteWebDriver.java:323)<br/>
					org.openqa.selenium.remote.RemoteWebDriver.findElementByClassName(RemoteWebDriver.java:412)<br/>
					org.openqa.selenium.By$ByClassName.findElement(By.java:389)<br/>
					org.openqa.selenium.remote.RemoteWebDriver.findElement(RemoteWebDriver.java:315)<br/>
					risTestScripts.ImagingMISTests.defaultViewDateSearchTest(ImagingMISTests.java:34)<br/>
					sun.reflect.NativeMethodAccessorImpl.invoke0(Native Method)<br/>
					sun.reflect.NativeMethodAccessorImpl.invoke(Unknown Source)<br/>
					sun.reflect.DelegatingMethodAccessorImpl.invoke(Unknown Source)<br/>
					java.lang.reflect.Method.invoke(Unknown Source)<br/>
					org.testng.internal.MethodInvocationHelper.invokeMethod(MethodInvocationHelper.java:86)<br/>
					org.testng.internal.Invoker.invokeMethod(Invoker.java:646)<br/>
					org.testng.internal.Invoker.invokeTestMethod(Invoker.java:823)<br/>
					org.testng.internal.Invoker.invokeTestMethods(Invoker.java:1131)<br/>
					org.testng.internal.TestMethodWorker.invokeTestMethods(TestMethodWorker.java:129)<br/>
					org.testng.internal.TestMethodWorker.run(TestMethodWorker.java:112)<br/>
					org.testng.TestRunner.privateRun(TestRunner.java:778)<br/>
					org.testng.TestRunner.run(TestRunner.java:632)<br/>
					org.testng.SuiteRunner.runTest(SuiteRunner.java:366)<br/>
					org.testng.SuiteRunner.runSequentially(SuiteRunner.java:361)<br/>
					org.testng.SuiteRunner.privateRun(SuiteRunner.java:319)<br/>
					org.testng.SuiteRunner.run(SuiteRunner.java:268)<br/>
					org.testng.SuiteRunnerWorker.runSuite(SuiteRunnerWorker.java:52)<br/>
					org.testng.SuiteRunnerWorker.run(SuiteRunnerWorker.java:86)<br/>
					org.testng.TestNG.runSuitesSequentially(TestNG.java:1225)<br/>
					org.testng.TestNG.runSuitesLocally(TestNG.java:1150)<br/>
					org.testng.TestNG.runSuites(TestNG.java:1075)<br/>
					org.testng.TestNG.run(TestNG.java:1047)<br/>
					org.testng.remote.AbstractRemoteTestNG.run(AbstractRemoteTestNG.java:126)<br/>
					org.testng.remote.RemoteTestNG.initAndRun(RemoteTestNG.java:137)<br/>
					org.testng.remote.RemoteTestNG.main(RemoteTestNG.java:58)<br/>
						</div>
		</td>
	</div>
</tr>
					<tr>
	<td class="time">1645684266139</td>
	<td class="header failed" colspan="4" onClick="toggleElement('975316f8-ff41-4a5d-a678-b63baf9bb1b8','block');changeSingleIcon('span-975316f8-ff41-4a5d-a678-b63baf9bb1b8');" title="Click to expand/collapse" style="cursor: pointer;">
	<div style="float:left;"><i>Class&nbsp;:&nbsp;</i>risTestScripts.ImagingMISTests</div>
	<div style="float:right;">@Test &nbsp;&nbsp;<span id='span-975316f8-ff41-4a5d-a678-b63baf9bb1b8' class="glyphicon glyphicon-menu-down"></span></div>
	</td>
	</tr>
<tr>
	<td class="time">1645684266139</td>
	<td class="methodTest">
		<span class="description"><b>Method: </b>validateMisReportDataTest</span><br>
				<span class="description"><b>Priority: </b><font color='blue'>50</font></span><br>
						<span class="duration"><b>Duration: </b>2.011s</span><br>
	</td>
	<td class="result">
						<div class="noCollapse" id="975316f8-ff41-4a5d-a678-b63baf9bb1b8" style="display: block;">
												Failed: validateMisReportDataTest<br>
									<a href="javascript:toggleElement('exception-975316f8-ff41-4a5d-a678-b63baf9bb1b8','block')" title="Click to expand/collapse"><b>org.openqa.selenium.NoSuchSessionException: Session ID is null. Using WebDriver after calling quit()?<br/>
Build info: version: &apos;3.141.59&apos;, revision: &apos;e82be7d358&apos;, time: &apos;2018-11-14T08:17:03&apos;<br/>
System info: host: &apos;DESKTOP-MM5QJ97&apos;, ip: &apos;10.23.252.35&apos;, os.name: &apos;Windows 10&apos;, os.arch: &apos;amd64&apos;, os.version: &apos;10.0&apos;, java.version: &apos;1.8.0_311&apos;<br/>
Driver info: driver.version: RemoteWebDriver</b></a><br/>
		<div class="stackTrace" id="exception-975316f8-ff41-4a5d-a678-b63baf9bb1b8">
					org.openqa.selenium.remote.HttpCommandExecutor.execute(HttpCommandExecutor.java:125)<br/>
					org.openqa.selenium.remote.service.DriverCommandExecutor.execute(DriverCommandExecutor.java:83)<br/>
					org.openqa.selenium.remote.RemoteWebDriver.execute(RemoteWebDriver.java:552)<br/>
					org.openqa.selenium.remote.RemoteWebDriver.findElement(RemoteWebDriver.java:323)<br/>
					org.openqa.selenium.remote.RemoteWebDriver.findElementByXPath(RemoteWebDriver.java:428)<br/>
					org.openqa.selenium.By$ByXPath.findElement(By.java:353)<br/>
					org.openqa.selenium.remote.RemoteWebDriver.findElement(RemoteWebDriver.java:315)<br/>
					risTestScripts.ImagingMISTests.validateMisReportDataTest(ImagingMISTests.java:126)<br/>
					sun.reflect.NativeMethodAccessorImpl.invoke0(Native Method)<br/>
					sun.reflect.NativeMethodAccessorImpl.invoke(Unknown Source)<br/>
					sun.reflect.DelegatingMethodAccessorImpl.invoke(Unknown Source)<br/>
					java.lang.reflect.Method.invoke(Unknown Source)<br/>
					org.testng.internal.MethodInvocationHelper.invokeMethod(MethodInvocationHelper.java:86)<br/>
					org.testng.internal.Invoker.invokeMethod(Invoker.java:646)<br/>
					org.testng.internal.Invoker.invokeTestMethod(Invoker.java:823)<br/>
					org.testng.internal.Invoker.invokeTestMethods(Invoker.java:1131)<br/>
					org.testng.internal.TestMethodWorker.invokeTestMethods(TestMethodWorker.java:129)<br/>
					org.testng.internal.TestMethodWorker.run(TestMethodWorker.java:112)<br/>
					org.testng.TestRunner.privateRun(TestRunner.java:778)<br/>
					org.testng.TestRunner.run(TestRunner.java:632)<br/>
					org.testng.SuiteRunner.runTest(SuiteRunner.java:366)<br/>
					org.testng.SuiteRunner.runSequentially(SuiteRunner.java:361)<br/>
					org.testng.SuiteRunner.privateRun(SuiteRunner.java:319)<br/>
					org.testng.SuiteRunner.run(SuiteRunner.java:268)<br/>
					org.testng.SuiteRunnerWorker.runSuite(SuiteRunnerWorker.java:52)<br/>
					org.testng.SuiteRunnerWorker.run(SuiteRunnerWorker.java:86)<br/>
					org.testng.TestNG.runSuitesSequentially(TestNG.java:1225)<br/>
					org.testng.TestNG.runSuitesLocally(TestNG.java:1150)<br/>
					org.testng.TestNG.runSuites(TestNG.java:1075)<br/>
					org.testng.TestNG.run(TestNG.java:1047)<br/>
					org.testng.remote.AbstractRemoteTestNG.run(AbstractRemoteTestNG.java:126)<br/>
					org.testng.remote.RemoteTestNG.initAndRun(RemoteTestNG.java:137)<br/>
					org.testng.remote.RemoteTestNG.main(RemoteTestNG.java:58)<br/>
						</div>
		</td>
	</div>
</tr>
									<tr>
	<td class="time">1645684287348</td>
	<td class="header failed" colspan="4" onClick="toggleElement('a530f104-8c6e-4af3-af0d-b4810d2ddce1','block');changeSingleIcon('span-a530f104-8c6e-4af3-af0d-b4810d2ddce1');" title="Click to expand/collapse" style="cursor: pointer;">
	<div style="float:left;"><i>Class&nbsp;:&nbsp;</i>risTestScripts.ManageTemplateTests</div>
	<div style="float:right;">@Test &nbsp;&nbsp;<span id='span-a530f104-8c6e-4af3-af0d-b4810d2ddce1' class="glyphicon glyphicon-menu-down"></span></div>
	</td>
	</tr>
<tr>
	<td class="time">1645684287348</td>
	<td class="methodTest">
		<span class="description"><b>Method: </b>openManageTemplateTest</span><br>
				<span class="description"><b>Priority: </b><font color='blue'>62</font></span><br>
						<span class="duration"><b>Duration: </b>0.020s</span><br>
	</td>
	<td class="result">
						<div class="noCollapse" id="a530f104-8c6e-4af3-af0d-b4810d2ddce1" style="display: block;">
												Failed: openManageTemplateTest<br>
									<a href="javascript:toggleElement('exception-a530f104-8c6e-4af3-af0d-b4810d2ddce1','block')" title="Click to expand/collapse"><b>org.openqa.selenium.NoSuchSessionException: Session ID is null. Using WebDriver after calling quit()?<br/>
Build info: version: &apos;3.141.59&apos;, revision: &apos;e82be7d358&apos;, time: &apos;2018-11-14T08:17:03&apos;<br/>
System info: host: &apos;DESKTOP-MM5QJ97&apos;, ip: &apos;10.23.252.35&apos;, os.name: &apos;Windows 10&apos;, os.arch: &apos;amd64&apos;, os.version: &apos;10.0&apos;, java.version: &apos;1.8.0_311&apos;<br/>
Driver info: driver.version: RemoteWebDriver</b></a><br/>
		<div class="stackTrace" id="exception-a530f104-8c6e-4af3-af0d-b4810d2ddce1">
					org.openqa.selenium.remote.HttpCommandExecutor.execute(HttpCommandExecutor.java:125)<br/>
					org.openqa.selenium.remote.service.DriverCommandExecutor.execute(DriverCommandExecutor.java:83)<br/>
					org.openqa.selenium.remote.RemoteWebDriver.execute(RemoteWebDriver.java:552)<br/>
					org.openqa.selenium.remote.RemoteWebDriver.findElement(RemoteWebDriver.java:323)<br/>
					org.openqa.selenium.remote.RemoteWebDriver.findElementByLinkText(RemoteWebDriver.java:380)<br/>
					org.openqa.selenium.By$ByLinkText.findElement(By.java:220)<br/>
					org.openqa.selenium.remote.RemoteWebDriver.findElement(RemoteWebDriver.java:315)<br/>
					risTestScripts.ManageTemplateTests.openManageTemplateTest(ManageTemplateTests.java:22)<br/>
					sun.reflect.NativeMethodAccessorImpl.invoke0(Native Method)<br/>
					sun.reflect.NativeMethodAccessorImpl.invoke(Unknown Source)<br/>
					sun.reflect.DelegatingMethodAccessorImpl.invoke(Unknown Source)<br/>
					java.lang.reflect.Method.invoke(Unknown Source)<br/>
					org.testng.internal.MethodInvocationHelper.invokeMethod(MethodInvocationHelper.java:86)<br/>
					org.testng.internal.Invoker.invokeMethod(Invoker.java:646)<br/>
					org.testng.internal.Invoker.invokeTestMethod(Invoker.java:823)<br/>
					org.testng.internal.Invoker.invokeTestMethods(Invoker.java:1131)<br/>
					org.testng.internal.TestMethodWorker.invokeTestMethods(TestMethodWorker.java:129)<br/>
					org.testng.internal.TestMethodWorker.run(TestMethodWorker.java:112)<br/>
					org.testng.TestRunner.privateRun(TestRunner.java:778)<br/>
					org.testng.TestRunner.run(TestRunner.java:632)<br/>
					org.testng.SuiteRunner.runTest(SuiteRunner.java:366)<br/>
					org.testng.SuiteRunner.runSequentially(SuiteRunner.java:361)<br/>
					org.testng.SuiteRunner.privateRun(SuiteRunner.java:319)<br/>
					org.testng.SuiteRunner.run(SuiteRunner.java:268)<br/>
					org.testng.SuiteRunnerWorker.runSuite(SuiteRunnerWorker.java:52)<br/>
					org.testng.SuiteRunnerWorker.run(SuiteRunnerWorker.java:86)<br/>
					org.testng.TestNG.runSuitesSequentially(TestNG.java:1225)<br/>
					org.testng.TestNG.runSuitesLocally(TestNG.java:1150)<br/>
					org.testng.TestNG.runSuites(TestNG.java:1075)<br/>
					org.testng.TestNG.run(TestNG.java:1047)<br/>
					org.testng.remote.AbstractRemoteTestNG.run(AbstractRemoteTestNG.java:126)<br/>
					org.testng.remote.RemoteTestNG.initAndRun(RemoteTestNG.java:137)<br/>
					org.testng.remote.RemoteTestNG.main(RemoteTestNG.java:58)<br/>
						</div>
		</td>
	</div>
</tr>
					<tr>
	<td class="time">1645684296481</td>
	<td class="header failed" colspan="4" onClick="toggleElement('d5d0c294-6776-4366-8cab-dfd8fe5d9ce8','block');changeSingleIcon('span-d5d0c294-6776-4366-8cab-dfd8fe5d9ce8');" title="Click to expand/collapse" style="cursor: pointer;">
	<div style="float:left;"><i>Class&nbsp;:&nbsp;</i>risTestScripts.ManageTemplateTests</div>
	<div style="float:right;">@Test &nbsp;&nbsp;<span id='span-d5d0c294-6776-4366-8cab-dfd8fe5d9ce8' class="glyphicon glyphicon-menu-down"></span></div>
	</td>
	</tr>
<tr>
	<td class="time">1645684296481</td>
	<td class="methodTest">
		<span class="description"><b>Method: </b>updateTemplateTest</span><br>
				<span class="description"><b>Priority: </b><font color='blue'>69</font></span><br>
						<span class="duration"><b>Duration: </b>0.005s</span><br>
	</td>
	<td class="result">
						<div class="noCollapse" id="d5d0c294-6776-4366-8cab-dfd8fe5d9ce8" style="display: block;">
												Failed: updateTemplateTest<br>
									<a href="javascript:toggleElement('exception-d5d0c294-6776-4366-8cab-dfd8fe5d9ce8','block')" title="Click to expand/collapse"><b>org.openqa.selenium.NoSuchSessionException: Session ID is null. Using WebDriver after calling quit()?<br/>
Build info: version: &apos;3.141.59&apos;, revision: &apos;e82be7d358&apos;, time: &apos;2018-11-14T08:17:03&apos;<br/>
System info: host: &apos;DESKTOP-MM5QJ97&apos;, ip: &apos;10.23.252.35&apos;, os.name: &apos;Windows 10&apos;, os.arch: &apos;amd64&apos;, os.version: &apos;10.0&apos;, java.version: &apos;1.8.0_311&apos;<br/>
Driver info: driver.version: RemoteWebDriver</b></a><br/>
		<div class="stackTrace" id="exception-d5d0c294-6776-4366-8cab-dfd8fe5d9ce8">
					org.openqa.selenium.remote.HttpCommandExecutor.execute(HttpCommandExecutor.java:125)<br/>
					org.openqa.selenium.remote.service.DriverCommandExecutor.execute(DriverCommandExecutor.java:83)<br/>
					org.openqa.selenium.remote.RemoteWebDriver.execute(RemoteWebDriver.java:552)<br/>
					org.openqa.selenium.remote.RemoteWebDriver.findElement(RemoteWebDriver.java:323)<br/>
					org.openqa.selenium.remote.RemoteWebDriver.findElementByXPath(RemoteWebDriver.java:428)<br/>
					org.openqa.selenium.By$ByXPath.findElement(By.java:353)<br/>
					org.openqa.selenium.remote.RemoteWebDriver.findElement(RemoteWebDriver.java:315)<br/>
					risTestScripts.ManageTemplateTests.updateTemplateTest(ManageTemplateTests.java:160)<br/>
					sun.reflect.NativeMethodAccessorImpl.invoke0(Native Method)<br/>
					sun.reflect.NativeMethodAccessorImpl.invoke(Unknown Source)<br/>
					sun.reflect.DelegatingMethodAccessorImpl.invoke(Unknown Source)<br/>
					java.lang.reflect.Method.invoke(Unknown Source)<br/>
					org.testng.internal.MethodInvocationHelper.invokeMethod(MethodInvocationHelper.java:86)<br/>
					org.testng.internal.Invoker.invokeMethod(Invoker.java:646)<br/>
					org.testng.internal.Invoker.invokeTestMethod(Invoker.java:823)<br/>
					org.testng.internal.Invoker.invokeTestMethods(Invoker.java:1131)<br/>
					org.testng.internal.TestMethodWorker.invokeTestMethods(TestMethodWorker.java:129)<br/>
					org.testng.internal.TestMethodWorker.run(TestMethodWorker.java:112)<br/>
					org.testng.TestRunner.privateRun(TestRunner.java:778)<br/>
					org.testng.TestRunner.run(TestRunner.java:632)<br/>
					org.testng.SuiteRunner.runTest(SuiteRunner.java:366)<br/>
					org.testng.SuiteRunner.runSequentially(SuiteRunner.java:361)<br/>
					org.testng.SuiteRunner.privateRun(SuiteRunner.java:319)<br/>
					org.testng.SuiteRunner.run(SuiteRunner.java:268)<br/>
					org.testng.SuiteRunnerWorker.runSuite(SuiteRunnerWorker.java:52)<br/>
					org.testng.SuiteRunnerWorker.run(SuiteRunnerWorker.java:86)<br/>
					org.testng.TestNG.runSuitesSequentially(TestNG.java:1225)<br/>
					org.testng.TestNG.runSuitesLocally(TestNG.java:1150)<br/>
					org.testng.TestNG.runSuites(TestNG.java:1075)<br/>
					org.testng.TestNG.run(TestNG.java:1047)<br/>
					org.testng.remote.AbstractRemoteTestNG.run(AbstractRemoteTestNG.java:126)<br/>
					org.testng.remote.RemoteTestNG.initAndRun(RemoteTestNG.java:137)<br/>
					org.testng.remote.RemoteTestNG.main(RemoteTestNG.java:58)<br/>
						</div>
		</td>
	</div>
</tr>
					<tr>
	<td class="time">1645684291421</td>
	<td class="header failed" colspan="4" onClick="toggleElement('e29fa8d5-0988-4119-8eb5-e24dcaa27b23','block');changeSingleIcon('span-e29fa8d5-0988-4119-8eb5-e24dcaa27b23');" title="Click to expand/collapse" style="cursor: pointer;">
	<div style="float:left;"><i>Class&nbsp;:&nbsp;</i>risTestScripts.ManageTemplateTests</div>
	<div style="float:right;">@Test &nbsp;&nbsp;<span id='span-e29fa8d5-0988-4119-8eb5-e24dcaa27b23' class="glyphicon glyphicon-menu-down"></span></div>
	</td>
	</tr>
<tr>
	<td class="time">1645684291421</td>
	<td class="methodTest">
		<span class="description"><b>Method: </b>searchTemplateTest</span><br>
				<span class="description"><b>Priority: </b><font color='blue'>66</font></span><br>
						<span class="duration"><b>Duration: </b>2.017s</span><br>
	</td>
	<td class="result">
						<div class="noCollapse" id="e29fa8d5-0988-4119-8eb5-e24dcaa27b23" style="display: block;">
												Failed: searchTemplateTest<br>
									<a href="javascript:toggleElement('exception-e29fa8d5-0988-4119-8eb5-e24dcaa27b23','block')" title="Click to expand/collapse"><b>org.openqa.selenium.NoSuchSessionException: Session ID is null. Using WebDriver after calling quit()?<br/>
Build info: version: &apos;3.141.59&apos;, revision: &apos;e82be7d358&apos;, time: &apos;2018-11-14T08:17:03&apos;<br/>
System info: host: &apos;DESKTOP-MM5QJ97&apos;, ip: &apos;10.23.252.35&apos;, os.name: &apos;Windows 10&apos;, os.arch: &apos;amd64&apos;, os.version: &apos;10.0&apos;, java.version: &apos;1.8.0_311&apos;<br/>
Driver info: driver.version: RemoteWebDriver</b></a><br/>
		<div class="stackTrace" id="exception-e29fa8d5-0988-4119-8eb5-e24dcaa27b23">
					org.openqa.selenium.remote.HttpCommandExecutor.execute(HttpCommandExecutor.java:125)<br/>
					org.openqa.selenium.remote.service.DriverCommandExecutor.execute(DriverCommandExecutor.java:83)<br/>
					org.openqa.selenium.remote.RemoteWebDriver.execute(RemoteWebDriver.java:552)<br/>
					org.openqa.selenium.remote.RemoteWebDriver.findElement(RemoteWebDriver.java:323)<br/>
					org.openqa.selenium.remote.RemoteWebDriver.findElementByName(RemoteWebDriver.java:404)<br/>
					org.openqa.selenium.By$ByName.findElement(By.java:284)<br/>
					org.openqa.selenium.remote.RemoteWebDriver.findElement(RemoteWebDriver.java:315)<br/>
					risTestScripts.ManageTemplateTests.searchTemplateTest(ManageTemplateTests.java:94)<br/>
					sun.reflect.NativeMethodAccessorImpl.invoke0(Native Method)<br/>
					sun.reflect.NativeMethodAccessorImpl.invoke(Unknown Source)<br/>
					sun.reflect.DelegatingMethodAccessorImpl.invoke(Unknown Source)<br/>
					java.lang.reflect.Method.invoke(Unknown Source)<br/>
					org.testng.internal.MethodInvocationHelper.invokeMethod(MethodInvocationHelper.java:86)<br/>
					org.testng.internal.Invoker.invokeMethod(Invoker.java:646)<br/>
					org.testng.internal.Invoker.invokeTestMethod(Invoker.java:823)<br/>
					org.testng.internal.Invoker.invokeTestMethods(Invoker.java:1131)<br/>
					org.testng.internal.TestMethodWorker.invokeTestMethods(TestMethodWorker.java:129)<br/>
					org.testng.internal.TestMethodWorker.run(TestMethodWorker.java:112)<br/>
					org.testng.TestRunner.privateRun(TestRunner.java:778)<br/>
					org.testng.TestRunner.run(TestRunner.java:632)<br/>
					org.testng.SuiteRunner.runTest(SuiteRunner.java:366)<br/>
					org.testng.SuiteRunner.runSequentially(SuiteRunner.java:361)<br/>
					org.testng.SuiteRunner.privateRun(SuiteRunner.java:319)<br/>
					org.testng.SuiteRunner.run(SuiteRunner.java:268)<br/>
					org.testng.SuiteRunnerWorker.runSuite(SuiteRunnerWorker.java:52)<br/>
					org.testng.SuiteRunnerWorker.run(SuiteRunnerWorker.java:86)<br/>
					org.testng.TestNG.runSuitesSequentially(TestNG.java:1225)<br/>
					org.testng.TestNG.runSuitesLocally(TestNG.java:1150)<br/>
					org.testng.TestNG.runSuites(TestNG.java:1075)<br/>
					org.testng.TestNG.run(TestNG.java:1047)<br/>
					org.testng.remote.AbstractRemoteTestNG.run(AbstractRemoteTestNG.java:126)<br/>
					org.testng.remote.RemoteTestNG.initAndRun(RemoteTestNG.java:137)<br/>
					org.testng.remote.RemoteTestNG.main(RemoteTestNG.java:58)<br/>
						</div>
		</td>
	</div>
</tr>
					<tr>
	<td class="time">1645684289400</td>
	<td class="header failed" colspan="4" onClick="toggleElement('6900855f-abe8-4ca7-9d8f-6eff7bedb13b','block');changeSingleIcon('span-6900855f-abe8-4ca7-9d8f-6eff7bedb13b');" title="Click to expand/collapse" style="cursor: pointer;">
	<div style="float:left;"><i>Class&nbsp;:&nbsp;</i>risTestScripts.ManageTemplateTests</div>
	<div style="float:right;">@Test &nbsp;&nbsp;<span id='span-6900855f-abe8-4ca7-9d8f-6eff7bedb13b' class="glyphicon glyphicon-menu-down"></span></div>
	</td>
	</tr>
<tr>
	<td class="time">1645684289400</td>
	<td class="methodTest">
		<span class="description"><b>Method: </b>AddReportTemplateTest</span><br>
				<span class="description"><b>Priority: </b><font color='blue'>65</font></span><br>
						<span class="duration"><b>Duration: </b>2.016s</span><br>
	</td>
	<td class="result">
						<div class="noCollapse" id="6900855f-abe8-4ca7-9d8f-6eff7bedb13b" style="display: block;">
												Failed: AddReportTemplateTest<br>
									<a href="javascript:toggleElement('exception-6900855f-abe8-4ca7-9d8f-6eff7bedb13b','block')" title="Click to expand/collapse"><b>org.openqa.selenium.NoSuchSessionException: Session ID is null. Using WebDriver after calling quit()?<br/>
Build info: version: &apos;3.141.59&apos;, revision: &apos;e82be7d358&apos;, time: &apos;2018-11-14T08:17:03&apos;<br/>
System info: host: &apos;DESKTOP-MM5QJ97&apos;, ip: &apos;10.23.252.35&apos;, os.name: &apos;Windows 10&apos;, os.arch: &apos;amd64&apos;, os.version: &apos;10.0&apos;, java.version: &apos;1.8.0_311&apos;<br/>
Driver info: driver.version: RemoteWebDriver</b></a><br/>
		<div class="stackTrace" id="exception-6900855f-abe8-4ca7-9d8f-6eff7bedb13b">
					org.openqa.selenium.remote.HttpCommandExecutor.execute(HttpCommandExecutor.java:125)<br/>
					org.openqa.selenium.remote.service.DriverCommandExecutor.execute(DriverCommandExecutor.java:83)<br/>
					org.openqa.selenium.remote.RemoteWebDriver.execute(RemoteWebDriver.java:552)<br/>
					org.openqa.selenium.remote.RemoteWebDriver.findElement(RemoteWebDriver.java:323)<br/>
					org.openqa.selenium.remote.RemoteWebDriver.findElementByName(RemoteWebDriver.java:404)<br/>
					org.openqa.selenium.By$ByName.findElement(By.java:284)<br/>
					org.openqa.selenium.remote.RemoteWebDriver.findElement(RemoteWebDriver.java:315)<br/>
					risTestScripts.ManageTemplateTests.AddReportTemplateTest(ManageTemplateTests.java:66)<br/>
					sun.reflect.NativeMethodAccessorImpl.invoke0(Native Method)<br/>
					sun.reflect.NativeMethodAccessorImpl.invoke(Unknown Source)<br/>
					sun.reflect.DelegatingMethodAccessorImpl.invoke(Unknown Source)<br/>
					java.lang.reflect.Method.invoke(Unknown Source)<br/>
					org.testng.internal.MethodInvocationHelper.invokeMethod(MethodInvocationHelper.java:86)<br/>
					org.testng.internal.Invoker.invokeMethod(Invoker.java:646)<br/>
					org.testng.internal.Invoker.invokeTestMethod(Invoker.java:823)<br/>
					org.testng.internal.Invoker.invokeTestMethods(Invoker.java:1131)<br/>
					org.testng.internal.TestMethodWorker.invokeTestMethods(TestMethodWorker.java:129)<br/>
					org.testng.internal.TestMethodWorker.run(TestMethodWorker.java:112)<br/>
					org.testng.TestRunner.privateRun(TestRunner.java:778)<br/>
					org.testng.TestRunner.run(TestRunner.java:632)<br/>
					org.testng.SuiteRunner.runTest(SuiteRunner.java:366)<br/>
					org.testng.SuiteRunner.runSequentially(SuiteRunner.java:361)<br/>
					org.testng.SuiteRunner.privateRun(SuiteRunner.java:319)<br/>
					org.testng.SuiteRunner.run(SuiteRunner.java:268)<br/>
					org.testng.SuiteRunnerWorker.runSuite(SuiteRunnerWorker.java:52)<br/>
					org.testng.SuiteRunnerWorker.run(SuiteRunnerWorker.java:86)<br/>
					org.testng.TestNG.runSuitesSequentially(TestNG.java:1225)<br/>
					org.testng.TestNG.runSuitesLocally(TestNG.java:1150)<br/>
					org.testng.TestNG.runSuites(TestNG.java:1075)<br/>
					org.testng.TestNG.run(TestNG.java:1047)<br/>
					org.testng.remote.AbstractRemoteTestNG.run(AbstractRemoteTestNG.java:126)<br/>
					org.testng.remote.RemoteTestNG.initAndRun(RemoteTestNG.java:137)<br/>
					org.testng.remote.RemoteTestNG.main(RemoteTestNG.java:58)<br/>
						</div>
		</td>
	</div>
</tr>
					<tr>
	<td class="time">1645684289393</td>
	<td class="header failed" colspan="4" onClick="toggleElement('2a497aa3-5d3e-4040-ac59-7425e10e09e9','block');changeSingleIcon('span-2a497aa3-5d3e-4040-ac59-7425e10e09e9');" title="Click to expand/collapse" style="cursor: pointer;">
	<div style="float:left;"><i>Class&nbsp;:&nbsp;</i>risTestScripts.ManageTemplateTests</div>
	<div style="float:right;">@Test &nbsp;&nbsp;<span id='span-2a497aa3-5d3e-4040-ac59-7425e10e09e9' class="glyphicon glyphicon-menu-down"></span></div>
	</td>
	</tr>
<tr>
	<td class="time">1645684289393</td>
	<td class="methodTest">
		<span class="description"><b>Method: </b>AddReportTemplateButtonTest</span><br>
				<span class="description"><b>Priority: </b><font color='blue'>64</font></span><br>
						<span class="duration"><b>Duration: </b>0.002s</span><br>
	</td>
	<td class="result">
						<div class="noCollapse" id="2a497aa3-5d3e-4040-ac59-7425e10e09e9" style="display: block;">
												Failed: AddReportTemplateButtonTest<br>
									<a href="javascript:toggleElement('exception-2a497aa3-5d3e-4040-ac59-7425e10e09e9','block')" title="Click to expand/collapse"><b>org.openqa.selenium.NoSuchSessionException: Session ID is null. Using WebDriver after calling quit()?<br/>
Build info: version: &apos;3.141.59&apos;, revision: &apos;e82be7d358&apos;, time: &apos;2018-11-14T08:17:03&apos;<br/>
System info: host: &apos;DESKTOP-MM5QJ97&apos;, ip: &apos;10.23.252.35&apos;, os.name: &apos;Windows 10&apos;, os.arch: &apos;amd64&apos;, os.version: &apos;10.0&apos;, java.version: &apos;1.8.0_311&apos;<br/>
Driver info: driver.version: RemoteWebDriver</b></a><br/>
		<div class="stackTrace" id="exception-2a497aa3-5d3e-4040-ac59-7425e10e09e9">
					org.openqa.selenium.remote.HttpCommandExecutor.execute(HttpCommandExecutor.java:125)<br/>
					org.openqa.selenium.remote.service.DriverCommandExecutor.execute(DriverCommandExecutor.java:83)<br/>
					org.openqa.selenium.remote.RemoteWebDriver.execute(RemoteWebDriver.java:552)<br/>
					org.openqa.selenium.remote.RemoteWebDriver.findElement(RemoteWebDriver.java:323)<br/>
					org.openqa.selenium.remote.RemoteWebDriver.findElementByXPath(RemoteWebDriver.java:428)<br/>
					org.openqa.selenium.By$ByXPath.findElement(By.java:353)<br/>
					org.openqa.selenium.remote.RemoteWebDriver.findElement(RemoteWebDriver.java:315)<br/>
					risTestScripts.ManageTemplateTests.AddReportTemplateButtonTest(ManageTemplateTests.java:47)<br/>
					sun.reflect.NativeMethodAccessorImpl.invoke0(Native Method)<br/>
					sun.reflect.NativeMethodAccessorImpl.invoke(Unknown Source)<br/>
					sun.reflect.DelegatingMethodAccessorImpl.invoke(Unknown Source)<br/>
					java.lang.reflect.Method.invoke(Unknown Source)<br/>
					org.testng.internal.MethodInvocationHelper.invokeMethod(MethodInvocationHelper.java:86)<br/>
					org.testng.internal.Invoker.invokeMethod(Invoker.java:646)<br/>
					org.testng.internal.Invoker.invokeTestMethod(Invoker.java:823)<br/>
					org.testng.internal.Invoker.invokeTestMethods(Invoker.java:1131)<br/>
					org.testng.internal.TestMethodWorker.invokeTestMethods(TestMethodWorker.java:129)<br/>
					org.testng.internal.TestMethodWorker.run(TestMethodWorker.java:112)<br/>
					org.testng.TestRunner.privateRun(TestRunner.java:778)<br/>
					org.testng.TestRunner.run(TestRunner.java:632)<br/>
					org.testng.SuiteRunner.runTest(SuiteRunner.java:366)<br/>
					org.testng.SuiteRunner.runSequentially(SuiteRunner.java:361)<br/>
					org.testng.SuiteRunner.privateRun(SuiteRunner.java:319)<br/>
					org.testng.SuiteRunner.run(SuiteRunner.java:268)<br/>
					org.testng.SuiteRunnerWorker.runSuite(SuiteRunnerWorker.java:52)<br/>
					org.testng.SuiteRunnerWorker.run(SuiteRunnerWorker.java:86)<br/>
					org.testng.TestNG.runSuitesSequentially(TestNG.java:1225)<br/>
					org.testng.TestNG.runSuitesLocally(TestNG.java:1150)<br/>
					org.testng.TestNG.runSuites(TestNG.java:1075)<br/>
					org.testng.TestNG.run(TestNG.java:1047)<br/>
					org.testng.remote.AbstractRemoteTestNG.run(AbstractRemoteTestNG.java:126)<br/>
					org.testng.remote.RemoteTestNG.initAndRun(RemoteTestNG.java:137)<br/>
					org.testng.remote.RemoteTestNG.main(RemoteTestNG.java:58)<br/>
						</div>
		</td>
	</div>
</tr>
					<tr>
	<td class="time">1645684293442</td>
	<td class="header failed" colspan="4" onClick="toggleElement('64b15cd6-b78d-47f8-a1e5-7d80da85bcbd','block');changeSingleIcon('span-64b15cd6-b78d-47f8-a1e5-7d80da85bcbd');" title="Click to expand/collapse" style="cursor: pointer;">
	<div style="float:left;"><i>Class&nbsp;:&nbsp;</i>risTestScripts.ManageTemplateTests</div>
	<div style="float:right;">@Test &nbsp;&nbsp;<span id='span-64b15cd6-b78d-47f8-a1e5-7d80da85bcbd' class="glyphicon glyphicon-menu-down"></span></div>
	</td>
	</tr>
<tr>
	<td class="time">1645684293442</td>
	<td class="methodTest">
		<span class="description"><b>Method: </b>searchOnAvailableTemplateTableTest</span><br>
				<span class="description"><b>Priority: </b><font color='blue'>67</font></span><br>
						<span class="duration"><b>Duration: </b>2.016s</span><br>
	</td>
	<td class="result">
						<div class="noCollapse" id="64b15cd6-b78d-47f8-a1e5-7d80da85bcbd" style="display: block;">
												Failed: searchOnAvailableTemplateTableTest<br>
									<a href="javascript:toggleElement('exception-64b15cd6-b78d-47f8-a1e5-7d80da85bcbd','block')" title="Click to expand/collapse"><b>org.openqa.selenium.NoSuchSessionException: Session ID is null. Using WebDriver after calling quit()?<br/>
Build info: version: &apos;3.141.59&apos;, revision: &apos;e82be7d358&apos;, time: &apos;2018-11-14T08:17:03&apos;<br/>
System info: host: &apos;DESKTOP-MM5QJ97&apos;, ip: &apos;10.23.252.35&apos;, os.name: &apos;Windows 10&apos;, os.arch: &apos;amd64&apos;, os.version: &apos;10.0&apos;, java.version: &apos;1.8.0_311&apos;<br/>
Driver info: driver.version: RemoteWebDriver</b></a><br/>
		<div class="stackTrace" id="exception-64b15cd6-b78d-47f8-a1e5-7d80da85bcbd">
					org.openqa.selenium.remote.HttpCommandExecutor.execute(HttpCommandExecutor.java:125)<br/>
					org.openqa.selenium.remote.service.DriverCommandExecutor.execute(DriverCommandExecutor.java:83)<br/>
					org.openqa.selenium.remote.RemoteWebDriver.execute(RemoteWebDriver.java:552)<br/>
					org.openqa.selenium.remote.RemoteWebDriver.findElement(RemoteWebDriver.java:323)<br/>
					org.openqa.selenium.remote.RemoteWebDriver.findElementByClassName(RemoteWebDriver.java:412)<br/>
					org.openqa.selenium.By$ByClassName.findElement(By.java:389)<br/>
					org.openqa.selenium.remote.RemoteWebDriver.findElement(RemoteWebDriver.java:315)<br/>
					risTestScripts.ManageTemplateTests.searchOnAvailableTemplateTableTest(ManageTemplateTests.java:119)<br/>
					sun.reflect.NativeMethodAccessorImpl.invoke0(Native Method)<br/>
					sun.reflect.NativeMethodAccessorImpl.invoke(Unknown Source)<br/>
					sun.reflect.DelegatingMethodAccessorImpl.invoke(Unknown Source)<br/>
					java.lang.reflect.Method.invoke(Unknown Source)<br/>
					org.testng.internal.MethodInvocationHelper.invokeMethod(MethodInvocationHelper.java:86)<br/>
					org.testng.internal.Invoker.invokeMethod(Invoker.java:646)<br/>
					org.testng.internal.Invoker.invokeTestMethod(Invoker.java:823)<br/>
					org.testng.internal.Invoker.invokeTestMethods(Invoker.java:1131)<br/>
					org.testng.internal.TestMethodWorker.invokeTestMethods(TestMethodWorker.java:129)<br/>
					org.testng.internal.TestMethodWorker.run(TestMethodWorker.java:112)<br/>
					org.testng.TestRunner.privateRun(TestRunner.java:778)<br/>
					org.testng.TestRunner.run(TestRunner.java:632)<br/>
					org.testng.SuiteRunner.runTest(SuiteRunner.java:366)<br/>
					org.testng.SuiteRunner.runSequentially(SuiteRunner.java:361)<br/>
					org.testng.SuiteRunner.privateRun(SuiteRunner.java:319)<br/>
					org.testng.SuiteRunner.run(SuiteRunner.java:268)<br/>
					org.testng.SuiteRunnerWorker.runSuite(SuiteRunnerWorker.java:52)<br/>
					org.testng.SuiteRunnerWorker.run(SuiteRunnerWorker.java:86)<br/>
					org.testng.TestNG.runSuitesSequentially(TestNG.java:1225)<br/>
					org.testng.TestNG.runSuitesLocally(TestNG.java:1150)<br/>
					org.testng.TestNG.runSuites(TestNG.java:1075)<br/>
					org.testng.TestNG.run(TestNG.java:1047)<br/>
					org.testng.remote.AbstractRemoteTestNG.run(AbstractRemoteTestNG.java:126)<br/>
					org.testng.remote.RemoteTestNG.initAndRun(RemoteTestNG.java:137)<br/>
					org.testng.remote.RemoteTestNG.main(RemoteTestNG.java:58)<br/>
						</div>
		</td>
	</div>
</tr>
					<tr>
	<td class="time">1645684287372</td>
	<td class="header failed" colspan="4" onClick="toggleElement('8301bb2f-0c49-4222-ab3a-d66be01b23eb','block');changeSingleIcon('span-8301bb2f-0c49-4222-ab3a-d66be01b23eb');" title="Click to expand/collapse" style="cursor: pointer;">
	<div style="float:left;"><i>Class&nbsp;:&nbsp;</i>risTestScripts.ManageTemplateTests</div>
	<div style="float:right;">@Test &nbsp;&nbsp;<span id='span-8301bb2f-0c49-4222-ab3a-d66be01b23eb' class="glyphicon glyphicon-menu-down"></span></div>
	</td>
	</tr>
<tr>
	<td class="time">1645684287372</td>
	<td class="methodTest">
		<span class="description"><b>Method: </b>defaultViewDataTest</span><br>
				<span class="description"><b>Priority: </b><font color='blue'>63</font></span><br>
						<span class="duration"><b>Duration: </b>2.012s</span><br>
	</td>
	<td class="result">
						<div class="noCollapse" id="8301bb2f-0c49-4222-ab3a-d66be01b23eb" style="display: block;">
												Failed: defaultViewDataTest<br>
									<a href="javascript:toggleElement('exception-8301bb2f-0c49-4222-ab3a-d66be01b23eb','block')" title="Click to expand/collapse"><b>org.openqa.selenium.NoSuchSessionException: Session ID is null. Using WebDriver after calling quit()?<br/>
Build info: version: &apos;3.141.59&apos;, revision: &apos;e82be7d358&apos;, time: &apos;2018-11-14T08:17:03&apos;<br/>
System info: host: &apos;DESKTOP-MM5QJ97&apos;, ip: &apos;10.23.252.35&apos;, os.name: &apos;Windows 10&apos;, os.arch: &apos;amd64&apos;, os.version: &apos;10.0&apos;, java.version: &apos;1.8.0_311&apos;<br/>
Driver info: driver.version: RemoteWebDriver</b></a><br/>
		<div class="stackTrace" id="exception-8301bb2f-0c49-4222-ab3a-d66be01b23eb">
					org.openqa.selenium.remote.HttpCommandExecutor.execute(HttpCommandExecutor.java:125)<br/>
					org.openqa.selenium.remote.service.DriverCommandExecutor.execute(DriverCommandExecutor.java:83)<br/>
					org.openqa.selenium.remote.RemoteWebDriver.execute(RemoteWebDriver.java:552)<br/>
					org.openqa.selenium.remote.RemoteWebDriver.findElement(RemoteWebDriver.java:323)<br/>
					org.openqa.selenium.remote.RemoteWebDriver.findElementByClassName(RemoteWebDriver.java:412)<br/>
					org.openqa.selenium.By$ByClassName.findElement(By.java:389)<br/>
					org.openqa.selenium.remote.RemoteWebDriver.findElement(RemoteWebDriver.java:315)<br/>
					risTestScripts.ManageTemplateTests.defaultViewDataTest(ManageTemplateTests.java:34)<br/>
					sun.reflect.NativeMethodAccessorImpl.invoke0(Native Method)<br/>
					sun.reflect.NativeMethodAccessorImpl.invoke(Unknown Source)<br/>
					sun.reflect.DelegatingMethodAccessorImpl.invoke(Unknown Source)<br/>
					java.lang.reflect.Method.invoke(Unknown Source)<br/>
					org.testng.internal.MethodInvocationHelper.invokeMethod(MethodInvocationHelper.java:86)<br/>
					org.testng.internal.Invoker.invokeMethod(Invoker.java:646)<br/>
					org.testng.internal.Invoker.invokeTestMethod(Invoker.java:823)<br/>
					org.testng.internal.Invoker.invokeTestMethods(Invoker.java:1131)<br/>
					org.testng.internal.TestMethodWorker.invokeTestMethods(TestMethodWorker.java:129)<br/>
					org.testng.internal.TestMethodWorker.run(TestMethodWorker.java:112)<br/>
					org.testng.TestRunner.privateRun(TestRunner.java:778)<br/>
					org.testng.TestRunner.run(TestRunner.java:632)<br/>
					org.testng.SuiteRunner.runTest(SuiteRunner.java:366)<br/>
					org.testng.SuiteRunner.runSequentially(SuiteRunner.java:361)<br/>
					org.testng.SuiteRunner.privateRun(SuiteRunner.java:319)<br/>
					org.testng.SuiteRunner.run(SuiteRunner.java:268)<br/>
					org.testng.SuiteRunnerWorker.runSuite(SuiteRunnerWorker.java:52)<br/>
					org.testng.SuiteRunnerWorker.run(SuiteRunnerWorker.java:86)<br/>
					org.testng.TestNG.runSuitesSequentially(TestNG.java:1225)<br/>
					org.testng.TestNG.runSuitesLocally(TestNG.java:1150)<br/>
					org.testng.TestNG.runSuites(TestNG.java:1075)<br/>
					org.testng.TestNG.run(TestNG.java:1047)<br/>
					org.testng.remote.AbstractRemoteTestNG.run(AbstractRemoteTestNG.java:126)<br/>
					org.testng.remote.RemoteTestNG.initAndRun(RemoteTestNG.java:137)<br/>
					org.testng.remote.RemoteTestNG.main(RemoteTestNG.java:58)<br/>
						</div>
		</td>
	</div>
</tr>
					<tr>
	<td class="time">1645684295461</td>
	<td class="header failed" colspan="4" onClick="toggleElement('3c1a730b-7d18-4683-b292-699a1e31fa21','block');changeSingleIcon('span-3c1a730b-7d18-4683-b292-699a1e31fa21');" title="Click to expand/collapse" style="cursor: pointer;">
	<div style="float:left;"><i>Class&nbsp;:&nbsp;</i>risTestScripts.ManageTemplateTests</div>
	<div style="float:right;">@Test &nbsp;&nbsp;<span id='span-3c1a730b-7d18-4683-b292-699a1e31fa21' class="glyphicon glyphicon-menu-down"></span></div>
	</td>
	</tr>
<tr>
	<td class="time">1645684295461</td>
	<td class="methodTest">
		<span class="description"><b>Method: </b>uniqueTemplateNameTest</span><br>
				<span class="description"><b>Priority: </b><font color='blue'>68</font></span><br>
						<span class="duration"><b>Duration: </b>1.017s</span><br>
	</td>
	<td class="result">
						<div class="noCollapse" id="3c1a730b-7d18-4683-b292-699a1e31fa21" style="display: block;">
												Failed: uniqueTemplateNameTest<br>
									<a href="javascript:toggleElement('exception-3c1a730b-7d18-4683-b292-699a1e31fa21','block')" title="Click to expand/collapse"><b>org.openqa.selenium.NoSuchSessionException: Session ID is null. Using WebDriver after calling quit()?<br/>
Build info: version: &apos;3.141.59&apos;, revision: &apos;e82be7d358&apos;, time: &apos;2018-11-14T08:17:03&apos;<br/>
System info: host: &apos;DESKTOP-MM5QJ97&apos;, ip: &apos;10.23.252.35&apos;, os.name: &apos;Windows 10&apos;, os.arch: &apos;amd64&apos;, os.version: &apos;10.0&apos;, java.version: &apos;1.8.0_311&apos;<br/>
Driver info: driver.version: RemoteWebDriver</b></a><br/>
		<div class="stackTrace" id="exception-3c1a730b-7d18-4683-b292-699a1e31fa21">
					org.openqa.selenium.remote.HttpCommandExecutor.execute(HttpCommandExecutor.java:125)<br/>
					org.openqa.selenium.remote.service.DriverCommandExecutor.execute(DriverCommandExecutor.java:83)<br/>
					org.openqa.selenium.remote.RemoteWebDriver.execute(RemoteWebDriver.java:552)<br/>
					org.openqa.selenium.remote.RemoteWebDriver.findElement(RemoteWebDriver.java:323)<br/>
					org.openqa.selenium.remote.RemoteWebDriver.findElementByClassName(RemoteWebDriver.java:412)<br/>
					org.openqa.selenium.By$ByClassName.findElement(By.java:389)<br/>
					org.openqa.selenium.remote.RemoteWebDriver.findElement(RemoteWebDriver.java:315)<br/>
					risTestScripts.ManageTemplateTests.uniqueTemplateNameTest(ManageTemplateTests.java:137)<br/>
					sun.reflect.NativeMethodAccessorImpl.invoke0(Native Method)<br/>
					sun.reflect.NativeMethodAccessorImpl.invoke(Unknown Source)<br/>
					sun.reflect.DelegatingMethodAccessorImpl.invoke(Unknown Source)<br/>
					java.lang.reflect.Method.invoke(Unknown Source)<br/>
					org.testng.internal.MethodInvocationHelper.invokeMethod(MethodInvocationHelper.java:86)<br/>
					org.testng.internal.Invoker.invokeMethod(Invoker.java:646)<br/>
					org.testng.internal.Invoker.invokeTestMethod(Invoker.java:823)<br/>
					org.testng.internal.Invoker.invokeTestMethods(Invoker.java:1131)<br/>
					org.testng.internal.TestMethodWorker.invokeTestMethods(TestMethodWorker.java:129)<br/>
					org.testng.internal.TestMethodWorker.run(TestMethodWorker.java:112)<br/>
					org.testng.TestRunner.privateRun(TestRunner.java:778)<br/>
					org.testng.TestRunner.run(TestRunner.java:632)<br/>
					org.testng.SuiteRunner.runTest(SuiteRunner.java:366)<br/>
					org.testng.SuiteRunner.runSequentially(SuiteRunner.java:361)<br/>
					org.testng.SuiteRunner.privateRun(SuiteRunner.java:319)<br/>
					org.testng.SuiteRunner.run(SuiteRunner.java:268)<br/>
					org.testng.SuiteRunnerWorker.runSuite(SuiteRunnerWorker.java:52)<br/>
					org.testng.SuiteRunnerWorker.run(SuiteRunnerWorker.java:86)<br/>
					org.testng.TestNG.runSuitesSequentially(TestNG.java:1225)<br/>
					org.testng.TestNG.runSuitesLocally(TestNG.java:1150)<br/>
					org.testng.TestNG.runSuites(TestNG.java:1075)<br/>
					org.testng.TestNG.run(TestNG.java:1047)<br/>
					org.testng.remote.AbstractRemoteTestNG.run(AbstractRemoteTestNG.java:126)<br/>
					org.testng.remote.RemoteTestNG.initAndRun(RemoteTestNG.java:137)<br/>
					org.testng.remote.RemoteTestNG.main(RemoteTestNG.java:58)<br/>
						</div>
		</td>
	</div>
</tr>
									<tr>
	<td class="time">1645684162279</td>
	<td class="header failed" colspan="4" onClick="toggleElement('ef726590-cf42-46bb-b8b7-0187f5047eba','block');changeSingleIcon('span-ef726590-cf42-46bb-b8b7-0187f5047eba');" title="Click to expand/collapse" style="cursor: pointer;">
	<div style="float:left;"><i>Class&nbsp;:&nbsp;</i>risTestScripts.ReportUpdateTests</div>
	<div style="float:right;">@Test &nbsp;&nbsp;<span id='span-ef726590-cf42-46bb-b8b7-0187f5047eba' class="glyphicon glyphicon-menu-down"></span></div>
	</td>
	</tr>
<tr>
	<td class="time">1645684162279</td>
	<td class="methodTest">
		<span class="description"><b>Method: </b>updateReportAndUpdatebuttonTest</span><br>
				<span class="description"><b>Priority: </b><font color='blue'>31</font></span><br>
						<span class="duration"><b>Duration: </b>3.069s</span><br>
	</td>
	<td class="result">
						<div class="noCollapse" id="ef726590-cf42-46bb-b8b7-0187f5047eba" style="display: block;">
												Failed: updateReportAndUpdatebuttonTest<br>
									<a href="javascript:toggleElement('exception-ef726590-cf42-46bb-b8b7-0187f5047eba','block')" title="Click to expand/collapse"><b>org.openqa.selenium.NoSuchElementException: no such element: Unable to locate element: {&quot;method&quot;:&quot;css selector&quot;,&quot;selector&quot;:&quot;.angular\-editor\-textarea&quot;}<br/>
&nbsp; (Session info: chrome=98.0.4758.102)<br/>
For documentation on this error, please visit: https://www.seleniumhq.org/exceptions/no_such_element.html<br/>
Build info: version: &apos;3.141.59&apos;, revision: &apos;e82be7d358&apos;, time: &apos;2018-11-14T08:17:03&apos;<br/>
System info: host: &apos;DESKTOP-MM5QJ97&apos;, ip: &apos;10.23.252.35&apos;, os.name: &apos;Windows 10&apos;, os.arch: &apos;amd64&apos;, os.version: &apos;10.0&apos;, java.version: &apos;1.8.0_311&apos;<br/>
Driver info: org.openqa.selenium.chrome.ChromeDriver<br/>
Capabilities {acceptInsecureCerts: false, browserName: chrome, browserVersion: 98.0.4758.102, chrome: {chromedriverVersion: 98.0.4758.102 (273bf7ac8c90..., userDataDir: C:\Users\ravik\AppData\Loca...}, goog:chromeOptions: {debuggerAddress: localhost:62356}, javascriptEnabled: true, networkConnectionEnabled: false, pageLoadStrategy: normal, platform: WINDOWS, platformName: WINDOWS, proxy: Proxy(), setWindowRect: true, strictFileInteractability: false, timeouts: {implicit: 0, pageLoad: 300000, script: 30000}, unhandledPromptBehavior: dismiss and notify, webauthn:extension:credBlob: true, webauthn:extension:largeBlob: true, webauthn:virtualAuthenticators: true}<br/>
Session ID: 47abf5425cb37a5cce2b14ce5fe1c161<br/>
*** Element info: {Using=class name, value=angular-editor-textarea}</b></a><br/>
		<div class="stackTrace" id="exception-ef726590-cf42-46bb-b8b7-0187f5047eba">
					sun.reflect.NativeConstructorAccessorImpl.newInstance0(Native Method)<br/>
					sun.reflect.NativeConstructorAccessorImpl.newInstance(Unknown Source)<br/>
					sun.reflect.DelegatingConstructorAccessorImpl.newInstance(Unknown Source)<br/>
					java.lang.reflect.Constructor.newInstance(Unknown Source)<br/>
					org.openqa.selenium.remote.http.W3CHttpResponseCodec.createException(W3CHttpResponseCodec.java:187)<br/>
					org.openqa.selenium.remote.http.W3CHttpResponseCodec.decode(W3CHttpResponseCodec.java:122)<br/>
					org.openqa.selenium.remote.http.W3CHttpResponseCodec.decode(W3CHttpResponseCodec.java:49)<br/>
					org.openqa.selenium.remote.HttpCommandExecutor.execute(HttpCommandExecutor.java:158)<br/>
					org.openqa.selenium.remote.service.DriverCommandExecutor.execute(DriverCommandExecutor.java:83)<br/>
					org.openqa.selenium.remote.RemoteWebDriver.execute(RemoteWebDriver.java:552)<br/>
					org.openqa.selenium.remote.RemoteWebDriver.findElement(RemoteWebDriver.java:323)<br/>
					org.openqa.selenium.remote.RemoteWebDriver.findElementByClassName(RemoteWebDriver.java:412)<br/>
					org.openqa.selenium.By$ByClassName.findElement(By.java:389)<br/>
					org.openqa.selenium.remote.RemoteWebDriver.findElement(RemoteWebDriver.java:315)<br/>
					risTestScripts.ReportUpdateTests.updateReportAndUpdatebuttonTest(ReportUpdateTests.java:118)<br/>
					sun.reflect.NativeMethodAccessorImpl.invoke0(Native Method)<br/>
					sun.reflect.NativeMethodAccessorImpl.invoke(Unknown Source)<br/>
					sun.reflect.DelegatingMethodAccessorImpl.invoke(Unknown Source)<br/>
					java.lang.reflect.Method.invoke(Unknown Source)<br/>
					org.testng.internal.MethodInvocationHelper.invokeMethod(MethodInvocationHelper.java:86)<br/>
					org.testng.internal.Invoker.invokeMethod(Invoker.java:646)<br/>
					org.testng.internal.Invoker.invokeTestMethod(Invoker.java:823)<br/>
					org.testng.internal.Invoker.invokeTestMethods(Invoker.java:1131)<br/>
					org.testng.internal.TestMethodWorker.invokeTestMethods(TestMethodWorker.java:129)<br/>
					org.testng.internal.TestMethodWorker.run(TestMethodWorker.java:112)<br/>
					org.testng.TestRunner.privateRun(TestRunner.java:778)<br/>
					org.testng.TestRunner.run(TestRunner.java:632)<br/>
					org.testng.SuiteRunner.runTest(SuiteRunner.java:366)<br/>
					org.testng.SuiteRunner.runSequentially(SuiteRunner.java:361)<br/>
					org.testng.SuiteRunner.privateRun(SuiteRunner.java:319)<br/>
					org.testng.SuiteRunner.run(SuiteRunner.java:268)<br/>
					org.testng.SuiteRunnerWorker.runSuite(SuiteRunnerWorker.java:52)<br/>
					org.testng.SuiteRunnerWorker.run(SuiteRunnerWorker.java:86)<br/>
					org.testng.TestNG.runSuitesSequentially(TestNG.java:1225)<br/>
					org.testng.TestNG.runSuitesLocally(TestNG.java:1150)<br/>
					org.testng.TestNG.runSuites(TestNG.java:1075)<br/>
					org.testng.TestNG.run(TestNG.java:1047)<br/>
					org.testng.remote.AbstractRemoteTestNG.run(AbstractRemoteTestNG.java:126)<br/>
					org.testng.remote.RemoteTestNG.initAndRun(RemoteTestNG.java:137)<br/>
					org.testng.remote.RemoteTestNG.main(RemoteTestNG.java:58)<br/>
						</div>
		</td>
	</div>
</tr>
					<tr>
	<td class="time">1645684160214</td>
	<td class="header failed" colspan="4" onClick="toggleElement('9a116d9d-d7df-4163-b99a-bb17ae1c15f0','block');changeSingleIcon('span-9a116d9d-d7df-4163-b99a-bb17ae1c15f0');" title="Click to expand/collapse" style="cursor: pointer;">
	<div style="float:left;"><i>Class&nbsp;:&nbsp;</i>risTestScripts.ReportUpdateTests</div>
	<div style="float:right;">@Test &nbsp;&nbsp;<span id='span-9a116d9d-d7df-4163-b99a-bb17ae1c15f0' class="glyphicon glyphicon-menu-down"></span></div>
	</td>
	</tr>
<tr>
	<td class="time">1645684160214</td>
	<td class="methodTest">
		<span class="description"><b>Method: </b>updateButtonTest</span><br>
				<span class="description"><b>Priority: </b><font color='blue'>30</font></span><br>
						<span class="duration"><b>Duration: </b>2.060s</span><br>
	</td>
	<td class="result">
						<div class="noCollapse" id="9a116d9d-d7df-4163-b99a-bb17ae1c15f0" style="display: block;">
												Failed: updateButtonTest<br>
									<a href="javascript:toggleElement('exception-9a116d9d-d7df-4163-b99a-bb17ae1c15f0','block')" title="Click to expand/collapse"><b>org.openqa.selenium.NoSuchElementException: no such element: Unable to locate element: {&quot;method&quot;:&quot;xpath&quot;,&quot;selector&quot;:&quot;//*[@id=&apos;pay_advance&apos;]&quot;}<br/>
&nbsp; (Session info: chrome=98.0.4758.102)<br/>
For documentation on this error, please visit: https://www.seleniumhq.org/exceptions/no_such_element.html<br/>
Build info: version: &apos;3.141.59&apos;, revision: &apos;e82be7d358&apos;, time: &apos;2018-11-14T08:17:03&apos;<br/>
System info: host: &apos;DESKTOP-MM5QJ97&apos;, ip: &apos;10.23.252.35&apos;, os.name: &apos;Windows 10&apos;, os.arch: &apos;amd64&apos;, os.version: &apos;10.0&apos;, java.version: &apos;1.8.0_311&apos;<br/>
Driver info: org.openqa.selenium.chrome.ChromeDriver<br/>
Capabilities {acceptInsecureCerts: false, browserName: chrome, browserVersion: 98.0.4758.102, chrome: {chromedriverVersion: 98.0.4758.102 (273bf7ac8c90..., userDataDir: C:\Users\ravik\AppData\Loca...}, goog:chromeOptions: {debuggerAddress: localhost:62356}, javascriptEnabled: true, networkConnectionEnabled: false, pageLoadStrategy: normal, platform: WINDOWS, platformName: WINDOWS, proxy: Proxy(), setWindowRect: true, strictFileInteractability: false, timeouts: {implicit: 0, pageLoad: 300000, script: 30000}, unhandledPromptBehavior: dismiss and notify, webauthn:extension:credBlob: true, webauthn:extension:largeBlob: true, webauthn:virtualAuthenticators: true}<br/>
Session ID: 47abf5425cb37a5cce2b14ce5fe1c161<br/>
*** Element info: {Using=xpath, value=//*[@id=&apos;pay_advance&apos;]}</b></a><br/>
		<div class="stackTrace" id="exception-9a116d9d-d7df-4163-b99a-bb17ae1c15f0">
					sun.reflect.NativeConstructorAccessorImpl.newInstance0(Native Method)<br/>
					sun.reflect.NativeConstructorAccessorImpl.newInstance(Unknown Source)<br/>
					sun.reflect.DelegatingConstructorAccessorImpl.newInstance(Unknown Source)<br/>
					java.lang.reflect.Constructor.newInstance(Unknown Source)<br/>
					org.openqa.selenium.remote.http.W3CHttpResponseCodec.createException(W3CHttpResponseCodec.java:187)<br/>
					org.openqa.selenium.remote.http.W3CHttpResponseCodec.decode(W3CHttpResponseCodec.java:122)<br/>
					org.openqa.selenium.remote.http.W3CHttpResponseCodec.decode(W3CHttpResponseCodec.java:49)<br/>
					org.openqa.selenium.remote.HttpCommandExecutor.execute(HttpCommandExecutor.java:158)<br/>
					org.openqa.selenium.remote.service.DriverCommandExecutor.execute(DriverCommandExecutor.java:83)<br/>
					org.openqa.selenium.remote.RemoteWebDriver.execute(RemoteWebDriver.java:552)<br/>
					org.openqa.selenium.remote.RemoteWebDriver.findElement(RemoteWebDriver.java:323)<br/>
					org.openqa.selenium.remote.RemoteWebDriver.findElementByXPath(RemoteWebDriver.java:428)<br/>
					org.openqa.selenium.By$ByXPath.findElement(By.java:353)<br/>
					org.openqa.selenium.remote.RemoteWebDriver.findElement(RemoteWebDriver.java:315)<br/>
					risTestScripts.ReportUpdateTests.updateButtonTest(ReportUpdateTests.java:99)<br/>
					sun.reflect.NativeMethodAccessorImpl.invoke0(Native Method)<br/>
					sun.reflect.NativeMethodAccessorImpl.invoke(Unknown Source)<br/>
					sun.reflect.DelegatingMethodAccessorImpl.invoke(Unknown Source)<br/>
					java.lang.reflect.Method.invoke(Unknown Source)<br/>
					org.testng.internal.MethodInvocationHelper.invokeMethod(MethodInvocationHelper.java:86)<br/>
					org.testng.internal.Invoker.invokeMethod(Invoker.java:646)<br/>
					org.testng.internal.Invoker.invokeTestMethod(Invoker.java:823)<br/>
					org.testng.internal.Invoker.invokeTestMethods(Invoker.java:1131)<br/>
					org.testng.internal.TestMethodWorker.invokeTestMethods(TestMethodWorker.java:129)<br/>
					org.testng.internal.TestMethodWorker.run(TestMethodWorker.java:112)<br/>
					org.testng.TestRunner.privateRun(TestRunner.java:778)<br/>
					org.testng.TestRunner.run(TestRunner.java:632)<br/>
					org.testng.SuiteRunner.runTest(SuiteRunner.java:366)<br/>
					org.testng.SuiteRunner.runSequentially(SuiteRunner.java:361)<br/>
					org.testng.SuiteRunner.privateRun(SuiteRunner.java:319)<br/>
					org.testng.SuiteRunner.run(SuiteRunner.java:268)<br/>
					org.testng.SuiteRunnerWorker.runSuite(SuiteRunnerWorker.java:52)<br/>
					org.testng.SuiteRunnerWorker.run(SuiteRunnerWorker.java:86)<br/>
					org.testng.TestNG.runSuitesSequentially(TestNG.java:1225)<br/>
					org.testng.TestNG.runSuitesLocally(TestNG.java:1150)<br/>
					org.testng.TestNG.runSuites(TestNG.java:1075)<br/>
					org.testng.TestNG.run(TestNG.java:1047)<br/>
					org.testng.remote.AbstractRemoteTestNG.run(AbstractRemoteTestNG.java:126)<br/>
					org.testng.remote.RemoteTestNG.initAndRun(RemoteTestNG.java:137)<br/>
					org.testng.remote.RemoteTestNG.main(RemoteTestNG.java:58)<br/>
						</div>
		</td>
	</div>
</tr>
					<tr>
	<td class="time">1645684148240</td>
	<td class="header failed" colspan="4" onClick="toggleElement('192a69f7-4130-43b2-9949-a7ed85f45e9a','block');changeSingleIcon('span-192a69f7-4130-43b2-9949-a7ed85f45e9a');" title="Click to expand/collapse" style="cursor: pointer;">
	<div style="float:left;"><i>Class&nbsp;:&nbsp;</i>risTestScripts.ReportUpdateTests</div>
	<div style="float:right;">@Test &nbsp;&nbsp;<span id='span-192a69f7-4130-43b2-9949-a7ed85f45e9a' class="glyphicon glyphicon-menu-down"></span></div>
	</td>
	</tr>
<tr>
	<td class="time">1645684148240</td>
	<td class="methodTest">
		<span class="description"><b>Method: </b>searchWithServiceCategoryServiceStudyNumberRegIdDateTest</span><br>
				<span class="description"><b>Priority: </b><font color='blue'>29</font></span><br>
						<span class="duration"><b>Duration: </b>11.970s</span><br>
	</td>
	<td class="result">
						<div class="noCollapse" id="192a69f7-4130-43b2-9949-a7ed85f45e9a" style="display: block;">
												Failed: searchWithServiceCategoryServiceStudyNumberRegIdDateTest<br>
									<a href="javascript:toggleElement('exception-192a69f7-4130-43b2-9949-a7ed85f45e9a','block')" title="Click to expand/collapse"><b>org.openqa.selenium.NoSuchElementException: no such element: Unable to locate element: {&quot;method&quot;:&quot;css selector&quot;,&quot;selector&quot;:&quot;.mat\-input\-element&quot;}<br/>
&nbsp; (Session info: chrome=98.0.4758.102)<br/>
For documentation on this error, please visit: https://www.seleniumhq.org/exceptions/no_such_element.html<br/>
Build info: version: &apos;3.141.59&apos;, revision: &apos;e82be7d358&apos;, time: &apos;2018-11-14T08:17:03&apos;<br/>
System info: host: &apos;DESKTOP-MM5QJ97&apos;, ip: &apos;10.23.252.35&apos;, os.name: &apos;Windows 10&apos;, os.arch: &apos;amd64&apos;, os.version: &apos;10.0&apos;, java.version: &apos;1.8.0_311&apos;<br/>
Driver info: org.openqa.selenium.chrome.ChromeDriver<br/>
Capabilities {acceptInsecureCerts: false, browserName: chrome, browserVersion: 98.0.4758.102, chrome: {chromedriverVersion: 98.0.4758.102 (273bf7ac8c90..., userDataDir: C:\Users\ravik\AppData\Loca...}, goog:chromeOptions: {debuggerAddress: localhost:62356}, javascriptEnabled: true, networkConnectionEnabled: false, pageLoadStrategy: normal, platform: WINDOWS, platformName: WINDOWS, proxy: Proxy(), setWindowRect: true, strictFileInteractability: false, timeouts: {implicit: 0, pageLoad: 300000, script: 30000}, unhandledPromptBehavior: dismiss and notify, webauthn:extension:credBlob: true, webauthn:extension:largeBlob: true, webauthn:virtualAuthenticators: true}<br/>
Session ID: 47abf5425cb37a5cce2b14ce5fe1c161<br/>
*** Element info: {Using=class name, value=mat-input-element}</b></a><br/>
		<div class="stackTrace" id="exception-192a69f7-4130-43b2-9949-a7ed85f45e9a">
					sun.reflect.NativeConstructorAccessorImpl.newInstance0(Native Method)<br/>
					sun.reflect.NativeConstructorAccessorImpl.newInstance(Unknown Source)<br/>
					sun.reflect.DelegatingConstructorAccessorImpl.newInstance(Unknown Source)<br/>
					java.lang.reflect.Constructor.newInstance(Unknown Source)<br/>
					org.openqa.selenium.remote.http.W3CHttpResponseCodec.createException(W3CHttpResponseCodec.java:187)<br/>
					org.openqa.selenium.remote.http.W3CHttpResponseCodec.decode(W3CHttpResponseCodec.java:122)<br/>
					org.openqa.selenium.remote.http.W3CHttpResponseCodec.decode(W3CHttpResponseCodec.java:49)<br/>
					org.openqa.selenium.remote.HttpCommandExecutor.execute(HttpCommandExecutor.java:158)<br/>
					org.openqa.selenium.remote.service.DriverCommandExecutor.execute(DriverCommandExecutor.java:83)<br/>
					org.openqa.selenium.remote.RemoteWebDriver.execute(RemoteWebDriver.java:552)<br/>
					org.openqa.selenium.remote.RemoteWebDriver.findElement(RemoteWebDriver.java:323)<br/>
					org.openqa.selenium.remote.RemoteWebDriver.findElementByClassName(RemoteWebDriver.java:412)<br/>
					org.openqa.selenium.By$ByClassName.findElement(By.java:389)<br/>
					org.openqa.selenium.remote.RemoteWebDriver.findElement(RemoteWebDriver.java:315)<br/>
					risTestScripts.ReportUpdateTests.searchWithServiceCategoryServiceStudyNumberRegIdDateTest(ReportUpdateTests.java:89)<br/>
					sun.reflect.NativeMethodAccessorImpl.invoke0(Native Method)<br/>
					sun.reflect.NativeMethodAccessorImpl.invoke(Unknown Source)<br/>
					sun.reflect.DelegatingMethodAccessorImpl.invoke(Unknown Source)<br/>
					java.lang.reflect.Method.invoke(Unknown Source)<br/>
					org.testng.internal.MethodInvocationHelper.invokeMethod(MethodInvocationHelper.java:86)<br/>
					org.testng.internal.Invoker.invokeMethod(Invoker.java:646)<br/>
					org.testng.internal.Invoker.invokeTestMethod(Invoker.java:823)<br/>
					org.testng.internal.Invoker.invokeTestMethods(Invoker.java:1131)<br/>
					org.testng.internal.TestMethodWorker.invokeTestMethods(TestMethodWorker.java:129)<br/>
					org.testng.internal.TestMethodWorker.run(TestMethodWorker.java:112)<br/>
					org.testng.TestRunner.privateRun(TestRunner.java:778)<br/>
					org.testng.TestRunner.run(TestRunner.java:632)<br/>
					org.testng.SuiteRunner.runTest(SuiteRunner.java:366)<br/>
					org.testng.SuiteRunner.runSequentially(SuiteRunner.java:361)<br/>
					org.testng.SuiteRunner.privateRun(SuiteRunner.java:319)<br/>
					org.testng.SuiteRunner.run(SuiteRunner.java:268)<br/>
					org.testng.SuiteRunnerWorker.runSuite(SuiteRunnerWorker.java:52)<br/>
					org.testng.SuiteRunnerWorker.run(SuiteRunnerWorker.java:86)<br/>
					org.testng.TestNG.runSuitesSequentially(TestNG.java:1225)<br/>
					org.testng.TestNG.runSuitesLocally(TestNG.java:1150)<br/>
					org.testng.TestNG.runSuites(TestNG.java:1075)<br/>
					org.testng.TestNG.run(TestNG.java:1047)<br/>
					org.testng.remote.AbstractRemoteTestNG.run(AbstractRemoteTestNG.java:126)<br/>
					org.testng.remote.RemoteTestNG.initAndRun(RemoteTestNG.java:137)<br/>
					org.testng.remote.RemoteTestNG.main(RemoteTestNG.java:58)<br/>
						</div>
		</td>
	</div>
</tr>
									<tr>
	<td class="time">1645684282305</td>
	<td class="header failed" colspan="4" onClick="toggleElement('a8145982-afb9-40fc-bc00-9daf2b4cd4ff','block');changeSingleIcon('span-a8145982-afb9-40fc-bc00-9daf2b4cd4ff');" title="Click to expand/collapse" style="cursor: pointer;">
	<div style="float:left;"><i>Class&nbsp;:&nbsp;</i>risTestScripts.ServiceRoomMappingTests</div>
	<div style="float:right;">@Test &nbsp;&nbsp;<span id='span-a8145982-afb9-40fc-bc00-9daf2b4cd4ff' class="glyphicon glyphicon-menu-down"></span></div>
	</td>
	</tr>
<tr>
	<td class="time">1645684282305</td>
	<td class="methodTest">
		<span class="description"><b>Method: </b>updateMappingTest</span><br>
				<span class="description"><b>Priority: </b><font color='blue'>60</font></span><br>
						<span class="duration"><b>Duration: </b>2.007s</span><br>
	</td>
	<td class="result">
						<div class="noCollapse" id="a8145982-afb9-40fc-bc00-9daf2b4cd4ff" style="display: block;">
												Failed: updateMappingTest<br>
									<a href="javascript:toggleElement('exception-a8145982-afb9-40fc-bc00-9daf2b4cd4ff','block')" title="Click to expand/collapse"><b>org.openqa.selenium.NoSuchSessionException: Session ID is null. Using WebDriver after calling quit()?<br/>
Build info: version: &apos;3.141.59&apos;, revision: &apos;e82be7d358&apos;, time: &apos;2018-11-14T08:17:03&apos;<br/>
System info: host: &apos;DESKTOP-MM5QJ97&apos;, ip: &apos;10.23.252.35&apos;, os.name: &apos;Windows 10&apos;, os.arch: &apos;amd64&apos;, os.version: &apos;10.0&apos;, java.version: &apos;1.8.0_311&apos;<br/>
Driver info: driver.version: RemoteWebDriver</b></a><br/>
		<div class="stackTrace" id="exception-a8145982-afb9-40fc-bc00-9daf2b4cd4ff">
					org.openqa.selenium.remote.HttpCommandExecutor.execute(HttpCommandExecutor.java:125)<br/>
					org.openqa.selenium.remote.service.DriverCommandExecutor.execute(DriverCommandExecutor.java:83)<br/>
					org.openqa.selenium.remote.RemoteWebDriver.execute(RemoteWebDriver.java:552)<br/>
					org.openqa.selenium.remote.RemoteWebDriver.findElement(RemoteWebDriver.java:323)<br/>
					org.openqa.selenium.remote.RemoteWebDriver.findElementByXPath(RemoteWebDriver.java:428)<br/>
					org.openqa.selenium.By$ByXPath.findElement(By.java:353)<br/>
					org.openqa.selenium.remote.RemoteWebDriver.findElement(RemoteWebDriver.java:315)<br/>
					risTestScripts.ServiceRoomMappingTests.updateMappingTest(ServiceRoomMappingTests.java:204)<br/>
					sun.reflect.NativeMethodAccessorImpl.invoke0(Native Method)<br/>
					sun.reflect.NativeMethodAccessorImpl.invoke(Unknown Source)<br/>
					sun.reflect.DelegatingMethodAccessorImpl.invoke(Unknown Source)<br/>
					java.lang.reflect.Method.invoke(Unknown Source)<br/>
					org.testng.internal.MethodInvocationHelper.invokeMethod(MethodInvocationHelper.java:86)<br/>
					org.testng.internal.Invoker.invokeMethod(Invoker.java:646)<br/>
					org.testng.internal.Invoker.invokeTestMethod(Invoker.java:823)<br/>
					org.testng.internal.Invoker.invokeTestMethods(Invoker.java:1131)<br/>
					org.testng.internal.TestMethodWorker.invokeTestMethods(TestMethodWorker.java:129)<br/>
					org.testng.internal.TestMethodWorker.run(TestMethodWorker.java:112)<br/>
					org.testng.TestRunner.privateRun(TestRunner.java:778)<br/>
					org.testng.TestRunner.run(TestRunner.java:632)<br/>
					org.testng.SuiteRunner.runTest(SuiteRunner.java:366)<br/>
					org.testng.SuiteRunner.runSequentially(SuiteRunner.java:361)<br/>
					org.testng.SuiteRunner.privateRun(SuiteRunner.java:319)<br/>
					org.testng.SuiteRunner.run(SuiteRunner.java:268)<br/>
					org.testng.SuiteRunnerWorker.runSuite(SuiteRunnerWorker.java:52)<br/>
					org.testng.SuiteRunnerWorker.run(SuiteRunnerWorker.java:86)<br/>
					org.testng.TestNG.runSuitesSequentially(TestNG.java:1225)<br/>
					org.testng.TestNG.runSuitesLocally(TestNG.java:1150)<br/>
					org.testng.TestNG.runSuites(TestNG.java:1075)<br/>
					org.testng.TestNG.run(TestNG.java:1047)<br/>
					org.testng.remote.AbstractRemoteTestNG.run(AbstractRemoteTestNG.java:126)<br/>
					org.testng.remote.RemoteTestNG.initAndRun(RemoteTestNG.java:137)<br/>
					org.testng.remote.RemoteTestNG.main(RemoteTestNG.java:58)<br/>
						</div>
		</td>
	</div>
</tr>
					<tr>
	<td class="time">1645684277223</td>
	<td class="header failed" colspan="4" onClick="toggleElement('5ff11490-7de9-4abb-8127-103309864c89','block');changeSingleIcon('span-5ff11490-7de9-4abb-8127-103309864c89');" title="Click to expand/collapse" style="cursor: pointer;">
	<div style="float:left;"><i>Class&nbsp;:&nbsp;</i>risTestScripts.ServiceRoomMappingTests</div>
	<div style="float:right;">@Test &nbsp;&nbsp;<span id='span-5ff11490-7de9-4abb-8127-103309864c89' class="glyphicon glyphicon-menu-down"></span></div>
	</td>
	</tr>
<tr>
	<td class="time">1645684277223</td>
	<td class="methodTest">
		<span class="description"><b>Method: </b>searchRoomMappingTest</span><br>
				<span class="description"><b>Priority: </b><font color='blue'>56</font></span><br>
						<span class="duration"><b>Duration: </b>2.010s</span><br>
	</td>
	<td class="result">
						<div class="noCollapse" id="5ff11490-7de9-4abb-8127-103309864c89" style="display: block;">
												Failed: searchRoomMappingTest<br>
									<a href="javascript:toggleElement('exception-5ff11490-7de9-4abb-8127-103309864c89','block')" title="Click to expand/collapse"><b>org.openqa.selenium.NoSuchSessionException: Session ID is null. Using WebDriver after calling quit()?<br/>
Build info: version: &apos;3.141.59&apos;, revision: &apos;e82be7d358&apos;, time: &apos;2018-11-14T08:17:03&apos;<br/>
System info: host: &apos;DESKTOP-MM5QJ97&apos;, ip: &apos;10.23.252.35&apos;, os.name: &apos;Windows 10&apos;, os.arch: &apos;amd64&apos;, os.version: &apos;10.0&apos;, java.version: &apos;1.8.0_311&apos;<br/>
Driver info: driver.version: RemoteWebDriver</b></a><br/>
		<div class="stackTrace" id="exception-5ff11490-7de9-4abb-8127-103309864c89">
					org.openqa.selenium.remote.HttpCommandExecutor.execute(HttpCommandExecutor.java:125)<br/>
					org.openqa.selenium.remote.service.DriverCommandExecutor.execute(DriverCommandExecutor.java:83)<br/>
					org.openqa.selenium.remote.RemoteWebDriver.execute(RemoteWebDriver.java:552)<br/>
					org.openqa.selenium.remote.RemoteWebDriver.findElement(RemoteWebDriver.java:323)<br/>
					org.openqa.selenium.remote.RemoteWebDriver.findElementByName(RemoteWebDriver.java:404)<br/>
					org.openqa.selenium.By$ByName.findElement(By.java:284)<br/>
					org.openqa.selenium.remote.RemoteWebDriver.findElement(RemoteWebDriver.java:315)<br/>
					risTestScripts.ServiceRoomMappingTests.searchRoomMappingTest(ServiceRoomMappingTests.java:101)<br/>
					sun.reflect.NativeMethodAccessorImpl.invoke0(Native Method)<br/>
					sun.reflect.NativeMethodAccessorImpl.invoke(Unknown Source)<br/>
					sun.reflect.DelegatingMethodAccessorImpl.invoke(Unknown Source)<br/>
					java.lang.reflect.Method.invoke(Unknown Source)<br/>
					org.testng.internal.MethodInvocationHelper.invokeMethod(MethodInvocationHelper.java:86)<br/>
					org.testng.internal.Invoker.invokeMethod(Invoker.java:646)<br/>
					org.testng.internal.Invoker.invokeTestMethod(Invoker.java:823)<br/>
					org.testng.internal.Invoker.invokeTestMethods(Invoker.java:1131)<br/>
					org.testng.internal.TestMethodWorker.invokeTestMethods(TestMethodWorker.java:129)<br/>
					org.testng.internal.TestMethodWorker.run(TestMethodWorker.java:112)<br/>
					org.testng.TestRunner.privateRun(TestRunner.java:778)<br/>
					org.testng.TestRunner.run(TestRunner.java:632)<br/>
					org.testng.SuiteRunner.runTest(SuiteRunner.java:366)<br/>
					org.testng.SuiteRunner.runSequentially(SuiteRunner.java:361)<br/>
					org.testng.SuiteRunner.privateRun(SuiteRunner.java:319)<br/>
					org.testng.SuiteRunner.run(SuiteRunner.java:268)<br/>
					org.testng.SuiteRunnerWorker.runSuite(SuiteRunnerWorker.java:52)<br/>
					org.testng.SuiteRunnerWorker.run(SuiteRunnerWorker.java:86)<br/>
					org.testng.TestNG.runSuitesSequentially(TestNG.java:1225)<br/>
					org.testng.TestNG.runSuitesLocally(TestNG.java:1150)<br/>
					org.testng.TestNG.runSuites(TestNG.java:1075)<br/>
					org.testng.TestNG.run(TestNG.java:1047)<br/>
					org.testng.remote.AbstractRemoteTestNG.run(AbstractRemoteTestNG.java:126)<br/>
					org.testng.remote.RemoteTestNG.initAndRun(RemoteTestNG.java:137)<br/>
					org.testng.remote.RemoteTestNG.main(RemoteTestNG.java:58)<br/>
						</div>
		</td>
	</div>
</tr>
					<tr>
	<td class="time">1645684279245</td>
	<td class="header failed" colspan="4" onClick="toggleElement('787c9f57-7447-4340-b08c-0e29f7a350ec','block');changeSingleIcon('span-787c9f57-7447-4340-b08c-0e29f7a350ec');" title="Click to expand/collapse" style="cursor: pointer;">
	<div style="float:left;"><i>Class&nbsp;:&nbsp;</i>risTestScripts.ServiceRoomMappingTests</div>
	<div style="float:right;">@Test &nbsp;&nbsp;<span id='span-787c9f57-7447-4340-b08c-0e29f7a350ec' class="glyphicon glyphicon-menu-down"></span></div>
	</td>
	</tr>
<tr>
	<td class="time">1645684279245</td>
	<td class="methodTest">
		<span class="description"><b>Method: </b>validateMappingTableDataTest</span><br>
				<span class="description"><b>Priority: </b><font color='blue'>58</font></span><br>
						<span class="duration"><b>Duration: </b>2.030s</span><br>
	</td>
	<td class="result">
						<div class="noCollapse" id="787c9f57-7447-4340-b08c-0e29f7a350ec" style="display: block;">
												Failed: validateMappingTableDataTest<br>
									<a href="javascript:toggleElement('exception-787c9f57-7447-4340-b08c-0e29f7a350ec','block')" title="Click to expand/collapse"><b>org.openqa.selenium.NoSuchSessionException: Session ID is null. Using WebDriver after calling quit()?<br/>
Build info: version: &apos;3.141.59&apos;, revision: &apos;e82be7d358&apos;, time: &apos;2018-11-14T08:17:03&apos;<br/>
System info: host: &apos;DESKTOP-MM5QJ97&apos;, ip: &apos;10.23.252.35&apos;, os.name: &apos;Windows 10&apos;, os.arch: &apos;amd64&apos;, os.version: &apos;10.0&apos;, java.version: &apos;1.8.0_311&apos;<br/>
Driver info: driver.version: RemoteWebDriver</b></a><br/>
		<div class="stackTrace" id="exception-787c9f57-7447-4340-b08c-0e29f7a350ec">
					org.openqa.selenium.remote.HttpCommandExecutor.execute(HttpCommandExecutor.java:125)<br/>
					org.openqa.selenium.remote.service.DriverCommandExecutor.execute(DriverCommandExecutor.java:83)<br/>
					org.openqa.selenium.remote.RemoteWebDriver.execute(RemoteWebDriver.java:552)<br/>
					org.openqa.selenium.remote.RemoteWebDriver.findElement(RemoteWebDriver.java:323)<br/>
					org.openqa.selenium.remote.RemoteWebDriver.findElementByXPath(RemoteWebDriver.java:428)<br/>
					org.openqa.selenium.By$ByXPath.findElement(By.java:353)<br/>
					org.openqa.selenium.remote.RemoteWebDriver.findElement(RemoteWebDriver.java:315)<br/>
					risTestScripts.ServiceRoomMappingTests.validateMappingTableDataTest(ServiceRoomMappingTests.java:146)<br/>
					sun.reflect.NativeMethodAccessorImpl.invoke0(Native Method)<br/>
					sun.reflect.NativeMethodAccessorImpl.invoke(Unknown Source)<br/>
					sun.reflect.DelegatingMethodAccessorImpl.invoke(Unknown Source)<br/>
					java.lang.reflect.Method.invoke(Unknown Source)<br/>
					org.testng.internal.MethodInvocationHelper.invokeMethod(MethodInvocationHelper.java:86)<br/>
					org.testng.internal.Invoker.invokeMethod(Invoker.java:646)<br/>
					org.testng.internal.Invoker.invokeTestMethod(Invoker.java:823)<br/>
					org.testng.internal.Invoker.invokeTestMethods(Invoker.java:1131)<br/>
					org.testng.internal.TestMethodWorker.invokeTestMethods(TestMethodWorker.java:129)<br/>
					org.testng.internal.TestMethodWorker.run(TestMethodWorker.java:112)<br/>
					org.testng.TestRunner.privateRun(TestRunner.java:778)<br/>
					org.testng.TestRunner.run(TestRunner.java:632)<br/>
					org.testng.SuiteRunner.runTest(SuiteRunner.java:366)<br/>
					org.testng.SuiteRunner.runSequentially(SuiteRunner.java:361)<br/>
					org.testng.SuiteRunner.privateRun(SuiteRunner.java:319)<br/>
					org.testng.SuiteRunner.run(SuiteRunner.java:268)<br/>
					org.testng.SuiteRunnerWorker.runSuite(SuiteRunnerWorker.java:52)<br/>
					org.testng.SuiteRunnerWorker.run(SuiteRunnerWorker.java:86)<br/>
					org.testng.TestNG.runSuitesSequentially(TestNG.java:1225)<br/>
					org.testng.TestNG.runSuitesLocally(TestNG.java:1150)<br/>
					org.testng.TestNG.runSuites(TestNG.java:1075)<br/>
					org.testng.TestNG.run(TestNG.java:1047)<br/>
					org.testng.remote.AbstractRemoteTestNG.run(AbstractRemoteTestNG.java:126)<br/>
					org.testng.remote.RemoteTestNG.initAndRun(RemoteTestNG.java:137)<br/>
					org.testng.remote.RemoteTestNG.main(RemoteTestNG.java:58)<br/>
						</div>
		</td>
	</div>
</tr>
					<tr>
	<td class="time">1645684275211</td>
	<td class="header failed" colspan="4" onClick="toggleElement('2e7a5082-397b-4aef-ba34-790ece4f4ea3','block');changeSingleIcon('span-2e7a5082-397b-4aef-ba34-790ece4f4ea3');" title="Click to expand/collapse" style="cursor: pointer;">
	<div style="float:left;"><i>Class&nbsp;:&nbsp;</i>risTestScripts.ServiceRoomMappingTests</div>
	<div style="float:right;">@Test &nbsp;&nbsp;<span id='span-2e7a5082-397b-4aef-ba34-790ece4f4ea3' class="glyphicon glyphicon-menu-down"></span></div>
	</td>
	</tr>
<tr>
	<td class="time">1645684275211</td>
	<td class="methodTest">
		<span class="description"><b>Method: </b>addNewRoomTest</span><br>
				<span class="description"><b>Priority: </b><font color='blue'>55</font></span><br>
						<span class="duration"><b>Duration: </b>2.007s</span><br>
	</td>
	<td class="result">
						<div class="noCollapse" id="2e7a5082-397b-4aef-ba34-790ece4f4ea3" style="display: block;">
												Failed: addNewRoomTest<br>
									<a href="javascript:toggleElement('exception-2e7a5082-397b-4aef-ba34-790ece4f4ea3','block')" title="Click to expand/collapse"><b>org.openqa.selenium.NoSuchSessionException: Session ID is null. Using WebDriver after calling quit()?<br/>
Build info: version: &apos;3.141.59&apos;, revision: &apos;e82be7d358&apos;, time: &apos;2018-11-14T08:17:03&apos;<br/>
System info: host: &apos;DESKTOP-MM5QJ97&apos;, ip: &apos;10.23.252.35&apos;, os.name: &apos;Windows 10&apos;, os.arch: &apos;amd64&apos;, os.version: &apos;10.0&apos;, java.version: &apos;1.8.0_311&apos;<br/>
Driver info: driver.version: RemoteWebDriver</b></a><br/>
		<div class="stackTrace" id="exception-2e7a5082-397b-4aef-ba34-790ece4f4ea3">
					org.openqa.selenium.remote.HttpCommandExecutor.execute(HttpCommandExecutor.java:125)<br/>
					org.openqa.selenium.remote.service.DriverCommandExecutor.execute(DriverCommandExecutor.java:83)<br/>
					org.openqa.selenium.remote.RemoteWebDriver.execute(RemoteWebDriver.java:552)<br/>
					org.openqa.selenium.remote.RemoteWebDriver.findElement(RemoteWebDriver.java:323)<br/>
					org.openqa.selenium.remote.RemoteWebDriver.findElementByName(RemoteWebDriver.java:404)<br/>
					org.openqa.selenium.By$ByName.findElement(By.java:284)<br/>
					org.openqa.selenium.remote.RemoteWebDriver.findElement(RemoteWebDriver.java:315)<br/>
					risTestScripts.ServiceRoomMappingTests.addNewRoomTest(ServiceRoomMappingTests.java:80)<br/>
					sun.reflect.NativeMethodAccessorImpl.invoke0(Native Method)<br/>
					sun.reflect.NativeMethodAccessorImpl.invoke(Unknown Source)<br/>
					sun.reflect.DelegatingMethodAccessorImpl.invoke(Unknown Source)<br/>
					java.lang.reflect.Method.invoke(Unknown Source)<br/>
					org.testng.internal.MethodInvocationHelper.invokeMethod(MethodInvocationHelper.java:86)<br/>
					org.testng.internal.Invoker.invokeMethod(Invoker.java:646)<br/>
					org.testng.internal.Invoker.invokeTestMethod(Invoker.java:823)<br/>
					org.testng.internal.Invoker.invokeTestMethods(Invoker.java:1131)<br/>
					org.testng.internal.TestMethodWorker.invokeTestMethods(TestMethodWorker.java:129)<br/>
					org.testng.internal.TestMethodWorker.run(TestMethodWorker.java:112)<br/>
					org.testng.TestRunner.privateRun(TestRunner.java:778)<br/>
					org.testng.TestRunner.run(TestRunner.java:632)<br/>
					org.testng.SuiteRunner.runTest(SuiteRunner.java:366)<br/>
					org.testng.SuiteRunner.runSequentially(SuiteRunner.java:361)<br/>
					org.testng.SuiteRunner.privateRun(SuiteRunner.java:319)<br/>
					org.testng.SuiteRunner.run(SuiteRunner.java:268)<br/>
					org.testng.SuiteRunnerWorker.runSuite(SuiteRunnerWorker.java:52)<br/>
					org.testng.SuiteRunnerWorker.run(SuiteRunnerWorker.java:86)<br/>
					org.testng.TestNG.runSuitesSequentially(TestNG.java:1225)<br/>
					org.testng.TestNG.runSuitesLocally(TestNG.java:1150)<br/>
					org.testng.TestNG.runSuites(TestNG.java:1075)<br/>
					org.testng.TestNG.run(TestNG.java:1047)<br/>
					org.testng.remote.AbstractRemoteTestNG.run(AbstractRemoteTestNG.java:126)<br/>
					org.testng.remote.RemoteTestNG.initAndRun(RemoteTestNG.java:137)<br/>
					org.testng.remote.RemoteTestNG.main(RemoteTestNG.java:58)<br/>
						</div>
		</td>
	</div>
</tr>
					<tr>
	<td class="time">1645684269167</td>
	<td class="header failed" colspan="4" onClick="toggleElement('229764d4-f088-4ee5-9049-cabf0b719e37','block');changeSingleIcon('span-229764d4-f088-4ee5-9049-cabf0b719e37');" title="Click to expand/collapse" style="cursor: pointer;">
	<div style="float:left;"><i>Class&nbsp;:&nbsp;</i>risTestScripts.ServiceRoomMappingTests</div>
	<div style="float:right;">@Test &nbsp;&nbsp;<span id='span-229764d4-f088-4ee5-9049-cabf0b719e37' class="glyphicon glyphicon-menu-down"></span></div>
	</td>
	</tr>
<tr>
	<td class="time">1645684269167</td>
	<td class="methodTest">
		<span class="description"><b>Method: </b>openServiceRoomMappingTest</span><br>
				<span class="description"><b>Priority: </b><font color='blue'>52</font></span><br>
						<span class="duration"><b>Duration: </b>2.004s</span><br>
	</td>
	<td class="result">
						<div class="noCollapse" id="229764d4-f088-4ee5-9049-cabf0b719e37" style="display: block;">
												Failed: openServiceRoomMappingTest<br>
									<a href="javascript:toggleElement('exception-229764d4-f088-4ee5-9049-cabf0b719e37','block')" title="Click to expand/collapse"><b>org.openqa.selenium.NoSuchSessionException: Session ID is null. Using WebDriver after calling quit()?<br/>
Build info: version: &apos;3.141.59&apos;, revision: &apos;e82be7d358&apos;, time: &apos;2018-11-14T08:17:03&apos;<br/>
System info: host: &apos;DESKTOP-MM5QJ97&apos;, ip: &apos;10.23.252.35&apos;, os.name: &apos;Windows 10&apos;, os.arch: &apos;amd64&apos;, os.version: &apos;10.0&apos;, java.version: &apos;1.8.0_311&apos;<br/>
Driver info: driver.version: RemoteWebDriver</b></a><br/>
		<div class="stackTrace" id="exception-229764d4-f088-4ee5-9049-cabf0b719e37">
					org.openqa.selenium.remote.HttpCommandExecutor.execute(HttpCommandExecutor.java:125)<br/>
					org.openqa.selenium.remote.service.DriverCommandExecutor.execute(DriverCommandExecutor.java:83)<br/>
					org.openqa.selenium.remote.RemoteWebDriver.execute(RemoteWebDriver.java:552)<br/>
					org.openqa.selenium.remote.RemoteWebDriver.findElement(RemoteWebDriver.java:323)<br/>
					org.openqa.selenium.remote.RemoteWebDriver.findElementByLinkText(RemoteWebDriver.java:380)<br/>
					org.openqa.selenium.By$ByLinkText.findElement(By.java:220)<br/>
					org.openqa.selenium.remote.RemoteWebDriver.findElement(RemoteWebDriver.java:315)<br/>
					risTestScripts.ServiceRoomMappingTests.openServiceRoomMappingTest(ServiceRoomMappingTests.java:37)<br/>
					sun.reflect.NativeMethodAccessorImpl.invoke0(Native Method)<br/>
					sun.reflect.NativeMethodAccessorImpl.invoke(Unknown Source)<br/>
					sun.reflect.DelegatingMethodAccessorImpl.invoke(Unknown Source)<br/>
					java.lang.reflect.Method.invoke(Unknown Source)<br/>
					org.testng.internal.MethodInvocationHelper.invokeMethod(MethodInvocationHelper.java:86)<br/>
					org.testng.internal.Invoker.invokeMethod(Invoker.java:646)<br/>
					org.testng.internal.Invoker.invokeTestMethod(Invoker.java:823)<br/>
					org.testng.internal.Invoker.invokeTestMethods(Invoker.java:1131)<br/>
					org.testng.internal.TestMethodWorker.invokeTestMethods(TestMethodWorker.java:129)<br/>
					org.testng.internal.TestMethodWorker.run(TestMethodWorker.java:112)<br/>
					org.testng.TestRunner.privateRun(TestRunner.java:778)<br/>
					org.testng.TestRunner.run(TestRunner.java:632)<br/>
					org.testng.SuiteRunner.runTest(SuiteRunner.java:366)<br/>
					org.testng.SuiteRunner.runSequentially(SuiteRunner.java:361)<br/>
					org.testng.SuiteRunner.privateRun(SuiteRunner.java:319)<br/>
					org.testng.SuiteRunner.run(SuiteRunner.java:268)<br/>
					org.testng.SuiteRunnerWorker.runSuite(SuiteRunnerWorker.java:52)<br/>
					org.testng.SuiteRunnerWorker.run(SuiteRunnerWorker.java:86)<br/>
					org.testng.TestNG.runSuitesSequentially(TestNG.java:1225)<br/>
					org.testng.TestNG.runSuitesLocally(TestNG.java:1150)<br/>
					org.testng.TestNG.runSuites(TestNG.java:1075)<br/>
					org.testng.TestNG.run(TestNG.java:1047)<br/>
					org.testng.remote.AbstractRemoteTestNG.run(AbstractRemoteTestNG.java:126)<br/>
					org.testng.remote.RemoteTestNG.initAndRun(RemoteTestNG.java:137)<br/>
					org.testng.remote.RemoteTestNG.main(RemoteTestNG.java:58)<br/>
						</div>
		</td>
	</div>
</tr>
					<tr>
	<td class="time">1645684271175</td>
	<td class="header failed" colspan="4" onClick="toggleElement('91ad8d58-e2b0-4b34-80bd-563a22b5b5ec','block');changeSingleIcon('span-91ad8d58-e2b0-4b34-80bd-563a22b5b5ec');" title="Click to expand/collapse" style="cursor: pointer;">
	<div style="float:left;"><i>Class&nbsp;:&nbsp;</i>risTestScripts.ServiceRoomMappingTests</div>
	<div style="float:right;">@Test &nbsp;&nbsp;<span id='span-91ad8d58-e2b0-4b34-80bd-563a22b5b5ec' class="glyphicon glyphicon-menu-down"></span></div>
	</td>
	</tr>
<tr>
	<td class="time">1645684271175</td>
	<td class="methodTest">
		<span class="description"><b>Method: </b>defaultViewTest</span><br>
				<span class="description"><b>Priority: </b><font color='blue'>53</font></span><br>
						<span class="duration"><b>Duration: </b>3.016s</span><br>
	</td>
	<td class="result">
						<div class="noCollapse" id="91ad8d58-e2b0-4b34-80bd-563a22b5b5ec" style="display: block;">
												Failed: defaultViewTest<br>
									<a href="javascript:toggleElement('exception-91ad8d58-e2b0-4b34-80bd-563a22b5b5ec','block')" title="Click to expand/collapse"><b>org.openqa.selenium.NoSuchSessionException: Session ID is null. Using WebDriver after calling quit()?<br/>
Build info: version: &apos;3.141.59&apos;, revision: &apos;e82be7d358&apos;, time: &apos;2018-11-14T08:17:03&apos;<br/>
System info: host: &apos;DESKTOP-MM5QJ97&apos;, ip: &apos;10.23.252.35&apos;, os.name: &apos;Windows 10&apos;, os.arch: &apos;amd64&apos;, os.version: &apos;10.0&apos;, java.version: &apos;1.8.0_311&apos;<br/>
Driver info: driver.version: RemoteWebDriver</b></a><br/>
		<div class="stackTrace" id="exception-91ad8d58-e2b0-4b34-80bd-563a22b5b5ec">
					org.openqa.selenium.remote.HttpCommandExecutor.execute(HttpCommandExecutor.java:125)<br/>
					org.openqa.selenium.remote.service.DriverCommandExecutor.execute(DriverCommandExecutor.java:83)<br/>
					org.openqa.selenium.remote.RemoteWebDriver.execute(RemoteWebDriver.java:552)<br/>
					org.openqa.selenium.remote.RemoteWebDriver.findElement(RemoteWebDriver.java:323)<br/>
					org.openqa.selenium.remote.RemoteWebDriver.findElementByClassName(RemoteWebDriver.java:412)<br/>
					org.openqa.selenium.By$ByClassName.findElement(By.java:389)<br/>
					org.openqa.selenium.remote.RemoteWebDriver.findElement(RemoteWebDriver.java:315)<br/>
					risTestScripts.ServiceRoomMappingTests.defaultViewTest(ServiceRoomMappingTests.java:48)<br/>
					sun.reflect.NativeMethodAccessorImpl.invoke0(Native Method)<br/>
					sun.reflect.NativeMethodAccessorImpl.invoke(Unknown Source)<br/>
					sun.reflect.DelegatingMethodAccessorImpl.invoke(Unknown Source)<br/>
					java.lang.reflect.Method.invoke(Unknown Source)<br/>
					org.testng.internal.MethodInvocationHelper.invokeMethod(MethodInvocationHelper.java:86)<br/>
					org.testng.internal.Invoker.invokeMethod(Invoker.java:646)<br/>
					org.testng.internal.Invoker.invokeTestMethod(Invoker.java:823)<br/>
					org.testng.internal.Invoker.invokeTestMethods(Invoker.java:1131)<br/>
					org.testng.internal.TestMethodWorker.invokeTestMethods(TestMethodWorker.java:129)<br/>
					org.testng.internal.TestMethodWorker.run(TestMethodWorker.java:112)<br/>
					org.testng.TestRunner.privateRun(TestRunner.java:778)<br/>
					org.testng.TestRunner.run(TestRunner.java:632)<br/>
					org.testng.SuiteRunner.runTest(SuiteRunner.java:366)<br/>
					org.testng.SuiteRunner.runSequentially(SuiteRunner.java:361)<br/>
					org.testng.SuiteRunner.privateRun(SuiteRunner.java:319)<br/>
					org.testng.SuiteRunner.run(SuiteRunner.java:268)<br/>
					org.testng.SuiteRunnerWorker.runSuite(SuiteRunnerWorker.java:52)<br/>
					org.testng.SuiteRunnerWorker.run(SuiteRunnerWorker.java:86)<br/>
					org.testng.TestNG.runSuitesSequentially(TestNG.java:1225)<br/>
					org.testng.TestNG.runSuitesLocally(TestNG.java:1150)<br/>
					org.testng.TestNG.runSuites(TestNG.java:1075)<br/>
					org.testng.TestNG.run(TestNG.java:1047)<br/>
					org.testng.remote.AbstractRemoteTestNG.run(AbstractRemoteTestNG.java:126)<br/>
					org.testng.remote.RemoteTestNG.initAndRun(RemoteTestNG.java:137)<br/>
					org.testng.remote.RemoteTestNG.main(RemoteTestNG.java:58)<br/>
						</div>
		</td>
	</div>
</tr>
					<tr>
	<td class="time">1645684279237</td>
	<td class="header failed" colspan="4" onClick="toggleElement('0f727220-6d51-4ab9-95c5-4d6bb6402813','block');changeSingleIcon('span-0f727220-6d51-4ab9-95c5-4d6bb6402813');" title="Click to expand/collapse" style="cursor: pointer;">
	<div style="float:left;"><i>Class&nbsp;:&nbsp;</i>risTestScripts.ServiceRoomMappingTests</div>
	<div style="float:right;">@Test &nbsp;&nbsp;<span id='span-0f727220-6d51-4ab9-95c5-4d6bb6402813' class="glyphicon glyphicon-menu-down"></span></div>
	</td>
	</tr>
<tr>
	<td class="time">1645684279237</td>
	<td class="methodTest">
		<span class="description"><b>Method: </b>searchOnServiceRoomMappingTableTest</span><br>
				<span class="description"><b>Priority: </b><font color='blue'>57</font></span><br>
						<span class="duration"><b>Duration: </b>0.003s</span><br>
	</td>
	<td class="result">
						<div class="noCollapse" id="0f727220-6d51-4ab9-95c5-4d6bb6402813" style="display: block;">
												Failed: searchOnServiceRoomMappingTableTest<br>
									<a href="javascript:toggleElement('exception-0f727220-6d51-4ab9-95c5-4d6bb6402813','block')" title="Click to expand/collapse"><b>org.openqa.selenium.NoSuchSessionException: Session ID is null. Using WebDriver after calling quit()?<br/>
Build info: version: &apos;3.141.59&apos;, revision: &apos;e82be7d358&apos;, time: &apos;2018-11-14T08:17:03&apos;<br/>
System info: host: &apos;DESKTOP-MM5QJ97&apos;, ip: &apos;10.23.252.35&apos;, os.name: &apos;Windows 10&apos;, os.arch: &apos;amd64&apos;, os.version: &apos;10.0&apos;, java.version: &apos;1.8.0_311&apos;<br/>
Driver info: driver.version: RemoteWebDriver</b></a><br/>
		<div class="stackTrace" id="exception-0f727220-6d51-4ab9-95c5-4d6bb6402813">
					org.openqa.selenium.remote.HttpCommandExecutor.execute(HttpCommandExecutor.java:125)<br/>
					org.openqa.selenium.remote.service.DriverCommandExecutor.execute(DriverCommandExecutor.java:83)<br/>
					org.openqa.selenium.remote.RemoteWebDriver.execute(RemoteWebDriver.java:552)<br/>
					org.openqa.selenium.remote.RemoteWebDriver.findElement(RemoteWebDriver.java:323)<br/>
					org.openqa.selenium.remote.RemoteWebDriver.findElementByClassName(RemoteWebDriver.java:412)<br/>
					org.openqa.selenium.By$ByClassName.findElement(By.java:389)<br/>
					org.openqa.selenium.remote.RemoteWebDriver.findElement(RemoteWebDriver.java:315)<br/>
					risTestScripts.ServiceRoomMappingTests.searchOnServiceRoomMappingTableTest(ServiceRoomMappingTests.java:126)<br/>
					sun.reflect.NativeMethodAccessorImpl.invoke0(Native Method)<br/>
					sun.reflect.NativeMethodAccessorImpl.invoke(Unknown Source)<br/>
					sun.reflect.DelegatingMethodAccessorImpl.invoke(Unknown Source)<br/>
					java.lang.reflect.Method.invoke(Unknown Source)<br/>
					org.testng.internal.MethodInvocationHelper.invokeMethod(MethodInvocationHelper.java:86)<br/>
					org.testng.internal.Invoker.invokeMethod(Invoker.java:646)<br/>
					org.testng.internal.Invoker.invokeTestMethod(Invoker.java:823)<br/>
					org.testng.internal.Invoker.invokeTestMethods(Invoker.java:1131)<br/>
					org.testng.internal.TestMethodWorker.invokeTestMethods(TestMethodWorker.java:129)<br/>
					org.testng.internal.TestMethodWorker.run(TestMethodWorker.java:112)<br/>
					org.testng.TestRunner.privateRun(TestRunner.java:778)<br/>
					org.testng.TestRunner.run(TestRunner.java:632)<br/>
					org.testng.SuiteRunner.runTest(SuiteRunner.java:366)<br/>
					org.testng.SuiteRunner.runSequentially(SuiteRunner.java:361)<br/>
					org.testng.SuiteRunner.privateRun(SuiteRunner.java:319)<br/>
					org.testng.SuiteRunner.run(SuiteRunner.java:268)<br/>
					org.testng.SuiteRunnerWorker.runSuite(SuiteRunnerWorker.java:52)<br/>
					org.testng.SuiteRunnerWorker.run(SuiteRunnerWorker.java:86)<br/>
					org.testng.TestNG.runSuitesSequentially(TestNG.java:1225)<br/>
					org.testng.TestNG.runSuitesLocally(TestNG.java:1150)<br/>
					org.testng.TestNG.runSuites(TestNG.java:1075)<br/>
					org.testng.TestNG.run(TestNG.java:1047)<br/>
					org.testng.remote.AbstractRemoteTestNG.run(AbstractRemoteTestNG.java:126)<br/>
					org.testng.remote.RemoteTestNG.initAndRun(RemoteTestNG.java:137)<br/>
					org.testng.remote.RemoteTestNG.main(RemoteTestNG.java:58)<br/>
						</div>
		</td>
	</div>
</tr>
					<tr>
	<td class="time">1645684274196</td>
	<td class="header failed" colspan="4" onClick="toggleElement('b7a8913d-2a41-4ae0-b872-0a5d5d424d3f','block');changeSingleIcon('span-b7a8913d-2a41-4ae0-b872-0a5d5d424d3f');" title="Click to expand/collapse" style="cursor: pointer;">
	<div style="float:left;"><i>Class&nbsp;:&nbsp;</i>risTestScripts.ServiceRoomMappingTests</div>
	<div style="float:right;">@Test &nbsp;&nbsp;<span id='span-b7a8913d-2a41-4ae0-b872-0a5d5d424d3f' class="glyphicon glyphicon-menu-down"></span></div>
	</td>
	</tr>
<tr>
	<td class="time">1645684274196</td>
	<td class="methodTest">
		<span class="description"><b>Method: </b>addNewRoomButtonTest</span><br>
				<span class="description"><b>Priority: </b><font color='blue'>54</font></span><br>
						<span class="duration"><b>Duration: </b>1.010s</span><br>
	</td>
	<td class="result">
						<div class="noCollapse" id="b7a8913d-2a41-4ae0-b872-0a5d5d424d3f" style="display: block;">
												Failed: addNewRoomButtonTest<br>
									<a href="javascript:toggleElement('exception-b7a8913d-2a41-4ae0-b872-0a5d5d424d3f','block')" title="Click to expand/collapse"><b>org.openqa.selenium.NoSuchSessionException: Session ID is null. Using WebDriver after calling quit()?<br/>
Build info: version: &apos;3.141.59&apos;, revision: &apos;e82be7d358&apos;, time: &apos;2018-11-14T08:17:03&apos;<br/>
System info: host: &apos;DESKTOP-MM5QJ97&apos;, ip: &apos;10.23.252.35&apos;, os.name: &apos;Windows 10&apos;, os.arch: &apos;amd64&apos;, os.version: &apos;10.0&apos;, java.version: &apos;1.8.0_311&apos;<br/>
Driver info: driver.version: RemoteWebDriver</b></a><br/>
		<div class="stackTrace" id="exception-b7a8913d-2a41-4ae0-b872-0a5d5d424d3f">
					org.openqa.selenium.remote.HttpCommandExecutor.execute(HttpCommandExecutor.java:125)<br/>
					org.openqa.selenium.remote.service.DriverCommandExecutor.execute(DriverCommandExecutor.java:83)<br/>
					org.openqa.selenium.remote.RemoteWebDriver.execute(RemoteWebDriver.java:552)<br/>
					org.openqa.selenium.remote.RemoteWebDriver.findElement(RemoteWebDriver.java:323)<br/>
					org.openqa.selenium.remote.RemoteWebDriver.findElementByXPath(RemoteWebDriver.java:428)<br/>
					org.openqa.selenium.By$ByXPath.findElement(By.java:353)<br/>
					org.openqa.selenium.remote.RemoteWebDriver.findElement(RemoteWebDriver.java:315)<br/>
					risTestScripts.ServiceRoomMappingTests.addNewRoomButtonTest(ServiceRoomMappingTests.java:62)<br/>
					sun.reflect.NativeMethodAccessorImpl.invoke0(Native Method)<br/>
					sun.reflect.NativeMethodAccessorImpl.invoke(Unknown Source)<br/>
					sun.reflect.DelegatingMethodAccessorImpl.invoke(Unknown Source)<br/>
					java.lang.reflect.Method.invoke(Unknown Source)<br/>
					org.testng.internal.MethodInvocationHelper.invokeMethod(MethodInvocationHelper.java:86)<br/>
					org.testng.internal.Invoker.invokeMethod(Invoker.java:646)<br/>
					org.testng.internal.Invoker.invokeTestMethod(Invoker.java:823)<br/>
					org.testng.internal.Invoker.invokeTestMethods(Invoker.java:1131)<br/>
					org.testng.internal.TestMethodWorker.invokeTestMethods(TestMethodWorker.java:129)<br/>
					org.testng.internal.TestMethodWorker.run(TestMethodWorker.java:112)<br/>
					org.testng.TestRunner.privateRun(TestRunner.java:778)<br/>
					org.testng.TestRunner.run(TestRunner.java:632)<br/>
					org.testng.SuiteRunner.runTest(SuiteRunner.java:366)<br/>
					org.testng.SuiteRunner.runSequentially(SuiteRunner.java:361)<br/>
					org.testng.SuiteRunner.privateRun(SuiteRunner.java:319)<br/>
					org.testng.SuiteRunner.run(SuiteRunner.java:268)<br/>
					org.testng.SuiteRunnerWorker.runSuite(SuiteRunnerWorker.java:52)<br/>
					org.testng.SuiteRunnerWorker.run(SuiteRunnerWorker.java:86)<br/>
					org.testng.TestNG.runSuitesSequentially(TestNG.java:1225)<br/>
					org.testng.TestNG.runSuitesLocally(TestNG.java:1150)<br/>
					org.testng.TestNG.runSuites(TestNG.java:1075)<br/>
					org.testng.TestNG.run(TestNG.java:1047)<br/>
					org.testng.remote.AbstractRemoteTestNG.run(AbstractRemoteTestNG.java:126)<br/>
					org.testng.remote.RemoteTestNG.initAndRun(RemoteTestNG.java:137)<br/>
					org.testng.remote.RemoteTestNG.main(RemoteTestNG.java:58)<br/>
						</div>
		</td>
	</div>
</tr>
					<tr>
	<td class="time">1645684281279</td>
	<td class="header failed" colspan="4" onClick="toggleElement('543072b8-50d4-4852-a77a-7ff3121ef06e','block');changeSingleIcon('span-543072b8-50d4-4852-a77a-7ff3121ef06e');" title="Click to expand/collapse" style="cursor: pointer;">
	<div style="float:left;"><i>Class&nbsp;:&nbsp;</i>risTestScripts.ServiceRoomMappingTests</div>
	<div style="float:right;">@Test &nbsp;&nbsp;<span id='span-543072b8-50d4-4852-a77a-7ff3121ef06e' class="glyphicon glyphicon-menu-down"></span></div>
	</td>
	</tr>
<tr>
	<td class="time">1645684281279</td>
	<td class="methodTest">
		<span class="description"><b>Method: </b>updateButtonTest</span><br>
				<span class="description"><b>Priority: </b><font color='blue'>59</font></span><br>
						<span class="duration"><b>Duration: </b>1.003s</span><br>
	</td>
	<td class="result">
						<div class="noCollapse" id="543072b8-50d4-4852-a77a-7ff3121ef06e" style="display: block;">
												Failed: updateButtonTest<br>
									<a href="javascript:toggleElement('exception-543072b8-50d4-4852-a77a-7ff3121ef06e','block')" title="Click to expand/collapse"><b>org.openqa.selenium.NoSuchSessionException: Session ID is null. Using WebDriver after calling quit()?<br/>
Build info: version: &apos;3.141.59&apos;, revision: &apos;e82be7d358&apos;, time: &apos;2018-11-14T08:17:03&apos;<br/>
System info: host: &apos;DESKTOP-MM5QJ97&apos;, ip: &apos;10.23.252.35&apos;, os.name: &apos;Windows 10&apos;, os.arch: &apos;amd64&apos;, os.version: &apos;10.0&apos;, java.version: &apos;1.8.0_311&apos;<br/>
Driver info: driver.version: RemoteWebDriver</b></a><br/>
		<div class="stackTrace" id="exception-543072b8-50d4-4852-a77a-7ff3121ef06e">
					org.openqa.selenium.remote.HttpCommandExecutor.execute(HttpCommandExecutor.java:125)<br/>
					org.openqa.selenium.remote.service.DriverCommandExecutor.execute(DriverCommandExecutor.java:83)<br/>
					org.openqa.selenium.remote.RemoteWebDriver.execute(RemoteWebDriver.java:552)<br/>
					org.openqa.selenium.remote.RemoteWebDriver.findElement(RemoteWebDriver.java:323)<br/>
					org.openqa.selenium.remote.RemoteWebDriver.findElementByXPath(RemoteWebDriver.java:428)<br/>
					org.openqa.selenium.By$ByXPath.findElement(By.java:353)<br/>
					org.openqa.selenium.remote.RemoteWebDriver.findElement(RemoteWebDriver.java:315)<br/>
					risTestScripts.ServiceRoomMappingTests.updateButtonTest(ServiceRoomMappingTests.java:186)<br/>
					sun.reflect.NativeMethodAccessorImpl.invoke0(Native Method)<br/>
					sun.reflect.NativeMethodAccessorImpl.invoke(Unknown Source)<br/>
					sun.reflect.DelegatingMethodAccessorImpl.invoke(Unknown Source)<br/>
					java.lang.reflect.Method.invoke(Unknown Source)<br/>
					org.testng.internal.MethodInvocationHelper.invokeMethod(MethodInvocationHelper.java:86)<br/>
					org.testng.internal.Invoker.invokeMethod(Invoker.java:646)<br/>
					org.testng.internal.Invoker.invokeTestMethod(Invoker.java:823)<br/>
					org.testng.internal.Invoker.invokeTestMethods(Invoker.java:1131)<br/>
					org.testng.internal.TestMethodWorker.invokeTestMethods(TestMethodWorker.java:129)<br/>
					org.testng.internal.TestMethodWorker.run(TestMethodWorker.java:112)<br/>
					org.testng.TestRunner.privateRun(TestRunner.java:778)<br/>
					org.testng.TestRunner.run(TestRunner.java:632)<br/>
					org.testng.SuiteRunner.runTest(SuiteRunner.java:366)<br/>
					org.testng.SuiteRunner.runSequentially(SuiteRunner.java:361)<br/>
					org.testng.SuiteRunner.privateRun(SuiteRunner.java:319)<br/>
					org.testng.SuiteRunner.run(SuiteRunner.java:268)<br/>
					org.testng.SuiteRunnerWorker.runSuite(SuiteRunnerWorker.java:52)<br/>
					org.testng.SuiteRunnerWorker.run(SuiteRunnerWorker.java:86)<br/>
					org.testng.TestNG.runSuitesSequentially(TestNG.java:1225)<br/>
					org.testng.TestNG.runSuitesLocally(TestNG.java:1150)<br/>
					org.testng.TestNG.runSuites(TestNG.java:1075)<br/>
					org.testng.TestNG.run(TestNG.java:1047)<br/>
					org.testng.remote.AbstractRemoteTestNG.run(AbstractRemoteTestNG.java:126)<br/>
					org.testng.remote.RemoteTestNG.initAndRun(RemoteTestNG.java:137)<br/>
					org.testng.remote.RemoteTestNG.main(RemoteTestNG.java:58)<br/>
						</div>
		</td>
	</div>
</tr>
					<tr>
	<td class="time">1645684284316</td>
	<td class="header failed" colspan="4" onClick="toggleElement('89461188-9512-46d4-9edb-5a783c3a427d','block');changeSingleIcon('span-89461188-9512-46d4-9edb-5a783c3a427d');" title="Click to expand/collapse" style="cursor: pointer;">
	<div style="float:left;"><i>Class&nbsp;:&nbsp;</i>risTestScripts.ServiceRoomMappingTests</div>
	<div style="float:right;">@Test &nbsp;&nbsp;<span id='span-89461188-9512-46d4-9edb-5a783c3a427d' class="glyphicon glyphicon-menu-down"></span></div>
	</td>
	</tr>
<tr>
	<td class="time">1645684284316</td>
	<td class="methodTest">
		<span class="description"><b>Method: </b>validateUpdatedMappingTest</span><br>
				<span class="description"><b>Priority: </b><font color='blue'>61</font></span><br>
						<span class="duration"><b>Duration: </b>3.017s</span><br>
	</td>
	<td class="result">
						<div class="noCollapse" id="89461188-9512-46d4-9edb-5a783c3a427d" style="display: block;">
												Failed: validateUpdatedMappingTest<br>
									<a href="javascript:toggleElement('exception-89461188-9512-46d4-9edb-5a783c3a427d','block')" title="Click to expand/collapse"><b>org.openqa.selenium.NoSuchSessionException: Session ID is null. Using WebDriver after calling quit()?<br/>
Build info: version: &apos;3.141.59&apos;, revision: &apos;e82be7d358&apos;, time: &apos;2018-11-14T08:17:03&apos;<br/>
System info: host: &apos;DESKTOP-MM5QJ97&apos;, ip: &apos;10.23.252.35&apos;, os.name: &apos;Windows 10&apos;, os.arch: &apos;amd64&apos;, os.version: &apos;10.0&apos;, java.version: &apos;1.8.0_311&apos;<br/>
Driver info: driver.version: RemoteWebDriver</b></a><br/>
		<div class="stackTrace" id="exception-89461188-9512-46d4-9edb-5a783c3a427d">
					org.openqa.selenium.remote.HttpCommandExecutor.execute(HttpCommandExecutor.java:125)<br/>
					org.openqa.selenium.remote.service.DriverCommandExecutor.execute(DriverCommandExecutor.java:83)<br/>
					org.openqa.selenium.remote.RemoteWebDriver.execute(RemoteWebDriver.java:552)<br/>
					org.openqa.selenium.remote.RemoteWebDriver.findElement(RemoteWebDriver.java:323)<br/>
					org.openqa.selenium.remote.RemoteWebDriver.findElementByXPath(RemoteWebDriver.java:428)<br/>
					org.openqa.selenium.By$ByXPath.findElement(By.java:353)<br/>
					org.openqa.selenium.remote.RemoteWebDriver.findElement(RemoteWebDriver.java:315)<br/>
					risTestScripts.ServiceRoomMappingTests.validateUpdatedMappingTest(ServiceRoomMappingTests.java:221)<br/>
					sun.reflect.NativeMethodAccessorImpl.invoke0(Native Method)<br/>
					sun.reflect.NativeMethodAccessorImpl.invoke(Unknown Source)<br/>
					sun.reflect.DelegatingMethodAccessorImpl.invoke(Unknown Source)<br/>
					java.lang.reflect.Method.invoke(Unknown Source)<br/>
					org.testng.internal.MethodInvocationHelper.invokeMethod(MethodInvocationHelper.java:86)<br/>
					org.testng.internal.Invoker.invokeMethod(Invoker.java:646)<br/>
					org.testng.internal.Invoker.invokeTestMethod(Invoker.java:823)<br/>
					org.testng.internal.Invoker.invokeTestMethods(Invoker.java:1131)<br/>
					org.testng.internal.TestMethodWorker.invokeTestMethods(TestMethodWorker.java:129)<br/>
					org.testng.internal.TestMethodWorker.run(TestMethodWorker.java:112)<br/>
					org.testng.TestRunner.privateRun(TestRunner.java:778)<br/>
					org.testng.TestRunner.run(TestRunner.java:632)<br/>
					org.testng.SuiteRunner.runTest(SuiteRunner.java:366)<br/>
					org.testng.SuiteRunner.runSequentially(SuiteRunner.java:361)<br/>
					org.testng.SuiteRunner.privateRun(SuiteRunner.java:319)<br/>
					org.testng.SuiteRunner.run(SuiteRunner.java:268)<br/>
					org.testng.SuiteRunnerWorker.runSuite(SuiteRunnerWorker.java:52)<br/>
					org.testng.SuiteRunnerWorker.run(SuiteRunnerWorker.java:86)<br/>
					org.testng.TestNG.runSuitesSequentially(TestNG.java:1225)<br/>
					org.testng.TestNG.runSuitesLocally(TestNG.java:1150)<br/>
					org.testng.TestNG.runSuites(TestNG.java:1075)<br/>
					org.testng.TestNG.run(TestNG.java:1047)<br/>
					org.testng.remote.AbstractRemoteTestNG.run(AbstractRemoteTestNG.java:126)<br/>
					org.testng.remote.RemoteTestNG.initAndRun(RemoteTestNG.java:137)<br/>
					org.testng.remote.RemoteTestNG.main(RemoteTestNG.java:58)<br/>
						</div>
		</td>
	</div>
</tr>
						
				
												<tr>
			<td class="time">1645684108542</td>
			<td class="header passed" colspan="4" onClick="toggleElement('6b0171ef-8ba1-47cc-bc46-b443724314b2','block');changeSingleIcon('span-6b0171ef-8ba1-47cc-bc46-b443724314b2');" title="Click to expand/collapse" style="cursor: pointer;">
			<div style="float:left;"><i>Class&nbsp;:&nbsp;</i>risTestScripts.ConfirmationTests</div>
			<div style="float:right;">@Test &nbsp;&nbsp;<span id='span-6b0171ef-8ba1-47cc-bc46-b443724314b2' class="glyphicon glyphicon-menu-down"></span></div>
			</td>
			</tr>
			<tr>
	<td class="time">1645684108542</td>
	<td class="methodTest">
		<span class="description"><b>Method: </b>inputStudyNumberTest</span><br>
				<span class="description"><b>Priority: </b><font color='blue'>14</font></span><br>
						<span class="duration"><b>Duration: </b>1.266s</span><br>
	</td>
	<td class="result">
						<div class="stackTrace" id="6b0171ef-8ba1-47cc-bc46-b443724314b2" style="display: block;">
												Passed: inputStudyNumberTest<br>
								</td>
	</div>
</tr>
						<tr>
			<td class="time">1645684103932</td>
			<td class="header passed" colspan="4" onClick="toggleElement('7a2c2e54-973c-41e0-aa30-0e1e824c92ed','block');changeSingleIcon('span-7a2c2e54-973c-41e0-aa30-0e1e824c92ed');" title="Click to expand/collapse" style="cursor: pointer;">
			<div style="float:left;"><i>Class&nbsp;:&nbsp;</i>risTestScripts.ConfirmationTests</div>
			<div style="float:right;">@Test &nbsp;&nbsp;<span id='span-7a2c2e54-973c-41e0-aa30-0e1e824c92ed' class="glyphicon glyphicon-menu-down"></span></div>
			</td>
			</tr>
			<tr>
	<td class="time">1645684103932</td>
	<td class="methodTest">
		<span class="description"><b>Method: </b>SearchOnTableAndConfirmationTableDataTest</span><br>
				<span class="description"><b>Priority: </b><font color='blue'>13</font></span><br>
						<span class="duration"><b>Duration: </b>4.607s</span><br>
	</td>
	<td class="result">
						<div class="stackTrace" id="7a2c2e54-973c-41e0-aa30-0e1e824c92ed" style="display: block;">
												Passed: SearchOnTableAndConfirmationTableDataTest<br>
								</td>
	</div>
</tr>
						<tr>
			<td class="time">1645684101827</td>
			<td class="header passed" colspan="4" onClick="toggleElement('96eed5ca-5877-473e-9baa-3bd46ed20c69','block');changeSingleIcon('span-96eed5ca-5877-473e-9baa-3bd46ed20c69');" title="Click to expand/collapse" style="cursor: pointer;">
			<div style="float:left;"><i>Class&nbsp;:&nbsp;</i>risTestScripts.ConfirmationTests</div>
			<div style="float:right;">@Test &nbsp;&nbsp;<span id='span-96eed5ca-5877-473e-9baa-3bd46ed20c69' class="glyphicon glyphicon-menu-down"></span></div>
			</td>
			</tr>
			<tr>
	<td class="time">1645684101827</td>
	<td class="methodTest">
		<span class="description"><b>Method: </b>itemsPerPageTest</span><br>
				<span class="description"><b>Priority: </b><font color='blue'>12</font></span><br>
						<span class="duration"><b>Duration: </b>2.103s</span><br>
	</td>
	<td class="result">
						<div class="stackTrace" id="96eed5ca-5877-473e-9baa-3bd46ed20c69" style="display: block;">
												Passed: itemsPerPageTest<br>
								</td>
	</div>
</tr>
						<tr>
			<td class="time">1645684097422</td>
			<td class="header passed" colspan="4" onClick="toggleElement('b691fd39-8c68-4b54-98d0-8c0fb1a28b22','block');changeSingleIcon('span-b691fd39-8c68-4b54-98d0-8c0fb1a28b22');" title="Click to expand/collapse" style="cursor: pointer;">
			<div style="float:left;"><i>Class&nbsp;:&nbsp;</i>risTestScripts.ConfirmationTests</div>
			<div style="float:right;">@Test &nbsp;&nbsp;<span id='span-b691fd39-8c68-4b54-98d0-8c0fb1a28b22' class="glyphicon glyphicon-menu-down"></span></div>
			</td>
			</tr>
			<tr>
	<td class="time">1645684097422</td>
	<td class="methodTest">
		<span class="description"><b>Method: </b>searchWithDateTest</span><br>
				<span class="description"><b>Priority: </b><font color='blue'>10</font></span><br>
						<span class="duration"><b>Duration: </b>4.089s</span><br>
	</td>
	<td class="result">
						<div class="stackTrace" id="b691fd39-8c68-4b54-98d0-8c0fb1a28b22" style="display: block;">
												Passed: searchWithDateTest<br>
								</td>
	</div>
</tr>
						<tr>
			<td class="time">1645684109810</td>
			<td class="header passed" colspan="4" onClick="toggleElement('809a6a7d-4045-46fb-9e71-021f7bf574b5','block');changeSingleIcon('span-809a6a7d-4045-46fb-9e71-021f7bf574b5');" title="Click to expand/collapse" style="cursor: pointer;">
			<div style="float:left;"><i>Class&nbsp;:&nbsp;</i>risTestScripts.ConfirmationTests</div>
			<div style="float:right;">@Test &nbsp;&nbsp;<span id='span-809a6a7d-4045-46fb-9e71-021f7bf574b5' class="glyphicon glyphicon-menu-down"></span></div>
			</td>
			</tr>
			<tr>
	<td class="time">1645684109810</td>
	<td class="methodTest">
		<span class="description"><b>Method: </b>confirmButtonTest</span><br>
				<span class="description"><b>Priority: </b><font color='blue'>15</font></span><br>
						<span class="duration"><b>Duration: </b>1.243s</span><br>
	</td>
	<td class="result">
						<div class="stackTrace" id="809a6a7d-4045-46fb-9e71-021f7bf574b5" style="display: block;">
												Passed: confirmButtonTest<br>
								</td>
	</div>
</tr>
						<tr>
			<td class="time">1645684095187</td>
			<td class="header passed" colspan="4" onClick="toggleElement('66114699-b8a5-45d9-847b-166aeed5e695','block');changeSingleIcon('span-66114699-b8a5-45d9-847b-166aeed5e695');" title="Click to expand/collapse" style="cursor: pointer;">
			<div style="float:left;"><i>Class&nbsp;:&nbsp;</i>risTestScripts.ConfirmationTests</div>
			<div style="float:right;">@Test &nbsp;&nbsp;<span id='span-66114699-b8a5-45d9-847b-166aeed5e695' class="glyphicon glyphicon-menu-down"></span></div>
			</td>
			</tr>
			<tr>
	<td class="time">1645684095187</td>
	<td class="methodTest">
		<span class="description"><b>Method: </b>openImageCaptureAndConfirmationTest</span><br>
				<span class="description"><b>Priority: </b><font color='blue'>9</font></span><br>
						<span class="duration"><b>Duration: </b>2.233s</span><br>
	</td>
	<td class="result">
						<div class="stackTrace" id="66114699-b8a5-45d9-847b-166aeed5e695" style="display: block;">
												Passed: openImageCaptureAndConfirmationTest<br>
								</td>
	</div>
</tr>
						<tr>
			<td class="time">1645684090986</td>
			<td class="header passed" colspan="4" onClick="toggleElement('bce74a4b-36ae-456d-94d7-2ea153dc988f','block');changeSingleIcon('span-bce74a4b-36ae-456d-94d7-2ea153dc988f');" title="Click to expand/collapse" style="cursor: pointer;">
			<div style="float:left;"><i>Class&nbsp;:&nbsp;</i>risTestScripts.ConfirmationTests</div>
			<div style="float:right;">@Test &nbsp;&nbsp;<span id='span-bce74a4b-36ae-456d-94d7-2ea153dc988f' class="glyphicon glyphicon-menu-down"></span></div>
			</td>
			</tr>
			<tr>
	<td class="time">1645684090986</td>
	<td class="methodTest">
		<span class="description"><b>Method: </b>openMainMenuTest</span><br>
				<span class="description"><b>Priority: </b><font color='blue'>8</font></span><br>
						<span class="duration"><b>Duration: </b>4.193s</span><br>
	</td>
	<td class="result">
						<div class="stackTrace" id="bce74a4b-36ae-456d-94d7-2ea153dc988f" style="display: block;">
												Passed: openMainMenuTest<br>
								</td>
	</div>
</tr>
										<tr>
			<td class="time">1645684253532</td>
			<td class="header passed" colspan="4" onClick="toggleElement('460e5fbe-a415-4730-b644-22978dd24bf0','block');changeSingleIcon('span-460e5fbe-a415-4730-b644-22978dd24bf0');" title="Click to expand/collapse" style="cursor: pointer;">
			<div style="float:left;"><i>Class&nbsp;:&nbsp;</i>risTestScripts.ImagingMISTests</div>
			<div style="float:right;">@Test &nbsp;&nbsp;<span id='span-460e5fbe-a415-4730-b644-22978dd24bf0' class="glyphicon glyphicon-menu-down"></span></div>
			</td>
			</tr>
			<tr>
	<td class="time">1645684253532</td>
	<td class="methodTest">
		<span class="description"><b>Method: </b>searchWithServiceCategoryServiceServiceStatusRoomDateTest</span><br>
				<span class="description"><b>Priority: </b><font color='blue'>48</font></span><br>
						<span class="duration"><b>Duration: </b>8.293s</span><br>
	</td>
	<td class="result">
						<div class="stackTrace" id="460e5fbe-a415-4730-b644-22978dd24bf0" style="display: block;">
												Passed: searchWithServiceCategoryServiceServiceStatusRoomDateTest<br>
								</td>
	</div>
</tr>
						<tr>
			<td class="time">1645684248235</td>
			<td class="header passed" colspan="4" onClick="toggleElement('6c23021d-1579-4917-8ad3-8bf4f0143a35','block');changeSingleIcon('span-6c23021d-1579-4917-8ad3-8bf4f0143a35');" title="Click to expand/collapse" style="cursor: pointer;">
			<div style="float:left;"><i>Class&nbsp;:&nbsp;</i>risTestScripts.ImagingMISTests</div>
			<div style="float:right;">@Test &nbsp;&nbsp;<span id='span-6c23021d-1579-4917-8ad3-8bf4f0143a35' class="glyphicon glyphicon-menu-down"></span></div>
			</td>
			</tr>
			<tr>
	<td class="time">1645684248235</td>
	<td class="methodTest">
		<span class="description"><b>Method: </b>openImagingMISTest</span><br>
				<span class="description"><b>Priority: </b><font color='blue'>46</font></span><br>
						<span class="duration"><b>Duration: </b>2.226s</span><br>
	</td>
	<td class="result">
						<div class="stackTrace" id="6c23021d-1579-4917-8ad3-8bf4f0143a35" style="display: block;">
												Passed: openImagingMISTest<br>
								</td>
	</div>
</tr>
										<tr>
			<td class="time">1645684137512</td>
			<td class="header passed" colspan="4" onClick="toggleElement('4efd1c7a-0d6c-45bf-9bc1-f47392f0ac2f','block');changeSingleIcon('span-4efd1c7a-0d6c-45bf-9bc1-f47392f0ac2f');" title="Click to expand/collapse" style="cursor: pointer;">
			<div style="float:left;"><i>Class&nbsp;:&nbsp;</i>risTestScripts.ReportCreationTests</div>
			<div style="float:right;">@Test &nbsp;&nbsp;<span id='span-4efd1c7a-0d6c-45bf-9bc1-f47392f0ac2f' class="glyphicon glyphicon-menu-down"></span></div>
			</td>
			</tr>
			<tr>
	<td class="time">1645684137512</td>
	<td class="methodTest">
		<span class="description"><b>Method: </b>reportCreationPageSaveButtonTest</span><br>
				<span class="description"><b>Priority: </b><font color='blue'>25</font></span><br>
						<span class="duration"><b>Duration: </b>2.239s</span><br>
	</td>
	<td class="result">
						<div class="stackTrace" id="4efd1c7a-0d6c-45bf-9bc1-f47392f0ac2f" style="display: block;">
												Passed: reportCreationPageSaveButtonTest<br>
								</td>
	</div>
</tr>
						<tr>
			<td class="time">1645684128992</td>
			<td class="header passed" colspan="4" onClick="toggleElement('cf0fdaca-729f-4f53-a26e-47e4e0d118bb','block');changeSingleIcon('span-cf0fdaca-729f-4f53-a26e-47e4e0d118bb');" title="Click to expand/collapse" style="cursor: pointer;">
			<div style="float:left;"><i>Class&nbsp;:&nbsp;</i>risTestScripts.ReportCreationTests</div>
			<div style="float:right;">@Test &nbsp;&nbsp;<span id='span-cf0fdaca-729f-4f53-a26e-47e4e0d118bb' class="glyphicon glyphicon-menu-down"></span></div>
			</td>
			</tr>
			<tr>
	<td class="time">1645684128992</td>
	<td class="methodTest">
		<span class="description"><b>Method: </b>createButtonTest</span><br>
				<span class="description"><b>Priority: </b><font color='blue'>20</font></span><br>
						<span class="duration"><b>Duration: </b>1.382s</span><br>
	</td>
	<td class="result">
						<div class="stackTrace" id="cf0fdaca-729f-4f53-a26e-47e4e0d118bb" style="display: block;">
												Passed: createButtonTest<br>
								</td>
	</div>
</tr>
						<tr>
			<td class="time">1645684112270</td>
			<td class="header passed" colspan="4" onClick="toggleElement('c1952a07-0048-4258-a08b-d9ad6a3c06a4','block');changeSingleIcon('span-c1952a07-0048-4258-a08b-d9ad6a3c06a4');" title="Click to expand/collapse" style="cursor: pointer;">
			<div style="float:left;"><i>Class&nbsp;:&nbsp;</i>risTestScripts.ReportCreationTests</div>
			<div style="float:right;">@Test &nbsp;&nbsp;<span id='span-c1952a07-0048-4258-a08b-d9ad6a3c06a4' class="glyphicon glyphicon-menu-down"></span></div>
			</td>
			</tr>
			<tr>
	<td class="time">1645684112270</td>
	<td class="methodTest">
		<span class="description"><b>Method: </b>showLastThreeDaysDataDefaultDateSearchTest</span><br>
				<span class="description"><b>Priority: </b><font color='blue'>17</font></span><br>
						<span class="duration"><b>Duration: </b>4.114s</span><br>
	</td>
	<td class="result">
						<div class="stackTrace" id="c1952a07-0048-4258-a08b-d9ad6a3c06a4" style="display: block;">
												Passed: showLastThreeDaysDataDefaultDateSearchTest<br>
								</td>
	</div>
</tr>
						<tr>
			<td class="time">1645684116387</td>
			<td class="header passed" colspan="4" onClick="toggleElement('7b8f48c4-af3d-4ae8-bc68-f3ee5cf7ca46','block');changeSingleIcon('span-7b8f48c4-af3d-4ae8-bc68-f3ee5cf7ca46');" title="Click to expand/collapse" style="cursor: pointer;">
			<div style="float:left;"><i>Class&nbsp;:&nbsp;</i>risTestScripts.ReportCreationTests</div>
			<div style="float:right;">@Test &nbsp;&nbsp;<span id='span-7b8f48c4-af3d-4ae8-bc68-f3ee5cf7ca46' class="glyphicon glyphicon-menu-down"></span></div>
			</td>
			</tr>
			<tr>
	<td class="time">1645684116387</td>
	<td class="methodTest">
		<span class="description"><b>Method: </b>searchWithServiceCategoryServiceStudyNumberRegIdDateTest</span><br>
				<span class="description"><b>Priority: </b><font color='blue'>18</font></span><br>
						<span class="duration"><b>Duration: </b>6.139s</span><br>
	</td>
	<td class="result">
						<div class="stackTrace" id="7b8f48c4-af3d-4ae8-bc68-f3ee5cf7ca46" style="display: block;">
												Passed: searchWithServiceCategoryServiceStudyNumberRegIdDateTest<br>
								</td>
	</div>
</tr>
						<tr>
			<td class="time">1645684133742</td>
			<td class="header passed" colspan="4" onClick="toggleElement('72e59567-373d-4724-9519-c6f688b80a2d','block');changeSingleIcon('span-72e59567-373d-4724-9519-c6f688b80a2d');" title="Click to expand/collapse" style="cursor: pointer;">
			<div style="float:left;"><i>Class&nbsp;:&nbsp;</i>risTestScripts.ReportCreationTests</div>
			<div style="float:right;">@Test &nbsp;&nbsp;<span id='span-72e59567-373d-4724-9519-c6f688b80a2d' class="glyphicon glyphicon-menu-down"></span></div>
			</td>
			</tr>
			<tr>
	<td class="time">1645684133742</td>
	<td class="methodTest">
		<span class="description"><b>Method: </b>reportCreationPageNegativeTest</span><br>
				<span class="description"><b>Priority: </b><font color='blue'>22</font></span><br>
						<span class="duration"><b>Duration: </b>1.087s</span><br>
	</td>
	<td class="result">
						<div class="stackTrace" id="72e59567-373d-4724-9519-c6f688b80a2d" style="display: block;">
												Passed: reportCreationPageNegativeTest<br>
								</td>
	</div>
</tr>
						<tr>
			<td class="time">1645684136132</td>
			<td class="header passed" colspan="4" onClick="toggleElement('fd9f4862-f42f-4ff2-84bf-d9c2f68839f1','block');changeSingleIcon('span-fd9f4862-f42f-4ff2-84bf-d9c2f68839f1');" title="Click to expand/collapse" style="cursor: pointer;">
			<div style="float:left;"><i>Class&nbsp;:&nbsp;</i>risTestScripts.ReportCreationTests</div>
			<div style="float:right;">@Test &nbsp;&nbsp;<span id='span-fd9f4862-f42f-4ff2-84bf-d9c2f68839f1' class="glyphicon glyphicon-menu-down"></span></div>
			</td>
			</tr>
			<tr>
	<td class="time">1645684136132</td>
	<td class="methodTest">
		<span class="description"><b>Method: </b>reportCreationPageCreatedByTest</span><br>
				<span class="description"><b>Priority: </b><font color='blue'>24</font></span><br>
						<span class="duration"><b>Duration: </b>1.376s</span><br>
	</td>
	<td class="result">
						<div class="stackTrace" id="fd9f4862-f42f-4ff2-84bf-d9c2f68839f1" style="display: block;">
												Passed: reportCreationPageCreatedByTest<br>
								</td>
	</div>
</tr>
						<tr>
			<td class="time">1645684111057</td>
			<td class="header passed" colspan="4" onClick="toggleElement('75a75361-69c1-4459-b635-18c48ec381d2','block');changeSingleIcon('span-75a75361-69c1-4459-b635-18c48ec381d2');" title="Click to expand/collapse" style="cursor: pointer;">
			<div style="float:left;"><i>Class&nbsp;:&nbsp;</i>risTestScripts.ReportCreationTests</div>
			<div style="float:right;">@Test &nbsp;&nbsp;<span id='span-75a75361-69c1-4459-b635-18c48ec381d2' class="glyphicon glyphicon-menu-down"></span></div>
			</td>
			</tr>
			<tr>
	<td class="time">1645684111057</td>
	<td class="methodTest">
		<span class="description"><b>Method: </b>openReportCreationTest</span><br>
				<span class="description"><b>Priority: </b><font color='blue'>16</font></span><br>
						<span class="duration"><b>Duration: </b>1.210s</span><br>
	</td>
	<td class="result">
						<div class="stackTrace" id="75a75361-69c1-4459-b635-18c48ec381d2" style="display: block;">
												Passed: openReportCreationTest<br>
								</td>
	</div>
</tr>
						<tr>
			<td class="time">1645684122528</td>
			<td class="header passed" colspan="4" onClick="toggleElement('967f22e8-3766-4668-893e-5add615b55a0','block');changeSingleIcon('span-967f22e8-3766-4668-893e-5add615b55a0');" title="Click to expand/collapse" style="cursor: pointer;">
			<div style="float:left;"><i>Class&nbsp;:&nbsp;</i>risTestScripts.ReportCreationTests</div>
			<div style="float:right;">@Test &nbsp;&nbsp;<span id='span-967f22e8-3766-4668-893e-5add615b55a0' class="glyphicon glyphicon-menu-down"></span></div>
			</td>
			</tr>
			<tr>
	<td class="time">1645684122528</td>
	<td class="methodTest">
		<span class="description"><b>Method: </b>searchOnCreateReportTableAndDataTest</span><br>
				<span class="description"><b>Priority: </b><font color='blue'>19</font></span><br>
						<span class="duration"><b>Duration: </b>6.462s</span><br>
	</td>
	<td class="result">
						<div class="stackTrace" id="967f22e8-3766-4668-893e-5add615b55a0" style="display: block;">
												Passed: searchOnCreateReportTableAndDataTest<br>
								</td>
	</div>
</tr>
						<tr>
			<td class="time">1645684134832</td>
			<td class="header passed" colspan="4" onClick="toggleElement('61b2a8a6-d7b5-4292-94f2-5e2b4ad414e8','block');changeSingleIcon('span-61b2a8a6-d7b5-4292-94f2-5e2b4ad414e8');" title="Click to expand/collapse" style="cursor: pointer;">
			<div style="float:left;"><i>Class&nbsp;:&nbsp;</i>risTestScripts.ReportCreationTests</div>
			<div style="float:right;">@Test &nbsp;&nbsp;<span id='span-61b2a8a6-d7b5-4292-94f2-5e2b4ad414e8' class="glyphicon glyphicon-menu-down"></span></div>
			</td>
			</tr>
			<tr>
	<td class="time">1645684134832</td>
	<td class="methodTest">
		<span class="description"><b>Method: </b>reportCreationPageSelectTemplateTest</span><br>
				<span class="description"><b>Priority: </b><font color='blue'>23</font></span><br>
						<span class="duration"><b>Duration: </b>1.296s</span><br>
	</td>
	<td class="result">
						<div class="stackTrace" id="61b2a8a6-d7b5-4292-94f2-5e2b4ad414e8" style="display: block;">
												Passed: reportCreationPageSelectTemplateTest<br>
								</td>
	</div>
</tr>
						<tr>
			<td class="time">1645684130375</td>
			<td class="header passed" colspan="4" onClick="toggleElement('759918b1-0a3b-4a00-a0c9-111e54b302a1','block');changeSingleIcon('span-759918b1-0a3b-4a00-a0c9-111e54b302a1');" title="Click to expand/collapse" style="cursor: pointer;">
			<div style="float:left;"><i>Class&nbsp;:&nbsp;</i>risTestScripts.ReportCreationTests</div>
			<div style="float:right;">@Test &nbsp;&nbsp;<span id='span-759918b1-0a3b-4a00-a0c9-111e54b302a1' class="glyphicon glyphicon-menu-down"></span></div>
			</td>
			</tr>
			<tr>
	<td class="time">1645684130375</td>
	<td class="methodTest">
		<span class="description"><b>Method: </b>reportCreationPageDataTest</span><br>
				<span class="description"><b>Priority: </b><font color='blue'>21</font></span><br>
						<span class="duration"><b>Duration: </b>3.364s</span><br>
	</td>
	<td class="result">
						<div class="stackTrace" id="759918b1-0a3b-4a00-a0c9-111e54b302a1" style="display: block;">
												Passed: reportCreationPageDataTest<br>
								</td>
	</div>
</tr>
										<tr>
			<td class="time">1645684232962</td>
			<td class="header passed" colspan="4" onClick="toggleElement('d43a195f-0d7b-4f35-b047-a2029f255d53','block');changeSingleIcon('span-d43a195f-0d7b-4f35-b047-a2029f255d53');" title="Click to expand/collapse" style="cursor: pointer;">
			<div style="float:left;"><i>Class&nbsp;:&nbsp;</i>risTestScripts.ReportPrintTests</div>
			<div style="float:right;">@Test &nbsp;&nbsp;<span id='span-d43a195f-0d7b-4f35-b047-a2029f255d53' class="glyphicon glyphicon-menu-down"></span></div>
			</td>
			</tr>
			<tr>
	<td class="time">1645684232962</td>
	<td class="methodTest">
		<span class="description"><b>Method: </b>searchWithServiceCategoryServiceStudyNumberRegIdTest</span><br>
				<span class="description"><b>Priority: </b><font color='blue'>41</font></span><br>
						<span class="duration"><b>Duration: </b>2.982s</span><br>
	</td>
	<td class="result">
						<div class="stackTrace" id="d43a195f-0d7b-4f35-b047-a2029f255d53" style="display: block;">
												Passed: searchWithServiceCategoryServiceStudyNumberRegIdTest<br>
								</td>
	</div>
</tr>
						<tr>
			<td class="time">1645684241419</td>
			<td class="header passed" colspan="4" onClick="toggleElement('625593da-4335-425c-bf5f-f663e22214d4','block');changeSingleIcon('span-625593da-4335-425c-bf5f-f663e22214d4');" title="Click to expand/collapse" style="cursor: pointer;">
			<div style="float:left;"><i>Class&nbsp;:&nbsp;</i>risTestScripts.ReportPrintTests</div>
			<div style="float:right;">@Test &nbsp;&nbsp;<span id='span-625593da-4335-425c-bf5f-f663e22214d4' class="glyphicon glyphicon-menu-down"></span></div>
			</td>
			</tr>
			<tr>
	<td class="time">1645684241419</td>
	<td class="methodTest">
		<span class="description"><b>Method: </b>viewReportButtonTest</span><br>
				<span class="description"><b>Priority: </b><font color='blue'>43</font></span><br>
						<span class="duration"><b>Duration: </b>1.195s</span><br>
	</td>
	<td class="result">
						<div class="stackTrace" id="625593da-4335-425c-bf5f-f663e22214d4" style="display: block;">
												Passed: viewReportButtonTest<br>
								</td>
	</div>
</tr>
						<tr>
			<td class="time">1645684245989</td>
			<td class="header passed" colspan="4" onClick="toggleElement('d31901a5-eb0d-4eb7-b772-677df1ba5ae6','block');changeSingleIcon('span-d31901a5-eb0d-4eb7-b772-677df1ba5ae6');" title="Click to expand/collapse" style="cursor: pointer;">
			<div style="float:left;"><i>Class&nbsp;:&nbsp;</i>risTestScripts.ReportPrintTests</div>
			<div style="float:right;">@Test &nbsp;&nbsp;<span id='span-d31901a5-eb0d-4eb7-b772-677df1ba5ae6' class="glyphicon glyphicon-menu-down"></span></div>
			</td>
			</tr>
			<tr>
	<td class="time">1645684245989</td>
	<td class="methodTest">
		<span class="description"><b>Method: </b>printButtonTest</span><br>
				<span class="description"><b>Priority: </b><font color='blue'>45</font></span><br>
						<span class="duration"><b>Duration: </b>2.242s</span><br>
	</td>
	<td class="result">
						<div class="stackTrace" id="d31901a5-eb0d-4eb7-b772-677df1ba5ae6" style="display: block;">
												Passed: printButtonTest<br>
								</td>
	</div>
</tr>
						<tr>
			<td class="time">1645684222607</td>
			<td class="header passed" colspan="4" onClick="toggleElement('3ee5154f-b94e-42bb-b483-364aff5e097f','block');changeSingleIcon('span-3ee5154f-b94e-42bb-b483-364aff5e097f');" title="Click to expand/collapse" style="cursor: pointer;">
			<div style="float:left;"><i>Class&nbsp;:&nbsp;</i>risTestScripts.ReportPrintTests</div>
			<div style="float:right;">@Test &nbsp;&nbsp;<span id='span-3ee5154f-b94e-42bb-b483-364aff5e097f' class="glyphicon glyphicon-menu-down"></span></div>
			</td>
			</tr>
			<tr>
	<td class="time">1645684222607</td>
	<td class="methodTest">
		<span class="description"><b>Method: </b>openReportPrintTest</span><br>
				<span class="description"><b>Priority: </b><font color='blue'>39</font></span><br>
						<span class="duration"><b>Duration: </b>6.252s</span><br>
	</td>
	<td class="result">
						<div class="stackTrace" id="3ee5154f-b94e-42bb-b483-364aff5e097f" style="display: block;">
												Passed: openReportPrintTest<br>
								</td>
	</div>
</tr>
						<tr>
			<td class="time">1645684228861</td>
			<td class="header passed" colspan="4" onClick="toggleElement('5c473dcd-f18e-40ea-91bf-ef57429d9309','block');changeSingleIcon('span-5c473dcd-f18e-40ea-91bf-ef57429d9309');" title="Click to expand/collapse" style="cursor: pointer;">
			<div style="float:left;"><i>Class&nbsp;:&nbsp;</i>risTestScripts.ReportPrintTests</div>
			<div style="float:right;">@Test &nbsp;&nbsp;<span id='span-5c473dcd-f18e-40ea-91bf-ef57429d9309' class="glyphicon glyphicon-menu-down"></span></div>
			</td>
			</tr>
			<tr>
	<td class="time">1645684228861</td>
	<td class="methodTest">
		<span class="description"><b>Method: </b>defaultViewDateSearchTest</span><br>
				<span class="description"><b>Priority: </b><font color='blue'>40</font></span><br>
						<span class="duration"><b>Duration: </b>4.100s</span><br>
	</td>
	<td class="result">
						<div class="stackTrace" id="5c473dcd-f18e-40ea-91bf-ef57429d9309" style="display: block;">
												Passed: defaultViewDateSearchTest<br>
								</td>
	</div>
</tr>
						<tr>
			<td class="time">1645684242615</td>
			<td class="header passed" colspan="4" onClick="toggleElement('767c8893-aaff-4264-9de0-5f5da7de9175','block');changeSingleIcon('span-767c8893-aaff-4264-9de0-5f5da7de9175');" title="Click to expand/collapse" style="cursor: pointer;">
			<div style="float:left;"><i>Class&nbsp;:&nbsp;</i>risTestScripts.ReportPrintTests</div>
			<div style="float:right;">@Test &nbsp;&nbsp;<span id='span-767c8893-aaff-4264-9de0-5f5da7de9175' class="glyphicon glyphicon-menu-down"></span></div>
			</td>
			</tr>
			<tr>
	<td class="time">1645684242615</td>
	<td class="methodTest">
		<span class="description"><b>Method: </b>printReportPageDataValidationTest</span><br>
				<span class="description"><b>Priority: </b><font color='blue'>44</font></span><br>
						<span class="duration"><b>Duration: </b>3.373s</span><br>
	</td>
	<td class="result">
						<div class="stackTrace" id="767c8893-aaff-4264-9de0-5f5da7de9175" style="display: block;">
												Passed: printReportPageDataValidationTest<br>
								</td>
	</div>
</tr>
						<tr>
			<td class="time">1645684191432</td>
			<td class="header passed" colspan="4" onClick="toggleElement('63ede01f-bea0-417b-b479-d28ff5531b6a','block');changeSingleIcon('span-63ede01f-bea0-417b-b479-d28ff5531b6a');" title="Click to expand/collapse" style="cursor: pointer;">
			<div style="float:left;"><i>Class&nbsp;:&nbsp;</i>risTestScripts.ReportPrintTests</div>
			<div style="float:right;">@Test &nbsp;&nbsp;<span id='span-63ede01f-bea0-417b-b479-d28ff5531b6a' class="glyphicon glyphicon-menu-down"></span></div>
			</td>
			</tr>
			<tr>
	<td class="time">1645684191432</td>
	<td class="methodTest">
		<span class="description"><b>Method: </b>openRis</span><br>
							<span class="duration"><b>Duration: </b>31.173s</span><br>
	</td>
	<td class="result">
						<div class="stackTrace" id="63ede01f-bea0-417b-b479-d28ff5531b6a" style="display: block;">
												Passed: openRis<br>
								</td>
	</div>
</tr>
						<tr>
			<td class="time">1645684235945</td>
			<td class="header passed" colspan="4" onClick="toggleElement('760a8ba2-3cf1-418e-992e-535fa546b938','block');changeSingleIcon('span-760a8ba2-3cf1-418e-992e-535fa546b938');" title="Click to expand/collapse" style="cursor: pointer;">
			<div style="float:left;"><i>Class&nbsp;:&nbsp;</i>risTestScripts.ReportPrintTests</div>
			<div style="float:right;">@Test &nbsp;&nbsp;<span id='span-760a8ba2-3cf1-418e-992e-535fa546b938' class="glyphicon glyphicon-menu-down"></span></div>
			</td>
			</tr>
			<tr>
	<td class="time">1645684235945</td>
	<td class="methodTest">
		<span class="description"><b>Method: </b>searchOnPrintReportTableTest</span><br>
				<span class="description"><b>Priority: </b><font color='blue'>42</font></span><br>
						<span class="duration"><b>Duration: </b>5.456s</span><br>
	</td>
	<td class="result">
						<div class="stackTrace" id="760a8ba2-3cf1-418e-992e-535fa546b938" style="display: block;">
												Passed: searchOnPrintReportTableTest<br>
								</td>
	</div>
</tr>
										<tr>
			<td class="time">1645684143020</td>
			<td class="header passed" colspan="4" onClick="toggleElement('07f787d5-74ef-49e0-9e2e-a117e77e1f34','block');changeSingleIcon('span-07f787d5-74ef-49e0-9e2e-a117e77e1f34');" title="Click to expand/collapse" style="cursor: pointer;">
			<div style="float:left;"><i>Class&nbsp;:&nbsp;</i>risTestScripts.ReportUpdateTests</div>
			<div style="float:right;">@Test &nbsp;&nbsp;<span id='span-07f787d5-74ef-49e0-9e2e-a117e77e1f34' class="glyphicon glyphicon-menu-down"></span></div>
			</td>
			</tr>
			<tr>
	<td class="time">1645684143020</td>
	<td class="methodTest">
		<span class="description"><b>Method: </b>defaultViewTableDataTest</span><br>
				<span class="description"><b>Priority: </b><font color='blue'>27</font></span><br>
						<span class="duration"><b>Duration: </b>3.101s</span><br>
	</td>
	<td class="result">
						<div class="stackTrace" id="07f787d5-74ef-49e0-9e2e-a117e77e1f34" style="display: block;">
												Passed: defaultViewTableDataTest<br>
								</td>
	</div>
</tr>
						<tr>
			<td class="time">1645684139753</td>
			<td class="header passed" colspan="4" onClick="toggleElement('0f7317f5-e405-4cf1-94e4-7f5c48d50343','block');changeSingleIcon('span-0f7317f5-e405-4cf1-94e4-7f5c48d50343');" title="Click to expand/collapse" style="cursor: pointer;">
			<div style="float:left;"><i>Class&nbsp;:&nbsp;</i>risTestScripts.ReportUpdateTests</div>
			<div style="float:right;">@Test &nbsp;&nbsp;<span id='span-0f7317f5-e405-4cf1-94e4-7f5c48d50343' class="glyphicon glyphicon-menu-down"></span></div>
			</td>
			</tr>
			<tr>
	<td class="time">1645684139753</td>
	<td class="methodTest">
		<span class="description"><b>Method: </b>clickUpdateReportButtonTest</span><br>
				<span class="description"><b>Priority: </b><font color='blue'>26</font></span><br>
						<span class="duration"><b>Duration: </b>3.265s</span><br>
	</td>
	<td class="result">
						<div class="stackTrace" id="0f7317f5-e405-4cf1-94e4-7f5c48d50343" style="display: block;">
												Passed: clickUpdateReportButtonTest<br>
								</td>
	</div>
</tr>
						<tr>
			<td class="time">1645684146123</td>
			<td class="header passed" colspan="4" onClick="toggleElement('c627cc8e-e742-4de9-8ca6-e2c3d37b6281','block');changeSingleIcon('span-c627cc8e-e742-4de9-8ca6-e2c3d37b6281');" title="Click to expand/collapse" style="cursor: pointer;">
			<div style="float:left;"><i>Class&nbsp;:&nbsp;</i>risTestScripts.ReportUpdateTests</div>
			<div style="float:right;">@Test &nbsp;&nbsp;<span id='span-c627cc8e-e742-4de9-8ca6-e2c3d37b6281' class="glyphicon glyphicon-menu-down"></span></div>
			</td>
			</tr>
			<tr>
	<td class="time">1645684146123</td>
	<td class="methodTest">
		<span class="description"><b>Method: </b>itemsPerPageTest</span><br>
				<span class="description"><b>Priority: </b><font color='blue'>28</font></span><br>
						<span class="duration"><b>Duration: </b>2.116s</span><br>
	</td>
	<td class="result">
						<div class="stackTrace" id="c627cc8e-e742-4de9-8ca6-e2c3d37b6281" style="display: block;">
												Passed: itemsPerPageTest<br>
								</td>
	</div>
</tr>
										<tr>
			<td class="time">1645684172650</td>
			<td class="header passed" colspan="4" onClick="toggleElement('67740018-ceb8-46a6-ad63-a41515592a27','block');changeSingleIcon('span-67740018-ceb8-46a6-ad63-a41515592a27');" title="Click to expand/collapse" style="cursor: pointer;">
			<div style="float:left;"><i>Class&nbsp;:&nbsp;</i>risTestScripts.ReportVerifyTests</div>
			<div style="float:right;">@Test &nbsp;&nbsp;<span id='span-67740018-ceb8-46a6-ad63-a41515592a27' class="glyphicon glyphicon-menu-down"></span></div>
			</td>
			</tr>
			<tr>
	<td class="time">1645684172650</td>
	<td class="methodTest">
		<span class="description"><b>Method: </b>searchOnVerifyReportTableTest</span><br>
				<span class="description"><b>Priority: </b><font color='blue'>34</font></span><br>
						<span class="duration"><b>Duration: </b>4.359s</span><br>
	</td>
	<td class="result">
						<div class="stackTrace" id="67740018-ceb8-46a6-ad63-a41515592a27" style="display: block;">
												Passed: searchOnVerifyReportTableTest<br>
								</td>
	</div>
</tr>
						<tr>
			<td class="time">1645684177010</td>
			<td class="header passed" colspan="4" onClick="toggleElement('0a057896-fbe2-4d65-bb80-6c9342489451','block');changeSingleIcon('span-0a057896-fbe2-4d65-bb80-6c9342489451');" title="Click to expand/collapse" style="cursor: pointer;">
			<div style="float:left;"><i>Class&nbsp;:&nbsp;</i>risTestScripts.ReportVerifyTests</div>
			<div style="float:right;">@Test &nbsp;&nbsp;<span id='span-0a057896-fbe2-4d65-bb80-6c9342489451' class="glyphicon glyphicon-menu-down"></span></div>
			</td>
			</tr>
			<tr>
	<td class="time">1645684177010</td>
	<td class="methodTest">
		<span class="description"><b>Method: </b>searchWithServiceCategoryServiceStudyNumberRegIdTest</span><br>
				<span class="description"><b>Priority: </b><font color='blue'>34</font></span><br>
						<span class="duration"><b>Duration: </b>5.078s</span><br>
	</td>
	<td class="result">
						<div class="stackTrace" id="0a057896-fbe2-4d65-bb80-6c9342489451" style="display: block;">
												Passed: searchWithServiceCategoryServiceStudyNumberRegIdTest<br>
								</td>
	</div>
</tr>
						<tr>
			<td class="time">1645684187895</td>
			<td class="header passed" colspan="4" onClick="toggleElement('6fac1b21-024e-4175-977a-dcfa00bbe214','block');changeSingleIcon('span-6fac1b21-024e-4175-977a-dcfa00bbe214');" title="Click to expand/collapse" style="cursor: pointer;">
			<div style="float:left;"><i>Class&nbsp;:&nbsp;</i>risTestScripts.ReportVerifyTests</div>
			<div style="float:right;">@Test &nbsp;&nbsp;<span id='span-6fac1b21-024e-4175-977a-dcfa00bbe214' class="glyphicon glyphicon-menu-down"></span></div>
			</td>
			</tr>
			<tr>
	<td class="time">1645684187895</td>
	<td class="methodTest">
		<span class="description"><b>Method: </b>verifiedByTest</span><br>
				<span class="description"><b>Priority: </b><font color='blue'>37</font></span><br>
						<span class="duration"><b>Duration: </b>1.302s</span><br>
	</td>
	<td class="result">
						<div class="stackTrace" id="6fac1b21-024e-4175-977a-dcfa00bbe214" style="display: block;">
												Passed: verifiedByTest<br>
								</td>
	</div>
</tr>
						<tr>
			<td class="time">1645684184519</td>
			<td class="header passed" colspan="4" onClick="toggleElement('ae9d125e-53b1-4bd9-8067-3931dec7e05c','block');changeSingleIcon('span-ae9d125e-53b1-4bd9-8067-3931dec7e05c');" title="Click to expand/collapse" style="cursor: pointer;">
			<div style="float:left;"><i>Class&nbsp;:&nbsp;</i>risTestScripts.ReportVerifyTests</div>
			<div style="float:right;">@Test &nbsp;&nbsp;<span id='span-ae9d125e-53b1-4bd9-8067-3931dec7e05c' class="glyphicon glyphicon-menu-down"></span></div>
			</td>
			</tr>
			<tr>
	<td class="time">1645684184519</td>
	<td class="methodTest">
		<span class="description"><b>Method: </b>reportVerificationPageDataTest</span><br>
				<span class="description"><b>Priority: </b><font color='blue'>36</font></span><br>
						<span class="duration"><b>Duration: </b>3.374s</span><br>
	</td>
	<td class="result">
						<div class="stackTrace" id="ae9d125e-53b1-4bd9-8067-3931dec7e05c" style="display: block;">
												Passed: reportVerificationPageDataTest<br>
								</td>
	</div>
</tr>
						<tr>
			<td class="time">1645684165352</td>
			<td class="header passed" colspan="4" onClick="toggleElement('c66816ae-2f36-40d4-8f79-72b84325381d','block');changeSingleIcon('span-c66816ae-2f36-40d4-8f79-72b84325381d');" title="Click to expand/collapse" style="cursor: pointer;">
			<div style="float:left;"><i>Class&nbsp;:&nbsp;</i>risTestScripts.ReportVerifyTests</div>
			<div style="float:right;">@Test &nbsp;&nbsp;<span id='span-c66816ae-2f36-40d4-8f79-72b84325381d' class="glyphicon glyphicon-menu-down"></span></div>
			</td>
			</tr>
			<tr>
	<td class="time">1645684165352</td>
	<td class="methodTest">
		<span class="description"><b>Method: </b>openReportVerificationFromMenuTest</span><br>
				<span class="description"><b>Priority: </b><font color='blue'>32</font></span><br>
						<span class="duration"><b>Duration: </b>4.188s</span><br>
	</td>
	<td class="result">
						<div class="stackTrace" id="c66816ae-2f36-40d4-8f79-72b84325381d" style="display: block;">
												Passed: openReportVerificationFromMenuTest<br>
								</td>
	</div>
</tr>
						<tr>
			<td class="time">1645684182090</td>
			<td class="header passed" colspan="4" onClick="toggleElement('6db9dfd1-ad0a-4bc5-b8c2-814889e03ee4','block');changeSingleIcon('span-6db9dfd1-ad0a-4bc5-b8c2-814889e03ee4');" title="Click to expand/collapse" style="cursor: pointer;">
			<div style="float:left;"><i>Class&nbsp;:&nbsp;</i>risTestScripts.ReportVerifyTests</div>
			<div style="float:right;">@Test &nbsp;&nbsp;<span id='span-6db9dfd1-ad0a-4bc5-b8c2-814889e03ee4' class="glyphicon glyphicon-menu-down"></span></div>
			</td>
			</tr>
			<tr>
	<td class="time">1645684182090</td>
	<td class="methodTest">
		<span class="description"><b>Method: </b>verifyButtonTest</span><br>
				<span class="description"><b>Priority: </b><font color='blue'>35</font></span><br>
						<span class="duration"><b>Duration: </b>2.427s</span><br>
	</td>
	<td class="result">
						<div class="stackTrace" id="6db9dfd1-ad0a-4bc5-b8c2-814889e03ee4" style="display: block;">
												Passed: verifyButtonTest<br>
								</td>
	</div>
</tr>
						<tr>
			<td class="time">1645684169542</td>
			<td class="header passed" colspan="4" onClick="toggleElement('a6bc3a5c-220b-4385-9585-8f8a7740fdb6','block');changeSingleIcon('span-a6bc3a5c-220b-4385-9585-8f8a7740fdb6');" title="Click to expand/collapse" style="cursor: pointer;">
			<div style="float:left;"><i>Class&nbsp;:&nbsp;</i>risTestScripts.ReportVerifyTests</div>
			<div style="float:right;">@Test &nbsp;&nbsp;<span id='span-a6bc3a5c-220b-4385-9585-8f8a7740fdb6' class="glyphicon glyphicon-menu-down"></span></div>
			</td>
			</tr>
			<tr>
	<td class="time">1645684169542</td>
	<td class="methodTest">
		<span class="description"><b>Method: </b>defaultviewDateSearchTest</span><br>
				<span class="description"><b>Priority: </b><font color='blue'>33</font></span><br>
						<span class="duration"><b>Duration: </b>3.106s</span><br>
	</td>
	<td class="result">
						<div class="stackTrace" id="a6bc3a5c-220b-4385-9585-8f8a7740fdb6" style="display: block;">
												Passed: defaultviewDateSearchTest<br>
								</td>
	</div>
</tr>
						<tr>
			<td class="time">1645684189199</td>
			<td class="header passed" colspan="4" onClick="toggleElement('4676a9d9-2ff1-4a7f-a2ce-b011ff8aca8c','block');changeSingleIcon('span-4676a9d9-2ff1-4a7f-a2ce-b011ff8aca8c');" title="Click to expand/collapse" style="cursor: pointer;">
			<div style="float:left;"><i>Class&nbsp;:&nbsp;</i>risTestScripts.ReportVerifyTests</div>
			<div style="float:right;">@Test &nbsp;&nbsp;<span id='span-4676a9d9-2ff1-4a7f-a2ce-b011ff8aca8c' class="glyphicon glyphicon-menu-down"></span></div>
			</td>
			</tr>
			<tr>
	<td class="time">1645684189199</td>
	<td class="methodTest">
		<span class="description"><b>Method: </b>verifyReportButtonTest</span><br>
				<span class="description"><b>Priority: </b><font color='blue'>38</font></span><br>
						<span class="duration"><b>Duration: </b>2.231s</span><br>
	</td>
	<td class="result">
						<div class="stackTrace" id="4676a9d9-2ff1-4a7f-a2ce-b011ff8aca8c" style="display: block;">
												Passed: verifyReportButtonTest<br>
								</td>
	</div>
</tr>
										<tr>
			<td class="time">1645684076390</td>
			<td class="header passed" colspan="4" onClick="toggleElement('733296a4-138f-4eeb-9d9a-274b458495ac','block');changeSingleIcon('span-733296a4-138f-4eeb-9d9a-274b458495ac');" title="Click to expand/collapse" style="cursor: pointer;">
			<div style="float:left;"><i>Class&nbsp;:&nbsp;</i>risTestScripts.ScheduleTests</div>
			<div style="float:right;">@Test &nbsp;&nbsp;<span id='span-733296a4-138f-4eeb-9d9a-274b458495ac' class="glyphicon glyphicon-menu-down"></span></div>
			</td>
			</tr>
			<tr>
	<td class="time">1645684076390</td>
	<td class="methodTest">
		<span class="description"><b>Method: </b>itemsPerPageTest</span><br>
				<span class="description"><b>Priority: </b><font color='blue'>4</font></span><br>
						<span class="duration"><b>Duration: </b>1.109s</span><br>
	</td>
	<td class="result">
						<div class="stackTrace" id="733296a4-138f-4eeb-9d9a-274b458495ac" style="display: block;">
												Passed: itemsPerPageTest<br>
								</td>
	</div>
</tr>
						<tr>
			<td class="time">1645684024602</td>
			<td class="header passed" colspan="4" onClick="toggleElement('8a7a3177-32b7-4673-8d72-a6a4d02cfcb2','block');changeSingleIcon('span-8a7a3177-32b7-4673-8d72-a6a4d02cfcb2');" title="Click to expand/collapse" style="cursor: pointer;">
			<div style="float:left;"><i>Class&nbsp;:&nbsp;</i>risTestScripts.ScheduleTests</div>
			<div style="float:right;">@Test &nbsp;&nbsp;<span id='span-8a7a3177-32b7-4673-8d72-a6a4d02cfcb2' class="glyphicon glyphicon-menu-down"></span></div>
			</td>
			</tr>
			<tr>
	<td class="time">1645684024602</td>
	<td class="methodTest">
		<span class="description"><b>Method: </b>openRis</span><br>
							<span class="duration"><b>Duration: </b>37.708s</span><br>
	</td>
	<td class="result">
						<div class="stackTrace" id="8a7a3177-32b7-4673-8d72-a6a4d02cfcb2" style="display: block;">
												Passed: openRis<br>
								</td>
	</div>
</tr>
						<tr>
			<td class="time">1645684088671</td>
			<td class="header passed" colspan="4" onClick="toggleElement('1577c92c-ff89-4336-8f93-5333b16d8207','block');changeSingleIcon('span-1577c92c-ff89-4336-8f93-5333b16d8207');" title="Click to expand/collapse" style="cursor: pointer;">
			<div style="float:left;"><i>Class&nbsp;:&nbsp;</i>risTestScripts.ScheduleTests</div>
			<div style="float:right;">@Test &nbsp;&nbsp;<span id='span-1577c92c-ff89-4336-8f93-5333b16d8207' class="glyphicon glyphicon-menu-down"></span></div>
			</td>
			</tr>
			<tr>
	<td class="time">1645684088671</td>
	<td class="methodTest">
		<span class="description"><b>Method: </b>scheduleButtonTest</span><br>
				<span class="description"><b>Priority: </b><font color='blue'>7</font></span><br>
						<span class="duration"><b>Duration: </b>2.310s</span><br>
	</td>
	<td class="result">
						<div class="stackTrace" id="1577c92c-ff89-4336-8f93-5333b16d8207" style="display: block;">
												Passed: scheduleButtonTest<br>
								</td>
	</div>
</tr>
						<tr>
			<td class="time">1645684077502</td>
			<td class="header passed" colspan="4" onClick="toggleElement('3256e99e-1449-4cec-8731-5ae5d3e5c856','block');changeSingleIcon('span-3256e99e-1449-4cec-8731-5ae5d3e5c856');" title="Click to expand/collapse" style="cursor: pointer;">
			<div style="float:left;"><i>Class&nbsp;:&nbsp;</i>risTestScripts.ScheduleTests</div>
			<div style="float:right;">@Test &nbsp;&nbsp;<span id='span-3256e99e-1449-4cec-8731-5ae5d3e5c856' class="glyphicon glyphicon-menu-down"></span></div>
			</td>
			</tr>
			<tr>
	<td class="time">1645684077502</td>
	<td class="methodTest">
		<span class="description"><b>Method: </b>searchOnTableTest</span><br>
				<span class="description"><b>Priority: </b><font color='blue'>5</font></span><br>
						<span class="duration"><b>Duration: </b>4.526s</span><br>
	</td>
	<td class="result">
						<div class="stackTrace" id="3256e99e-1449-4cec-8731-5ae5d3e5c856" style="display: block;">
												Passed: searchOnTableTest<br>
								</td>
	</div>
</tr>
						<tr>
			<td class="time">1645684067567</td>
			<td class="header passed" colspan="4" onClick="toggleElement('f3353968-5cc1-4608-9c6c-62844979d6fd','block');changeSingleIcon('span-f3353968-5cc1-4608-9c6c-62844979d6fd');" title="Click to expand/collapse" style="cursor: pointer;">
			<div style="float:left;"><i>Class&nbsp;:&nbsp;</i>risTestScripts.ScheduleTests</div>
			<div style="float:right;">@Test &nbsp;&nbsp;<span id='span-f3353968-5cc1-4608-9c6c-62844979d6fd' class="glyphicon glyphicon-menu-down"></span></div>
			</td>
			</tr>
			<tr>
	<td class="time">1645684067567</td>
	<td class="methodTest">
		<span class="description"><b>Method: </b>searchWithServiceCategoryServiceDateTest</span><br>
				<span class="description"><b>Priority: </b><font color='blue'>2</font></span><br>
						<span class="duration"><b>Duration: </b>5.710s</span><br>
	</td>
	<td class="result">
						<div class="stackTrace" id="f3353968-5cc1-4608-9c6c-62844979d6fd" style="display: block;">
												Passed: searchWithServiceCategoryServiceDateTest<br>
								</td>
	</div>
</tr>
						<tr>
			<td class="time">1645684082035</td>
			<td class="header passed" colspan="4" onClick="toggleElement('cde3ee2f-6b28-4d8e-8b8c-86c688501696','block');changeSingleIcon('span-cde3ee2f-6b28-4d8e-8b8c-86c688501696');" title="Click to expand/collapse" style="cursor: pointer;">
			<div style="float:left;"><i>Class&nbsp;:&nbsp;</i>risTestScripts.ScheduleTests</div>
			<div style="float:right;">@Test &nbsp;&nbsp;<span id='span-cde3ee2f-6b28-4d8e-8b8c-86c688501696' class="glyphicon glyphicon-menu-down"></span></div>
			</td>
			</tr>
			<tr>
	<td class="time">1645684082035</td>
	<td class="methodTest">
		<span class="description"><b>Method: </b>inputRoomScheduledateTime</span><br>
				<span class="description"><b>Priority: </b><font color='blue'>6</font></span><br>
						<span class="duration"><b>Duration: </b>6.634s</span><br>
	</td>
	<td class="result">
						<div class="stackTrace" id="cde3ee2f-6b28-4d8e-8b8c-86c688501696" style="display: block;">
												Passed: inputRoomScheduledateTime<br>
								</td>
	</div>
</tr>
						<tr>
			<td class="time">1645684062319</td>
			<td class="header passed" colspan="4" onClick="toggleElement('3c3ad8b3-dbb7-434d-9946-5c132476bcfc','block');changeSingleIcon('span-3c3ad8b3-dbb7-434d-9946-5c132476bcfc');" title="Click to expand/collapse" style="cursor: pointer;">
			<div style="float:left;"><i>Class&nbsp;:&nbsp;</i>risTestScripts.ScheduleTests</div>
			<div style="float:right;">@Test &nbsp;&nbsp;<span id='span-3c3ad8b3-dbb7-434d-9946-5c132476bcfc' class="glyphicon glyphicon-menu-down"></span></div>
			</td>
			</tr>
			<tr>
	<td class="time">1645684062319</td>
	<td class="methodTest">
		<span class="description"><b>Method: </b>searchWithDateNegativeTest</span><br>
				<span class="description"><b>Priority: </b><font color='blue'>1</font></span><br>
						<span class="duration"><b>Duration: </b>5.243s</span><br>
	</td>
	<td class="result">
						<div class="stackTrace" id="3c3ad8b3-dbb7-434d-9946-5c132476bcfc" style="display: block;">
												Passed: searchWithDateNegativeTest<br>
								</td>
	</div>
</tr>
						<tr>
			<td class="time">1645684073281</td>
			<td class="header passed" colspan="4" onClick="toggleElement('6ab70621-de63-4d90-b3c3-30661f982784','block');changeSingleIcon('span-6ab70621-de63-4d90-b3c3-30661f982784');" title="Click to expand/collapse" style="cursor: pointer;">
			<div style="float:left;"><i>Class&nbsp;:&nbsp;</i>risTestScripts.ScheduleTests</div>
			<div style="float:right;">@Test &nbsp;&nbsp;<span id='span-6ab70621-de63-4d90-b3c3-30661f982784' class="glyphicon glyphicon-menu-down"></span></div>
			</td>
			</tr>
			<tr>
	<td class="time">1645684073281</td>
	<td class="methodTest">
		<span class="description"><b>Method: </b>searchResultsTest</span><br>
				<span class="description"><b>Priority: </b><font color='blue'>3</font></span><br>
						<span class="duration"><b>Duration: </b>3.104s</span><br>
	</td>
	<td class="result">
						<div class="stackTrace" id="6ab70621-de63-4d90-b3c3-30661f982784" style="display: block;">
												Passed: searchResultsTest<br>
								</td>
	</div>
</tr>
					  
	</tbody>
	</table>
</div>
</body>
</html>
